19:22:47.729 [main                     ] DEBUG Logger               - Configured Logger
19:22:47.743 [main                     ] DEBUG GameApplication      - Logging settings
Title: 中国象棋 1.0
Version: 1.0
Width: 1316
Height: 1007
Fullscreen: false
Intro: false
Profiling: false
Single step:false
App Mode: DEVELOPER
Menu Key: ESCAPE
Stage Style: DECORATED
Scene Factory: class edu.sustech.xiangqi.XiangQiApp$1

19:22:48.256 [JavaFX Application Thread] DEBUG FXGLApplication      - Initializing FXGL
19:22:48.258 [JavaFX Application Thread] INFO  Engine               - FXGL-21.1 (27.03.2024 07.52) on WINDOWS (J:23.0.2 FX:21.0.1)
19:22:48.258 [JavaFX Application Thread] DEBUG Engine               - JRE Vendor Name: Amazon.com Inc.
19:22:48.258 [JavaFX Application Thread] DEBUG Engine               - Running on OS: Windows 11 version 10.0
19:22:48.258 [JavaFX Application Thread] DEBUG Engine               - Architecture: amd64
19:22:48.258 [JavaFX Application Thread] INFO  Engine               - Source code and latest versions at: https://github.com/AlmasB/FXGL
19:22:48.258 [JavaFX Application Thread] INFO  Engine               -       Ask questions and discuss at: https://github.com/AlmasB/FXGL/discussions
19:22:48.258 [JavaFX Application Thread] INFO  Engine               -              Join the FXGL chat at: https://gitter.im/AlmasB/FXGL
19:22:48.317 [JavaFX Application Thread] DEBUG PrimaryStageWindow   - Creating a JavaFX scene
19:22:48.346 [JavaFX Application Thread] DEBUG PrimaryStageWindow   - Target settings size: 1316.0 x 1007.0
19:22:48.346 [JavaFX Application Thread] DEBUG PrimaryStageWindow   - Scaled scene size:    1316.0 x 1007.0
19:22:48.346 [JavaFX Application Thread] DEBUG PrimaryStageWindow   - Scaled ratio: (1.0, 1.0)
19:22:48.346 [JavaFX Application Thread] DEBUG PrimaryStageWindow   - Set initial scene to FXGLStartupScene
19:22:48.348 [JavaFX Application Thread] DEBUG PrimaryStageWindow   - Opening main window
19:22:48.417 [JavaFX Application Thread] DEBUG PrimaryStageWindow   - Window border size: (14.6666259765625, 37.6666259765625)
19:22:48.417 [JavaFX Application Thread] DEBUG PrimaryStageWindow   - Scaled size: 1316.0 x 1007.0
19:22:48.417 [JavaFX Application Thread] DEBUG PrimaryStageWindow   - Scaled ratio: (1.0, 1.0)
19:22:48.417 [JavaFX Application Thread] DEBUG PrimaryStageWindow   - Scene size: 1316.0 x 1007.0
19:22:48.417 [JavaFX Application Thread] DEBUG PrimaryStageWindow   - Stage size: 1330.6666259765625 x 1044.6666259765625
19:22:48.421 [FXGL Background Thread 1 ] DEBUG Engine               - Initializing environment variables
19:22:48.468 [FXGL Background Thread 1 ] DEBUG FXGLAssetLoaderServi - User app class for loading assets: class edu.sustech.xiangqi.XiangQiApp
19:22:48.469 [FXGL Background Thread 1 ] DEBUG GameApplicationServi - Applying CSS: fxgl_dark.css
19:22:48.469 [FXGL Background Thread 1 ] DEBUG FXGLAssetLoaderServi - Loading from file system: jar:file:/C:/Users/%e5%b0%b9%e7%8e%ba%e9%aa%85/.m2/repository/com/github/almasb/fxgl/21.1/fxgl-21.1.jar!/fxglassets/ui/css/fxgl_dark.css
19:22:48.493 [FXGL Background Thread 1 ] DEBUG GameApplicationServi - Initializing application scenes
19:22:48.552 [FXGL Background Thread 1 ] DEBUG GameWorld            - Game world initialized
19:22:48.596 [FXGL Background Thread 1 ] DEBUG PhysicsWorld         - Physics world initialized: appHeight=1007, physics.ppm=50.0
19:22:48.596 [FXGL Background Thread 1 ] DEBUG PhysicsWorld         - Using strategy: BRUTE_FORCE
19:22:48.599 [FXGL Background Thread 1 ] DEBUG GameScene            - Game scene initialized: 1316x1007
19:22:48.605 [FXGL Background Thread 1 ] DEBUG FXGLAssetLoaderServi - Loading from file system: file:/E:/G2/java/final_project/team_project_1124/javaA-xiangqi-project-main/target/classes/assets/ui/fonts/HYPixel11pxU-2.ttf
19:22:48.637 [FXGL Background Thread 1 ] DEBUG FXGLAssetLoaderServi - Loading from file system: file:/E:/G2/java/final_project/team_project_1124/javaA-xiangqi-project-main/target/classes/assets/textures/Button1.png
19:22:48.651 [FXGL Background Thread 1 ] DEBUG FXGLAssetLoaderServi - Loading from file system: file:/E:/G2/java/final_project/team_project_1124/javaA-xiangqi-project-main/target/classes/assets/textures/Press.png
19:22:48.674 [FXGL Background Thread 1 ] DEBUG GameApplicationServi - Application scenes initialized
19:22:48.681 [FXGL Background Thread 1 ] DEBUG SystemBundleService  - Loading FXGL system data
19:22:48.683 [FXGL Background Thread 1 ] DEBUG FileSystemAccess     - Reading from: E:\G2\java\final_project\team_project_1124\javaA-xiangqi-project-main\system\fxgl.bundle
19:22:48.687 [FXGL Background Thread 1 ] DEBUG SystemBundleService  - Bundle FXGL: {}
19:22:48.687 [FXGL Background Thread 1 ] DEBUG UpdaterService       - Checking for updates
19:22:48.690 [FXGL Background Thread 4 ] DEBUG FXGLApplication      - Loading fonts
19:22:48.690 [FXGL Background Thread 4 ] DEBUG FXGLAssetLoaderServi - Loading from file system: jar:file:/C:/Users/%e5%b0%b9%e7%8e%ba%e9%aa%85/.m2/repository/com/github/almasb/fxgl/21.1/fxgl-21.1.jar!/fxglassets/ui/fonts/VarelaRound-Regular.ttf
19:22:48.690 [FXGL Background Thread 1 ] DEBUG FXGLApplication      - Loading default localization
19:22:48.691 [FXGL Background Thread 1 ] DEBUG FXGLAssetLoaderServi - Loading from file system: jar:file:/C:/Users/%e5%b0%b9%e7%8e%ba%e9%aa%85/.m2/repository/com/github/almasb/fxgl/21.1/fxgl-21.1.jar!/fxglassets/languages/english.lang
19:22:48.693 [FXGL Background Thread 4 ] DEBUG FXGLAssetLoaderServi - Loading from file system: jar:file:/C:/Users/%e5%b0%b9%e7%8e%ba%e9%aa%85/.m2/repository/com/github/almasb/fxgl/21.1/fxgl-21.1.jar!/fxglassets/ui/fonts/Abel-Regular.ttf
19:22:48.696 [FXGL Background Thread 4 ] DEBUG FXGLAssetLoaderServi - Loading from file system: jar:file:/C:/Users/%e5%b0%b9%e7%8e%ba%e9%aa%85/.m2/repository/com/github/almasb/fxgl/21.1/fxgl-21.1.jar!/fxglassets/ui/fonts/TerminalLandMono-Regular.otf
19:22:48.698 [FXGL Background Thread 4 ] DEBUG FXGLAssetLoaderServi - Loading from file system: jar:file:/C:/Users/%e5%b0%b9%e7%8e%ba%e9%aa%85/.m2/repository/com/github/almasb/fxgl/21.1/fxgl-21.1.jar!/fxglassets/ui/fonts/Courier-Prime.ttf
19:22:48.706 [JavaFX Application Thread] DEBUG FXGLApplication      - Registering font factories with UI factory
19:22:48.734 [FXGL Background Thread 1 ] INFO  FXGLApplication      - FXGL initialization took: 0.313 sec
19:22:48.740 [JavaFX Application Thread] DEBUG Input                - Registered new binding: Click - LMB
19:22:48.741 [JavaFX Application Thread] DEBUG FXGLAssetLoaderServi - Loading from file system: jar:file:/C:/Users/%e5%b0%b9%e7%8e%ba%e9%aa%85/.m2/repository/com/github/almasb/fxgl/21.1/fxgl-21.1.jar!/fxglassets/textures/fxgl_icon.png
19:22:48.761 [JavaFX Application Thread] DEBUG FXGLAssetLoaderServi - Loading from file system: jar:file:/C:/Users/%e5%b0%b9%e7%8e%ba%e9%aa%85/.m2/repository/com/github/almasb/fxgl/21.1/fxgl-21.1.jar!/fxglassets/textures/fxgl_default_cursor.png
19:22:48.769 [JavaFX Application Thread] DEBUG Input                - Registered new binding: Screenshot - CTRL+8
19:22:48.770 [JavaFX Application Thread] DEBUG Input                - Registered new binding: System info dump - CTRL+9
19:22:48.770 [JavaFX Application Thread] DEBUG Input                - Registered new binding: Restart - CTRL+R
19:22:48.772 [JavaFX Application Thread] DEBUG Input                - Registered new binding: Toggle Debug Camera - CTRL+7
19:22:48.776 [JavaFX Application Thread] DEBUG LoopRunner           - Starting loop
19:22:48.776 [JavaFX Application Thread] DEBUG LoopRunner           - Initializing JavaFX AnimationTimerLoop
19:22:48.781 [JavaFX Application Thread] DEBUG Input                - Clearing active input actions
19:22:48.786 [JavaFX Application Thread] DEBUG GameApplicationServi - Removing overlay from FXGLStartupScene and adding to FXGLMainMenuDummyScene
19:22:48.786 [JavaFX Application Thread] DEBUG PrimaryStageWindow   - FXGLStartupScene -> FXGLMainMenuDummyScene
19:22:48.786 [JavaFX Application Thread] DEBUG PrimaryStageWindow   - Push state: MainMenuScene
19:22:48.787 [JavaFX Application Thread] DEBUG Input                - Clearing active input actions
19:22:48.792 [JavaFX Application Thread] DEBUG GameApplicationServi - Removing overlay from FXGLMainMenuDummyScene and adding to MainMenuScene
19:22:48.792 [JavaFX Application Thread] DEBUG PrimaryStageWindow   - FXGLMainMenuDummyScene -> MainMenuScene
19:22:49.088 [JavaFX Application Thread] DEBUG FXGLAssetLoaderServi - Loading from file system: file:/E:/G2/java/final_project/team_project_1124/javaA-xiangqi-project-main/target/classes/assets/music/%e6%8c%89%e9%92%ae%e9%9f%b3%e6%95%881.mp3
19:22:49.380 [JavaFX Application Thread] DEBUG AudioPlayer          - Playing music com.almasb.fxgl.audio.Music@1334225e
19:22:50.769 [JavaFX Application Thread] DEBUG AudioPlayer          - Playing music com.almasb.fxgl.audio.Music@1334225e
19:22:51.438 [JavaFX Application Thread] DEBUG AudioPlayer          - Playing music com.almasb.fxgl.audio.Music@1334225e
19:22:51.639 [JavaFX Application Thread] DEBUG Menu                 - fireNewGame()
19:22:51.639 [JavaFX Application Thread] DEBUG GameApplicationServi - Starting new game
19:22:51.639 [JavaFX Application Thread] DEBUG PrimaryStageWindow   - Pop state: MainMenuScene
19:22:51.639 [JavaFX Application Thread] DEBUG Input                - Clearing active input actions
19:22:51.639 [JavaFX Application Thread] DEBUG GameApplicationServi - Removing overlay from MainMenuScene and adding to FXGLMainMenuDummyScene
19:22:51.639 [JavaFX Application Thread] DEBUG PrimaryStageWindow   - FXGLMainMenuDummyScene <- MainMenuScene
19:22:51.640 [JavaFX Application Thread] DEBUG Input                - Clearing active input actions
19:22:51.642 [JavaFX Application Thread] DEBUG GameApplicationServi - Removing overlay from FXGLMainMenuDummyScene and adding to FXGLLoadingScene
19:22:51.642 [JavaFX Application Thread] DEBUG PrimaryStageWindow   - FXGLMainMenuDummyScene -> FXGLLoadingScene
19:22:51.642 [JavaFX Application Thread] DEBUG GameApplicationServi - Clearing previous game
19:22:51.642 [JavaFX Application Thread] DEBUG GameScene            - Clearing game scene
19:22:51.642 [JavaFX Application Thread] DEBUG GameWorld            - Clearing game world
19:22:51.643 [JavaFX Application Thread] DEBUG PhysicsWorld         - Clearing physics world
19:22:51.643 [FXGL Background Thread 1 ] DEBUG FXGLApplication      - Initializing game
19:22:51.653 [FXGL Background Thread 1 ] DEBUG FXGLAssetLoaderServi - Loading from file system: file:/E:/G2/java/final_project/team_project_1124/javaA-xiangqi-project-main/target/classes/assets/textures/%e8%83%8c%e6%99%af.jpg
19:22:51.691 [FXGL Background Thread 3 ] DEBUG Engine               - Logging environment variables
19:22:51.691 [FXGL Background Thread 3 ] DEBUG Engine               - achievements: []
19:22:51.691 [FXGL Background Thread 3 ] DEBUG Engine               - actualHeight: 1007.0
19:22:51.691 [FXGL Background Thread 3 ] DEBUG Engine               - actualHeightProperty: ReadOnlyDoubleProperty [value: 1007.0]
19:22:51.691 [FXGL Background Thread 3 ] DEBUG Engine               - actualWidth: 1316.0
19:22:51.691 [FXGL Background Thread 3 ] DEBUG Engine               - actualWidthProperty: ReadOnlyDoubleProperty [value: 1316.0]
19:22:51.691 [FXGL Background Thread 3 ] DEBUG Engine               - appIcon: fxgl_icon.png
19:22:51.691 [FXGL Background Thread 3 ] DEBUG Engine               - applicationMode: DEVELOPER
19:22:51.691 [FXGL Background Thread 3 ] DEBUG Engine               - cSSList: [fxgl_dark.css]
19:22:51.691 [FXGL Background Thread 3 ] DEBUG Engine               - collisionDetectionStrategy: BRUTE_FORCE
19:22:51.691 [FXGL Background Thread 3 ] DEBUG Engine               - configClass: Optional.empty
19:22:51.691 [FXGL Background Thread 3 ] DEBUG Engine               - credits: []
19:22:51.693 [FXGL Background Thread 3 ] DEBUG Engine               - defaultCursor: CursorInfo(imageName=fxgl_default_cursor.png, hotspotX=7.0, hotspotY=6.0)
19:22:51.693 [FXGL Background Thread 3 ] DEBUG Engine               - devBBoxColorProperty: ObjectProperty [value: 0xff0000ff]
19:22:51.693 [FXGL Background Thread 3 ] DEBUG Engine               - devEnableDebugCameraProperty: BooleanProperty [value: false]
19:22:51.693 [FXGL Background Thread 3 ] DEBUG Engine               - devSensorColorProperty: ObjectProperty [value: 0xffff00ff]
19:22:51.693 [FXGL Background Thread 3 ] DEBUG Engine               - devShowBBoxProperty: BooleanProperty [value: false]
19:22:51.693 [FXGL Background Thread 3 ] DEBUG Engine               - devShowPositionProperty: BooleanProperty [value: false]
19:22:51.693 [FXGL Background Thread 3 ] DEBUG Engine               - enabledMenuItems: []
19:22:51.693 [FXGL Background Thread 3 ] DEBUG Engine               - engineServices: [class com.almasb.fxgl.app.services.FXGLAssetLoaderService, class com.almasb.fxgl.app.FXGLApplication$GameApplicationService, class com.almasb.fxgl.app.services.FXGLDialogService, class com.almasb.fxgl.app.services.IOTaskExecutorService, class com.almasb.fxgl.io.FileSystemService, class com.almasb.fxgl.localization.LocalizationService, class com.almasb.fxgl.app.services.SystemBundleService, class com.almasb.fxgl.profile.SaveLoadService, class com.almasb.fxgl.ui.FXGLUIFactoryServiceProvider, class com.almasb.fxgl.ui.FXGLDialogFactoryServiceProvider, class com.almasb.fxgl.audio.AudioPlayer, class com.almasb.fxgl.notification.impl.NotificationServiceProvider, class com.almasb.fxgl.achievement.AchievementService, class com.almasb.fxgl.cutscene.CutsceneService, class com.almasb.fxgl.minigames.MiniGameService, class com.almasb.fxgl.net.NetService, class com.almasb.fxgl.app.services.UpdaterService, class com.almasb.fxgl.dev.DevService]
19:22:51.693 [FXGL Background Thread 3 ] DEBUG Engine               - fontGame: Abel-Regular.ttf
19:22:51.693 [FXGL Background Thread 3 ] DEBUG Engine               - fontMono: TerminalLandMono-Regular.otf
19:22:51.693 [FXGL Background Thread 3 ] DEBUG Engine               - fontSizeScaleUI: 1.0
19:22:51.693 [FXGL Background Thread 3 ] DEBUG Engine               - fontText: Courier-Prime.ttf
19:22:51.693 [FXGL Background Thread 3 ] DEBUG Engine               - fontUI: VarelaRound-Regular.ttf
19:22:51.693 [FXGL Background Thread 3 ] DEBUG Engine               - fullScreen: BooleanProperty [value: false]
19:22:51.693 [FXGL Background Thread 3 ] DEBUG Engine               - gameDifficulty: MEDIUM
19:22:51.693 [FXGL Background Thread 3 ] DEBUG Engine               - gameDifficultyProperty: ObjectProperty [value: MEDIUM]
19:22:51.693 [FXGL Background Thread 3 ] DEBUG Engine               - globalMusicVolume: 0.5
19:22:51.693 [FXGL Background Thread 3 ] DEBUG Engine               - globalMusicVolumeProperty: DoubleProperty [value: 0.5]
19:22:51.693 [FXGL Background Thread 3 ] DEBUG Engine               - globalSoundVolume: 0.5
19:22:51.693 [FXGL Background Thread 3 ] DEBUG Engine               - globalSoundVolumeProperty: DoubleProperty [value: 0.5]
19:22:51.693 [FXGL Background Thread 3 ] DEBUG Engine               - height: 1007
19:22:51.693 [FXGL Background Thread 3 ] DEBUG Engine               - is3D: false
19:22:51.693 [FXGL Background Thread 3 ] DEBUG Engine               - isAndroid: false
19:22:51.693 [FXGL Background Thread 3 ] DEBUG Engine               - isBrowser: false
19:22:51.693 [FXGL Background Thread 3 ] DEBUG Engine               - isClickFeedbackEnabled: false
19:22:51.693 [FXGL Background Thread 3 ] DEBUG Engine               - isCloseConfirmation: false
19:22:51.693 [FXGL Background Thread 3 ] DEBUG Engine               - isDesktop: true
19:22:51.693 [FXGL Background Thread 3 ] DEBUG Engine               - isDeveloperMenuEnabled: false
19:22:51.693 [FXGL Background Thread 3 ] DEBUG Engine               - isEmbedded: false
19:22:51.693 [FXGL Background Thread 3 ] DEBUG Engine               - isEntityPreloadEnabled: true
19:22:51.693 [FXGL Background Thread 3 ] DEBUG Engine               - isExperimentalTiledLargeMap: false
19:22:51.693 [FXGL Background Thread 3 ] DEBUG Engine               - isFileSystemWriteAllowed: true
19:22:51.694 [FXGL Background Thread 3 ] DEBUG Engine               - isFullScreenAllowed: false
19:22:51.694 [FXGL Background Thread 3 ] DEBUG Engine               - isFullScreenFromStart: false
19:22:51.694 [FXGL Background Thread 3 ] DEBUG Engine               - isGameMenuEnabled: true
19:22:51.694 [FXGL Background Thread 3 ] DEBUG Engine               - isIOS: false
19:22:51.694 [FXGL Background Thread 3 ] DEBUG Engine               - isIntroEnabled: false
19:22:51.694 [FXGL Background Thread 3 ] DEBUG Engine               - isLinux: false
19:22:51.694 [FXGL Background Thread 3 ] DEBUG Engine               - isMac: false
19:22:51.694 [FXGL Background Thread 3 ] DEBUG Engine               - isMainMenuEnabled: true
19:22:51.694 [FXGL Background Thread 3 ] DEBUG Engine               - isManualResizeEnabled: false
19:22:51.694 [FXGL Background Thread 3 ] DEBUG Engine               - isMobile: false
19:22:51.694 [FXGL Background Thread 3 ] DEBUG Engine               - isNative: false
19:22:51.694 [FXGL Background Thread 3 ] DEBUG Engine               - isPauseMusicWhenMinimized: true
19:22:51.694 [FXGL Background Thread 3 ] DEBUG Engine               - isPreserveResizeRatio: false
19:22:51.694 [FXGL Background Thread 3 ] DEBUG Engine               - isProfilingEnabled: false
19:22:51.694 [FXGL Background Thread 3 ] DEBUG Engine               - isScaleAffectedOnResize: true
19:22:51.694 [FXGL Background Thread 3 ] DEBUG Engine               - isSingleStep: false
19:22:51.694 [FXGL Background Thread 3 ] DEBUG Engine               - isUserProfileEnabled: false
19:22:51.694 [FXGL Background Thread 3 ] DEBUG Engine               - isWindows: true
19:22:51.694 [FXGL Background Thread 3 ] DEBUG Engine               - language: ObjectProperty [value: ENGLISH]
19:22:51.694 [FXGL Background Thread 3 ] DEBUG Engine               - menuKey: ESCAPE
19:22:51.694 [FXGL Background Thread 3 ] DEBUG Engine               - mouseSensitivity: 0.2
19:22:51.694 [FXGL Background Thread 3 ] DEBUG Engine               - notificationViewClass: class com.almasb.fxgl.notification.view.XboxNotificationView
19:22:51.694 [FXGL Background Thread 3 ] DEBUG Engine               - pixelsPerMeter: 50.0
19:22:51.694 [FXGL Background Thread 3 ] DEBUG Engine               - platform: WINDOWS
19:22:51.694 [FXGL Background Thread 3 ] DEBUG Engine               - prefHeightProperty: ReadOnlyDoubleProperty [value: 1007.0]
19:22:51.694 [FXGL Background Thread 3 ] DEBUG Engine               - prefWidthProperty: ReadOnlyDoubleProperty [value: 1316.0]
19:22:51.694 [FXGL Background Thread 3 ] DEBUG Engine               - profileDir: profiles/
19:22:51.694 [FXGL Background Thread 3 ] DEBUG Engine               - profileName: StringProperty [value: DEFAULT]
19:22:51.694 [FXGL Background Thread 3 ] DEBUG Engine               - randomSeed: -1
19:22:51.694 [FXGL Background Thread 3 ] DEBUG Engine               - runtimeInfo: RuntimeInfo(platform=WINDOWS, version=21.1, build=27.03.2024 07.52)
19:22:51.694 [FXGL Background Thread 3 ] DEBUG Engine               - saveFileExt: sav
19:22:51.694 [FXGL Background Thread 3 ] DEBUG Engine               - scaledHeightProp$fxgl: DoubleProperty [bound, value: 1007.0]
19:22:51.694 [FXGL Background Thread 3 ] DEBUG Engine               - scaledWidthProp$fxgl: DoubleProperty [bound, value: 1316.0]
19:22:51.694 [FXGL Background Thread 3 ] DEBUG Engine               - sceneFactory: edu.sustech.xiangqi.XiangQiApp$1@2ed2399e
19:22:51.694 [FXGL Background Thread 3 ] DEBUG Engine               - secondsIn24h: 60
19:22:51.694 [FXGL Background Thread 3 ] DEBUG Engine               - soundMenuBack: menu/back.wav
19:22:51.694 [FXGL Background Thread 3 ] DEBUG Engine               - soundMenuPress: menu/press.wav
19:22:51.694 [FXGL Background Thread 3 ] DEBUG Engine               - soundMenuSelect: menu/select.wav
19:22:51.694 [FXGL Background Thread 3 ] DEBUG Engine               - soundNotification: core/notification.wav
19:22:51.694 [FXGL Background Thread 3 ] DEBUG Engine               - stageStyle: DECORATED
19:22:51.694 [FXGL Background Thread 3 ] DEBUG Engine               - supportedLanguages: [ENGLISH, FRENCH, GERMAN, HUNGARIAN, RUSSIAN]
19:22:51.694 [FXGL Background Thread 3 ] DEBUG Engine               - ticksPerSecond: -1
19:22:51.694 [FXGL Background Thread 3 ] DEBUG Engine               - title: 中国象棋 1.0
19:22:51.694 [FXGL Background Thread 3 ] DEBUG Engine               - urlGithub: https://github.com/AlmasB/FXGL
19:22:51.694 [FXGL Background Thread 3 ] DEBUG Engine               - urlLeaderboard: http://fxgl-top.herokuapp.com/
19:22:51.694 [FXGL Background Thread 3 ] DEBUG Engine               - urlPOM: https://raw.githubusercontent.com/AlmasB/FXGL/release/README.md
19:22:51.694 [FXGL Background Thread 3 ] DEBUG Engine               - userAppClass: class edu.sustech.xiangqi.XiangQiApp
19:22:51.694 [FXGL Background Thread 3 ] DEBUG Engine               - version: 1.0
19:22:51.694 [FXGL Background Thread 3 ] DEBUG Engine               - versionCheckDays: 7
19:22:51.694 [FXGL Background Thread 3 ] DEBUG Engine               - width: 1316
19:22:51.695 [FXGL Background Thread 3 ] DEBUG Engine               - Logging services
19:22:51.695 [FXGL Background Thread 3 ] DEBUG Engine               - class com.almasb.fxgl.app.services.FXGLAssetLoaderService
19:22:51.695 [FXGL Background Thread 3 ] DEBUG Engine               - class com.almasb.fxgl.app.FXGLApplication$GameApplicationService
19:22:51.695 [FXGL Background Thread 3 ] DEBUG Engine               - class com.almasb.fxgl.app.services.FXGLDialogService
19:22:51.695 [FXGL Background Thread 3 ] DEBUG Engine               - class com.almasb.fxgl.app.services.IOTaskExecutorService
19:22:51.695 [FXGL Background Thread 3 ] DEBUG Engine               - class com.almasb.fxgl.io.FileSystemService
19:22:51.695 [FXGL Background Thread 3 ] DEBUG Engine               - class com.almasb.fxgl.localization.LocalizationService
19:22:51.695 [FXGL Background Thread 3 ] DEBUG Engine               - class com.almasb.fxgl.app.services.SystemBundleService
19:22:51.695 [FXGL Background Thread 3 ] DEBUG Engine               - class com.almasb.fxgl.profile.SaveLoadService
19:22:51.695 [FXGL Background Thread 3 ] DEBUG Engine               - class com.almasb.fxgl.ui.FXGLUIFactoryServiceProvider
19:22:51.695 [FXGL Background Thread 3 ] DEBUG Engine               - class com.almasb.fxgl.ui.FXGLDialogFactoryServiceProvider
19:22:51.695 [FXGL Background Thread 3 ] DEBUG Engine               - class com.almasb.fxgl.audio.AudioPlayer
19:22:51.695 [FXGL Background Thread 3 ] DEBUG Engine               - class com.almasb.fxgl.notification.impl.NotificationServiceProvider
19:22:51.695 [FXGL Background Thread 3 ] DEBUG Engine               - class com.almasb.fxgl.achievement.AchievementService
19:22:51.695 [FXGL Background Thread 3 ] DEBUG Engine               - class com.almasb.fxgl.cutscene.CutsceneService
19:22:51.695 [FXGL Background Thread 3 ] DEBUG Engine               - class com.almasb.fxgl.minigames.MiniGameService
19:22:51.695 [FXGL Background Thread 3 ] DEBUG Engine               - class com.almasb.fxgl.net.NetService
19:22:51.695 [FXGL Background Thread 3 ] DEBUG Engine               - class com.almasb.fxgl.app.services.UpdaterService
19:22:51.695 [FXGL Background Thread 3 ] DEBUG Engine               - class com.almasb.fxgl.dev.DevService
19:22:51.716 [FXGL Background Thread 1 ] DEBUG FXGLAssetLoaderServi - Loading from file system: file:/E:/G2/java/final_project/team_project_1124/javaA-xiangqi-project-main/target/classes/assets/textures/ChessBoard.png
19:22:51.753 [FXGL Background Thread 1 ] DEBUG FXGLAssetLoaderServi - Loading from file system: file:/E:/G2/java/final_project/team_project_1124/javaA-xiangqi-project-main/target/classes/assets/textures/RedGeneral.png
19:22:51.757 [FXGL Background Thread 1 ] DEBUG FXGLAssetLoaderServi - Loading from file system: file:/E:/G2/java/final_project/team_project_1124/javaA-xiangqi-project-main/target/classes/assets/textures/RedAdvisor.png
19:22:51.758 [FXGL Background Thread 1 ] DEBUG FXGLAssetLoaderServi - Loading from file system: file:/E:/G2/java/final_project/team_project_1124/javaA-xiangqi-project-main/target/classes/assets/textures/RedElephant.png
19:22:51.759 [FXGL Background Thread 1 ] DEBUG FXGLAssetLoaderServi - Loading from file system: file:/E:/G2/java/final_project/team_project_1124/javaA-xiangqi-project-main/target/classes/assets/textures/RedHorse.png
19:22:51.760 [FXGL Background Thread 1 ] DEBUG FXGLAssetLoaderServi - Loading from file system: file:/E:/G2/java/final_project/team_project_1124/javaA-xiangqi-project-main/target/classes/assets/textures/RedChariot.png
19:22:51.760 [FXGL Background Thread 1 ] DEBUG FXGLAssetLoaderServi - Loading from file system: file:/E:/G2/java/final_project/team_project_1124/javaA-xiangqi-project-main/target/classes/assets/textures/RedCannon.png
19:22:51.761 [FXGL Background Thread 1 ] DEBUG FXGLAssetLoaderServi - Loading from file system: file:/E:/G2/java/final_project/team_project_1124/javaA-xiangqi-project-main/target/classes/assets/textures/RedSoldier.png
19:22:51.762 [FXGL Background Thread 1 ] DEBUG FXGLAssetLoaderServi - Loading from file system: file:/E:/G2/java/final_project/team_project_1124/javaA-xiangqi-project-main/target/classes/assets/textures/BlackGeneral.png
19:22:51.763 [FXGL Background Thread 1 ] DEBUG FXGLAssetLoaderServi - Loading from file system: file:/E:/G2/java/final_project/team_project_1124/javaA-xiangqi-project-main/target/classes/assets/textures/BlackAdvisor.png
19:22:51.764 [FXGL Background Thread 1 ] DEBUG FXGLAssetLoaderServi - Loading from file system: file:/E:/G2/java/final_project/team_project_1124/javaA-xiangqi-project-main/target/classes/assets/textures/BlackElephant.png
19:22:51.764 [FXGL Background Thread 1 ] DEBUG FXGLAssetLoaderServi - Loading from file system: file:/E:/G2/java/final_project/team_project_1124/javaA-xiangqi-project-main/target/classes/assets/textures/BlackHorse.png
19:22:51.765 [FXGL Background Thread 1 ] DEBUG FXGLAssetLoaderServi - Loading from file system: file:/E:/G2/java/final_project/team_project_1124/javaA-xiangqi-project-main/target/classes/assets/textures/BlackChariot.png
19:22:51.766 [FXGL Background Thread 1 ] DEBUG FXGLAssetLoaderServi - Loading from file system: file:/E:/G2/java/final_project/team_project_1124/javaA-xiangqi-project-main/target/classes/assets/textures/BlackCannon.png
19:22:51.767 [FXGL Background Thread 1 ] DEBUG FXGLAssetLoaderServi - Loading from file system: file:/E:/G2/java/final_project/team_project_1124/javaA-xiangqi-project-main/target/classes/assets/textures/BlackSoldier.png
19:22:51.769 [FXGL Background Thread 1 ] INFO  FXGLApplication      - Game initialization took: 0.125 sec
19:22:51.769 [JavaFX Application Thread] DEBUG Input                - Clearing active input actions
19:22:51.772 [JavaFX Application Thread] DEBUG GameApplicationServi - Removing overlay from FXGLLoadingScene and adding to GameScene
19:22:51.772 [JavaFX Application Thread] DEBUG PrimaryStageWindow   - FXGLLoadingScene -> GameScene
19:22:53.468 [JavaFX Application Thread] DEBUG AudioPlayer          - Playing music com.almasb.fxgl.audio.Music@1334225e
19:22:53.813 [JavaFX Application Thread] DEBUG PrimaryStageWindow   - Push state: InGameMenuScene
19:22:53.813 [JavaFX Application Thread] DEBUG Input                - Clearing active input actions
19:22:53.813 [JavaFX Application Thread] DEBUG GameApplicationServi - Removing overlay from GameScene and adding to InGameMenuScene
19:22:53.813 [JavaFX Application Thread] DEBUG PrimaryStageWindow   - GameScene -> InGameMenuScene
19:22:54.133 [JavaFX Application Thread] DEBUG AudioPlayer          - Playing music com.almasb.fxgl.audio.Music@1334225e
19:22:54.332 [JavaFX Application Thread] DEBUG Menu                 - fireExitToMainMenu()
19:22:54.334 [JavaFX Application Thread] DEBUG PrimaryStageWindow   - Push state: DialogSubScene
19:22:54.334 [JavaFX Application Thread] DEBUG Input                - Clearing active input actions
19:22:54.334 [JavaFX Application Thread] DEBUG GameApplicationServi - Removing overlay from InGameMenuScene and adding to DialogSubScene
19:22:54.334 [JavaFX Application Thread] DEBUG PrimaryStageWindow   - InGameMenuScene -> DialogSubScene
19:22:54.841 [JavaFX Application Thread] DEBUG PrimaryStageWindow   - Pop state: DialogSubScene
19:22:54.841 [JavaFX Application Thread] DEBUG Input                - Clearing active input actions
19:22:54.841 [JavaFX Application Thread] DEBUG GameApplicationServi - Removing overlay from DialogSubScene and adding to InGameMenuScene
19:22:54.841 [JavaFX Application Thread] DEBUG PrimaryStageWindow   - InGameMenuScene <- DialogSubScene
19:22:54.841 [JavaFX Application Thread] DEBUG PrimaryStageWindow   - Pop state: InGameMenuScene
19:22:54.841 [JavaFX Application Thread] DEBUG Input                - Clearing active input actions
19:22:54.841 [JavaFX Application Thread] DEBUG GameApplicationServi - Removing overlay from InGameMenuScene and adding to GameScene
19:22:54.841 [JavaFX Application Thread] DEBUG PrimaryStageWindow   - GameScene <- InGameMenuScene
19:22:54.841 [JavaFX Application Thread] DEBUG Input                - Clearing active input actions
19:22:54.843 [JavaFX Application Thread] DEBUG GameApplicationServi - Removing overlay from GameScene and adding to FXGLMainMenuDummyScene
19:22:54.843 [JavaFX Application Thread] DEBUG PrimaryStageWindow   - GameScene -> FXGLMainMenuDummyScene
19:22:54.843 [JavaFX Application Thread] DEBUG PrimaryStageWindow   - Push state: MainMenuScene
19:22:54.843 [JavaFX Application Thread] DEBUG Input                - Clearing active input actions
19:22:54.844 [JavaFX Application Thread] DEBUG GameApplicationServi - Removing overlay from FXGLMainMenuDummyScene and adding to MainMenuScene
19:22:54.844 [JavaFX Application Thread] DEBUG PrimaryStageWindow   - FXGLMainMenuDummyScene -> MainMenuScene
19:22:54.844 [JavaFX Application Thread] DEBUG AudioPlayer          - Playing music com.almasb.fxgl.audio.Music@1334225e
19:22:55.046 [JavaFX Application Thread] DEBUG AudioPlayer          - Playing music com.almasb.fxgl.audio.Music@1334225e
19:22:55.173 [JavaFX Application Thread] DEBUG AudioPlayer          - Playing music com.almasb.fxgl.audio.Music@1334225e
19:22:55.363 [JavaFX Application Thread] DEBUG Menu                 - fireNewGame()
19:22:55.363 [JavaFX Application Thread] DEBUG GameApplicationServi - Starting new game
19:22:55.363 [JavaFX Application Thread] DEBUG PrimaryStageWindow   - Pop state: MainMenuScene
19:22:55.363 [JavaFX Application Thread] DEBUG Input                - Clearing active input actions
19:22:55.364 [JavaFX Application Thread] DEBUG GameApplicationServi - Removing overlay from MainMenuScene and adding to FXGLMainMenuDummyScene
19:22:55.364 [JavaFX Application Thread] DEBUG PrimaryStageWindow   - FXGLMainMenuDummyScene <- MainMenuScene
19:22:55.364 [JavaFX Application Thread] DEBUG Input                - Clearing active input actions
19:22:55.365 [JavaFX Application Thread] DEBUG GameApplicationServi - Removing overlay from FXGLMainMenuDummyScene and adding to FXGLLoadingScene
19:22:55.366 [JavaFX Application Thread] DEBUG PrimaryStageWindow   - FXGLMainMenuDummyScene -> FXGLLoadingScene
19:22:55.366 [JavaFX Application Thread] DEBUG GameApplicationServi - Clearing previous game
19:22:55.366 [JavaFX Application Thread] DEBUG GameScene            - Clearing game scene
19:22:55.366 [JavaFX Application Thread] DEBUG GameWorld            - Clearing game world
19:22:55.366 [JavaFX Application Thread] DEBUG PhysicsWorld         - Clearing physics world
19:22:55.367 [FXGL Background Thread 2 ] DEBUG FXGLApplication      - Initializing game
19:22:55.393 [FXGL Background Thread 2 ] INFO  FXGLApplication      - Game initialization took: 0.026 sec
19:22:55.393 [JavaFX Application Thread] DEBUG Input                - Clearing active input actions
19:22:55.395 [JavaFX Application Thread] DEBUG GameApplicationServi - Removing overlay from FXGLLoadingScene and adding to GameScene
19:22:55.396 [JavaFX Application Thread] DEBUG PrimaryStageWindow   - FXGLLoadingScene -> GameScene
19:22:55.778 [JavaFX Application Thread] DEBUG AudioPlayer          - Playing music com.almasb.fxgl.audio.Music@1334225e
19:22:56.122 [JavaFX Application Thread] DEBUG PrimaryStageWindow   - Push state: InGameMenuScene
19:22:56.122 [JavaFX Application Thread] DEBUG Input                - Clearing active input actions
19:22:56.123 [JavaFX Application Thread] DEBUG GameApplicationServi - Removing overlay from GameScene and adding to InGameMenuScene
19:22:56.123 [JavaFX Application Thread] DEBUG PrimaryStageWindow   - GameScene -> InGameMenuScene
19:22:56.936 [JavaFX Application Thread] DEBUG PrimaryStageWindow   - Pop state: InGameMenuScene
19:22:56.936 [JavaFX Application Thread] DEBUG Input                - Clearing active input actions
19:22:56.936 [JavaFX Application Thread] DEBUG GameApplicationServi - Removing overlay from InGameMenuScene and adding to GameScene
19:22:56.936 [JavaFX Application Thread] DEBUG PrimaryStageWindow   - GameScene <- InGameMenuScene
19:22:56.939 [JavaFX Application Thread] DEBUG AudioPlayer          - Playing music com.almasb.fxgl.audio.Music@1334225e
19:22:57.334 [JavaFX Application Thread] DEBUG PrimaryStageWindow   - Push state: InGameMenuScene
19:22:57.334 [JavaFX Application Thread] DEBUG Input                - Clearing active input actions
19:22:57.334 [JavaFX Application Thread] DEBUG GameApplicationServi - Removing overlay from GameScene and adding to InGameMenuScene
19:22:57.334 [JavaFX Application Thread] DEBUG PrimaryStageWindow   - GameScene -> InGameMenuScene
19:22:57.338 [JavaFX Application Thread] DEBUG AudioPlayer          - Playing music com.almasb.fxgl.audio.Music@1334225e
19:22:58.075 [JavaFX Application Thread] DEBUG AudioPlayer          - Playing music com.almasb.fxgl.audio.Music@1334225e
19:22:58.243 [JavaFX Application Thread] DEBUG Menu                 - fireExitToMainMenu()
19:22:58.243 [JavaFX Application Thread] DEBUG PrimaryStageWindow   - Push state: DialogSubScene
19:22:58.243 [JavaFX Application Thread] DEBUG Input                - Clearing active input actions
19:22:58.244 [JavaFX Application Thread] DEBUG GameApplicationServi - Removing overlay from InGameMenuScene and adding to DialogSubScene
19:22:58.244 [JavaFX Application Thread] DEBUG PrimaryStageWindow   - InGameMenuScene -> DialogSubScene
19:22:58.630 [JavaFX Application Thread] DEBUG PrimaryStageWindow   - Pop state: DialogSubScene
19:22:58.630 [JavaFX Application Thread] DEBUG Input                - Clearing active input actions
19:22:58.630 [JavaFX Application Thread] DEBUG GameApplicationServi - Removing overlay from DialogSubScene and adding to InGameMenuScene
19:22:58.630 [JavaFX Application Thread] DEBUG PrimaryStageWindow   - InGameMenuScene <- DialogSubScene
19:22:58.630 [JavaFX Application Thread] DEBUG PrimaryStageWindow   - Pop state: InGameMenuScene
19:22:58.630 [JavaFX Application Thread] DEBUG Input                - Clearing active input actions
19:22:58.630 [JavaFX Application Thread] DEBUG GameApplicationServi - Removing overlay from InGameMenuScene and adding to GameScene
19:22:58.630 [JavaFX Application Thread] DEBUG PrimaryStageWindow   - GameScene <- InGameMenuScene
19:22:58.630 [JavaFX Application Thread] DEBUG Input                - Clearing active input actions
19:22:58.632 [JavaFX Application Thread] DEBUG GameApplicationServi - Removing overlay from GameScene and adding to FXGLMainMenuDummyScene
19:22:58.632 [JavaFX Application Thread] DEBUG PrimaryStageWindow   - GameScene -> FXGLMainMenuDummyScene
19:22:58.632 [JavaFX Application Thread] DEBUG PrimaryStageWindow   - Push state: MainMenuScene
19:22:58.632 [JavaFX Application Thread] DEBUG Input                - Clearing active input actions
19:22:58.632 [JavaFX Application Thread] DEBUG GameApplicationServi - Removing overlay from FXGLMainMenuDummyScene and adding to MainMenuScene
19:22:58.632 [JavaFX Application Thread] DEBUG PrimaryStageWindow   - FXGLMainMenuDummyScene -> MainMenuScene
19:22:58.765 [JavaFX Application Thread] DEBUG AudioPlayer          - Playing music com.almasb.fxgl.audio.Music@1334225e
19:22:59.998 [JavaFX Application Thread] DEBUG AudioPlayer          - Playing music com.almasb.fxgl.audio.Music@1334225e
19:23:00.791 [JavaFX Application Thread] DEBUG AudioPlayer          - Playing music com.almasb.fxgl.audio.Music@1334225e
19:23:01.346 [JavaFX Application Thread] DEBUG AudioPlayer          - Playing music com.almasb.fxgl.audio.Music@1334225e
19:23:01.800 [JavaFX Application Thread] DEBUG GameApplicationServi - Starting new game
19:23:01.800 [JavaFX Application Thread] DEBUG PrimaryStageWindow   - Pop state: MainMenuScene
19:23:01.800 [JavaFX Application Thread] DEBUG Input                - Clearing active input actions
19:23:01.800 [JavaFX Application Thread] DEBUG GameApplicationServi - Removing overlay from MainMenuScene and adding to FXGLMainMenuDummyScene
19:23:01.800 [JavaFX Application Thread] DEBUG PrimaryStageWindow   - FXGLMainMenuDummyScene <- MainMenuScene
19:23:01.800 [JavaFX Application Thread] DEBUG Input                - Clearing active input actions
19:23:01.803 [JavaFX Application Thread] DEBUG GameApplicationServi - Removing overlay from FXGLMainMenuDummyScene and adding to FXGLLoadingScene
19:23:01.803 [JavaFX Application Thread] DEBUG PrimaryStageWindow   - FXGLMainMenuDummyScene -> FXGLLoadingScene
19:23:01.803 [JavaFX Application Thread] DEBUG GameApplicationServi - Clearing previous game
19:23:01.803 [JavaFX Application Thread] DEBUG GameScene            - Clearing game scene
19:23:01.803 [JavaFX Application Thread] DEBUG GameWorld            - Clearing game world
19:23:01.805 [JavaFX Application Thread] DEBUG PhysicsWorld         - Clearing physics world
19:23:01.805 [FXGL Background Thread 2 ] DEBUG FXGLApplication      - Initializing game
19:23:01.808 [FXGL Background Thread 2 ] INFO  FXGLApplication      - Game initialization took: 0.003 sec
19:23:01.808 [JavaFX Application Thread] DEBUG Input                - Clearing active input actions
19:23:01.809 [JavaFX Application Thread] DEBUG GameApplicationServi - Removing overlay from FXGLLoadingScene and adding to GameScene
19:23:01.809 [JavaFX Application Thread] DEBUG PrimaryStageWindow   - FXGLLoadingScene -> GameScene
19:23:02.919 [JavaFX Application Thread] DEBUG AudioPlayer          - Playing music com.almasb.fxgl.audio.Music@1334225e
19:23:03.118 [JavaFX Application Thread] DEBUG AudioPlayer          - Playing music com.almasb.fxgl.audio.Music@1334225e
19:23:04.653 [JavaFX Application Thread] DEBUG FXGLAssetLoaderServi - Loading from file system: file:/E:/G2/java/final_project/team_project_1124/javaA-xiangqi-project-main/target/classes/assets/textures/%e9%80%89%e4%b8%ad.png
19:23:05.376 [JavaFX Application Thread] DEBUG AudioPlayer          - Playing music com.almasb.fxgl.audio.Music@1334225e
19:23:05.389 [JavaFX Application Thread] DEBUG AudioPlayer          - Playing music com.almasb.fxgl.audio.Music@1334225e
19:23:09.830 [JavaFX Application Thread] DEBUG AudioPlayer          - Playing music com.almasb.fxgl.audio.Music@1334225e
19:23:10.007 [JavaFX Application Thread] DEBUG AudioPlayer          - Playing music com.almasb.fxgl.audio.Music@1334225e
19:23:11.200 [JavaFX Application Thread] DEBUG AudioPlayer          - Playing music com.almasb.fxgl.audio.Music@1334225e
19:23:11.310 [JavaFX Application Thread] DEBUG AudioPlayer          - Playing music com.almasb.fxgl.audio.Music@1334225e
19:23:33.066 [JavaFX Application Thread] DEBUG AudioPlayer          - Playing music com.almasb.fxgl.audio.Music@1334225e
19:23:33.142 [JavaFX Application Thread] DEBUG AudioPlayer          - Playing music com.almasb.fxgl.audio.Music@1334225e
19:23:33.229 [JavaFX Application Thread] DEBUG AudioPlayer          - Playing music com.almasb.fxgl.audio.Music@1334225e
19:23:33.753 [JavaFX Application Thread] DEBUG FXGLApplication      - Exiting FXGL
19:23:33.754 [JavaFX Application Thread] DEBUG LoopRunner           - Stopping loop
19:23:33.754 [JavaFX Application Thread] DEBUG SystemBundleService  - Saving FXGL system data
19:23:33.755 [JavaFX Application Thread] DEBUG FileSystemAccess     - Writing to: E:\G2\java\final_project\team_project_1124\javaA-xiangqi-project-main\system\fxgl.bundle
19:23:33.756 [JavaFX Application Thread] DEBUG Async                - Shutting down background threads
19:23:33.756 [JavaFX Application Thread] DEBUG PrimaryStageWindow   - Closing main window
19:23:33.767 [JavaFX Application Thread] DEBUG Logger               - Closing Logger
