16:30:35.582 [main                     ] DEBUG Logger               - Configured Logger
16:30:35.596 [main                     ] DEBUG GameApplication      - Logging settings
Title: 中国象棋 1.0
Version: 1.0
Width: 1316
Height: 1007
Fullscreen: false
Intro: false
Profiling: false
Single step:false
App Mode: DEVELOPER
Menu Key: ESCAPE
Stage Style: DECORATED
Scene Factory: class edu.sustech.xiangqi.XiangQiApp$1

16:30:36.075 [JavaFX Application Thread] DEBUG FXGLApplication      - Initializing FXGL
16:30:36.077 [JavaFX Application Thread] INFO  Engine               - FXGL-21.1 (27.03.2024 07.52) on WINDOWS (J:23.0.2 FX:21.0.1)
16:30:36.078 [JavaFX Application Thread] DEBUG Engine               - JRE Vendor Name: Amazon.com Inc.
16:30:36.078 [JavaFX Application Thread] DEBUG Engine               - Running on OS: Windows 11 version 10.0
16:30:36.078 [JavaFX Application Thread] DEBUG Engine               - Architecture: amd64
16:30:36.078 [JavaFX Application Thread] INFO  Engine               - Source code and latest versions at: https://github.com/AlmasB/FXGL
16:30:36.078 [JavaFX Application Thread] INFO  Engine               -       Ask questions and discuss at: https://github.com/AlmasB/FXGL/discussions
16:30:36.078 [JavaFX Application Thread] INFO  Engine               -              Join the FXGL chat at: https://gitter.im/AlmasB/FXGL
16:30:36.145 [JavaFX Application Thread] DEBUG PrimaryStageWindow   - Creating a JavaFX scene
16:30:36.177 [JavaFX Application Thread] DEBUG PrimaryStageWindow   - Target settings size: 1316.0 x 1007.0
16:30:36.177 [JavaFX Application Thread] DEBUG PrimaryStageWindow   - Scaled scene size:    1316.0 x 1007.0
16:30:36.177 [JavaFX Application Thread] DEBUG PrimaryStageWindow   - Scaled ratio: (1.0, 1.0)
16:30:36.178 [JavaFX Application Thread] DEBUG PrimaryStageWindow   - Set initial scene to FXGLStartupScene
16:30:36.179 [JavaFX Application Thread] DEBUG PrimaryStageWindow   - Opening main window
16:30:36.264 [JavaFX Application Thread] DEBUG PrimaryStageWindow   - Window border size: (14.6666259765625, 37.6666259765625)
16:30:36.264 [JavaFX Application Thread] DEBUG PrimaryStageWindow   - Scaled size: 1316.0 x 1007.0
16:30:36.264 [JavaFX Application Thread] DEBUG PrimaryStageWindow   - Scaled ratio: (1.0, 1.0)
16:30:36.264 [JavaFX Application Thread] DEBUG PrimaryStageWindow   - Scene size: 1316.0 x 1007.0
16:30:36.264 [JavaFX Application Thread] DEBUG PrimaryStageWindow   - Stage size: 1330.6666259765625 x 1044.6666259765625
16:30:36.269 [FXGL Background Thread 1 ] DEBUG Engine               - Initializing environment variables
16:30:36.330 [FXGL Background Thread 1 ] DEBUG FXGLAssetLoaderServi - User app class for loading assets: class edu.sustech.xiangqi.XiangQiApp
16:30:36.330 [FXGL Background Thread 1 ] DEBUG GameApplicationServi - Applying CSS: fxgl_dark.css
16:30:36.330 [FXGL Background Thread 1 ] DEBUG FXGLAssetLoaderServi - Loading from file system: jar:file:/C:/Users/%e5%b0%b9%e7%8e%ba%e9%aa%85/.m2/repository/com/github/almasb/fxgl/21.1/fxgl-21.1.jar!/fxglassets/ui/css/fxgl_dark.css
16:30:36.358 [FXGL Background Thread 1 ] DEBUG GameApplicationServi - Initializing application scenes
16:30:36.433 [FXGL Background Thread 1 ] DEBUG GameWorld            - Game world initialized
16:30:36.483 [FXGL Background Thread 1 ] DEBUG PhysicsWorld         - Physics world initialized: appHeight=1007, physics.ppm=50.0
16:30:36.483 [FXGL Background Thread 1 ] DEBUG PhysicsWorld         - Using strategy: BRUTE_FORCE
16:30:36.486 [FXGL Background Thread 1 ] DEBUG GameScene            - Game scene initialized: 1316x1007
16:30:36.489 [FXGL Background Thread 1 ] DEBUG FXGLAssetLoaderServi - Loading from file system: file:/E:/G2/java/final_project/team_project_1124/javaA-xiangqi-project-main/target/classes/assets/music/Whisper%20Records%20-%20%e5%8f%a4%e3%81%ae%e6%a3%ae.mp3
16:30:36.801 [FXGL Background Thread 1 ] DEBUG AudioPlayer          - Playing music com.almasb.fxgl.audio.Music@982c1ed
16:30:36.810 [FXGL Background Thread 1 ] DEBUG FXGLAssetLoaderServi - Loading from file system: file:/E:/G2/java/final_project/team_project_1124/javaA-xiangqi-project-main/target/classes/assets/textures/Button1.png
16:30:36.830 [FXGL Background Thread 1 ] DEBUG FXGLAssetLoaderServi - Loading from file system: file:/E:/G2/java/final_project/team_project_1124/javaA-xiangqi-project-main/target/classes/assets/textures/Press.png
16:30:36.836 [FXGL Background Thread 1 ] DEBUG FXGLAssetLoaderServi - Loading from file system: file:/E:/G2/java/final_project/team_project_1124/javaA-xiangqi-project-main/target/classes/assets/sounds/%e6%8c%89%e9%92%ae%e9%9f%b3%e6%95%881.mp3
16:30:36.843 [FXGL Background Thread 1 ] DEBUG FXGLAssetLoaderServi - Loading from file system: file:/E:/G2/java/final_project/team_project_1124/javaA-xiangqi-project-main/target/classes/assets/ui/fonts/HYPixel11pxU-2.ttf
16:30:36.944 [FXGL Background Thread 1 ] DEBUG GameApplicationServi - Application scenes initialized
16:30:36.952 [FXGL Background Thread 1 ] DEBUG SystemBundleService  - Loading FXGL system data
16:30:36.957 [FXGL Background Thread 1 ] DEBUG FileSystemAccess     - Reading from: E:\G2\java\final_project\team_project_1124\javaA-xiangqi-project-main\system\fxgl.bundle
16:30:36.962 [FXGL Background Thread 1 ] DEBUG SystemBundleService  - Bundle FXGL: {}
16:30:36.962 [FXGL Background Thread 1 ] DEBUG UpdaterService       - Checking for updates
16:30:36.968 [FXGL Background Thread 4 ] DEBUG FXGLApplication      - Loading fonts
16:30:36.968 [FXGL Background Thread 4 ] DEBUG FXGLAssetLoaderServi - Loading from file system: jar:file:/C:/Users/%e5%b0%b9%e7%8e%ba%e9%aa%85/.m2/repository/com/github/almasb/fxgl/21.1/fxgl-21.1.jar!/fxglassets/ui/fonts/VarelaRound-Regular.ttf
16:30:36.969 [FXGL Background Thread 1 ] DEBUG FXGLApplication      - Loading default localization
16:30:36.969 [FXGL Background Thread 1 ] DEBUG FXGLAssetLoaderServi - Loading from file system: jar:file:/C:/Users/%e5%b0%b9%e7%8e%ba%e9%aa%85/.m2/repository/com/github/almasb/fxgl/21.1/fxgl-21.1.jar!/fxglassets/languages/english.lang
16:30:36.975 [FXGL Background Thread 4 ] DEBUG FXGLAssetLoaderServi - Loading from file system: jar:file:/C:/Users/%e5%b0%b9%e7%8e%ba%e9%aa%85/.m2/repository/com/github/almasb/fxgl/21.1/fxgl-21.1.jar!/fxglassets/ui/fonts/Abel-Regular.ttf
16:30:36.978 [FXGL Background Thread 4 ] DEBUG FXGLAssetLoaderServi - Loading from file system: jar:file:/C:/Users/%e5%b0%b9%e7%8e%ba%e9%aa%85/.m2/repository/com/github/almasb/fxgl/21.1/fxgl-21.1.jar!/fxglassets/ui/fonts/TerminalLandMono-Regular.otf
16:30:36.981 [FXGL Background Thread 4 ] DEBUG FXGLAssetLoaderServi - Loading from file system: jar:file:/C:/Users/%e5%b0%b9%e7%8e%ba%e9%aa%85/.m2/repository/com/github/almasb/fxgl/21.1/fxgl-21.1.jar!/fxglassets/ui/fonts/Courier-Prime.ttf
16:30:36.986 [JavaFX Application Thread] DEBUG FXGLApplication      - Registering font factories with UI factory
16:30:37.012 [FXGL Background Thread 1 ] INFO  FXGLApplication      - FXGL initialization took: 0.743 sec
16:30:37.019 [JavaFX Application Thread] DEBUG Input                - Registered new binding: Click - LMB
16:30:37.020 [JavaFX Application Thread] DEBUG FXGLAssetLoaderServi - Loading from file system: jar:file:/C:/Users/%e5%b0%b9%e7%8e%ba%e9%aa%85/.m2/repository/com/github/almasb/fxgl/21.1/fxgl-21.1.jar!/fxglassets/textures/fxgl_icon.png
16:30:37.044 [JavaFX Application Thread] DEBUG FXGLAssetLoaderServi - Loading from file system: jar:file:/C:/Users/%e5%b0%b9%e7%8e%ba%e9%aa%85/.m2/repository/com/github/almasb/fxgl/21.1/fxgl-21.1.jar!/fxglassets/textures/fxgl_default_cursor.png
16:30:37.052 [JavaFX Application Thread] DEBUG Input                - Registered new binding: Screenshot - CTRL+8
16:30:37.052 [JavaFX Application Thread] DEBUG Input                - Registered new binding: System info dump - CTRL+9
16:30:37.052 [JavaFX Application Thread] DEBUG Input                - Registered new binding: Restart - CTRL+R
16:30:37.054 [JavaFX Application Thread] DEBUG Input                - Registered new binding: Toggle Debug Camera - CTRL+7
16:30:37.059 [JavaFX Application Thread] DEBUG LoopRunner           - Starting loop
16:30:37.059 [JavaFX Application Thread] DEBUG LoopRunner           - Initializing JavaFX AnimationTimerLoop
16:30:37.067 [JavaFX Application Thread] DEBUG Input                - Clearing active input actions
16:30:37.083 [JavaFX Application Thread] DEBUG GameApplicationServi - Removing overlay from FXGLStartupScene and adding to FXGLMainMenuDummyScene
16:30:37.083 [JavaFX Application Thread] DEBUG PrimaryStageWindow   - FXGLStartupScene -> FXGLMainMenuDummyScene
16:30:37.083 [JavaFX Application Thread] DEBUG PrimaryStageWindow   - Push state: MainMenuScene
16:30:37.084 [JavaFX Application Thread] DEBUG Input                - Clearing active input actions
16:30:37.091 [JavaFX Application Thread] DEBUG GameApplicationServi - Removing overlay from FXGLMainMenuDummyScene and adding to MainMenuScene
16:30:37.091 [JavaFX Application Thread] DEBUG PrimaryStageWindow   - FXGLMainMenuDummyScene -> MainMenuScene
16:30:39.968 [FXGL Background Thread 3 ] DEBUG Engine               - Logging environment variables
16:30:39.968 [FXGL Background Thread 3 ] DEBUG Engine               - achievements: []
16:30:39.968 [FXGL Background Thread 3 ] DEBUG Engine               - actualHeight: 1007.0
16:30:39.968 [FXGL Background Thread 3 ] DEBUG Engine               - actualHeightProperty: ReadOnlyDoubleProperty [value: 1007.0]
16:30:39.968 [FXGL Background Thread 3 ] DEBUG Engine               - actualWidth: 1316.0
16:30:39.968 [FXGL Background Thread 3 ] DEBUG Engine               - actualWidthProperty: ReadOnlyDoubleProperty [value: 1316.0]
16:30:39.968 [FXGL Background Thread 3 ] DEBUG Engine               - appIcon: fxgl_icon.png
16:30:39.968 [FXGL Background Thread 3 ] DEBUG Engine               - applicationMode: DEVELOPER
16:30:39.969 [FXGL Background Thread 3 ] DEBUG Engine               - cSSList: [fxgl_dark.css]
16:30:39.969 [FXGL Background Thread 3 ] DEBUG Engine               - collisionDetectionStrategy: BRUTE_FORCE
16:30:39.969 [FXGL Background Thread 3 ] DEBUG Engine               - configClass: Optional.empty
16:30:39.969 [FXGL Background Thread 3 ] DEBUG Engine               - credits: []
16:30:39.970 [FXGL Background Thread 3 ] DEBUG Engine               - defaultCursor: CursorInfo(imageName=fxgl_default_cursor.png, hotspotX=7.0, hotspotY=6.0)
16:30:39.970 [FXGL Background Thread 3 ] DEBUG Engine               - devBBoxColorProperty: ObjectProperty [value: 0xff0000ff]
16:30:39.970 [FXGL Background Thread 3 ] DEBUG Engine               - devEnableDebugCameraProperty: BooleanProperty [value: false]
16:30:39.970 [FXGL Background Thread 3 ] DEBUG Engine               - devSensorColorProperty: ObjectProperty [value: 0xffff00ff]
16:30:39.970 [FXGL Background Thread 3 ] DEBUG Engine               - devShowBBoxProperty: BooleanProperty [value: false]
16:30:39.970 [FXGL Background Thread 3 ] DEBUG Engine               - devShowPositionProperty: BooleanProperty [value: false]
16:30:39.970 [FXGL Background Thread 3 ] DEBUG Engine               - enabledMenuItems: []
16:30:39.970 [FXGL Background Thread 3 ] DEBUG Engine               - engineServices: [class com.almasb.fxgl.app.services.FXGLAssetLoaderService, class com.almasb.fxgl.app.FXGLApplication$GameApplicationService, class com.almasb.fxgl.app.services.FXGLDialogService, class com.almasb.fxgl.app.services.IOTaskExecutorService, class com.almasb.fxgl.io.FileSystemService, class com.almasb.fxgl.localization.LocalizationService, class com.almasb.fxgl.app.services.SystemBundleService, class com.almasb.fxgl.profile.SaveLoadService, class com.almasb.fxgl.ui.FXGLUIFactoryServiceProvider, class com.almasb.fxgl.ui.FXGLDialogFactoryServiceProvider, class com.almasb.fxgl.audio.AudioPlayer, class com.almasb.fxgl.notification.impl.NotificationServiceProvider, class com.almasb.fxgl.achievement.AchievementService, class com.almasb.fxgl.cutscene.CutsceneService, class com.almasb.fxgl.minigames.MiniGameService, class com.almasb.fxgl.net.NetService, class com.almasb.fxgl.app.services.UpdaterService, class com.almasb.fxgl.dev.DevService]
16:30:39.970 [FXGL Background Thread 3 ] DEBUG Engine               - fontGame: Abel-Regular.ttf
16:30:39.970 [FXGL Background Thread 3 ] DEBUG Engine               - fontMono: TerminalLandMono-Regular.otf
16:30:39.970 [FXGL Background Thread 3 ] DEBUG Engine               - fontSizeScaleUI: 1.0
16:30:39.970 [FXGL Background Thread 3 ] DEBUG Engine               - fontText: Courier-Prime.ttf
16:30:39.970 [FXGL Background Thread 3 ] DEBUG Engine               - fontUI: VarelaRound-Regular.ttf
16:30:39.970 [FXGL Background Thread 3 ] DEBUG Engine               - fullScreen: BooleanProperty [value: false]
16:30:39.970 [FXGL Background Thread 3 ] DEBUG Engine               - gameDifficulty: MEDIUM
16:30:39.970 [FXGL Background Thread 3 ] DEBUG Engine               - gameDifficultyProperty: ObjectProperty [value: MEDIUM]
16:30:39.970 [FXGL Background Thread 3 ] DEBUG Engine               - globalMusicVolume: 0.5
16:30:39.970 [FXGL Background Thread 3 ] DEBUG Engine               - globalMusicVolumeProperty: DoubleProperty [value: 0.5]
16:30:39.970 [FXGL Background Thread 3 ] DEBUG Engine               - globalSoundVolume: 0.5
16:30:39.970 [FXGL Background Thread 3 ] DEBUG Engine               - globalSoundVolumeProperty: DoubleProperty [value: 0.5]
16:30:39.970 [FXGL Background Thread 3 ] DEBUG Engine               - height: 1007
16:30:39.970 [FXGL Background Thread 3 ] DEBUG Engine               - is3D: false
16:30:39.971 [FXGL Background Thread 3 ] DEBUG Engine               - isAndroid: false
16:30:39.971 [FXGL Background Thread 3 ] DEBUG Engine               - isBrowser: false
16:30:39.971 [FXGL Background Thread 3 ] DEBUG Engine               - isClickFeedbackEnabled: false
16:30:39.971 [FXGL Background Thread 3 ] DEBUG Engine               - isCloseConfirmation: false
16:30:39.971 [FXGL Background Thread 3 ] DEBUG Engine               - isDesktop: true
16:30:39.971 [FXGL Background Thread 3 ] DEBUG Engine               - isDeveloperMenuEnabled: false
16:30:39.971 [FXGL Background Thread 3 ] DEBUG Engine               - isEmbedded: false
16:30:39.971 [FXGL Background Thread 3 ] DEBUG Engine               - isEntityPreloadEnabled: true
16:30:39.971 [FXGL Background Thread 3 ] DEBUG Engine               - isExperimentalTiledLargeMap: false
16:30:39.971 [FXGL Background Thread 3 ] DEBUG Engine               - isFileSystemWriteAllowed: true
16:30:39.971 [FXGL Background Thread 3 ] DEBUG Engine               - isFullScreenAllowed: false
16:30:39.971 [FXGL Background Thread 3 ] DEBUG Engine               - isFullScreenFromStart: false
16:30:39.971 [FXGL Background Thread 3 ] DEBUG Engine               - isGameMenuEnabled: true
16:30:39.971 [FXGL Background Thread 3 ] DEBUG Engine               - isIOS: false
16:30:39.971 [FXGL Background Thread 3 ] DEBUG Engine               - isIntroEnabled: false
16:30:39.971 [FXGL Background Thread 3 ] DEBUG Engine               - isLinux: false
16:30:39.971 [FXGL Background Thread 3 ] DEBUG Engine               - isMac: false
16:30:39.971 [FXGL Background Thread 3 ] DEBUG Engine               - isMainMenuEnabled: true
16:30:39.972 [FXGL Background Thread 3 ] DEBUG Engine               - isManualResizeEnabled: true
16:30:39.972 [FXGL Background Thread 3 ] DEBUG Engine               - isMobile: false
16:30:39.972 [FXGL Background Thread 3 ] DEBUG Engine               - isNative: false
16:30:39.972 [FXGL Background Thread 3 ] DEBUG Engine               - isPauseMusicWhenMinimized: true
16:30:39.972 [FXGL Background Thread 3 ] DEBUG Engine               - isPreserveResizeRatio: true
16:30:39.972 [FXGL Background Thread 3 ] DEBUG Engine               - isProfilingEnabled: false
16:30:39.972 [FXGL Background Thread 3 ] DEBUG Engine               - isScaleAffectedOnResize: true
16:30:39.973 [FXGL Background Thread 3 ] DEBUG Engine               - isSingleStep: false
16:30:39.973 [FXGL Background Thread 3 ] DEBUG Engine               - isUserProfileEnabled: false
16:30:39.973 [FXGL Background Thread 3 ] DEBUG Engine               - isWindows: true
16:30:39.973 [FXGL Background Thread 3 ] DEBUG Engine               - language: ObjectProperty [value: ENGLISH]
16:30:39.973 [FXGL Background Thread 3 ] DEBUG Engine               - menuKey: ESCAPE
16:30:39.973 [FXGL Background Thread 3 ] DEBUG Engine               - mouseSensitivity: 0.2
16:30:39.973 [FXGL Background Thread 3 ] DEBUG Engine               - notificationViewClass: class com.almasb.fxgl.notification.view.XboxNotificationView
16:30:39.973 [FXGL Background Thread 3 ] DEBUG Engine               - pixelsPerMeter: 50.0
16:30:39.973 [FXGL Background Thread 3 ] DEBUG Engine               - platform: WINDOWS
16:30:39.973 [FXGL Background Thread 3 ] DEBUG Engine               - prefHeightProperty: ReadOnlyDoubleProperty [value: 1007.0]
16:30:39.973 [FXGL Background Thread 3 ] DEBUG Engine               - prefWidthProperty: ReadOnlyDoubleProperty [value: 1316.0]
16:30:39.973 [FXGL Background Thread 3 ] DEBUG Engine               - profileDir: profiles/
16:30:39.973 [FXGL Background Thread 3 ] DEBUG Engine               - profileName: StringProperty [value: DEFAULT]
16:30:39.973 [FXGL Background Thread 3 ] DEBUG Engine               - randomSeed: -1
16:30:39.973 [FXGL Background Thread 3 ] DEBUG Engine               - runtimeInfo: RuntimeInfo(platform=WINDOWS, version=21.1, build=27.03.2024 07.52)
16:30:39.973 [FXGL Background Thread 3 ] DEBUG Engine               - saveFileExt: sav
16:30:39.974 [FXGL Background Thread 3 ] DEBUG Engine               - scaledHeightProp$fxgl: DoubleProperty [bound, value: 1007.0]
16:30:39.974 [FXGL Background Thread 3 ] DEBUG Engine               - scaledWidthProp$fxgl: DoubleProperty [bound, value: 1316.0]
16:30:39.974 [FXGL Background Thread 3 ] DEBUG Engine               - sceneFactory: edu.sustech.xiangqi.XiangQiApp$1@3e3ac9b1
16:30:39.974 [FXGL Background Thread 3 ] DEBUG Engine               - secondsIn24h: 60
16:30:39.974 [FXGL Background Thread 3 ] DEBUG Engine               - soundMenuBack: menu/back.wav
16:30:39.974 [FXGL Background Thread 3 ] DEBUG Engine               - soundMenuPress: menu/press.wav
16:30:39.974 [FXGL Background Thread 3 ] DEBUG Engine               - soundMenuSelect: menu/select.wav
16:30:39.974 [FXGL Background Thread 3 ] DEBUG Engine               - soundNotification: core/notification.wav
16:30:39.974 [FXGL Background Thread 3 ] DEBUG Engine               - stageStyle: DECORATED
16:30:39.974 [FXGL Background Thread 3 ] DEBUG Engine               - supportedLanguages: [ENGLISH, FRENCH, GERMAN, HUNGARIAN, RUSSIAN]
16:30:39.974 [FXGL Background Thread 3 ] DEBUG Engine               - ticksPerSecond: -1
16:30:39.974 [FXGL Background Thread 3 ] DEBUG Engine               - title: 中国象棋 1.0
16:30:39.974 [FXGL Background Thread 3 ] DEBUG Engine               - urlGithub: https://github.com/AlmasB/FXGL
16:30:39.974 [FXGL Background Thread 3 ] DEBUG Engine               - urlLeaderboard: http://fxgl-top.herokuapp.com/
16:30:39.974 [FXGL Background Thread 3 ] DEBUG Engine               - urlPOM: https://raw.githubusercontent.com/AlmasB/FXGL/release/README.md
16:30:39.974 [FXGL Background Thread 3 ] DEBUG Engine               - userAppClass: class edu.sustech.xiangqi.XiangQiApp
16:30:39.974 [FXGL Background Thread 3 ] DEBUG Engine               - version: 1.0
16:30:39.974 [FXGL Background Thread 3 ] DEBUG Engine               - versionCheckDays: 7
16:30:39.974 [FXGL Background Thread 3 ] DEBUG Engine               - width: 1316
16:30:39.974 [FXGL Background Thread 3 ] DEBUG Engine               - Logging services
16:30:39.974 [FXGL Background Thread 3 ] DEBUG Engine               - class com.almasb.fxgl.app.services.FXGLAssetLoaderService
16:30:39.974 [FXGL Background Thread 3 ] DEBUG Engine               - class com.almasb.fxgl.app.FXGLApplication$GameApplicationService
16:30:39.974 [FXGL Background Thread 3 ] DEBUG Engine               - class com.almasb.fxgl.app.services.FXGLDialogService
16:30:39.974 [FXGL Background Thread 3 ] DEBUG Engine               - class com.almasb.fxgl.app.services.IOTaskExecutorService
16:30:39.974 [FXGL Background Thread 3 ] DEBUG Engine               - class com.almasb.fxgl.io.FileSystemService
16:30:39.974 [FXGL Background Thread 3 ] DEBUG Engine               - class com.almasb.fxgl.localization.LocalizationService
16:30:39.974 [FXGL Background Thread 3 ] DEBUG Engine               - class com.almasb.fxgl.app.services.SystemBundleService
16:30:39.974 [FXGL Background Thread 3 ] DEBUG Engine               - class com.almasb.fxgl.profile.SaveLoadService
16:30:39.974 [FXGL Background Thread 3 ] DEBUG Engine               - class com.almasb.fxgl.ui.FXGLUIFactoryServiceProvider
16:30:39.974 [FXGL Background Thread 3 ] DEBUG Engine               - class com.almasb.fxgl.ui.FXGLDialogFactoryServiceProvider
16:30:39.974 [FXGL Background Thread 3 ] DEBUG Engine               - class com.almasb.fxgl.audio.AudioPlayer
16:30:39.974 [FXGL Background Thread 3 ] DEBUG Engine               - class com.almasb.fxgl.notification.impl.NotificationServiceProvider
16:30:39.974 [FXGL Background Thread 3 ] DEBUG Engine               - class com.almasb.fxgl.achievement.AchievementService
16:30:39.974 [FXGL Background Thread 3 ] DEBUG Engine               - class com.almasb.fxgl.cutscene.CutsceneService
16:30:39.974 [FXGL Background Thread 3 ] DEBUG Engine               - class com.almasb.fxgl.minigames.MiniGameService
16:30:39.974 [FXGL Background Thread 3 ] DEBUG Engine               - class com.almasb.fxgl.net.NetService
16:30:39.974 [FXGL Background Thread 3 ] DEBUG Engine               - class com.almasb.fxgl.app.services.UpdaterService
16:30:39.974 [FXGL Background Thread 3 ] DEBUG Engine               - class com.almasb.fxgl.dev.DevService
16:30:41.938 [JavaFX Application Thread] DEBUG PrimaryStageWindow   - Push state: DialogSubScene
16:30:41.938 [JavaFX Application Thread] DEBUG Input                - Clearing active input actions
16:30:41.938 [JavaFX Application Thread] DEBUG GameApplicationServi - Removing overlay from MainMenuScene and adding to DialogSubScene
16:30:41.939 [JavaFX Application Thread] DEBUG PrimaryStageWindow   - MainMenuScene -> DialogSubScene
16:30:42.694 [JavaFX Application Thread] DEBUG PrimaryStageWindow   - Pop state: DialogSubScene
16:30:42.694 [JavaFX Application Thread] DEBUG Input                - Clearing active input actions
16:30:42.694 [JavaFX Application Thread] DEBUG GameApplicationServi - Removing overlay from DialogSubScene and adding to MainMenuScene
16:30:42.695 [JavaFX Application Thread] DEBUG PrimaryStageWindow   - MainMenuScene <- DialogSubScene
16:30:42.705 [JavaFX Application Thread] DEBUG GameApplicationServi - Starting new game
16:30:42.705 [JavaFX Application Thread] DEBUG PrimaryStageWindow   - Pop state: MainMenuScene
16:30:42.705 [JavaFX Application Thread] DEBUG Input                - Clearing active input actions
16:30:42.705 [JavaFX Application Thread] DEBUG GameApplicationServi - Removing overlay from MainMenuScene and adding to FXGLMainMenuDummyScene
16:30:42.705 [JavaFX Application Thread] DEBUG PrimaryStageWindow   - FXGLMainMenuDummyScene <- MainMenuScene
16:30:42.705 [JavaFX Application Thread] DEBUG Input                - Clearing active input actions
16:30:42.708 [JavaFX Application Thread] DEBUG GameApplicationServi - Removing overlay from FXGLMainMenuDummyScene and adding to FXGLLoadingScene
16:30:42.708 [JavaFX Application Thread] DEBUG PrimaryStageWindow   - FXGLMainMenuDummyScene -> FXGLLoadingScene
16:30:42.708 [JavaFX Application Thread] DEBUG GameApplicationServi - Clearing previous game
16:30:42.708 [JavaFX Application Thread] DEBUG GameScene            - Clearing game scene
16:30:42.708 [JavaFX Application Thread] DEBUG GameWorld            - Clearing game world
16:30:42.708 [JavaFX Application Thread] DEBUG PhysicsWorld         - Clearing physics world
16:30:42.710 [FXGL Background Thread 2 ] DEBUG FXGLApplication      - Initializing game
16:30:42.718 [FXGL Background Thread 2 ] DEBUG FXGLAssetLoaderServi - Loading from file system: file:/E:/G2/java/final_project/team_project_1124/javaA-xiangqi-project-main/target/classes/assets/textures/%e8%83%8c%e6%99%af.jpg
16:30:42.785 [FXGL Background Thread 2 ] DEBUG FXGLAssetLoaderServi - Loading from file system: file:/E:/G2/java/final_project/team_project_1124/javaA-xiangqi-project-main/target/classes/assets/textures/ChessBoard.png
16:30:42.807 [FXGL Background Thread 2 ] DEBUG FXGLAssetLoaderServi - Loading from file system: file:/E:/G2/java/final_project/team_project_1124/javaA-xiangqi-project-main/target/classes/assets/textures/BlackChariot.png
16:30:42.821 [FXGL Background Thread 2 ] DEBUG FXGLAssetLoaderServi - Loading from file system: file:/E:/G2/java/final_project/team_project_1124/javaA-xiangqi-project-main/target/classes/assets/textures/BlackHorse.png
16:30:42.824 [FXGL Background Thread 2 ] DEBUG FXGLAssetLoaderServi - Loading from file system: file:/E:/G2/java/final_project/team_project_1124/javaA-xiangqi-project-main/target/classes/assets/textures/BlackElephant.png
16:30:42.826 [FXGL Background Thread 2 ] DEBUG FXGLAssetLoaderServi - Loading from file system: file:/E:/G2/java/final_project/team_project_1124/javaA-xiangqi-project-main/target/classes/assets/textures/BlackAdvisor.png
16:30:42.828 [FXGL Background Thread 2 ] DEBUG FXGLAssetLoaderServi - Loading from file system: file:/E:/G2/java/final_project/team_project_1124/javaA-xiangqi-project-main/target/classes/assets/textures/BlackGeneral.png
16:30:42.831 [FXGL Background Thread 2 ] DEBUG FXGLAssetLoaderServi - Loading from file system: file:/E:/G2/java/final_project/team_project_1124/javaA-xiangqi-project-main/target/classes/assets/textures/BlackCannon.png
16:30:42.833 [FXGL Background Thread 2 ] DEBUG FXGLAssetLoaderServi - Loading from file system: file:/E:/G2/java/final_project/team_project_1124/javaA-xiangqi-project-main/target/classes/assets/textures/BlackSoldier.png
16:30:42.837 [FXGL Background Thread 2 ] DEBUG FXGLAssetLoaderServi - Loading from file system: file:/E:/G2/java/final_project/team_project_1124/javaA-xiangqi-project-main/target/classes/assets/textures/RedSoldier.png
16:30:42.844 [FXGL Background Thread 2 ] DEBUG FXGLAssetLoaderServi - Loading from file system: file:/E:/G2/java/final_project/team_project_1124/javaA-xiangqi-project-main/target/classes/assets/textures/RedCannon.png
16:30:42.845 [FXGL Background Thread 2 ] DEBUG FXGLAssetLoaderServi - Loading from file system: file:/E:/G2/java/final_project/team_project_1124/javaA-xiangqi-project-main/target/classes/assets/textures/RedChariot.png
16:30:42.846 [FXGL Background Thread 2 ] DEBUG FXGLAssetLoaderServi - Loading from file system: file:/E:/G2/java/final_project/team_project_1124/javaA-xiangqi-project-main/target/classes/assets/textures/RedHorse.png
16:30:42.848 [FXGL Background Thread 2 ] DEBUG FXGLAssetLoaderServi - Loading from file system: file:/E:/G2/java/final_project/team_project_1124/javaA-xiangqi-project-main/target/classes/assets/textures/RedElephant.png
16:30:42.850 [FXGL Background Thread 2 ] DEBUG FXGLAssetLoaderServi - Loading from file system: file:/E:/G2/java/final_project/team_project_1124/javaA-xiangqi-project-main/target/classes/assets/textures/RedAdvisor.png
16:30:42.851 [FXGL Background Thread 2 ] DEBUG FXGLAssetLoaderServi - Loading from file system: file:/E:/G2/java/final_project/team_project_1124/javaA-xiangqi-project-main/target/classes/assets/textures/RedGeneral.png
16:30:42.884 [FXGL Background Thread 2 ] INFO  FXGLApplication      - Game initialization took: 0.174 sec
16:30:42.889 [JavaFX Application Thread] DEBUG Input                - Clearing active input actions
16:30:42.894 [JavaFX Application Thread] DEBUG GameApplicationServi - Removing overlay from FXGLLoadingScene and adding to GameScene
16:30:42.894 [JavaFX Application Thread] DEBUG PrimaryStageWindow   - FXGLLoadingScene -> GameScene
16:30:43.427 [JavaFX Application Thread] DEBUG PrimaryStageWindow   - Push state: DialogSubScene
16:30:43.427 [JavaFX Application Thread] DEBUG Input                - Clearing active input actions
16:30:43.428 [JavaFX Application Thread] DEBUG GameApplicationServi - Removing overlay from GameScene and adding to DialogSubScene
16:30:43.428 [JavaFX Application Thread] DEBUG PrimaryStageWindow   - GameScene -> DialogSubScene
16:30:44.799 [JavaFX Application Thread] DEBUG PrimaryStageWindow   - Pop state: DialogSubScene
16:30:44.799 [JavaFX Application Thread] DEBUG Input                - Clearing active input actions
16:30:44.800 [JavaFX Application Thread] DEBUG GameApplicationServi - Removing overlay from DialogSubScene and adding to GameScene
16:30:44.800 [JavaFX Application Thread] DEBUG PrimaryStageWindow   - GameScene <- DialogSubScene
16:30:50.656 [JavaFX Application Thread] DEBUG PrimaryStageWindow   - Push state: InGameMenuScene
16:30:50.657 [JavaFX Application Thread] DEBUG Input                - Clearing active input actions
16:30:50.657 [JavaFX Application Thread] DEBUG GameApplicationServi - Removing overlay from GameScene and adding to InGameMenuScene
16:30:50.657 [JavaFX Application Thread] DEBUG PrimaryStageWindow   - GameScene -> InGameMenuScene
16:30:53.009 [JavaFX Application Thread] DEBUG PrimaryStageWindow   - Pop state: InGameMenuScene
16:30:53.009 [JavaFX Application Thread] DEBUG Input                - Clearing active input actions
16:30:53.009 [JavaFX Application Thread] DEBUG GameApplicationServi - Removing overlay from InGameMenuScene and adding to GameScene
16:30:53.009 [JavaFX Application Thread] DEBUG PrimaryStageWindow   - GameScene <- InGameMenuScene
16:30:53.754 [JavaFX Application Thread] DEBUG PrimaryStageWindow   - Push state: InGameMenuScene
16:30:53.754 [JavaFX Application Thread] DEBUG Input                - Clearing active input actions
16:30:53.754 [JavaFX Application Thread] DEBUG GameApplicationServi - Removing overlay from GameScene and adding to InGameMenuScene
16:30:53.754 [JavaFX Application Thread] DEBUG PrimaryStageWindow   - GameScene -> InGameMenuScene
16:30:55.054 [JavaFX Application Thread] DEBUG Menu                 - fireExitToMainMenu()
16:30:55.055 [JavaFX Application Thread] DEBUG PrimaryStageWindow   - Push state: DialogSubScene
16:30:55.055 [JavaFX Application Thread] DEBUG Input                - Clearing active input actions
16:30:55.055 [JavaFX Application Thread] DEBUG GameApplicationServi - Removing overlay from InGameMenuScene and adding to DialogSubScene
16:30:55.055 [JavaFX Application Thread] DEBUG PrimaryStageWindow   - InGameMenuScene -> DialogSubScene
16:30:55.500 [JavaFX Application Thread] DEBUG PrimaryStageWindow   - Pop state: DialogSubScene
16:30:55.500 [JavaFX Application Thread] DEBUG Input                - Clearing active input actions
16:30:55.500 [JavaFX Application Thread] DEBUG GameApplicationServi - Removing overlay from DialogSubScene and adding to InGameMenuScene
16:30:55.500 [JavaFX Application Thread] DEBUG PrimaryStageWindow   - InGameMenuScene <- DialogSubScene
16:30:55.500 [JavaFX Application Thread] DEBUG PrimaryStageWindow   - Pop state: InGameMenuScene
16:30:55.500 [JavaFX Application Thread] DEBUG Input                - Clearing active input actions
16:30:55.500 [JavaFX Application Thread] DEBUG GameApplicationServi - Removing overlay from InGameMenuScene and adding to GameScene
16:30:55.500 [JavaFX Application Thread] DEBUG PrimaryStageWindow   - GameScene <- InGameMenuScene
16:30:55.500 [JavaFX Application Thread] DEBUG Input                - Clearing active input actions
16:30:55.502 [JavaFX Application Thread] DEBUG GameApplicationServi - Removing overlay from GameScene and adding to FXGLMainMenuDummyScene
16:30:55.502 [JavaFX Application Thread] DEBUG PrimaryStageWindow   - GameScene -> FXGLMainMenuDummyScene
16:30:55.502 [JavaFX Application Thread] DEBUG PrimaryStageWindow   - Push state: MainMenuScene
16:30:55.502 [JavaFX Application Thread] DEBUG Input                - Clearing active input actions
16:30:55.503 [JavaFX Application Thread] DEBUG GameApplicationServi - Removing overlay from FXGLMainMenuDummyScene and adding to MainMenuScene
16:30:55.503 [JavaFX Application Thread] DEBUG PrimaryStageWindow   - FXGLMainMenuDummyScene -> MainMenuScene
16:30:56.562 [JavaFX Application Thread] DEBUG PrimaryStageWindow   - Push state: DialogSubScene
16:30:56.562 [JavaFX Application Thread] DEBUG Input                - Clearing active input actions
16:30:56.562 [JavaFX Application Thread] DEBUG GameApplicationServi - Removing overlay from MainMenuScene and adding to DialogSubScene
16:30:56.562 [JavaFX Application Thread] DEBUG PrimaryStageWindow   - MainMenuScene -> DialogSubScene
16:30:57.768 [JavaFX Application Thread] DEBUG PrimaryStageWindow   - Pop state: DialogSubScene
16:30:57.768 [JavaFX Application Thread] DEBUG Input                - Clearing active input actions
16:30:57.768 [JavaFX Application Thread] DEBUG GameApplicationServi - Removing overlay from DialogSubScene and adding to MainMenuScene
16:30:57.768 [JavaFX Application Thread] DEBUG PrimaryStageWindow   - MainMenuScene <- DialogSubScene
16:30:57.769 [JavaFX Application Thread] DEBUG GameApplicationServi - Starting new game
16:30:57.770 [JavaFX Application Thread] DEBUG PrimaryStageWindow   - Pop state: MainMenuScene
16:30:57.770 [JavaFX Application Thread] DEBUG Input                - Clearing active input actions
16:30:57.770 [JavaFX Application Thread] DEBUG GameApplicationServi - Removing overlay from MainMenuScene and adding to FXGLMainMenuDummyScene
16:30:57.770 [JavaFX Application Thread] DEBUG PrimaryStageWindow   - FXGLMainMenuDummyScene <- MainMenuScene
16:30:57.770 [JavaFX Application Thread] DEBUG Input                - Clearing active input actions
16:30:57.771 [JavaFX Application Thread] DEBUG GameApplicationServi - Removing overlay from FXGLMainMenuDummyScene and adding to FXGLLoadingScene
16:30:57.771 [JavaFX Application Thread] DEBUG PrimaryStageWindow   - FXGLMainMenuDummyScene -> FXGLLoadingScene
16:30:57.771 [JavaFX Application Thread] DEBUG GameApplicationServi - Clearing previous game
16:30:57.771 [JavaFX Application Thread] DEBUG GameScene            - Clearing game scene
16:30:57.771 [JavaFX Application Thread] DEBUG GameWorld            - Clearing game world
16:30:57.772 [JavaFX Application Thread] DEBUG PhysicsWorld         - Clearing physics world
16:30:57.772 [FXGL Background Thread 2 ] DEBUG FXGLApplication      - Initializing game
16:30:57.784 [FXGL Background Thread 2 ] INFO  FXGLApplication      - Game initialization took: 0.011 sec
16:30:57.784 [JavaFX Application Thread] DEBUG Input                - Clearing active input actions
16:30:57.787 [JavaFX Application Thread] DEBUG GameApplicationServi - Removing overlay from FXGLLoadingScene and adding to GameScene
16:30:57.787 [JavaFX Application Thread] DEBUG PrimaryStageWindow   - FXGLLoadingScene -> GameScene
16:30:58.258 [JavaFX Application Thread] DEBUG PrimaryStageWindow   - Push state: DialogSubScene
16:30:58.258 [JavaFX Application Thread] DEBUG Input                - Clearing active input actions
16:30:58.259 [JavaFX Application Thread] DEBUG GameApplicationServi - Removing overlay from GameScene and adding to DialogSubScene
16:30:58.259 [JavaFX Application Thread] DEBUG PrimaryStageWindow   - GameScene -> DialogSubScene
16:30:59.404 [JavaFX Application Thread] DEBUG PrimaryStageWindow   - Pop state: DialogSubScene
16:30:59.404 [JavaFX Application Thread] DEBUG Input                - Clearing active input actions
16:30:59.404 [JavaFX Application Thread] DEBUG GameApplicationServi - Removing overlay from DialogSubScene and adding to GameScene
16:30:59.404 [JavaFX Application Thread] DEBUG PrimaryStageWindow   - GameScene <- DialogSubScene
16:31:03.987 [JavaFX Application Thread] DEBUG PrimaryStageWindow   - Push state: DialogSubScene
16:31:03.987 [JavaFX Application Thread] DEBUG Input                - Clearing active input actions
16:31:03.987 [JavaFX Application Thread] DEBUG GameApplicationServi - Removing overlay from GameScene and adding to DialogSubScene
16:31:03.987 [JavaFX Application Thread] DEBUG PrimaryStageWindow   - GameScene -> DialogSubScene
16:31:05.171 [JavaFX Application Thread] DEBUG PrimaryStageWindow   - Pop state: DialogSubScene
16:31:05.171 [JavaFX Application Thread] DEBUG Input                - Clearing active input actions
16:31:05.171 [JavaFX Application Thread] DEBUG GameApplicationServi - Removing overlay from DialogSubScene and adding to GameScene
16:31:05.171 [JavaFX Application Thread] DEBUG PrimaryStageWindow   - GameScene <- DialogSubScene
16:31:05.932 [JavaFX Application Thread] DEBUG FXGLApplication      - Exiting FXGL
16:31:05.932 [JavaFX Application Thread] DEBUG LoopRunner           - Stopping loop
16:31:05.932 [JavaFX Application Thread] DEBUG SystemBundleService  - Saving FXGL system data
16:31:05.933 [JavaFX Application Thread] DEBUG FileSystemAccess     - Writing to: E:\G2\java\final_project\team_project_1124\javaA-xiangqi-project-main\system\fxgl.bundle
16:31:05.933 [JavaFX Application Thread] DEBUG Async                - Shutting down background threads
16:31:05.933 [JavaFX Application Thread] DEBUG PrimaryStageWindow   - Closing main window
16:31:05.942 [JavaFX Application Thread] DEBUG Logger               - Closing Logger
