23:52:33.908 [main                     ] DEBUG Logger               - Configured Logger
23:52:33.924 [main                     ] DEBUG GameApplication      - Logging settings
Title: 中国象棋 1.0
Version: 1.0
Width: 1316
Height: 1007
Fullscreen: false
Intro: false
Profiling: false
Single step:false
App Mode: DEVELOPER
Menu Key: ESCAPE
Stage Style: DECORATED
Scene Factory: class edu.sustech.xiangqi.XiangQiApp$1

23:52:34.450 [JavaFX Application Thread] DEBUG FXGLApplication      - Initializing FXGL
23:52:34.453 [JavaFX Application Thread] INFO  Engine               - FXGL-21.1 (27.03.2024 07.52) on WINDOWS (J:23.0.2 FX:21.0.1)
23:52:34.454 [JavaFX Application Thread] DEBUG Engine               - JRE Vendor Name: Amazon.com Inc.
23:52:34.454 [JavaFX Application Thread] DEBUG Engine               - Running on OS: Windows 11 version 10.0
23:52:34.454 [JavaFX Application Thread] DEBUG Engine               - Architecture: amd64
23:52:34.454 [JavaFX Application Thread] INFO  Engine               - Source code and latest versions at: https://github.com/AlmasB/FXGL
23:52:34.454 [JavaFX Application Thread] INFO  Engine               -       Ask questions and discuss at: https://github.com/AlmasB/FXGL/discussions
23:52:34.454 [JavaFX Application Thread] INFO  Engine               -              Join the FXGL chat at: https://gitter.im/AlmasB/FXGL
23:52:34.518 [JavaFX Application Thread] DEBUG PrimaryStageWindow   - Creating a JavaFX scene
23:52:34.551 [JavaFX Application Thread] DEBUG PrimaryStageWindow   - Target settings size: 1316.0 x 1007.0
23:52:34.551 [JavaFX Application Thread] DEBUG PrimaryStageWindow   - Scaled scene size:    1316.0 x 1007.0
23:52:34.551 [JavaFX Application Thread] DEBUG PrimaryStageWindow   - Scaled ratio: (1.0, 1.0)
23:52:34.552 [JavaFX Application Thread] DEBUG PrimaryStageWindow   - Set initial scene to FXGLStartupScene
23:52:34.553 [JavaFX Application Thread] DEBUG PrimaryStageWindow   - Opening main window
23:52:34.625 [JavaFX Application Thread] DEBUG PrimaryStageWindow   - Window border size: (14.6666259765625, 37.6666259765625)
23:52:34.625 [JavaFX Application Thread] DEBUG PrimaryStageWindow   - Scaled size: 1316.0 x 1007.0
23:52:34.625 [JavaFX Application Thread] DEBUG PrimaryStageWindow   - Scaled ratio: (1.0, 1.0)
23:52:34.625 [JavaFX Application Thread] DEBUG PrimaryStageWindow   - Scene size: 1316.0 x 1007.0
23:52:34.625 [JavaFX Application Thread] DEBUG PrimaryStageWindow   - Stage size: 1330.6666259765625 x 1044.6666259765625
23:52:34.630 [FXGL Background Thread 1 ] DEBUG Engine               - Initializing environment variables
23:52:34.677 [FXGL Background Thread 1 ] DEBUG FXGLAssetLoaderServi - User app class for loading assets: class edu.sustech.xiangqi.XiangQiApp
23:52:34.677 [FXGL Background Thread 1 ] DEBUG GameApplicationServi - Applying CSS: fxgl_dark.css
23:52:34.678 [FXGL Background Thread 1 ] DEBUG FXGLAssetLoaderServi - Loading from file system: jar:file:/C:/Users/%e5%b0%b9%e7%8e%ba%e9%aa%85/.m2/repository/com/github/almasb/fxgl/21.1/fxgl-21.1.jar!/fxglassets/ui/css/fxgl_dark.css
23:52:34.702 [FXGL Background Thread 1 ] DEBUG GameApplicationServi - Initializing application scenes
23:52:34.750 [FXGL Background Thread 1 ] DEBUG GameWorld            - Game world initialized
23:52:34.796 [FXGL Background Thread 1 ] DEBUG PhysicsWorld         - Physics world initialized: appHeight=1007, physics.ppm=50.0
23:52:34.796 [FXGL Background Thread 1 ] DEBUG PhysicsWorld         - Using strategy: BRUTE_FORCE
23:52:34.800 [FXGL Background Thread 1 ] DEBUG GameScene            - Game scene initialized: 1316x1007
23:52:34.803 [FXGL Background Thread 1 ] DEBUG FXGLAssetLoaderServi - Loading from file system: file:/E:/G2/java/final_project/team_project_1124/javaA-xiangqi-project-main/target/classes/assets/music/Whisper%20Records%20-%20%e5%8f%a4%e3%81%ae%e6%a3%ae.mp3
23:52:35.058 [FXGL Background Thread 1 ] DEBUG AudioPlayer          - Playing music com.almasb.fxgl.audio.Music@42b5988c
23:52:35.064 [FXGL Background Thread 1 ] DEBUG FXGLAssetLoaderServi - Loading from file system: file:/E:/G2/java/final_project/team_project_1124/javaA-xiangqi-project-main/target/classes/assets/textures/Button1.png
23:52:35.077 [FXGL Background Thread 1 ] DEBUG FXGLAssetLoaderServi - Loading from file system: file:/E:/G2/java/final_project/team_project_1124/javaA-xiangqi-project-main/target/classes/assets/textures/Press.png
23:52:35.081 [FXGL Background Thread 1 ] DEBUG FXGLAssetLoaderServi - Loading from file system: file:/E:/G2/java/final_project/team_project_1124/javaA-xiangqi-project-main/target/classes/assets/sounds/%e6%8c%89%e9%92%ae%e9%9f%b3%e6%95%881.mp3
23:52:35.085 [FXGL Background Thread 1 ] DEBUG FXGLAssetLoaderServi - Loading from file system: file:/E:/G2/java/final_project/team_project_1124/javaA-xiangqi-project-main/target/classes/assets/ui/fonts/HYPixel11pxU-2.ttf
23:52:35.163 [FXGL Background Thread 1 ] DEBUG GameApplicationServi - Application scenes initialized
23:52:35.171 [FXGL Background Thread 1 ] DEBUG SystemBundleService  - Loading FXGL system data
23:52:35.174 [FXGL Background Thread 1 ] DEBUG FileSystemAccess     - Reading from: E:\G2\java\final_project\team_project_1124\javaA-xiangqi-project-main\system\fxgl.bundle
23:52:35.181 [FXGL Background Thread 1 ] DEBUG SystemBundleService  - Bundle FXGL: {}
23:52:35.181 [FXGL Background Thread 1 ] DEBUG UpdaterService       - Checking for updates
23:52:35.184 [FXGL Background Thread 4 ] DEBUG FXGLApplication      - Loading fonts
23:52:35.185 [FXGL Background Thread 4 ] DEBUG FXGLAssetLoaderServi - Loading from file system: jar:file:/C:/Users/%e5%b0%b9%e7%8e%ba%e9%aa%85/.m2/repository/com/github/almasb/fxgl/21.1/fxgl-21.1.jar!/fxglassets/ui/fonts/VarelaRound-Regular.ttf
23:52:35.185 [FXGL Background Thread 1 ] DEBUG FXGLApplication      - Loading default localization
23:52:35.186 [FXGL Background Thread 1 ] DEBUG FXGLAssetLoaderServi - Loading from file system: jar:file:/C:/Users/%e5%b0%b9%e7%8e%ba%e9%aa%85/.m2/repository/com/github/almasb/fxgl/21.1/fxgl-21.1.jar!/fxglassets/languages/english.lang
23:52:35.188 [FXGL Background Thread 4 ] DEBUG FXGLAssetLoaderServi - Loading from file system: jar:file:/C:/Users/%e5%b0%b9%e7%8e%ba%e9%aa%85/.m2/repository/com/github/almasb/fxgl/21.1/fxgl-21.1.jar!/fxglassets/ui/fonts/Abel-Regular.ttf
23:52:35.190 [FXGL Background Thread 4 ] DEBUG FXGLAssetLoaderServi - Loading from file system: jar:file:/C:/Users/%e5%b0%b9%e7%8e%ba%e9%aa%85/.m2/repository/com/github/almasb/fxgl/21.1/fxgl-21.1.jar!/fxglassets/ui/fonts/TerminalLandMono-Regular.otf
23:52:35.192 [FXGL Background Thread 4 ] DEBUG FXGLAssetLoaderServi - Loading from file system: jar:file:/C:/Users/%e5%b0%b9%e7%8e%ba%e9%aa%85/.m2/repository/com/github/almasb/fxgl/21.1/fxgl-21.1.jar!/fxglassets/ui/fonts/Courier-Prime.ttf
23:52:35.196 [JavaFX Application Thread] DEBUG FXGLApplication      - Registering font factories with UI factory
23:52:35.219 [FXGL Background Thread 1 ] INFO  FXGLApplication      - FXGL initialization took: 0.590 sec
23:52:35.223 [JavaFX Application Thread] DEBUG Input                - Registered new binding: Click - LMB
23:52:35.224 [JavaFX Application Thread] DEBUG FXGLAssetLoaderServi - Loading from file system: jar:file:/C:/Users/%e5%b0%b9%e7%8e%ba%e9%aa%85/.m2/repository/com/github/almasb/fxgl/21.1/fxgl-21.1.jar!/fxglassets/textures/fxgl_icon.png
23:52:35.242 [JavaFX Application Thread] DEBUG FXGLAssetLoaderServi - Loading from file system: jar:file:/C:/Users/%e5%b0%b9%e7%8e%ba%e9%aa%85/.m2/repository/com/github/almasb/fxgl/21.1/fxgl-21.1.jar!/fxglassets/textures/fxgl_default_cursor.png
23:52:35.247 [JavaFX Application Thread] DEBUG Input                - Registered new binding: Screenshot - CTRL+8
23:52:35.248 [JavaFX Application Thread] DEBUG Input                - Registered new binding: System info dump - CTRL+9
23:52:35.248 [JavaFX Application Thread] DEBUG Input                - Registered new binding: Restart - CTRL+R
23:52:35.248 [JavaFX Application Thread] DEBUG Input                - Registered new binding: Toggle Debug Camera - CTRL+7
23:52:35.251 [JavaFX Application Thread] DEBUG LoopRunner           - Starting loop
23:52:35.251 [JavaFX Application Thread] DEBUG LoopRunner           - Initializing JavaFX AnimationTimerLoop
23:52:35.254 [JavaFX Application Thread] DEBUG Input                - Clearing active input actions
23:52:35.267 [JavaFX Application Thread] DEBUG GameApplicationServi - Removing overlay from FXGLStartupScene and adding to FXGLMainMenuDummyScene
23:52:35.267 [JavaFX Application Thread] DEBUG PrimaryStageWindow   - FXGLStartupScene -> FXGLMainMenuDummyScene
23:52:35.267 [JavaFX Application Thread] DEBUG PrimaryStageWindow   - Push state: MainMenuScene
23:52:35.268 [JavaFX Application Thread] DEBUG Input                - Clearing active input actions
23:52:35.279 [JavaFX Application Thread] DEBUG GameApplicationServi - Removing overlay from FXGLMainMenuDummyScene and adding to MainMenuScene
23:52:35.280 [JavaFX Application Thread] DEBUG PrimaryStageWindow   - FXGLMainMenuDummyScene -> MainMenuScene
23:52:38.184 [FXGL Background Thread 3 ] DEBUG Engine               - Logging environment variables
23:52:38.184 [FXGL Background Thread 3 ] DEBUG Engine               - achievements: []
23:52:38.184 [FXGL Background Thread 3 ] DEBUG Engine               - actualHeight: 1007.0
23:52:38.184 [FXGL Background Thread 3 ] DEBUG Engine               - actualHeightProperty: ReadOnlyDoubleProperty [value: 1007.0]
23:52:38.184 [FXGL Background Thread 3 ] DEBUG Engine               - actualWidth: 1316.0
23:52:38.184 [FXGL Background Thread 3 ] DEBUG Engine               - actualWidthProperty: ReadOnlyDoubleProperty [value: 1316.0]
23:52:38.184 [FXGL Background Thread 3 ] DEBUG Engine               - appIcon: fxgl_icon.png
23:52:38.184 [FXGL Background Thread 3 ] DEBUG Engine               - applicationMode: DEVELOPER
23:52:38.185 [FXGL Background Thread 3 ] DEBUG Engine               - cSSList: [fxgl_dark.css]
23:52:38.185 [FXGL Background Thread 3 ] DEBUG Engine               - collisionDetectionStrategy: BRUTE_FORCE
23:52:38.185 [FXGL Background Thread 3 ] DEBUG Engine               - configClass: Optional.empty
23:52:38.185 [FXGL Background Thread 3 ] DEBUG Engine               - credits: []
23:52:38.186 [FXGL Background Thread 3 ] DEBUG Engine               - defaultCursor: CursorInfo(imageName=fxgl_default_cursor.png, hotspotX=7.0, hotspotY=6.0)
23:52:38.187 [FXGL Background Thread 3 ] DEBUG Engine               - devBBoxColorProperty: ObjectProperty [value: 0xff0000ff]
23:52:38.187 [FXGL Background Thread 3 ] DEBUG Engine               - devEnableDebugCameraProperty: BooleanProperty [value: false]
23:52:38.187 [FXGL Background Thread 3 ] DEBUG Engine               - devSensorColorProperty: ObjectProperty [value: 0xffff00ff]
23:52:38.187 [FXGL Background Thread 3 ] DEBUG Engine               - devShowBBoxProperty: BooleanProperty [value: false]
23:52:38.187 [FXGL Background Thread 3 ] DEBUG Engine               - devShowPositionProperty: BooleanProperty [value: false]
23:52:38.187 [FXGL Background Thread 3 ] DEBUG Engine               - enabledMenuItems: []
23:52:38.188 [FXGL Background Thread 3 ] DEBUG Engine               - engineServices: [class com.almasb.fxgl.app.services.FXGLAssetLoaderService, class com.almasb.fxgl.app.FXGLApplication$GameApplicationService, class com.almasb.fxgl.app.services.FXGLDialogService, class com.almasb.fxgl.app.services.IOTaskExecutorService, class com.almasb.fxgl.io.FileSystemService, class com.almasb.fxgl.localization.LocalizationService, class com.almasb.fxgl.app.services.SystemBundleService, class com.almasb.fxgl.profile.SaveLoadService, class com.almasb.fxgl.ui.FXGLUIFactoryServiceProvider, class com.almasb.fxgl.ui.FXGLDialogFactoryServiceProvider, class com.almasb.fxgl.audio.AudioPlayer, class com.almasb.fxgl.notification.impl.NotificationServiceProvider, class com.almasb.fxgl.achievement.AchievementService, class com.almasb.fxgl.cutscene.CutsceneService, class com.almasb.fxgl.minigames.MiniGameService, class com.almasb.fxgl.net.NetService, class com.almasb.fxgl.app.services.UpdaterService, class com.almasb.fxgl.dev.DevService]
23:52:38.188 [FXGL Background Thread 3 ] DEBUG Engine               - fontGame: Abel-Regular.ttf
23:52:38.188 [FXGL Background Thread 3 ] DEBUG Engine               - fontMono: TerminalLandMono-Regular.otf
23:52:38.188 [FXGL Background Thread 3 ] DEBUG Engine               - fontSizeScaleUI: 1.0
23:52:38.188 [FXGL Background Thread 3 ] DEBUG Engine               - fontText: Courier-Prime.ttf
23:52:38.188 [FXGL Background Thread 3 ] DEBUG Engine               - fontUI: VarelaRound-Regular.ttf
23:52:38.188 [FXGL Background Thread 3 ] DEBUG Engine               - fullScreen: BooleanProperty [value: false]
23:52:38.188 [FXGL Background Thread 3 ] DEBUG Engine               - gameDifficulty: MEDIUM
23:52:38.188 [FXGL Background Thread 3 ] DEBUG Engine               - gameDifficultyProperty: ObjectProperty [value: MEDIUM]
23:52:38.188 [FXGL Background Thread 3 ] DEBUG Engine               - globalMusicVolume: 0.5
23:52:38.188 [FXGL Background Thread 3 ] DEBUG Engine               - globalMusicVolumeProperty: DoubleProperty [value: 0.5]
23:52:38.189 [FXGL Background Thread 3 ] DEBUG Engine               - globalSoundVolume: 0.5
23:52:38.189 [FXGL Background Thread 3 ] DEBUG Engine               - globalSoundVolumeProperty: DoubleProperty [value: 0.5]
23:52:38.189 [FXGL Background Thread 3 ] DEBUG Engine               - height: 1007
23:52:38.189 [FXGL Background Thread 3 ] DEBUG Engine               - is3D: false
23:52:38.189 [FXGL Background Thread 3 ] DEBUG Engine               - isAndroid: false
23:52:38.189 [FXGL Background Thread 3 ] DEBUG Engine               - isBrowser: false
23:52:38.189 [FXGL Background Thread 3 ] DEBUG Engine               - isClickFeedbackEnabled: false
23:52:38.189 [FXGL Background Thread 3 ] DEBUG Engine               - isCloseConfirmation: false
23:52:38.189 [FXGL Background Thread 3 ] DEBUG Engine               - isDesktop: true
23:52:38.189 [FXGL Background Thread 3 ] DEBUG Engine               - isDeveloperMenuEnabled: false
23:52:38.189 [FXGL Background Thread 3 ] DEBUG Engine               - isEmbedded: false
23:52:38.189 [FXGL Background Thread 3 ] DEBUG Engine               - isEntityPreloadEnabled: true
23:52:38.189 [FXGL Background Thread 3 ] DEBUG Engine               - isExperimentalTiledLargeMap: false
23:52:38.189 [FXGL Background Thread 3 ] DEBUG Engine               - isFileSystemWriteAllowed: true
23:52:38.189 [FXGL Background Thread 3 ] DEBUG Engine               - isFullScreenAllowed: false
23:52:38.189 [FXGL Background Thread 3 ] DEBUG Engine               - isFullScreenFromStart: false
23:52:38.189 [FXGL Background Thread 3 ] DEBUG Engine               - isGameMenuEnabled: true
23:52:38.189 [FXGL Background Thread 3 ] DEBUG Engine               - isIOS: false
23:52:38.189 [FXGL Background Thread 3 ] DEBUG Engine               - isIntroEnabled: false
23:52:38.189 [FXGL Background Thread 3 ] DEBUG Engine               - isLinux: false
23:52:38.189 [FXGL Background Thread 3 ] DEBUG Engine               - isMac: false
23:52:38.189 [FXGL Background Thread 3 ] DEBUG Engine               - isMainMenuEnabled: true
23:52:38.189 [FXGL Background Thread 3 ] DEBUG Engine               - isManualResizeEnabled: true
23:52:38.189 [FXGL Background Thread 3 ] DEBUG Engine               - isMobile: false
23:52:38.190 [FXGL Background Thread 3 ] DEBUG Engine               - isNative: false
23:52:38.190 [FXGL Background Thread 3 ] DEBUG Engine               - isPauseMusicWhenMinimized: true
23:52:38.190 [FXGL Background Thread 3 ] DEBUG Engine               - isPreserveResizeRatio: true
23:52:38.190 [FXGL Background Thread 3 ] DEBUG Engine               - isProfilingEnabled: false
23:52:38.190 [FXGL Background Thread 3 ] DEBUG Engine               - isScaleAffectedOnResize: true
23:52:38.190 [FXGL Background Thread 3 ] DEBUG Engine               - isSingleStep: false
23:52:38.190 [FXGL Background Thread 3 ] DEBUG Engine               - isUserProfileEnabled: false
23:52:38.190 [FXGL Background Thread 3 ] DEBUG Engine               - isWindows: true
23:52:38.190 [FXGL Background Thread 3 ] DEBUG Engine               - language: ObjectProperty [value: ENGLISH]
23:52:38.190 [FXGL Background Thread 3 ] DEBUG Engine               - menuKey: ESCAPE
23:52:38.190 [FXGL Background Thread 3 ] DEBUG Engine               - mouseSensitivity: 0.2
23:52:38.190 [FXGL Background Thread 3 ] DEBUG Engine               - notificationViewClass: class com.almasb.fxgl.notification.view.XboxNotificationView
23:52:38.190 [FXGL Background Thread 3 ] DEBUG Engine               - pixelsPerMeter: 50.0
23:52:38.190 [FXGL Background Thread 3 ] DEBUG Engine               - platform: WINDOWS
23:52:38.190 [FXGL Background Thread 3 ] DEBUG Engine               - prefHeightProperty: ReadOnlyDoubleProperty [value: 1007.0]
23:52:38.191 [FXGL Background Thread 3 ] DEBUG Engine               - prefWidthProperty: ReadOnlyDoubleProperty [value: 1316.0]
23:52:38.191 [FXGL Background Thread 3 ] DEBUG Engine               - profileDir: profiles/
23:52:38.191 [FXGL Background Thread 3 ] DEBUG Engine               - profileName: StringProperty [value: DEFAULT]
23:52:38.191 [FXGL Background Thread 3 ] DEBUG Engine               - randomSeed: -1
23:52:38.191 [FXGL Background Thread 3 ] DEBUG Engine               - runtimeInfo: RuntimeInfo(platform=WINDOWS, version=21.1, build=27.03.2024 07.52)
23:52:38.191 [FXGL Background Thread 3 ] DEBUG Engine               - saveFileExt: sav
23:52:38.191 [FXGL Background Thread 3 ] DEBUG Engine               - scaledHeightProp$fxgl: DoubleProperty [bound, value: 1007.0]
23:52:38.191 [FXGL Background Thread 3 ] DEBUG Engine               - scaledWidthProp$fxgl: DoubleProperty [bound, value: 1316.0]
23:52:38.191 [FXGL Background Thread 3 ] DEBUG Engine               - sceneFactory: edu.sustech.xiangqi.XiangQiApp$1@52477bcd
23:52:38.192 [FXGL Background Thread 3 ] DEBUG Engine               - secondsIn24h: 60
23:52:38.192 [FXGL Background Thread 3 ] DEBUG Engine               - soundMenuBack: menu/back.wav
23:52:38.192 [FXGL Background Thread 3 ] DEBUG Engine               - soundMenuPress: menu/press.wav
23:52:38.192 [FXGL Background Thread 3 ] DEBUG Engine               - soundMenuSelect: menu/select.wav
23:52:38.192 [FXGL Background Thread 3 ] DEBUG Engine               - soundNotification: core/notification.wav
23:52:38.192 [FXGL Background Thread 3 ] DEBUG Engine               - stageStyle: DECORATED
23:52:38.192 [FXGL Background Thread 3 ] DEBUG Engine               - supportedLanguages: [ENGLISH, FRENCH, GERMAN, HUNGARIAN, RUSSIAN]
23:52:38.192 [FXGL Background Thread 3 ] DEBUG Engine               - ticksPerSecond: -1
23:52:38.192 [FXGL Background Thread 3 ] DEBUG Engine               - title: 中国象棋 1.0
23:52:38.192 [FXGL Background Thread 3 ] DEBUG Engine               - urlGithub: https://github.com/AlmasB/FXGL
23:52:38.192 [FXGL Background Thread 3 ] DEBUG Engine               - urlLeaderboard: http://fxgl-top.herokuapp.com/
23:52:38.192 [FXGL Background Thread 3 ] DEBUG Engine               - urlPOM: https://raw.githubusercontent.com/AlmasB/FXGL/release/README.md
23:52:38.192 [FXGL Background Thread 3 ] DEBUG Engine               - userAppClass: class edu.sustech.xiangqi.XiangQiApp
23:52:38.192 [FXGL Background Thread 3 ] DEBUG Engine               - version: 1.0
23:52:38.192 [FXGL Background Thread 3 ] DEBUG Engine               - versionCheckDays: 7
23:52:38.192 [FXGL Background Thread 3 ] DEBUG Engine               - width: 1316
23:52:38.192 [FXGL Background Thread 3 ] DEBUG Engine               - Logging services
23:52:38.192 [FXGL Background Thread 3 ] DEBUG Engine               - class com.almasb.fxgl.app.services.FXGLAssetLoaderService
23:52:38.192 [FXGL Background Thread 3 ] DEBUG Engine               - class com.almasb.fxgl.app.FXGLApplication$GameApplicationService
23:52:38.192 [FXGL Background Thread 3 ] DEBUG Engine               - class com.almasb.fxgl.app.services.FXGLDialogService
23:52:38.192 [FXGL Background Thread 3 ] DEBUG Engine               - class com.almasb.fxgl.app.services.IOTaskExecutorService
23:52:38.192 [FXGL Background Thread 3 ] DEBUG Engine               - class com.almasb.fxgl.io.FileSystemService
23:52:38.192 [FXGL Background Thread 3 ] DEBUG Engine               - class com.almasb.fxgl.localization.LocalizationService
23:52:38.192 [FXGL Background Thread 3 ] DEBUG Engine               - class com.almasb.fxgl.app.services.SystemBundleService
23:52:38.192 [FXGL Background Thread 3 ] DEBUG Engine               - class com.almasb.fxgl.profile.SaveLoadService
23:52:38.192 [FXGL Background Thread 3 ] DEBUG Engine               - class com.almasb.fxgl.ui.FXGLUIFactoryServiceProvider
23:52:38.192 [FXGL Background Thread 3 ] DEBUG Engine               - class com.almasb.fxgl.ui.FXGLDialogFactoryServiceProvider
23:52:38.192 [FXGL Background Thread 3 ] DEBUG Engine               - class com.almasb.fxgl.audio.AudioPlayer
23:52:38.192 [FXGL Background Thread 3 ] DEBUG Engine               - class com.almasb.fxgl.notification.impl.NotificationServiceProvider
23:52:38.192 [FXGL Background Thread 3 ] DEBUG Engine               - class com.almasb.fxgl.achievement.AchievementService
23:52:38.192 [FXGL Background Thread 3 ] DEBUG Engine               - class com.almasb.fxgl.cutscene.CutsceneService
23:52:38.192 [FXGL Background Thread 3 ] DEBUG Engine               - class com.almasb.fxgl.minigames.MiniGameService
23:52:38.192 [FXGL Background Thread 3 ] DEBUG Engine               - class com.almasb.fxgl.net.NetService
23:52:38.192 [FXGL Background Thread 3 ] DEBUG Engine               - class com.almasb.fxgl.app.services.UpdaterService
23:52:38.192 [FXGL Background Thread 3 ] DEBUG Engine               - class com.almasb.fxgl.dev.DevService
23:52:47.047 [JavaFX Application Thread] DEBUG FXGLApplication      - Exiting FXGL
23:52:47.047 [JavaFX Application Thread] DEBUG LoopRunner           - Stopping loop
23:52:47.047 [JavaFX Application Thread] DEBUG SystemBundleService  - Saving FXGL system data
23:52:47.049 [JavaFX Application Thread] DEBUG FileSystemAccess     - Writing to: E:\G2\java\final_project\team_project_1124\javaA-xiangqi-project-main\system\fxgl.bundle
23:52:47.050 [JavaFX Application Thread] DEBUG Async                - Shutting down background threads
23:52:47.050 [JavaFX Application Thread] DEBUG PrimaryStageWindow   - Closing main window
23:52:47.057 [JavaFX Application Thread] DEBUG Logger               - Closing Logger
