17:55:16.030 [main                     ] DEBUG Logger               - Configured Logger
17:55:16.111 [main                     ] DEBUG GameApplication      - Logging settings
Title: 中国象棋 1.0
Version: 1.0
Width: 1316
Height: 1007
Fullscreen: false
Intro: false
Profiling: false
Single step:false
App Mode: DEVELOPER
Menu Key: ESCAPE
Stage Style: DECORATED
Scene Factory: class edu.sustech.xiangqi.XiangQiApp$1

17:55:17.081 [JavaFX Application Thread] DEBUG FXGLApplication      - Initializing FXGL
17:55:17.085 [JavaFX Application Thread] INFO  Engine               - FXGL-21.1 (27.03.2024 07.52) on WINDOWS (J:23.0.2 FX:21.0.1)
17:55:17.085 [JavaFX Application Thread] DEBUG Engine               - JRE Vendor Name: Amazon.com Inc.
17:55:17.085 [JavaFX Application Thread] DEBUG Engine               - Running on OS: Windows 11 version 10.0
17:55:17.085 [JavaFX Application Thread] DEBUG Engine               - Architecture: amd64
17:55:17.086 [JavaFX Application Thread] INFO  Engine               - Source code and latest versions at: https://github.com/AlmasB/FXGL
17:55:17.086 [JavaFX Application Thread] INFO  Engine               -       Ask questions and discuss at: https://github.com/AlmasB/FXGL/discussions
17:55:17.086 [JavaFX Application Thread] INFO  Engine               -              Join the FXGL chat at: https://gitter.im/AlmasB/FXGL
17:55:17.193 [JavaFX Application Thread] DEBUG PrimaryStageWindow   - Creating a JavaFX scene
17:55:17.242 [JavaFX Application Thread] DEBUG PrimaryStageWindow   - Target settings size: 1316.0 x 1007.0
17:55:17.242 [JavaFX Application Thread] DEBUG PrimaryStageWindow   - Scaled scene size:    1316.0 x 1007.0
17:55:17.242 [JavaFX Application Thread] DEBUG PrimaryStageWindow   - Scaled ratio: (1.0, 1.0)
17:55:17.243 [JavaFX Application Thread] DEBUG PrimaryStageWindow   - Set initial scene to FXGLStartupScene
17:55:17.246 [JavaFX Application Thread] DEBUG PrimaryStageWindow   - Opening main window
17:55:17.355 [JavaFX Application Thread] DEBUG PrimaryStageWindow   - Window border size: (14.6666259765625, 37.6666259765625)
17:55:17.355 [JavaFX Application Thread] DEBUG PrimaryStageWindow   - Scaled size: 1316.0 x 1007.0
17:55:17.355 [JavaFX Application Thread] DEBUG PrimaryStageWindow   - Scaled ratio: (1.0, 1.0)
17:55:17.355 [JavaFX Application Thread] DEBUG PrimaryStageWindow   - Scene size: 1316.0 x 1007.0
17:55:17.355 [JavaFX Application Thread] DEBUG PrimaryStageWindow   - Stage size: 1330.6666259765625 x 1044.6666259765625
17:55:17.362 [FXGL Background Thread 1 ] DEBUG Engine               - Initializing environment variables
17:55:17.448 [FXGL Background Thread 1 ] DEBUG FXGLAssetLoaderServi - User app class for loading assets: class edu.sustech.xiangqi.XiangQiApp
17:55:17.448 [FXGL Background Thread 1 ] DEBUG GameApplicationServi - Applying CSS: fxgl_dark.css
17:55:17.449 [FXGL Background Thread 1 ] DEBUG FXGLAssetLoaderServi - Loading from file system: jar:file:/C:/Users/%e5%b0%b9%e7%8e%ba%e9%aa%85/.m2/repository/com/github/almasb/fxgl/21.1/fxgl-21.1.jar!/fxglassets/ui/css/fxgl_dark.css
17:55:17.504 [FXGL Background Thread 1 ] DEBUG GameApplicationServi - Initializing application scenes
17:55:17.615 [FXGL Background Thread 1 ] DEBUG GameWorld            - Game world initialized
17:55:17.694 [FXGL Background Thread 1 ] DEBUG PhysicsWorld         - Physics world initialized: appHeight=1007, physics.ppm=50.0
17:55:17.695 [FXGL Background Thread 1 ] DEBUG PhysicsWorld         - Using strategy: BRUTE_FORCE
17:55:17.698 [FXGL Background Thread 1 ] DEBUG GameScene            - Game scene initialized: 1316x1007
17:55:17.710 [FXGL Background Thread 1 ] DEBUG FXGLAssetLoaderServi - Loading from file system: file:/E:/G2/java/final_project/team_project_1124/javaA-xiangqi-project-main/target/classes/assets/ui/fonts/HYPixel11pxU-2.ttf
17:55:17.772 [FXGL Background Thread 1 ] DEBUG FXGLAssetLoaderServi - Loading from file system: file:/E:/G2/java/final_project/team_project_1124/javaA-xiangqi-project-main/target/classes/assets/textures/Button1.png
17:55:17.799 [FXGL Background Thread 1 ] DEBUG FXGLAssetLoaderServi - Loading from file system: file:/E:/G2/java/final_project/team_project_1124/javaA-xiangqi-project-main/target/classes/assets/textures/Press.png
17:55:17.874 [FXGL Background Thread 1 ] DEBUG GameApplicationServi - Application scenes initialized
17:55:17.887 [FXGL Background Thread 1 ] DEBUG SystemBundleService  - Loading FXGL system data
17:55:17.892 [FXGL Background Thread 1 ] DEBUG FileSystemAccess     - Reading from: E:\G2\java\final_project\team_project_1124\javaA-xiangqi-project-main\system\fxgl.bundle
17:55:17.899 [FXGL Background Thread 1 ] DEBUG SystemBundleService  - Bundle FXGL: {}
17:55:17.899 [FXGL Background Thread 1 ] DEBUG UpdaterService       - Checking for updates
17:55:17.906 [FXGL Background Thread 4 ] DEBUG FXGLApplication      - Loading fonts
17:55:17.908 [FXGL Background Thread 4 ] DEBUG FXGLAssetLoaderServi - Loading from file system: jar:file:/C:/Users/%e5%b0%b9%e7%8e%ba%e9%aa%85/.m2/repository/com/github/almasb/fxgl/21.1/fxgl-21.1.jar!/fxglassets/ui/fonts/VarelaRound-Regular.ttf
17:55:17.908 [FXGL Background Thread 1 ] DEBUG FXGLApplication      - Loading default localization
17:55:17.909 [FXGL Background Thread 1 ] DEBUG FXGLAssetLoaderServi - Loading from file system: jar:file:/C:/Users/%e5%b0%b9%e7%8e%ba%e9%aa%85/.m2/repository/com/github/almasb/fxgl/21.1/fxgl-21.1.jar!/fxglassets/languages/english.lang
17:55:17.913 [FXGL Background Thread 4 ] DEBUG FXGLAssetLoaderServi - Loading from file system: jar:file:/C:/Users/%e5%b0%b9%e7%8e%ba%e9%aa%85/.m2/repository/com/github/almasb/fxgl/21.1/fxgl-21.1.jar!/fxglassets/ui/fonts/Abel-Regular.ttf
17:55:17.917 [FXGL Background Thread 4 ] DEBUG FXGLAssetLoaderServi - Loading from file system: jar:file:/C:/Users/%e5%b0%b9%e7%8e%ba%e9%aa%85/.m2/repository/com/github/almasb/fxgl/21.1/fxgl-21.1.jar!/fxglassets/ui/fonts/TerminalLandMono-Regular.otf
17:55:17.923 [FXGL Background Thread 4 ] DEBUG FXGLAssetLoaderServi - Loading from file system: jar:file:/C:/Users/%e5%b0%b9%e7%8e%ba%e9%aa%85/.m2/repository/com/github/almasb/fxgl/21.1/fxgl-21.1.jar!/fxglassets/ui/fonts/Courier-Prime.ttf
17:55:17.931 [JavaFX Application Thread] DEBUG FXGLApplication      - Registering font factories with UI factory
17:55:17.975 [FXGL Background Thread 1 ] INFO  FXGLApplication      - FXGL initialization took: 0.613 sec
17:55:17.987 [JavaFX Application Thread] DEBUG Input                - Registered new binding: Click - LMB
17:55:17.989 [JavaFX Application Thread] DEBUG FXGLAssetLoaderServi - Loading from file system: jar:file:/C:/Users/%e5%b0%b9%e7%8e%ba%e9%aa%85/.m2/repository/com/github/almasb/fxgl/21.1/fxgl-21.1.jar!/fxglassets/textures/fxgl_icon.png
17:55:18.021 [JavaFX Application Thread] DEBUG FXGLAssetLoaderServi - Loading from file system: jar:file:/C:/Users/%e5%b0%b9%e7%8e%ba%e9%aa%85/.m2/repository/com/github/almasb/fxgl/21.1/fxgl-21.1.jar!/fxglassets/textures/fxgl_default_cursor.png
17:55:18.032 [JavaFX Application Thread] DEBUG Input                - Registered new binding: Screenshot - CTRL+8
17:55:18.034 [JavaFX Application Thread] DEBUG Input                - Registered new binding: System info dump - CTRL+9
17:55:18.034 [JavaFX Application Thread] DEBUG Input                - Registered new binding: Restart - CTRL+R
17:55:18.036 [JavaFX Application Thread] DEBUG Input                - Registered new binding: Toggle Debug Camera - CTRL+7
17:55:18.042 [JavaFX Application Thread] DEBUG LoopRunner           - Starting loop
17:55:18.042 [JavaFX Application Thread] DEBUG LoopRunner           - Initializing JavaFX AnimationTimerLoop
17:55:18.049 [JavaFX Application Thread] DEBUG Input                - Clearing active input actions
17:55:18.058 [JavaFX Application Thread] DEBUG GameApplicationServi - Removing overlay from FXGLStartupScene and adding to FXGLMainMenuDummyScene
17:55:18.059 [JavaFX Application Thread] DEBUG PrimaryStageWindow   - FXGLStartupScene -> FXGLMainMenuDummyScene
17:55:18.059 [JavaFX Application Thread] DEBUG PrimaryStageWindow   - Push state: MainMenuScene
17:55:18.060 [JavaFX Application Thread] DEBUG Input                - Clearing active input actions
17:55:18.070 [JavaFX Application Thread] DEBUG GameApplicationServi - Removing overlay from FXGLMainMenuDummyScene and adding to MainMenuScene
17:55:18.071 [JavaFX Application Thread] DEBUG PrimaryStageWindow   - FXGLMainMenuDummyScene -> MainMenuScene
17:55:19.130 [JavaFX Application Thread] DEBUG FXGLAssetLoaderServi - Loading from file system: file:/E:/G2/java/final_project/team_project_1124/javaA-xiangqi-project-main/target/classes/assets/music/%e6%8c%89%e9%92%ae%e9%9f%b3%e6%95%881.mp3
17:55:19.492 [JavaFX Application Thread] DEBUG AudioPlayer          - Playing music com.almasb.fxgl.audio.Music@2d27b38
17:55:19.513 [JavaFX Application Thread] DEBUG AudioPlayer          - Playing music com.almasb.fxgl.audio.Music@2d27b38
17:55:20.886 [JavaFX Application Thread] DEBUG AudioPlayer          - Playing music com.almasb.fxgl.audio.Music@2d27b38
17:55:20.905 [FXGL Background Thread 3 ] DEBUG Engine               - Logging environment variables
17:55:20.905 [FXGL Background Thread 3 ] DEBUG Engine               - achievements: []
17:55:20.905 [FXGL Background Thread 3 ] DEBUG Engine               - actualHeight: 1007.0
17:55:20.905 [FXGL Background Thread 3 ] DEBUG Engine               - actualHeightProperty: ReadOnlyDoubleProperty [value: 1007.0]
17:55:20.905 [FXGL Background Thread 3 ] DEBUG Engine               - actualWidth: 1316.0
17:55:20.905 [FXGL Background Thread 3 ] DEBUG Engine               - actualWidthProperty: ReadOnlyDoubleProperty [value: 1316.0]
17:55:20.905 [FXGL Background Thread 3 ] DEBUG Engine               - appIcon: fxgl_icon.png
17:55:20.906 [FXGL Background Thread 3 ] DEBUG Engine               - applicationMode: DEVELOPER
17:55:20.906 [FXGL Background Thread 3 ] DEBUG Engine               - cSSList: [fxgl_dark.css]
17:55:20.906 [FXGL Background Thread 3 ] DEBUG Engine               - collisionDetectionStrategy: BRUTE_FORCE
17:55:20.906 [FXGL Background Thread 3 ] DEBUG Engine               - configClass: Optional.empty
17:55:20.906 [FXGL Background Thread 3 ] DEBUG Engine               - credits: []
17:55:20.907 [FXGL Background Thread 3 ] DEBUG Engine               - defaultCursor: CursorInfo(imageName=fxgl_default_cursor.png, hotspotX=7.0, hotspotY=6.0)
17:55:20.907 [FXGL Background Thread 3 ] DEBUG Engine               - devBBoxColorProperty: ObjectProperty [value: 0xff0000ff]
17:55:20.908 [FXGL Background Thread 3 ] DEBUG Engine               - devEnableDebugCameraProperty: BooleanProperty [value: false]
17:55:20.908 [FXGL Background Thread 3 ] DEBUG Engine               - devSensorColorProperty: ObjectProperty [value: 0xffff00ff]
17:55:20.909 [FXGL Background Thread 3 ] DEBUG Engine               - devShowBBoxProperty: BooleanProperty [value: false]
17:55:20.909 [FXGL Background Thread 3 ] DEBUG Engine               - devShowPositionProperty: BooleanProperty [value: false]
17:55:20.909 [FXGL Background Thread 3 ] DEBUG Engine               - enabledMenuItems: []
17:55:20.909 [FXGL Background Thread 3 ] DEBUG Engine               - engineServices: [class com.almasb.fxgl.app.services.FXGLAssetLoaderService, class com.almasb.fxgl.app.FXGLApplication$GameApplicationService, class com.almasb.fxgl.app.services.FXGLDialogService, class com.almasb.fxgl.app.services.IOTaskExecutorService, class com.almasb.fxgl.io.FileSystemService, class com.almasb.fxgl.localization.LocalizationService, class com.almasb.fxgl.app.services.SystemBundleService, class com.almasb.fxgl.profile.SaveLoadService, class com.almasb.fxgl.ui.FXGLUIFactoryServiceProvider, class com.almasb.fxgl.ui.FXGLDialogFactoryServiceProvider, class com.almasb.fxgl.audio.AudioPlayer, class com.almasb.fxgl.notification.impl.NotificationServiceProvider, class com.almasb.fxgl.achievement.AchievementService, class com.almasb.fxgl.cutscene.CutsceneService, class com.almasb.fxgl.minigames.MiniGameService, class com.almasb.fxgl.net.NetService, class com.almasb.fxgl.app.services.UpdaterService, class com.almasb.fxgl.dev.DevService]
17:55:20.909 [FXGL Background Thread 3 ] DEBUG Engine               - fontGame: Abel-Regular.ttf
17:55:20.909 [FXGL Background Thread 3 ] DEBUG Engine               - fontMono: TerminalLandMono-Regular.otf
17:55:20.909 [FXGL Background Thread 3 ] DEBUG Engine               - fontSizeScaleUI: 1.0
17:55:20.909 [FXGL Background Thread 3 ] DEBUG Engine               - fontText: Courier-Prime.ttf
17:55:20.909 [FXGL Background Thread 3 ] DEBUG Engine               - fontUI: VarelaRound-Regular.ttf
17:55:20.909 [FXGL Background Thread 3 ] DEBUG Engine               - fullScreen: BooleanProperty [value: false]
17:55:20.910 [FXGL Background Thread 3 ] DEBUG Engine               - gameDifficulty: MEDIUM
17:55:20.910 [FXGL Background Thread 3 ] DEBUG Engine               - gameDifficultyProperty: ObjectProperty [value: MEDIUM]
17:55:20.910 [FXGL Background Thread 3 ] DEBUG Engine               - globalMusicVolume: 0.5
17:55:20.910 [FXGL Background Thread 3 ] DEBUG Engine               - globalMusicVolumeProperty: DoubleProperty [value: 0.5]
17:55:20.910 [FXGL Background Thread 3 ] DEBUG Engine               - globalSoundVolume: 0.5
17:55:20.911 [FXGL Background Thread 3 ] DEBUG Engine               - globalSoundVolumeProperty: DoubleProperty [value: 0.5]
17:55:20.911 [FXGL Background Thread 3 ] DEBUG Engine               - height: 1007
17:55:20.911 [FXGL Background Thread 3 ] DEBUG Engine               - is3D: false
17:55:20.911 [FXGL Background Thread 3 ] DEBUG Engine               - isAndroid: false
17:55:20.911 [FXGL Background Thread 3 ] DEBUG Engine               - isBrowser: false
17:55:20.911 [FXGL Background Thread 3 ] DEBUG Engine               - isClickFeedbackEnabled: false
17:55:20.911 [FXGL Background Thread 3 ] DEBUG Engine               - isCloseConfirmation: false
17:55:20.911 [FXGL Background Thread 3 ] DEBUG Engine               - isDesktop: true
17:55:20.911 [FXGL Background Thread 3 ] DEBUG Engine               - isDeveloperMenuEnabled: false
17:55:20.911 [FXGL Background Thread 3 ] DEBUG Engine               - isEmbedded: false
17:55:20.911 [FXGL Background Thread 3 ] DEBUG Engine               - isEntityPreloadEnabled: true
17:55:20.911 [FXGL Background Thread 3 ] DEBUG Engine               - isExperimentalTiledLargeMap: false
17:55:20.911 [FXGL Background Thread 3 ] DEBUG Engine               - isFileSystemWriteAllowed: true
17:55:20.911 [FXGL Background Thread 3 ] DEBUG Engine               - isFullScreenAllowed: false
17:55:20.911 [FXGL Background Thread 3 ] DEBUG Engine               - isFullScreenFromStart: false
17:55:20.911 [FXGL Background Thread 3 ] DEBUG Engine               - isGameMenuEnabled: true
17:55:20.911 [FXGL Background Thread 3 ] DEBUG Engine               - isIOS: false
17:55:20.911 [FXGL Background Thread 3 ] DEBUG Engine               - isIntroEnabled: false
17:55:20.911 [FXGL Background Thread 3 ] DEBUG Engine               - isLinux: false
17:55:20.911 [FXGL Background Thread 3 ] DEBUG Engine               - isMac: false
17:55:20.911 [FXGL Background Thread 3 ] DEBUG Engine               - isMainMenuEnabled: true
17:55:20.911 [FXGL Background Thread 3 ] DEBUG Engine               - isManualResizeEnabled: false
17:55:20.911 [FXGL Background Thread 3 ] DEBUG Engine               - isMobile: false
17:55:20.911 [FXGL Background Thread 3 ] DEBUG Engine               - isNative: false
17:55:20.911 [FXGL Background Thread 3 ] DEBUG Engine               - isPauseMusicWhenMinimized: true
17:55:20.912 [FXGL Background Thread 3 ] DEBUG Engine               - isPreserveResizeRatio: false
17:55:20.912 [FXGL Background Thread 3 ] DEBUG Engine               - isProfilingEnabled: false
17:55:20.912 [FXGL Background Thread 3 ] DEBUG Engine               - isScaleAffectedOnResize: true
17:55:20.912 [FXGL Background Thread 3 ] DEBUG Engine               - isSingleStep: false
17:55:20.912 [FXGL Background Thread 3 ] DEBUG Engine               - isUserProfileEnabled: false
17:55:20.912 [FXGL Background Thread 3 ] DEBUG Engine               - isWindows: true
17:55:20.912 [FXGL Background Thread 3 ] DEBUG Engine               - language: ObjectProperty [value: ENGLISH]
17:55:20.912 [FXGL Background Thread 3 ] DEBUG Engine               - menuKey: ESCAPE
17:55:20.912 [FXGL Background Thread 3 ] DEBUG Engine               - mouseSensitivity: 0.2
17:55:20.912 [FXGL Background Thread 3 ] DEBUG Engine               - notificationViewClass: class com.almasb.fxgl.notification.view.XboxNotificationView
17:55:20.912 [FXGL Background Thread 3 ] DEBUG Engine               - pixelsPerMeter: 50.0
17:55:20.912 [FXGL Background Thread 3 ] DEBUG Engine               - platform: WINDOWS
17:55:20.912 [FXGL Background Thread 3 ] DEBUG Engine               - prefHeightProperty: ReadOnlyDoubleProperty [value: 1007.0]
17:55:20.912 [FXGL Background Thread 3 ] DEBUG Engine               - prefWidthProperty: ReadOnlyDoubleProperty [value: 1316.0]
17:55:20.913 [FXGL Background Thread 3 ] DEBUG Engine               - profileDir: profiles/
17:55:20.913 [FXGL Background Thread 3 ] DEBUG Engine               - profileName: StringProperty [value: DEFAULT]
17:55:20.913 [FXGL Background Thread 3 ] DEBUG Engine               - randomSeed: -1
17:55:20.913 [FXGL Background Thread 3 ] DEBUG Engine               - runtimeInfo: RuntimeInfo(platform=WINDOWS, version=21.1, build=27.03.2024 07.52)
17:55:20.913 [FXGL Background Thread 3 ] DEBUG Engine               - saveFileExt: sav
17:55:20.913 [FXGL Background Thread 3 ] DEBUG Engine               - scaledHeightProp$fxgl: DoubleProperty [bound, value: 1007.0]
17:55:20.913 [FXGL Background Thread 3 ] DEBUG Engine               - scaledWidthProp$fxgl: DoubleProperty [bound, value: 1316.0]
17:55:20.913 [FXGL Background Thread 3 ] DEBUG Engine               - sceneFactory: edu.sustech.xiangqi.XiangQiApp$1@12b94787
17:55:20.913 [FXGL Background Thread 3 ] DEBUG Engine               - secondsIn24h: 60
17:55:20.913 [FXGL Background Thread 3 ] DEBUG Engine               - soundMenuBack: menu/back.wav
17:55:20.913 [FXGL Background Thread 3 ] DEBUG Engine               - soundMenuPress: menu/press.wav
17:55:20.913 [FXGL Background Thread 3 ] DEBUG Engine               - soundMenuSelect: menu/select.wav
17:55:20.913 [FXGL Background Thread 3 ] DEBUG Engine               - soundNotification: core/notification.wav
17:55:20.913 [FXGL Background Thread 3 ] DEBUG Engine               - stageStyle: DECORATED
17:55:20.913 [FXGL Background Thread 3 ] DEBUG Engine               - supportedLanguages: [ENGLISH, FRENCH, GERMAN, HUNGARIAN, RUSSIAN]
17:55:20.913 [FXGL Background Thread 3 ] DEBUG Engine               - ticksPerSecond: -1
17:55:20.913 [FXGL Background Thread 3 ] DEBUG Engine               - title: 中国象棋 1.0
17:55:20.913 [FXGL Background Thread 3 ] DEBUG Engine               - urlGithub: https://github.com/AlmasB/FXGL
17:55:20.913 [FXGL Background Thread 3 ] DEBUG Engine               - urlLeaderboard: http://fxgl-top.herokuapp.com/
17:55:20.914 [FXGL Background Thread 3 ] DEBUG Engine               - urlPOM: https://raw.githubusercontent.com/AlmasB/FXGL/release/README.md
17:55:20.914 [FXGL Background Thread 3 ] DEBUG Engine               - userAppClass: class edu.sustech.xiangqi.XiangQiApp
17:55:20.914 [FXGL Background Thread 3 ] DEBUG Engine               - version: 1.0
17:55:20.914 [FXGL Background Thread 3 ] DEBUG Engine               - versionCheckDays: 7
17:55:20.914 [FXGL Background Thread 3 ] DEBUG Engine               - width: 1316
17:55:20.914 [FXGL Background Thread 3 ] DEBUG Engine               - Logging services
17:55:20.914 [FXGL Background Thread 3 ] DEBUG Engine               - class com.almasb.fxgl.app.services.FXGLAssetLoaderService
17:55:20.914 [FXGL Background Thread 3 ] DEBUG Engine               - class com.almasb.fxgl.app.FXGLApplication$GameApplicationService
17:55:20.914 [FXGL Background Thread 3 ] DEBUG Engine               - class com.almasb.fxgl.app.services.FXGLDialogService
17:55:20.914 [FXGL Background Thread 3 ] DEBUG Engine               - class com.almasb.fxgl.app.services.IOTaskExecutorService
17:55:20.914 [FXGL Background Thread 3 ] DEBUG Engine               - class com.almasb.fxgl.io.FileSystemService
17:55:20.914 [FXGL Background Thread 3 ] DEBUG Engine               - class com.almasb.fxgl.localization.LocalizationService
17:55:20.914 [FXGL Background Thread 3 ] DEBUG Engine               - class com.almasb.fxgl.app.services.SystemBundleService
17:55:20.914 [FXGL Background Thread 3 ] DEBUG Engine               - class com.almasb.fxgl.profile.SaveLoadService
17:55:20.914 [FXGL Background Thread 3 ] DEBUG Engine               - class com.almasb.fxgl.ui.FXGLUIFactoryServiceProvider
17:55:20.914 [FXGL Background Thread 3 ] DEBUG Engine               - class com.almasb.fxgl.ui.FXGLDialogFactoryServiceProvider
17:55:20.914 [FXGL Background Thread 3 ] DEBUG Engine               - class com.almasb.fxgl.audio.AudioPlayer
17:55:20.914 [FXGL Background Thread 3 ] DEBUG Engine               - class com.almasb.fxgl.notification.impl.NotificationServiceProvider
17:55:20.914 [FXGL Background Thread 3 ] DEBUG Engine               - class com.almasb.fxgl.achievement.AchievementService
17:55:20.914 [FXGL Background Thread 3 ] DEBUG Engine               - class com.almasb.fxgl.cutscene.CutsceneService
17:55:20.914 [FXGL Background Thread 3 ] DEBUG Engine               - class com.almasb.fxgl.minigames.MiniGameService
17:55:20.914 [FXGL Background Thread 3 ] DEBUG Engine               - class com.almasb.fxgl.net.NetService
17:55:20.914 [FXGL Background Thread 3 ] DEBUG Engine               - class com.almasb.fxgl.app.services.UpdaterService
17:55:20.914 [FXGL Background Thread 3 ] DEBUG Engine               - class com.almasb.fxgl.dev.DevService
17:55:24.667 [JavaFX Application Thread] DEBUG AudioPlayer          - Playing music com.almasb.fxgl.audio.Music@2d27b38
17:55:24.795 [JavaFX Application Thread] DEBUG AudioPlayer          - Playing music com.almasb.fxgl.audio.Music@2d27b38
17:55:25.034 [JavaFX Application Thread] DEBUG AudioPlayer          - Playing music com.almasb.fxgl.audio.Music@2d27b38
17:55:25.371 [JavaFX Application Thread] DEBUG AudioPlayer          - Playing music com.almasb.fxgl.audio.Music@2d27b38
17:55:25.651 [JavaFX Application Thread] DEBUG AudioPlayer          - Playing music com.almasb.fxgl.audio.Music@2d27b38
17:55:26.585 [JavaFX Application Thread] DEBUG GameApplicationServi - Starting new game
17:55:26.585 [JavaFX Application Thread] DEBUG PrimaryStageWindow   - Pop state: MainMenuScene
17:55:26.585 [JavaFX Application Thread] DEBUG Input                - Clearing active input actions
17:55:26.585 [JavaFX Application Thread] DEBUG GameApplicationServi - Removing overlay from MainMenuScene and adding to FXGLMainMenuDummyScene
17:55:26.585 [JavaFX Application Thread] DEBUG PrimaryStageWindow   - FXGLMainMenuDummyScene <- MainMenuScene
17:55:26.585 [JavaFX Application Thread] DEBUG Input                - Clearing active input actions
17:55:26.589 [JavaFX Application Thread] DEBUG GameApplicationServi - Removing overlay from FXGLMainMenuDummyScene and adding to FXGLLoadingScene
17:55:26.590 [JavaFX Application Thread] DEBUG PrimaryStageWindow   - FXGLMainMenuDummyScene -> FXGLLoadingScene
17:55:26.590 [JavaFX Application Thread] DEBUG GameApplicationServi - Clearing previous game
17:55:26.590 [JavaFX Application Thread] DEBUG GameScene            - Clearing game scene
17:55:26.590 [JavaFX Application Thread] DEBUG GameWorld            - Clearing game world
17:55:26.590 [JavaFX Application Thread] DEBUG PhysicsWorld         - Clearing physics world
17:55:26.592 [FXGL Background Thread 2 ] DEBUG FXGLApplication      - Initializing game
17:55:26.605 [FXGL Background Thread 2 ] DEBUG FXGLAssetLoaderServi - Loading from file system: file:/E:/G2/java/final_project/team_project_1124/javaA-xiangqi-project-main/target/classes/assets/textures/%e8%83%8c%e6%99%af.jpg
17:55:26.694 [FXGL Background Thread 2 ] DEBUG FXGLAssetLoaderServi - Loading from file system: file:/E:/G2/java/final_project/team_project_1124/javaA-xiangqi-project-main/target/classes/assets/textures/ChessBoard.png
17:55:26.766 [FXGL Background Thread 2 ] DEBUG FXGLAssetLoaderServi - Loading from file system: file:/E:/G2/java/final_project/team_project_1124/javaA-xiangqi-project-main/target/classes/assets/textures/BlackChariot.png
17:55:26.787 [FXGL Background Thread 2 ] DEBUG FXGLAssetLoaderServi - Loading from file system: file:/E:/G2/java/final_project/team_project_1124/javaA-xiangqi-project-main/target/classes/assets/textures/BlackHorse.png
17:55:26.790 [FXGL Background Thread 2 ] DEBUG FXGLAssetLoaderServi - Loading from file system: file:/E:/G2/java/final_project/team_project_1124/javaA-xiangqi-project-main/target/classes/assets/textures/BlackElephant.png
17:55:26.792 [FXGL Background Thread 2 ] DEBUG FXGLAssetLoaderServi - Loading from file system: file:/E:/G2/java/final_project/team_project_1124/javaA-xiangqi-project-main/target/classes/assets/textures/BlackAdvisor.png
17:55:26.794 [FXGL Background Thread 2 ] DEBUG FXGLAssetLoaderServi - Loading from file system: file:/E:/G2/java/final_project/team_project_1124/javaA-xiangqi-project-main/target/classes/assets/textures/BlackGeneral.png
17:55:26.799 [FXGL Background Thread 2 ] DEBUG FXGLAssetLoaderServi - Loading from file system: file:/E:/G2/java/final_project/team_project_1124/javaA-xiangqi-project-main/target/classes/assets/textures/BlackCannon.png
17:55:26.803 [FXGL Background Thread 2 ] DEBUG FXGLAssetLoaderServi - Loading from file system: file:/E:/G2/java/final_project/team_project_1124/javaA-xiangqi-project-main/target/classes/assets/textures/BlackSoldier.png
17:55:26.806 [FXGL Background Thread 2 ] DEBUG FXGLAssetLoaderServi - Loading from file system: file:/E:/G2/java/final_project/team_project_1124/javaA-xiangqi-project-main/target/classes/assets/textures/RedSoldier.png
17:55:26.810 [FXGL Background Thread 2 ] DEBUG FXGLAssetLoaderServi - Loading from file system: file:/E:/G2/java/final_project/team_project_1124/javaA-xiangqi-project-main/target/classes/assets/textures/RedCannon.png
17:55:26.812 [FXGL Background Thread 2 ] DEBUG FXGLAssetLoaderServi - Loading from file system: file:/E:/G2/java/final_project/team_project_1124/javaA-xiangqi-project-main/target/classes/assets/textures/RedChariot.png
17:55:26.814 [FXGL Background Thread 2 ] DEBUG FXGLAssetLoaderServi - Loading from file system: file:/E:/G2/java/final_project/team_project_1124/javaA-xiangqi-project-main/target/classes/assets/textures/RedHorse.png
17:55:26.816 [FXGL Background Thread 2 ] DEBUG FXGLAssetLoaderServi - Loading from file system: file:/E:/G2/java/final_project/team_project_1124/javaA-xiangqi-project-main/target/classes/assets/textures/RedElephant.png
17:55:26.819 [FXGL Background Thread 2 ] DEBUG FXGLAssetLoaderServi - Loading from file system: file:/E:/G2/java/final_project/team_project_1124/javaA-xiangqi-project-main/target/classes/assets/textures/RedAdvisor.png
17:55:26.821 [FXGL Background Thread 2 ] DEBUG FXGLAssetLoaderServi - Loading from file system: file:/E:/G2/java/final_project/team_project_1124/javaA-xiangqi-project-main/target/classes/assets/textures/RedGeneral.png
17:55:26.829 [FXGL Background Thread 2 ] INFO  FXGLApplication      - Game initialization took: 0.236 sec
17:55:26.830 [JavaFX Application Thread] DEBUG Input                - Clearing active input actions
17:55:26.835 [JavaFX Application Thread] DEBUG GameApplicationServi - Removing overlay from FXGLLoadingScene and adding to GameScene
17:55:26.836 [JavaFX Application Thread] DEBUG PrimaryStageWindow   - FXGLLoadingScene -> GameScene
17:55:26.944 [JavaFX Application Thread] DEBUG PrimaryStageWindow   - Push state: DialogSubScene
17:55:26.944 [JavaFX Application Thread] DEBUG Input                - Clearing active input actions
17:55:26.946 [JavaFX Application Thread] DEBUG GameApplicationServi - Removing overlay from GameScene and adding to DialogSubScene
17:55:26.946 [JavaFX Application Thread] DEBUG PrimaryStageWindow   - GameScene -> DialogSubScene
17:55:31.840 [JavaFX Application Thread] DEBUG PrimaryStageWindow   - Pop state: DialogSubScene
17:55:31.840 [JavaFX Application Thread] DEBUG Input                - Clearing active input actions
17:55:31.840 [JavaFX Application Thread] DEBUG GameApplicationServi - Removing overlay from DialogSubScene and adding to GameScene
17:55:31.840 [JavaFX Application Thread] DEBUG PrimaryStageWindow   - GameScene <- DialogSubScene
17:55:34.636 [JavaFX Application Thread] DEBUG FXGLAssetLoaderServi - Loading from file system: file:/E:/G2/java/final_project/team_project_1124/javaA-xiangqi-project-main/target/classes/assets/textures/%e9%80%89%e4%b8%ad.png
17:55:37.708 [JavaFX Application Thread] DEBUG PrimaryStageWindow   - Push state: DialogSubScene
17:55:37.708 [JavaFX Application Thread] DEBUG Input                - Clearing active input actions
17:55:37.708 [JavaFX Application Thread] DEBUG GameApplicationServi - Removing overlay from GameScene and adding to DialogSubScene
17:55:37.708 [JavaFX Application Thread] DEBUG PrimaryStageWindow   - GameScene -> DialogSubScene
17:55:39.542 [JavaFX Application Thread] DEBUG PrimaryStageWindow   - Pop state: DialogSubScene
17:55:39.542 [JavaFX Application Thread] DEBUG Input                - Clearing active input actions
17:55:39.543 [JavaFX Application Thread] DEBUG GameApplicationServi - Removing overlay from DialogSubScene and adding to GameScene
17:55:39.543 [JavaFX Application Thread] DEBUG PrimaryStageWindow   - GameScene <- DialogSubScene
17:55:49.205 [JavaFX Application Thread] DEBUG PrimaryStageWindow   - Push state: DialogSubScene
17:55:49.205 [JavaFX Application Thread] DEBUG Input                - Clearing active input actions
17:55:49.206 [JavaFX Application Thread] DEBUG GameApplicationServi - Removing overlay from GameScene and adding to DialogSubScene
17:55:49.206 [JavaFX Application Thread] DEBUG PrimaryStageWindow   - GameScene -> DialogSubScene
17:55:51.545 [JavaFX Application Thread] DEBUG PrimaryStageWindow   - Pop state: DialogSubScene
17:55:51.545 [JavaFX Application Thread] DEBUG Input                - Clearing active input actions
17:55:51.545 [JavaFX Application Thread] DEBUG GameApplicationServi - Removing overlay from DialogSubScene and adding to GameScene
17:55:51.545 [JavaFX Application Thread] DEBUG PrimaryStageWindow   - GameScene <- DialogSubScene
17:55:55.850 [JavaFX Application Thread] DEBUG PrimaryStageWindow   - Push state: DialogSubScene
17:55:55.850 [JavaFX Application Thread] DEBUG Input                - Clearing active input actions
17:55:55.850 [JavaFX Application Thread] DEBUG GameApplicationServi - Removing overlay from GameScene and adding to DialogSubScene
17:55:55.851 [JavaFX Application Thread] DEBUG PrimaryStageWindow   - GameScene -> DialogSubScene
17:55:57.286 [JavaFX Application Thread] DEBUG PrimaryStageWindow   - Pop state: DialogSubScene
17:55:57.286 [JavaFX Application Thread] DEBUG Input                - Clearing active input actions
17:55:57.286 [JavaFX Application Thread] DEBUG GameApplicationServi - Removing overlay from DialogSubScene and adding to GameScene
17:55:57.286 [JavaFX Application Thread] DEBUG PrimaryStageWindow   - GameScene <- DialogSubScene
17:55:57.293 [JavaFX Application Thread] DEBUG PrimaryStageWindow   - Push state: DialogSubScene
17:55:57.293 [JavaFX Application Thread] DEBUG Input                - Clearing active input actions
17:55:57.294 [JavaFX Application Thread] DEBUG GameApplicationServi - Removing overlay from GameScene and adding to DialogSubScene
17:55:57.294 [JavaFX Application Thread] DEBUG PrimaryStageWindow   - GameScene -> DialogSubScene
17:55:58.574 [JavaFX Application Thread] DEBUG PrimaryStageWindow   - Pop state: DialogSubScene
17:55:58.574 [JavaFX Application Thread] DEBUG Input                - Clearing active input actions
17:55:58.574 [JavaFX Application Thread] DEBUG GameApplicationServi - Removing overlay from DialogSubScene and adding to GameScene
17:55:58.574 [JavaFX Application Thread] DEBUG PrimaryStageWindow   - GameScene <- DialogSubScene
17:56:09.036 [JavaFX Application Thread] DEBUG AudioPlayer          - Playing music com.almasb.fxgl.audio.Music@2d27b38
17:56:13.594 [JavaFX Application Thread] DEBUG PrimaryStageWindow   - Push state: DialogSubScene
17:56:13.594 [JavaFX Application Thread] DEBUG Input                - Clearing active input actions
17:56:13.594 [JavaFX Application Thread] DEBUG GameApplicationServi - Removing overlay from GameScene and adding to DialogSubScene
17:56:13.594 [JavaFX Application Thread] DEBUG PrimaryStageWindow   - GameScene -> DialogSubScene
17:56:15.318 [JavaFX Application Thread] DEBUG PrimaryStageWindow   - Pop state: DialogSubScene
17:56:15.318 [JavaFX Application Thread] DEBUG Input                - Clearing active input actions
17:56:15.318 [JavaFX Application Thread] DEBUG GameApplicationServi - Removing overlay from DialogSubScene and adding to GameScene
17:56:15.318 [JavaFX Application Thread] DEBUG PrimaryStageWindow   - GameScene <- DialogSubScene
17:58:42.992 [JavaFX Application Thread] DEBUG AudioPlayer          - Playing music com.almasb.fxgl.audio.Music@2d27b38
17:58:43.178 [JavaFX Application Thread] DEBUG AudioPlayer          - Playing music com.almasb.fxgl.audio.Music@2d27b38
17:58:43.715 [JavaFX Application Thread] DEBUG AudioPlayer          - Playing music com.almasb.fxgl.audio.Music@2d27b38
17:58:44.238 [JavaFX Application Thread] DEBUG FXGLApplication      - Exiting FXGL
17:58:44.238 [JavaFX Application Thread] DEBUG LoopRunner           - Stopping loop
17:58:44.238 [JavaFX Application Thread] DEBUG SystemBundleService  - Saving FXGL system data
17:58:44.240 [JavaFX Application Thread] DEBUG FileSystemAccess     - Writing to: E:\G2\java\final_project\team_project_1124\javaA-xiangqi-project-main\system\fxgl.bundle
17:58:44.241 [JavaFX Application Thread] DEBUG Async                - Shutting down background threads
17:58:44.242 [JavaFX Application Thread] DEBUG PrimaryStageWindow   - Closing main window
17:58:44.252 [JavaFX Application Thread] DEBUG Logger               - Closing Logger
