22:54:05.748 [main                     ] DEBUG Logger               - Configured Logger
22:54:05.761 [main                     ] DEBUG GameApplication      - Logging settings
Title: 中国象棋 1.0
Version: 1.0
Width: 1316
Height: 1007
Fullscreen: false
Intro: false
Profiling: false
Single step:false
App Mode: DEVELOPER
Menu Key: ESCAPE
Stage Style: DECORATED
Scene Factory: class edu.sustech.xiangqi.XiangQiApp$1

22:54:06.141 [JavaFX Application Thread] DEBUG FXGLApplication      - Initializing FXGL
22:54:06.143 [JavaFX Application Thread] INFO  Engine               - FXGL-21.1 (27.03.2024 07.52) on WINDOWS (J:23.0.1 FX:21.0.1)
22:54:06.143 [JavaFX Application Thread] DEBUG Engine               - JRE Vendor Name: Oracle Corporation
22:54:06.143 [JavaFX Application Thread] DEBUG Engine               - Running on OS: Windows 11 version 10.0
22:54:06.143 [JavaFX Application Thread] DEBUG Engine               - Architecture: amd64
22:54:06.143 [JavaFX Application Thread] INFO  Engine               - Source code and latest versions at: https://github.com/AlmasB/FXGL
22:54:06.143 [JavaFX Application Thread] INFO  Engine               -       Ask questions and discuss at: https://github.com/AlmasB/FXGL/discussions
22:54:06.143 [JavaFX Application Thread] INFO  Engine               -              Join the FXGL chat at: https://gitter.im/AlmasB/FXGL
22:54:06.200 [JavaFX Application Thread] DEBUG PrimaryStageWindow   - Creating a JavaFX scene
22:54:06.226 [JavaFX Application Thread] DEBUG PrimaryStageWindow   - Target settings size: 1316.0 x 1007.0
22:54:06.226 [JavaFX Application Thread] DEBUG PrimaryStageWindow   - Scaled scene size:    1316.0 x 1007.0
22:54:06.226 [JavaFX Application Thread] DEBUG PrimaryStageWindow   - Scaled ratio: (1.0, 1.0)
22:54:06.227 [JavaFX Application Thread] DEBUG PrimaryStageWindow   - Set initial scene to FXGLStartupScene
22:54:06.228 [JavaFX Application Thread] DEBUG PrimaryStageWindow   - Opening main window
22:54:06.310 [JavaFX Application Thread] DEBUG PrimaryStageWindow   - Window border size: (14.6666259765625, 37.6666259765625)
22:54:06.310 [JavaFX Application Thread] DEBUG PrimaryStageWindow   - Scaled size: 1316.0 x 1007.0
22:54:06.310 [JavaFX Application Thread] DEBUG PrimaryStageWindow   - Scaled ratio: (1.0, 1.0)
22:54:06.310 [JavaFX Application Thread] DEBUG PrimaryStageWindow   - Scene size: 1316.0 x 1007.0
22:54:06.311 [JavaFX Application Thread] DEBUG PrimaryStageWindow   - Stage size: 1330.6666259765625 x 1044.6666259765625
22:54:06.314 [FXGL Background Thread 1 ] DEBUG Engine               - Initializing environment variables
22:54:06.354 [FXGL Background Thread 1 ] DEBUG FXGLAssetLoaderServi - User app class for loading assets: class edu.sustech.xiangqi.XiangQiApp
22:54:06.354 [FXGL Background Thread 1 ] DEBUG GameApplicationServi - Applying CSS: fxgl_dark.css
22:54:06.355 [FXGL Background Thread 1 ] DEBUG FXGLAssetLoaderServi - Loading from file system: jar:file:/C:/Users/20140/.m2/repository/com/github/almasb/fxgl/21.1/fxgl-21.1.jar!/fxglassets/ui/css/fxgl_dark.css
22:54:06.383 [FXGL Background Thread 1 ] DEBUG GameApplicationServi - Initializing application scenes
22:54:06.439 [FXGL Background Thread 1 ] DEBUG GameWorld            - Game world initialized
22:54:06.490 [FXGL Background Thread 1 ] DEBUG PhysicsWorld         - Physics world initialized: appHeight=1007, physics.ppm=50.0
22:54:06.490 [FXGL Background Thread 1 ] DEBUG PhysicsWorld         - Using strategy: BRUTE_FORCE
22:54:06.493 [FXGL Background Thread 1 ] DEBUG GameScene            - Game scene initialized: 1316x1007
22:54:06.500 [FXGL Background Thread 1 ] DEBUG FXGLAssetLoaderServi - Loading from file system: file:/D:/Github/javaA-xiangqi-project-main-yxh-1125/target/classes/assets/ui/fonts/HYPixel11pxU-2.ttf
22:54:06.521 [FXGL Background Thread 1 ] DEBUG FXGLAssetLoaderServi - Loading from file system: file:/D:/Github/javaA-xiangqi-project-main-yxh-1125/target/classes/assets/textures/Button1.png
22:54:06.533 [FXGL Background Thread 1 ] DEBUG FXGLAssetLoaderServi - Loading from file system: file:/D:/Github/javaA-xiangqi-project-main-yxh-1125/target/classes/assets/textures/Press.png
22:54:06.564 [FXGL Background Thread 1 ] DEBUG GameApplicationServi - Application scenes initialized
22:54:06.573 [FXGL Background Thread 1 ] DEBUG SystemBundleService  - Loading FXGL system data
22:54:06.574 [FXGL Background Thread 1 ] DEBUG FileSystemAccess     - Reading from: D:\Github\javaA-xiangqi-project-main-yxh-1125\system\fxgl.bundle
22:54:06.575 [FXGL Background Thread 1 ] DEBUG SystemBundleService  - Bundle FXGL: {}
22:54:06.575 [FXGL Background Thread 1 ] DEBUG UpdaterService       - Checking for updates
22:54:06.581 [FXGL Background Thread 4 ] DEBUG FXGLApplication      - Loading fonts
22:54:06.582 [FXGL Background Thread 4 ] DEBUG FXGLAssetLoaderServi - Loading from file system: jar:file:/C:/Users/20140/.m2/repository/com/github/almasb/fxgl/21.1/fxgl-21.1.jar!/fxglassets/ui/fonts/VarelaRound-Regular.ttf
22:54:06.582 [FXGL Background Thread 1 ] DEBUG FXGLApplication      - Loading default localization
22:54:06.583 [FXGL Background Thread 1 ] DEBUG FXGLAssetLoaderServi - Loading from file system: jar:file:/C:/Users/20140/.m2/repository/com/github/almasb/fxgl/21.1/fxgl-21.1.jar!/fxglassets/languages/english.lang
22:54:06.593 [FXGL Background Thread 4 ] DEBUG FXGLAssetLoaderServi - Loading from file system: jar:file:/C:/Users/20140/.m2/repository/com/github/almasb/fxgl/21.1/fxgl-21.1.jar!/fxglassets/ui/fonts/Abel-Regular.ttf
22:54:06.601 [FXGL Background Thread 4 ] DEBUG FXGLAssetLoaderServi - Loading from file system: jar:file:/C:/Users/20140/.m2/repository/com/github/almasb/fxgl/21.1/fxgl-21.1.jar!/fxglassets/ui/fonts/TerminalLandMono-Regular.otf
22:54:06.608 [FXGL Background Thread 4 ] DEBUG FXGLAssetLoaderServi - Loading from file system: jar:file:/C:/Users/20140/.m2/repository/com/github/almasb/fxgl/21.1/fxgl-21.1.jar!/fxglassets/ui/fonts/Courier-Prime.ttf
22:54:06.618 [JavaFX Application Thread] DEBUG FXGLApplication      - Registering font factories with UI factory
22:54:06.626 [FXGL Background Thread 1 ] INFO  FXGLApplication      - FXGL initialization took: 0.313 sec
22:54:06.633 [JavaFX Application Thread] DEBUG Input                - Registered new binding: Click - LMB
22:54:06.634 [JavaFX Application Thread] DEBUG FXGLAssetLoaderServi - Loading from file system: jar:file:/C:/Users/20140/.m2/repository/com/github/almasb/fxgl/21.1/fxgl-21.1.jar!/fxglassets/textures/fxgl_icon.png
22:54:06.649 [JavaFX Application Thread] DEBUG FXGLAssetLoaderServi - Loading from file system: jar:file:/C:/Users/20140/.m2/repository/com/github/almasb/fxgl/21.1/fxgl-21.1.jar!/fxglassets/textures/fxgl_default_cursor.png
22:54:06.659 [JavaFX Application Thread] DEBUG Input                - Registered new binding: Screenshot - CTRL+8
22:54:06.660 [JavaFX Application Thread] DEBUG Input                - Registered new binding: System info dump - CTRL+9
22:54:06.661 [JavaFX Application Thread] DEBUG Input                - Registered new binding: Restart - CTRL+R
22:54:06.662 [JavaFX Application Thread] DEBUG Input                - Registered new binding: Toggle Debug Camera - CTRL+7
22:54:06.668 [JavaFX Application Thread] DEBUG LoopRunner           - Starting loop
22:54:06.668 [JavaFX Application Thread] DEBUG LoopRunner           - Initializing JavaFX AnimationTimerLoop
22:54:06.674 [JavaFX Application Thread] DEBUG Input                - Clearing active input actions
22:54:06.680 [JavaFX Application Thread] DEBUG GameApplicationServi - Removing overlay from FXGLStartupScene and adding to FXGLMainMenuDummyScene
22:54:06.680 [JavaFX Application Thread] DEBUG PrimaryStageWindow   - FXGLStartupScene -> FXGLMainMenuDummyScene
22:54:06.680 [JavaFX Application Thread] DEBUG PrimaryStageWindow   - Push state: MainMenuScene
22:54:06.680 [JavaFX Application Thread] DEBUG Input                - Clearing active input actions
22:54:06.686 [JavaFX Application Thread] DEBUG GameApplicationServi - Removing overlay from FXGLMainMenuDummyScene and adding to MainMenuScene
22:54:06.686 [JavaFX Application Thread] DEBUG PrimaryStageWindow   - FXGLMainMenuDummyScene -> MainMenuScene
22:54:06.688 [JavaFX Application Thread] DEBUG FXGLAssetLoaderServi - Loading from file system: file:/D:/Github/javaA-xiangqi-project-main-yxh-1125/target/classes/assets/music/%e6%8c%89%e9%92%ae%e9%9f%b3%e6%95%881.mp3
22:54:06.773 [JavaFX Application Thread] DEBUG AudioPlayer          - Playing music com.almasb.fxgl.audio.Music@50e967e1
22:54:06.961 [JavaFX Application Thread] DEBUG AudioPlayer          - Playing music com.almasb.fxgl.audio.Music@50e967e1
22:54:07.374 [JavaFX Application Thread] DEBUG Menu                 - fireNewGame()
22:54:07.375 [JavaFX Application Thread] DEBUG GameApplicationServi - Starting new game
22:54:07.375 [JavaFX Application Thread] DEBUG PrimaryStageWindow   - Pop state: MainMenuScene
22:54:07.375 [JavaFX Application Thread] DEBUG Input                - Clearing active input actions
22:54:07.375 [JavaFX Application Thread] DEBUG GameApplicationServi - Removing overlay from MainMenuScene and adding to FXGLMainMenuDummyScene
22:54:07.375 [JavaFX Application Thread] DEBUG PrimaryStageWindow   - FXGLMainMenuDummyScene <- MainMenuScene
22:54:07.375 [JavaFX Application Thread] DEBUG Input                - Clearing active input actions
22:54:07.381 [JavaFX Application Thread] DEBUG GameApplicationServi - Removing overlay from FXGLMainMenuDummyScene and adding to FXGLLoadingScene
22:54:07.381 [JavaFX Application Thread] DEBUG PrimaryStageWindow   - FXGLMainMenuDummyScene -> FXGLLoadingScene
22:54:07.381 [JavaFX Application Thread] DEBUG GameApplicationServi - Clearing previous game
22:54:07.381 [JavaFX Application Thread] DEBUG GameScene            - Clearing game scene
22:54:07.381 [JavaFX Application Thread] DEBUG GameWorld            - Clearing game world
22:54:07.381 [JavaFX Application Thread] DEBUG PhysicsWorld         - Clearing physics world
22:54:07.383 [FXGL Background Thread 1 ] DEBUG FXGLApplication      - Initializing game
22:54:07.393 [FXGL Background Thread 1 ] DEBUG FXGLAssetLoaderServi - Loading from file system: file:/D:/Github/javaA-xiangqi-project-main-yxh-1125/target/classes/assets/textures/%e8%83%8c%e6%99%af.jpg
22:54:07.454 [FXGL Background Thread 1 ] DEBUG FXGLAssetLoaderServi - Loading from file system: file:/D:/Github/javaA-xiangqi-project-main-yxh-1125/target/classes/assets/textures/ChessBoard.png
22:54:07.472 [FXGL Background Thread 1 ] DEBUG FXGLAssetLoaderServi - Loading from file system: file:/D:/Github/javaA-xiangqi-project-main-yxh-1125/target/classes/assets/textures/BlackChariot.png
22:54:07.486 [FXGL Background Thread 1 ] DEBUG FXGLAssetLoaderServi - Loading from file system: file:/D:/Github/javaA-xiangqi-project-main-yxh-1125/target/classes/assets/textures/BlackHorse.png
22:54:07.488 [FXGL Background Thread 1 ] DEBUG FXGLAssetLoaderServi - Loading from file system: file:/D:/Github/javaA-xiangqi-project-main-yxh-1125/target/classes/assets/textures/BlackElephant.png
22:54:07.490 [FXGL Background Thread 1 ] DEBUG FXGLAssetLoaderServi - Loading from file system: file:/D:/Github/javaA-xiangqi-project-main-yxh-1125/target/classes/assets/textures/BlackAdvisor.png
22:54:07.491 [FXGL Background Thread 1 ] DEBUG FXGLAssetLoaderServi - Loading from file system: file:/D:/Github/javaA-xiangqi-project-main-yxh-1125/target/classes/assets/textures/BlackGeneral.png
22:54:07.494 [FXGL Background Thread 1 ] DEBUG FXGLAssetLoaderServi - Loading from file system: file:/D:/Github/javaA-xiangqi-project-main-yxh-1125/target/classes/assets/textures/BlackCannon.png
22:54:07.497 [FXGL Background Thread 1 ] DEBUG FXGLAssetLoaderServi - Loading from file system: file:/D:/Github/javaA-xiangqi-project-main-yxh-1125/target/classes/assets/textures/BlackSoldier.png
22:54:07.498 [FXGL Background Thread 1 ] DEBUG FXGLAssetLoaderServi - Loading from file system: file:/D:/Github/javaA-xiangqi-project-main-yxh-1125/target/classes/assets/textures/RedSoldier.png
22:54:07.501 [FXGL Background Thread 1 ] DEBUG FXGLAssetLoaderServi - Loading from file system: file:/D:/Github/javaA-xiangqi-project-main-yxh-1125/target/classes/assets/textures/RedCannon.png
22:54:07.503 [FXGL Background Thread 1 ] DEBUG FXGLAssetLoaderServi - Loading from file system: file:/D:/Github/javaA-xiangqi-project-main-yxh-1125/target/classes/assets/textures/RedChariot.png
22:54:07.504 [FXGL Background Thread 1 ] DEBUG FXGLAssetLoaderServi - Loading from file system: file:/D:/Github/javaA-xiangqi-project-main-yxh-1125/target/classes/assets/textures/RedHorse.png
22:54:07.505 [FXGL Background Thread 1 ] DEBUG FXGLAssetLoaderServi - Loading from file system: file:/D:/Github/javaA-xiangqi-project-main-yxh-1125/target/classes/assets/textures/RedElephant.png
22:54:07.507 [FXGL Background Thread 1 ] DEBUG FXGLAssetLoaderServi - Loading from file system: file:/D:/Github/javaA-xiangqi-project-main-yxh-1125/target/classes/assets/textures/RedAdvisor.png
22:54:07.508 [FXGL Background Thread 1 ] DEBUG FXGLAssetLoaderServi - Loading from file system: file:/D:/Github/javaA-xiangqi-project-main-yxh-1125/target/classes/assets/textures/RedGeneral.png
22:54:07.514 [FXGL Background Thread 1 ] INFO  FXGLApplication      - Game initialization took: 0.131 sec
22:54:07.515 [JavaFX Application Thread] DEBUG Input                - Clearing active input actions
22:54:07.518 [JavaFX Application Thread] DEBUG GameApplicationServi - Removing overlay from FXGLLoadingScene and adding to GameScene
22:54:07.518 [JavaFX Application Thread] DEBUG PrimaryStageWindow   - FXGLLoadingScene -> GameScene
22:54:08.208 [JavaFX Application Thread] DEBUG FXGLAssetLoaderServi - Loading from file system: file:/D:/Github/javaA-xiangqi-project-main-yxh-1125/target/classes/assets/textures/%e9%80%89%e4%b8%ad.png
22:54:08.918 [JavaFX Application Thread] DEBUG AudioPlayer          - Playing music com.almasb.fxgl.audio.Music@50e967e1
22:54:09.578 [FXGL Background Thread 3 ] DEBUG Engine               - Logging environment variables
22:54:09.578 [FXGL Background Thread 3 ] DEBUG Engine               - achievements: []
22:54:09.579 [FXGL Background Thread 3 ] DEBUG Engine               - actualHeight: 1007.0
22:54:09.579 [FXGL Background Thread 3 ] DEBUG Engine               - actualHeightProperty: ReadOnlyDoubleProperty [value: 1007.0]
22:54:09.579 [FXGL Background Thread 3 ] DEBUG Engine               - actualWidth: 1316.0
22:54:09.579 [FXGL Background Thread 3 ] DEBUG Engine               - actualWidthProperty: ReadOnlyDoubleProperty [value: 1316.0]
22:54:09.579 [FXGL Background Thread 3 ] DEBUG Engine               - appIcon: fxgl_icon.png
22:54:09.579 [FXGL Background Thread 3 ] DEBUG Engine               - applicationMode: DEVELOPER
22:54:09.579 [FXGL Background Thread 3 ] DEBUG Engine               - cSSList: [fxgl_dark.css]
22:54:09.579 [FXGL Background Thread 3 ] DEBUG Engine               - collisionDetectionStrategy: BRUTE_FORCE
22:54:09.579 [FXGL Background Thread 3 ] DEBUG Engine               - configClass: Optional.empty
22:54:09.579 [FXGL Background Thread 3 ] DEBUG Engine               - credits: []
22:54:09.581 [FXGL Background Thread 3 ] DEBUG Engine               - defaultCursor: CursorInfo(imageName=fxgl_default_cursor.png, hotspotX=7.0, hotspotY=6.0)
22:54:09.581 [FXGL Background Thread 3 ] DEBUG Engine               - devBBoxColorProperty: ObjectProperty [value: 0xff0000ff]
22:54:09.581 [FXGL Background Thread 3 ] DEBUG Engine               - devEnableDebugCameraProperty: BooleanProperty [value: false]
22:54:09.581 [FXGL Background Thread 3 ] DEBUG Engine               - devSensorColorProperty: ObjectProperty [value: 0xffff00ff]
22:54:09.581 [FXGL Background Thread 3 ] DEBUG Engine               - devShowBBoxProperty: BooleanProperty [value: false]
22:54:09.581 [FXGL Background Thread 3 ] DEBUG Engine               - devShowPositionProperty: BooleanProperty [value: false]
22:54:09.581 [FXGL Background Thread 3 ] DEBUG Engine               - enabledMenuItems: []
22:54:09.581 [FXGL Background Thread 3 ] DEBUG Engine               - engineServices: [class com.almasb.fxgl.app.services.FXGLAssetLoaderService, class com.almasb.fxgl.app.FXGLApplication$GameApplicationService, class com.almasb.fxgl.app.services.FXGLDialogService, class com.almasb.fxgl.app.services.IOTaskExecutorService, class com.almasb.fxgl.io.FileSystemService, class com.almasb.fxgl.localization.LocalizationService, class com.almasb.fxgl.app.services.SystemBundleService, class com.almasb.fxgl.profile.SaveLoadService, class com.almasb.fxgl.ui.FXGLUIFactoryServiceProvider, class com.almasb.fxgl.ui.FXGLDialogFactoryServiceProvider, class com.almasb.fxgl.audio.AudioPlayer, class com.almasb.fxgl.notification.impl.NotificationServiceProvider, class com.almasb.fxgl.achievement.AchievementService, class com.almasb.fxgl.cutscene.CutsceneService, class com.almasb.fxgl.minigames.MiniGameService, class com.almasb.fxgl.net.NetService, class com.almasb.fxgl.app.services.UpdaterService, class com.almasb.fxgl.dev.DevService]
22:54:09.581 [FXGL Background Thread 3 ] DEBUG Engine               - fontGame: Abel-Regular.ttf
22:54:09.581 [FXGL Background Thread 3 ] DEBUG Engine               - fontMono: TerminalLandMono-Regular.otf
22:54:09.581 [FXGL Background Thread 3 ] DEBUG Engine               - fontSizeScaleUI: 1.0
22:54:09.581 [FXGL Background Thread 3 ] DEBUG Engine               - fontText: Courier-Prime.ttf
22:54:09.582 [FXGL Background Thread 3 ] DEBUG Engine               - fontUI: VarelaRound-Regular.ttf
22:54:09.582 [FXGL Background Thread 3 ] DEBUG Engine               - fullScreen: BooleanProperty [value: false]
22:54:09.582 [FXGL Background Thread 3 ] DEBUG Engine               - gameDifficulty: MEDIUM
22:54:09.582 [FXGL Background Thread 3 ] DEBUG Engine               - gameDifficultyProperty: ObjectProperty [value: MEDIUM]
22:54:09.582 [FXGL Background Thread 3 ] DEBUG Engine               - globalMusicVolume: 0.5
22:54:09.582 [FXGL Background Thread 3 ] DEBUG Engine               - globalMusicVolumeProperty: DoubleProperty [value: 0.5]
22:54:09.582 [FXGL Background Thread 3 ] DEBUG Engine               - globalSoundVolume: 0.5
22:54:09.582 [FXGL Background Thread 3 ] DEBUG Engine               - globalSoundVolumeProperty: DoubleProperty [value: 0.5]
22:54:09.582 [FXGL Background Thread 3 ] DEBUG Engine               - height: 1007
22:54:09.582 [FXGL Background Thread 3 ] DEBUG Engine               - is3D: false
22:54:09.582 [FXGL Background Thread 3 ] DEBUG Engine               - isAndroid: false
22:54:09.582 [FXGL Background Thread 3 ] DEBUG Engine               - isBrowser: false
22:54:09.582 [FXGL Background Thread 3 ] DEBUG Engine               - isClickFeedbackEnabled: false
22:54:09.582 [FXGL Background Thread 3 ] DEBUG Engine               - isCloseConfirmation: false
22:54:09.582 [FXGL Background Thread 3 ] DEBUG Engine               - isDesktop: true
22:54:09.582 [FXGL Background Thread 3 ] DEBUG Engine               - isDeveloperMenuEnabled: false
22:54:09.582 [FXGL Background Thread 3 ] DEBUG Engine               - isEmbedded: false
22:54:09.582 [FXGL Background Thread 3 ] DEBUG Engine               - isEntityPreloadEnabled: true
22:54:09.582 [FXGL Background Thread 3 ] DEBUG Engine               - isExperimentalTiledLargeMap: false
22:54:09.582 [FXGL Background Thread 3 ] DEBUG Engine               - isFileSystemWriteAllowed: true
22:54:09.582 [FXGL Background Thread 3 ] DEBUG Engine               - isFullScreenAllowed: false
22:54:09.582 [FXGL Background Thread 3 ] DEBUG Engine               - isFullScreenFromStart: false
22:54:09.582 [FXGL Background Thread 3 ] DEBUG Engine               - isGameMenuEnabled: true
22:54:09.582 [FXGL Background Thread 3 ] DEBUG Engine               - isIOS: false
22:54:09.582 [FXGL Background Thread 3 ] DEBUG Engine               - isIntroEnabled: false
22:54:09.582 [FXGL Background Thread 3 ] DEBUG Engine               - isLinux: false
22:54:09.582 [FXGL Background Thread 3 ] DEBUG Engine               - isMac: false
22:54:09.582 [FXGL Background Thread 3 ] DEBUG Engine               - isMainMenuEnabled: true
22:54:09.582 [FXGL Background Thread 3 ] DEBUG Engine               - isManualResizeEnabled: false
22:54:09.582 [FXGL Background Thread 3 ] DEBUG Engine               - isMobile: false
22:54:09.582 [FXGL Background Thread 3 ] DEBUG Engine               - isNative: false
22:54:09.582 [FXGL Background Thread 3 ] DEBUG Engine               - isPauseMusicWhenMinimized: true
22:54:09.582 [FXGL Background Thread 3 ] DEBUG Engine               - isPreserveResizeRatio: false
22:54:09.582 [FXGL Background Thread 3 ] DEBUG Engine               - isProfilingEnabled: false
22:54:09.582 [FXGL Background Thread 3 ] DEBUG Engine               - isScaleAffectedOnResize: true
22:54:09.582 [FXGL Background Thread 3 ] DEBUG Engine               - isSingleStep: false
22:54:09.582 [FXGL Background Thread 3 ] DEBUG Engine               - isUserProfileEnabled: false
22:54:09.582 [FXGL Background Thread 3 ] DEBUG Engine               - isWindows: true
22:54:09.582 [FXGL Background Thread 3 ] DEBUG Engine               - language: ObjectProperty [value: ENGLISH]
22:54:09.582 [FXGL Background Thread 3 ] DEBUG Engine               - menuKey: ESCAPE
22:54:09.582 [FXGL Background Thread 3 ] DEBUG Engine               - mouseSensitivity: 0.2
22:54:09.582 [FXGL Background Thread 3 ] DEBUG Engine               - notificationViewClass: class com.almasb.fxgl.notification.view.XboxNotificationView
22:54:09.582 [FXGL Background Thread 3 ] DEBUG Engine               - pixelsPerMeter: 50.0
22:54:09.582 [FXGL Background Thread 3 ] DEBUG Engine               - platform: WINDOWS
22:54:09.582 [FXGL Background Thread 3 ] DEBUG Engine               - prefHeightProperty: ReadOnlyDoubleProperty [value: 1007.0]
22:54:09.582 [FXGL Background Thread 3 ] DEBUG Engine               - prefWidthProperty: ReadOnlyDoubleProperty [value: 1316.0]
22:54:09.582 [FXGL Background Thread 3 ] DEBUG Engine               - profileDir: profiles/
22:54:09.582 [FXGL Background Thread 3 ] DEBUG Engine               - profileName: StringProperty [value: DEFAULT]
22:54:09.582 [FXGL Background Thread 3 ] DEBUG Engine               - randomSeed: -1
22:54:09.582 [FXGL Background Thread 3 ] DEBUG Engine               - runtimeInfo: RuntimeInfo(platform=WINDOWS, version=21.1, build=27.03.2024 07.52)
22:54:09.582 [FXGL Background Thread 3 ] DEBUG Engine               - saveFileExt: sav
22:54:09.582 [FXGL Background Thread 3 ] DEBUG Engine               - scaledHeightProp$fxgl: DoubleProperty [bound, value: 1007.0]
22:54:09.582 [FXGL Background Thread 3 ] DEBUG Engine               - scaledWidthProp$fxgl: DoubleProperty [bound, value: 1316.0]
22:54:09.582 [FXGL Background Thread 3 ] DEBUG Engine               - sceneFactory: edu.sustech.xiangqi.XiangQiApp$1@6622e6b8
22:54:09.582 [FXGL Background Thread 3 ] DEBUG Engine               - secondsIn24h: 60
22:54:09.582 [FXGL Background Thread 3 ] DEBUG Engine               - soundMenuBack: menu/back.wav
22:54:09.582 [FXGL Background Thread 3 ] DEBUG Engine               - soundMenuPress: menu/press.wav
22:54:09.582 [FXGL Background Thread 3 ] DEBUG Engine               - soundMenuSelect: menu/select.wav
22:54:09.582 [FXGL Background Thread 3 ] DEBUG Engine               - soundNotification: core/notification.wav
22:54:09.582 [FXGL Background Thread 3 ] DEBUG Engine               - stageStyle: DECORATED
22:54:09.582 [FXGL Background Thread 3 ] DEBUG Engine               - supportedLanguages: [ENGLISH, FRENCH, GERMAN, HUNGARIAN, RUSSIAN]
22:54:09.582 [FXGL Background Thread 3 ] DEBUG Engine               - ticksPerSecond: -1
22:54:09.582 [FXGL Background Thread 3 ] DEBUG Engine               - title: 中国象棋 1.0
22:54:09.582 [FXGL Background Thread 3 ] DEBUG Engine               - urlGithub: https://github.com/AlmasB/FXGL
22:54:09.582 [FXGL Background Thread 3 ] DEBUG Engine               - urlLeaderboard: http://fxgl-top.herokuapp.com/
22:54:09.582 [FXGL Background Thread 3 ] DEBUG Engine               - urlPOM: https://raw.githubusercontent.com/AlmasB/FXGL/release/README.md
22:54:09.582 [FXGL Background Thread 3 ] DEBUG Engine               - userAppClass: class edu.sustech.xiangqi.XiangQiApp
22:54:09.582 [FXGL Background Thread 3 ] DEBUG Engine               - version: 1.0
22:54:09.582 [FXGL Background Thread 3 ] DEBUG Engine               - versionCheckDays: 7
22:54:09.583 [FXGL Background Thread 3 ] DEBUG Engine               - width: 1316
22:54:09.583 [FXGL Background Thread 3 ] DEBUG Engine               - Logging services
22:54:09.583 [FXGL Background Thread 3 ] DEBUG Engine               - class com.almasb.fxgl.app.services.FXGLAssetLoaderService
22:54:09.583 [FXGL Background Thread 3 ] DEBUG Engine               - class com.almasb.fxgl.app.FXGLApplication$GameApplicationService
22:54:09.583 [FXGL Background Thread 3 ] DEBUG Engine               - class com.almasb.fxgl.app.services.FXGLDialogService
22:54:09.583 [FXGL Background Thread 3 ] DEBUG Engine               - class com.almasb.fxgl.app.services.IOTaskExecutorService
22:54:09.583 [FXGL Background Thread 3 ] DEBUG Engine               - class com.almasb.fxgl.io.FileSystemService
22:54:09.583 [FXGL Background Thread 3 ] DEBUG Engine               - class com.almasb.fxgl.localization.LocalizationService
22:54:09.583 [FXGL Background Thread 3 ] DEBUG Engine               - class com.almasb.fxgl.app.services.SystemBundleService
22:54:09.583 [FXGL Background Thread 3 ] DEBUG Engine               - class com.almasb.fxgl.profile.SaveLoadService
22:54:09.583 [FXGL Background Thread 3 ] DEBUG Engine               - class com.almasb.fxgl.ui.FXGLUIFactoryServiceProvider
22:54:09.583 [FXGL Background Thread 3 ] DEBUG Engine               - class com.almasb.fxgl.ui.FXGLDialogFactoryServiceProvider
22:54:09.583 [FXGL Background Thread 3 ] DEBUG Engine               - class com.almasb.fxgl.audio.AudioPlayer
22:54:09.583 [FXGL Background Thread 3 ] DEBUG Engine               - class com.almasb.fxgl.notification.impl.NotificationServiceProvider
22:54:09.583 [FXGL Background Thread 3 ] DEBUG Engine               - class com.almasb.fxgl.achievement.AchievementService
22:54:09.583 [FXGL Background Thread 3 ] DEBUG Engine               - class com.almasb.fxgl.cutscene.CutsceneService
22:54:09.583 [FXGL Background Thread 3 ] DEBUG Engine               - class com.almasb.fxgl.minigames.MiniGameService
22:54:09.583 [FXGL Background Thread 3 ] DEBUG Engine               - class com.almasb.fxgl.net.NetService
22:54:09.583 [FXGL Background Thread 3 ] DEBUG Engine               - class com.almasb.fxgl.app.services.UpdaterService
22:54:09.583 [FXGL Background Thread 3 ] DEBUG Engine               - class com.almasb.fxgl.dev.DevService
22:54:09.931 [JavaFX Application Thread] DEBUG AudioPlayer          - Playing music com.almasb.fxgl.audio.Music@50e967e1
22:54:10.869 [JavaFX Application Thread] DEBUG AudioPlayer          - Playing music com.almasb.fxgl.audio.Music@50e967e1
22:54:11.213 [JavaFX Application Thread] DEBUG AudioPlayer          - Playing music com.almasb.fxgl.audio.Music@50e967e1
22:54:11.446 [JavaFX Application Thread] DEBUG AudioPlayer          - Playing music com.almasb.fxgl.audio.Music@50e967e1
22:54:11.731 [JavaFX Application Thread] DEBUG AudioPlayer          - Playing music com.almasb.fxgl.audio.Music@50e967e1
22:54:11.791 [JavaFX Application Thread] DEBUG AudioPlayer          - Playing music com.almasb.fxgl.audio.Music@50e967e1
22:54:11.828 [JavaFX Application Thread] DEBUG AudioPlayer          - Playing music com.almasb.fxgl.audio.Music@50e967e1
22:54:11.957 [JavaFX Application Thread] DEBUG AudioPlayer          - Playing music com.almasb.fxgl.audio.Music@50e967e1
22:54:11.987 [JavaFX Application Thread] DEBUG AudioPlayer          - Playing music com.almasb.fxgl.audio.Music@50e967e1
22:54:12.023 [JavaFX Application Thread] DEBUG AudioPlayer          - Playing music com.almasb.fxgl.audio.Music@50e967e1
22:54:12.369 [JavaFX Application Thread] DEBUG AudioPlayer          - Playing music com.almasb.fxgl.audio.Music@50e967e1
22:54:12.595 [JavaFX Application Thread] DEBUG PrimaryStageWindow   - Push state: InGameMenuScene
22:54:12.595 [JavaFX Application Thread] DEBUG Input                - Clearing active input actions
22:54:12.601 [JavaFX Application Thread] DEBUG GameApplicationServi - Removing overlay from GameScene and adding to InGameMenuScene
22:54:12.601 [JavaFX Application Thread] DEBUG PrimaryStageWindow   - GameScene -> InGameMenuScene
22:54:13.405 [JavaFX Application Thread] DEBUG Menu                 - fireExitToMainMenu()
22:54:13.408 [JavaFX Application Thread] DEBUG PrimaryStageWindow   - Push state: DialogSubScene
22:54:13.408 [JavaFX Application Thread] DEBUG Input                - Clearing active input actions
22:54:13.408 [JavaFX Application Thread] DEBUG GameApplicationServi - Removing overlay from InGameMenuScene and adding to DialogSubScene
22:54:13.408 [JavaFX Application Thread] DEBUG PrimaryStageWindow   - InGameMenuScene -> DialogSubScene
22:54:14.268 [JavaFX Application Thread] DEBUG PrimaryStageWindow   - Pop state: DialogSubScene
22:54:14.268 [JavaFX Application Thread] DEBUG Input                - Clearing active input actions
22:54:14.268 [JavaFX Application Thread] DEBUG GameApplicationServi - Removing overlay from DialogSubScene and adding to InGameMenuScene
22:54:14.269 [JavaFX Application Thread] DEBUG PrimaryStageWindow   - InGameMenuScene <- DialogSubScene
22:54:14.269 [JavaFX Application Thread] DEBUG PrimaryStageWindow   - Pop state: InGameMenuScene
22:54:14.269 [JavaFX Application Thread] DEBUG Input                - Clearing active input actions
22:54:14.269 [JavaFX Application Thread] DEBUG GameApplicationServi - Removing overlay from InGameMenuScene and adding to GameScene
22:54:14.269 [JavaFX Application Thread] DEBUG PrimaryStageWindow   - GameScene <- InGameMenuScene
22:54:14.269 [JavaFX Application Thread] DEBUG Input                - Clearing active input actions
22:54:14.274 [JavaFX Application Thread] DEBUG GameApplicationServi - Removing overlay from GameScene and adding to FXGLMainMenuDummyScene
22:54:14.274 [JavaFX Application Thread] DEBUG PrimaryStageWindow   - GameScene -> FXGLMainMenuDummyScene
22:54:14.274 [JavaFX Application Thread] DEBUG PrimaryStageWindow   - Push state: MainMenuScene
22:54:14.274 [JavaFX Application Thread] DEBUG Input                - Clearing active input actions
22:54:14.274 [JavaFX Application Thread] DEBUG GameApplicationServi - Removing overlay from FXGLMainMenuDummyScene and adding to MainMenuScene
22:54:14.274 [JavaFX Application Thread] DEBUG PrimaryStageWindow   - FXGLMainMenuDummyScene -> MainMenuScene
22:54:14.275 [JavaFX Application Thread] DEBUG AudioPlayer          - Playing music com.almasb.fxgl.audio.Music@50e967e1
22:54:15.303 [JavaFX Application Thread] DEBUG Menu                 - fireNewGame()
22:54:15.303 [JavaFX Application Thread] DEBUG GameApplicationServi - Starting new game
22:54:15.303 [JavaFX Application Thread] DEBUG PrimaryStageWindow   - Pop state: MainMenuScene
22:54:15.303 [JavaFX Application Thread] DEBUG Input                - Clearing active input actions
22:54:15.303 [JavaFX Application Thread] DEBUG GameApplicationServi - Removing overlay from MainMenuScene and adding to FXGLMainMenuDummyScene
22:54:15.303 [JavaFX Application Thread] DEBUG PrimaryStageWindow   - FXGLMainMenuDummyScene <- MainMenuScene
22:54:15.303 [JavaFX Application Thread] DEBUG Input                - Clearing active input actions
22:54:15.306 [JavaFX Application Thread] DEBUG GameApplicationServi - Removing overlay from FXGLMainMenuDummyScene and adding to FXGLLoadingScene
22:54:15.306 [JavaFX Application Thread] DEBUG PrimaryStageWindow   - FXGLMainMenuDummyScene -> FXGLLoadingScene
22:54:15.306 [JavaFX Application Thread] DEBUG GameApplicationServi - Clearing previous game
22:54:15.306 [JavaFX Application Thread] DEBUG GameScene            - Clearing game scene
22:54:15.306 [JavaFX Application Thread] DEBUG GameWorld            - Clearing game world
22:54:15.307 [JavaFX Application Thread] DEBUG PhysicsWorld         - Clearing physics world
22:54:15.307 [FXGL Background Thread 1 ] DEBUG FXGLApplication      - Initializing game
22:54:15.315 [FXGL Background Thread 1 ] INFO  FXGLApplication      - Game initialization took: 0.008 sec
22:54:15.315 [JavaFX Application Thread] DEBUG Input                - Clearing active input actions
22:54:15.319 [JavaFX Application Thread] DEBUG GameApplicationServi - Removing overlay from FXGLLoadingScene and adding to GameScene
22:54:15.319 [JavaFX Application Thread] DEBUG PrimaryStageWindow   - FXGLLoadingScene -> GameScene
22:54:16.413 [JavaFX Application Thread] DEBUG AudioPlayer          - Playing music com.almasb.fxgl.audio.Music@50e967e1
22:54:19.495 [JavaFX Application Thread] DEBUG AudioPlayer          - Playing music com.almasb.fxgl.audio.Music@50e967e1
22:54:21.709 [JavaFX Application Thread] DEBUG AudioPlayer          - Playing music com.almasb.fxgl.audio.Music@50e967e1
22:54:22.967 [JavaFX Application Thread] DEBUG AudioPlayer          - Playing music com.almasb.fxgl.audio.Music@50e967e1
22:54:26.756 [JavaFX Application Thread] DEBUG PrimaryStageWindow   - Push state: DialogSubScene
22:54:26.756 [JavaFX Application Thread] DEBUG Input                - Clearing active input actions
22:54:26.757 [JavaFX Application Thread] DEBUG GameApplicationServi - Removing overlay from GameScene and adding to DialogSubScene
22:54:26.757 [JavaFX Application Thread] DEBUG PrimaryStageWindow   - GameScene -> DialogSubScene
22:54:27.737 [JavaFX Application Thread] DEBUG PrimaryStageWindow   - Pop state: DialogSubScene
22:54:27.737 [JavaFX Application Thread] DEBUG Input                - Clearing active input actions
22:54:27.738 [JavaFX Application Thread] DEBUG GameApplicationServi - Removing overlay from DialogSubScene and adding to GameScene
22:54:27.738 [JavaFX Application Thread] DEBUG PrimaryStageWindow   - GameScene <- DialogSubScene
22:54:27.760 [FXGL Background Thread 2 ] WARN  UpdaterService       - Failed to find updates: java.net.ConnectException: Connection timed out: connect
22:55:24.535 [JavaFX Application Thread] DEBUG AudioPlayer          - Playing music com.almasb.fxgl.audio.Music@50e967e1
22:55:24.588 [JavaFX Application Thread] DEBUG AudioPlayer          - Playing music com.almasb.fxgl.audio.Music@50e967e1
22:55:24.729 [JavaFX Application Thread] DEBUG AudioPlayer          - Playing music com.almasb.fxgl.audio.Music@50e967e1
22:55:24.940 [JavaFX Application Thread] DEBUG AudioPlayer          - Playing music com.almasb.fxgl.audio.Music@50e967e1
22:55:25.314 [JavaFX Application Thread] DEBUG AudioPlayer          - Playing music com.almasb.fxgl.audio.Music@50e967e1
22:55:25.697 [JavaFX Application Thread] DEBUG AudioPlayer          - Playing music com.almasb.fxgl.audio.Music@50e967e1
22:55:25.765 [JavaFX Application Thread] DEBUG AudioPlayer          - Playing music com.almasb.fxgl.audio.Music@50e967e1
22:55:26.185 [JavaFX Application Thread] DEBUG AudioPlayer          - Playing music com.almasb.fxgl.audio.Music@50e967e1
22:55:26.342 [JavaFX Application Thread] DEBUG AudioPlayer          - Playing music com.almasb.fxgl.audio.Music@50e967e1
22:55:26.410 [JavaFX Application Thread] DEBUG AudioPlayer          - Playing music com.almasb.fxgl.audio.Music@50e967e1
22:55:26.801 [JavaFX Application Thread] DEBUG PrimaryStageWindow   - Push state: InGameMenuScene
22:55:26.801 [JavaFX Application Thread] DEBUG Input                - Clearing active input actions
22:55:26.807 [JavaFX Application Thread] DEBUG GameApplicationServi - Removing overlay from GameScene and adding to InGameMenuScene
22:55:26.807 [JavaFX Application Thread] DEBUG PrimaryStageWindow   - GameScene -> InGameMenuScene
22:55:30.109 [JavaFX Application Thread] DEBUG Menu                 - fireExitToMainMenu()
22:55:30.110 [JavaFX Application Thread] DEBUG PrimaryStageWindow   - Push state: DialogSubScene
22:55:30.110 [JavaFX Application Thread] DEBUG Input                - Clearing active input actions
22:55:30.110 [JavaFX Application Thread] DEBUG GameApplicationServi - Removing overlay from InGameMenuScene and adding to DialogSubScene
22:55:30.110 [JavaFX Application Thread] DEBUG PrimaryStageWindow   - InGameMenuScene -> DialogSubScene
22:55:30.798 [JavaFX Application Thread] DEBUG PrimaryStageWindow   - Pop state: DialogSubScene
22:55:30.798 [JavaFX Application Thread] DEBUG Input                - Clearing active input actions
22:55:30.798 [JavaFX Application Thread] DEBUG GameApplicationServi - Removing overlay from DialogSubScene and adding to InGameMenuScene
22:55:30.798 [JavaFX Application Thread] DEBUG PrimaryStageWindow   - InGameMenuScene <- DialogSubScene
22:55:30.798 [JavaFX Application Thread] DEBUG PrimaryStageWindow   - Pop state: InGameMenuScene
22:55:30.798 [JavaFX Application Thread] DEBUG Input                - Clearing active input actions
22:55:30.798 [JavaFX Application Thread] DEBUG GameApplicationServi - Removing overlay from InGameMenuScene and adding to GameScene
22:55:30.798 [JavaFX Application Thread] DEBUG PrimaryStageWindow   - GameScene <- InGameMenuScene
22:55:30.798 [JavaFX Application Thread] DEBUG Input                - Clearing active input actions
22:55:30.800 [JavaFX Application Thread] DEBUG GameApplicationServi - Removing overlay from GameScene and adding to FXGLMainMenuDummyScene
22:55:30.800 [JavaFX Application Thread] DEBUG PrimaryStageWindow   - GameScene -> FXGLMainMenuDummyScene
22:55:30.800 [JavaFX Application Thread] DEBUG PrimaryStageWindow   - Push state: MainMenuScene
22:55:30.800 [JavaFX Application Thread] DEBUG Input                - Clearing active input actions
22:55:30.800 [JavaFX Application Thread] DEBUG GameApplicationServi - Removing overlay from FXGLMainMenuDummyScene and adding to MainMenuScene
22:55:30.800 [JavaFX Application Thread] DEBUG PrimaryStageWindow   - FXGLMainMenuDummyScene -> MainMenuScene
22:55:30.800 [JavaFX Application Thread] DEBUG AudioPlayer          - Playing music com.almasb.fxgl.audio.Music@50e967e1
22:55:31.007 [JavaFX Application Thread] DEBUG AudioPlayer          - Playing music com.almasb.fxgl.audio.Music@50e967e1
22:56:21.477 [JavaFX Application Thread] DEBUG FXGLApplication      - Exiting FXGL
22:56:21.477 [JavaFX Application Thread] DEBUG LoopRunner           - Stopping loop
22:56:21.477 [JavaFX Application Thread] DEBUG SystemBundleService  - Saving FXGL system data
22:56:21.478 [JavaFX Application Thread] DEBUG FileSystemAccess     - Writing to: D:\Github\javaA-xiangqi-project-main-yxh-1125\system\fxgl.bundle
22:56:21.479 [JavaFX Application Thread] DEBUG Async                - Shutting down background threads
22:56:21.479 [JavaFX Application Thread] DEBUG PrimaryStageWindow   - Closing main window
22:56:21.497 [JavaFX Application Thread] DEBUG Logger               - Closing Logger
