23:48:32.090 [main                     ] DEBUG Logger               - Configured Logger
23:48:32.102 [main                     ] DEBUG GameApplication      - Logging settings
Title: 中国象棋 1.0
Version: 1.0
Width: 1316
Height: 1007
Fullscreen: false
Intro: false
Profiling: false
Single step:false
App Mode: DEVELOPER
Menu Key: ESCAPE
Stage Style: DECORATED
Scene Factory: class edu.sustech.xiangqi.XiangQiApp$1

23:48:32.623 [JavaFX Application Thread] DEBUG FXGLApplication      - Initializing FXGL
23:48:32.625 [JavaFX Application Thread] INFO  Engine               - FXGL-21.1 (27.03.2024 07.52) on WINDOWS (J:23.0.2 FX:21.0.1)
23:48:32.625 [JavaFX Application Thread] DEBUG Engine               - JRE Vendor Name: Amazon.com Inc.
23:48:32.625 [JavaFX Application Thread] DEBUG Engine               - Running on OS: Windows 11 version 10.0
23:48:32.625 [JavaFX Application Thread] DEBUG Engine               - Architecture: amd64
23:48:32.625 [JavaFX Application Thread] INFO  Engine               - Source code and latest versions at: https://github.com/AlmasB/FXGL
23:48:32.625 [JavaFX Application Thread] INFO  Engine               -       Ask questions and discuss at: https://github.com/AlmasB/FXGL/discussions
23:48:32.625 [JavaFX Application Thread] INFO  Engine               -              Join the FXGL chat at: https://gitter.im/AlmasB/FXGL
23:48:32.687 [JavaFX Application Thread] DEBUG PrimaryStageWindow   - Creating a JavaFX scene
23:48:32.716 [JavaFX Application Thread] DEBUG PrimaryStageWindow   - Target settings size: 1316.0 x 1007.0
23:48:32.717 [JavaFX Application Thread] DEBUG PrimaryStageWindow   - Scaled scene size:    1316.0 x 1007.0
23:48:32.717 [JavaFX Application Thread] DEBUG PrimaryStageWindow   - Scaled ratio: (1.0, 1.0)
23:48:32.717 [JavaFX Application Thread] DEBUG PrimaryStageWindow   - Set initial scene to FXGLStartupScene
23:48:32.719 [JavaFX Application Thread] DEBUG PrimaryStageWindow   - Opening main window
23:48:32.792 [JavaFX Application Thread] DEBUG PrimaryStageWindow   - Window border size: (14.6666259765625, 37.6666259765625)
23:48:32.792 [JavaFX Application Thread] DEBUG PrimaryStageWindow   - Scaled size: 1316.0 x 1007.0
23:48:32.793 [JavaFX Application Thread] DEBUG PrimaryStageWindow   - Scaled ratio: (1.0, 1.0)
23:48:32.793 [JavaFX Application Thread] DEBUG PrimaryStageWindow   - Scene size: 1316.0 x 1007.0
23:48:32.793 [JavaFX Application Thread] DEBUG PrimaryStageWindow   - Stage size: 1330.6666259765625 x 1044.6666259765625
23:48:32.797 [FXGL Background Thread 1 ] DEBUG Engine               - Initializing environment variables
23:48:32.843 [FXGL Background Thread 1 ] DEBUG FXGLAssetLoaderServi - User app class for loading assets: class edu.sustech.xiangqi.XiangQiApp
23:48:32.843 [FXGL Background Thread 1 ] DEBUG GameApplicationServi - Applying CSS: fxgl_dark.css
23:48:32.843 [FXGL Background Thread 1 ] DEBUG FXGLAssetLoaderServi - Loading from file system: jar:file:/C:/Users/%e5%b0%b9%e7%8e%ba%e9%aa%85/.m2/repository/com/github/almasb/fxgl/21.1/fxgl-21.1.jar!/fxglassets/ui/css/fxgl_dark.css
23:48:32.868 [FXGL Background Thread 1 ] DEBUG GameApplicationServi - Initializing application scenes
23:48:32.922 [FXGL Background Thread 1 ] DEBUG GameWorld            - Game world initialized
23:48:32.962 [FXGL Background Thread 1 ] DEBUG PhysicsWorld         - Physics world initialized: appHeight=1007, physics.ppm=50.0
23:48:32.962 [FXGL Background Thread 1 ] DEBUG PhysicsWorld         - Using strategy: BRUTE_FORCE
23:48:32.965 [FXGL Background Thread 1 ] DEBUG GameScene            - Game scene initialized: 1316x1007
23:48:32.969 [FXGL Background Thread 1 ] DEBUG FXGLAssetLoaderServi - Loading from file system: file:/E:/G2/java/final_project/team_project_1124/javaA-xiangqi-project-main/target/classes/assets/music/Whisper%20Records%20-%20%e5%8f%a4%e3%81%ae%e6%a3%ae.mp3
23:48:33.243 [FXGL Background Thread 1 ] DEBUG AudioPlayer          - Playing music com.almasb.fxgl.audio.Music@2657757e
23:48:33.248 [FXGL Background Thread 1 ] DEBUG FXGLAssetLoaderServi - Loading from file system: file:/E:/G2/java/final_project/team_project_1124/javaA-xiangqi-project-main/target/classes/assets/textures/Button1.png
23:48:33.263 [FXGL Background Thread 1 ] DEBUG FXGLAssetLoaderServi - Loading from file system: file:/E:/G2/java/final_project/team_project_1124/javaA-xiangqi-project-main/target/classes/assets/textures/Press.png
23:48:33.268 [FXGL Background Thread 1 ] DEBUG FXGLAssetLoaderServi - Loading from file system: file:/E:/G2/java/final_project/team_project_1124/javaA-xiangqi-project-main/target/classes/assets/sounds/%e6%8c%89%e9%92%ae%e9%9f%b3%e6%95%881.mp3
23:48:33.275 [FXGL Background Thread 1 ] DEBUG FXGLAssetLoaderServi - Loading from file system: file:/E:/G2/java/final_project/team_project_1124/javaA-xiangqi-project-main/target/classes/assets/ui/fonts/HYPixel11pxU-2.ttf
23:48:33.355 [FXGL Background Thread 1 ] DEBUG GameApplicationServi - Application scenes initialized
23:48:33.363 [FXGL Background Thread 1 ] DEBUG SystemBundleService  - Loading FXGL system data
23:48:33.367 [FXGL Background Thread 1 ] DEBUG FileSystemAccess     - Reading from: E:\G2\java\final_project\team_project_1124\javaA-xiangqi-project-main\system\fxgl.bundle
23:48:33.372 [FXGL Background Thread 1 ] DEBUG SystemBundleService  - Bundle FXGL: {}
23:48:33.372 [FXGL Background Thread 1 ] DEBUG UpdaterService       - Checking for updates
23:48:33.376 [FXGL Background Thread 4 ] DEBUG FXGLApplication      - Loading fonts
23:48:33.377 [FXGL Background Thread 4 ] DEBUG FXGLAssetLoaderServi - Loading from file system: jar:file:/C:/Users/%e5%b0%b9%e7%8e%ba%e9%aa%85/.m2/repository/com/github/almasb/fxgl/21.1/fxgl-21.1.jar!/fxglassets/ui/fonts/VarelaRound-Regular.ttf
23:48:33.377 [FXGL Background Thread 1 ] DEBUG FXGLApplication      - Loading default localization
23:48:33.377 [FXGL Background Thread 1 ] DEBUG FXGLAssetLoaderServi - Loading from file system: jar:file:/C:/Users/%e5%b0%b9%e7%8e%ba%e9%aa%85/.m2/repository/com/github/almasb/fxgl/21.1/fxgl-21.1.jar!/fxglassets/languages/english.lang
23:48:33.380 [FXGL Background Thread 4 ] DEBUG FXGLAssetLoaderServi - Loading from file system: jar:file:/C:/Users/%e5%b0%b9%e7%8e%ba%e9%aa%85/.m2/repository/com/github/almasb/fxgl/21.1/fxgl-21.1.jar!/fxglassets/ui/fonts/Abel-Regular.ttf
23:48:33.383 [FXGL Background Thread 4 ] DEBUG FXGLAssetLoaderServi - Loading from file system: jar:file:/C:/Users/%e5%b0%b9%e7%8e%ba%e9%aa%85/.m2/repository/com/github/almasb/fxgl/21.1/fxgl-21.1.jar!/fxglassets/ui/fonts/TerminalLandMono-Regular.otf
23:48:33.384 [FXGL Background Thread 4 ] DEBUG FXGLAssetLoaderServi - Loading from file system: jar:file:/C:/Users/%e5%b0%b9%e7%8e%ba%e9%aa%85/.m2/repository/com/github/almasb/fxgl/21.1/fxgl-21.1.jar!/fxglassets/ui/fonts/Courier-Prime.ttf
23:48:33.389 [JavaFX Application Thread] DEBUG FXGLApplication      - Registering font factories with UI factory
23:48:33.409 [FXGL Background Thread 1 ] INFO  FXGLApplication      - FXGL initialization took: 0.612 sec
23:48:33.412 [JavaFX Application Thread] DEBUG Input                - Registered new binding: Click - LMB
23:48:33.412 [JavaFX Application Thread] DEBUG FXGLAssetLoaderServi - Loading from file system: jar:file:/C:/Users/%e5%b0%b9%e7%8e%ba%e9%aa%85/.m2/repository/com/github/almasb/fxgl/21.1/fxgl-21.1.jar!/fxglassets/textures/fxgl_icon.png
23:48:33.428 [JavaFX Application Thread] DEBUG FXGLAssetLoaderServi - Loading from file system: jar:file:/C:/Users/%e5%b0%b9%e7%8e%ba%e9%aa%85/.m2/repository/com/github/almasb/fxgl/21.1/fxgl-21.1.jar!/fxglassets/textures/fxgl_default_cursor.png
23:48:33.436 [JavaFX Application Thread] DEBUG Input                - Registered new binding: Screenshot - CTRL+8
23:48:33.440 [JavaFX Application Thread] DEBUG Input                - Registered new binding: System info dump - CTRL+9
23:48:33.442 [JavaFX Application Thread] DEBUG Input                - Registered new binding: Restart - CTRL+R
23:48:33.443 [JavaFX Application Thread] DEBUG Input                - Registered new binding: Toggle Debug Camera - CTRL+7
23:48:33.446 [JavaFX Application Thread] DEBUG LoopRunner           - Starting loop
23:48:33.446 [JavaFX Application Thread] DEBUG LoopRunner           - Initializing JavaFX AnimationTimerLoop
23:48:33.451 [JavaFX Application Thread] DEBUG Input                - Clearing active input actions
23:48:33.459 [JavaFX Application Thread] DEBUG GameApplicationServi - Removing overlay from FXGLStartupScene and adding to FXGLMainMenuDummyScene
23:48:33.459 [JavaFX Application Thread] DEBUG PrimaryStageWindow   - FXGLStartupScene -> FXGLMainMenuDummyScene
23:48:33.459 [JavaFX Application Thread] DEBUG PrimaryStageWindow   - Push state: MainMenuScene
23:48:33.459 [JavaFX Application Thread] DEBUG Input                - Clearing active input actions
23:48:33.473 [JavaFX Application Thread] DEBUG GameApplicationServi - Removing overlay from FXGLMainMenuDummyScene and adding to MainMenuScene
23:48:33.473 [JavaFX Application Thread] DEBUG PrimaryStageWindow   - FXGLMainMenuDummyScene -> MainMenuScene
23:48:36.376 [FXGL Background Thread 3 ] DEBUG Engine               - Logging environment variables
23:48:36.376 [FXGL Background Thread 3 ] DEBUG Engine               - achievements: []
23:48:36.376 [FXGL Background Thread 3 ] DEBUG Engine               - actualHeight: 1007.0
23:48:36.376 [FXGL Background Thread 3 ] DEBUG Engine               - actualHeightProperty: ReadOnlyDoubleProperty [value: 1007.0]
23:48:36.376 [FXGL Background Thread 3 ] DEBUG Engine               - actualWidth: 1316.0
23:48:36.376 [FXGL Background Thread 3 ] DEBUG Engine               - actualWidthProperty: ReadOnlyDoubleProperty [value: 1316.0]
23:48:36.376 [FXGL Background Thread 3 ] DEBUG Engine               - appIcon: fxgl_icon.png
23:48:36.376 [FXGL Background Thread 3 ] DEBUG Engine               - applicationMode: DEVELOPER
23:48:36.377 [FXGL Background Thread 3 ] DEBUG Engine               - cSSList: [fxgl_dark.css]
23:48:36.377 [FXGL Background Thread 3 ] DEBUG Engine               - collisionDetectionStrategy: BRUTE_FORCE
23:48:36.377 [FXGL Background Thread 3 ] DEBUG Engine               - configClass: Optional.empty
23:48:36.377 [FXGL Background Thread 3 ] DEBUG Engine               - credits: []
23:48:36.378 [FXGL Background Thread 3 ] DEBUG Engine               - defaultCursor: CursorInfo(imageName=fxgl_default_cursor.png, hotspotX=7.0, hotspotY=6.0)
23:48:36.378 [FXGL Background Thread 3 ] DEBUG Engine               - devBBoxColorProperty: ObjectProperty [value: 0xff0000ff]
23:48:36.378 [FXGL Background Thread 3 ] DEBUG Engine               - devEnableDebugCameraProperty: BooleanProperty [value: false]
23:48:36.378 [FXGL Background Thread 3 ] DEBUG Engine               - devSensorColorProperty: ObjectProperty [value: 0xffff00ff]
23:48:36.378 [FXGL Background Thread 3 ] DEBUG Engine               - devShowBBoxProperty: BooleanProperty [value: false]
23:48:36.378 [FXGL Background Thread 3 ] DEBUG Engine               - devShowPositionProperty: BooleanProperty [value: false]
23:48:36.378 [FXGL Background Thread 3 ] DEBUG Engine               - enabledMenuItems: []
23:48:36.378 [FXGL Background Thread 3 ] DEBUG Engine               - engineServices: [class com.almasb.fxgl.app.services.FXGLAssetLoaderService, class com.almasb.fxgl.app.FXGLApplication$GameApplicationService, class com.almasb.fxgl.app.services.FXGLDialogService, class com.almasb.fxgl.app.services.IOTaskExecutorService, class com.almasb.fxgl.io.FileSystemService, class com.almasb.fxgl.localization.LocalizationService, class com.almasb.fxgl.app.services.SystemBundleService, class com.almasb.fxgl.profile.SaveLoadService, class com.almasb.fxgl.ui.FXGLUIFactoryServiceProvider, class com.almasb.fxgl.ui.FXGLDialogFactoryServiceProvider, class com.almasb.fxgl.audio.AudioPlayer, class com.almasb.fxgl.notification.impl.NotificationServiceProvider, class com.almasb.fxgl.achievement.AchievementService, class com.almasb.fxgl.cutscene.CutsceneService, class com.almasb.fxgl.minigames.MiniGameService, class com.almasb.fxgl.net.NetService, class com.almasb.fxgl.app.services.UpdaterService, class com.almasb.fxgl.dev.DevService]
23:48:36.378 [FXGL Background Thread 3 ] DEBUG Engine               - fontGame: Abel-Regular.ttf
23:48:36.378 [FXGL Background Thread 3 ] DEBUG Engine               - fontMono: TerminalLandMono-Regular.otf
23:48:36.379 [FXGL Background Thread 3 ] DEBUG Engine               - fontSizeScaleUI: 1.0
23:48:36.379 [FXGL Background Thread 3 ] DEBUG Engine               - fontText: Courier-Prime.ttf
23:48:36.379 [FXGL Background Thread 3 ] DEBUG Engine               - fontUI: VarelaRound-Regular.ttf
23:48:36.379 [FXGL Background Thread 3 ] DEBUG Engine               - fullScreen: BooleanProperty [value: false]
23:48:36.379 [FXGL Background Thread 3 ] DEBUG Engine               - gameDifficulty: MEDIUM
23:48:36.379 [FXGL Background Thread 3 ] DEBUG Engine               - gameDifficultyProperty: ObjectProperty [value: MEDIUM]
23:48:36.379 [FXGL Background Thread 3 ] DEBUG Engine               - globalMusicVolume: 0.5
23:48:36.379 [FXGL Background Thread 3 ] DEBUG Engine               - globalMusicVolumeProperty: DoubleProperty [value: 0.5]
23:48:36.379 [FXGL Background Thread 3 ] DEBUG Engine               - globalSoundVolume: 0.5
23:48:36.379 [FXGL Background Thread 3 ] DEBUG Engine               - globalSoundVolumeProperty: DoubleProperty [value: 0.5]
23:48:36.379 [FXGL Background Thread 3 ] DEBUG Engine               - height: 1007
23:48:36.379 [FXGL Background Thread 3 ] DEBUG Engine               - is3D: false
23:48:36.379 [FXGL Background Thread 3 ] DEBUG Engine               - isAndroid: false
23:48:36.379 [FXGL Background Thread 3 ] DEBUG Engine               - isBrowser: false
23:48:36.379 [FXGL Background Thread 3 ] DEBUG Engine               - isClickFeedbackEnabled: false
23:48:36.379 [FXGL Background Thread 3 ] DEBUG Engine               - isCloseConfirmation: false
23:48:36.379 [FXGL Background Thread 3 ] DEBUG Engine               - isDesktop: true
23:48:36.379 [FXGL Background Thread 3 ] DEBUG Engine               - isDeveloperMenuEnabled: false
23:48:36.379 [FXGL Background Thread 3 ] DEBUG Engine               - isEmbedded: false
23:48:36.379 [FXGL Background Thread 3 ] DEBUG Engine               - isEntityPreloadEnabled: true
23:48:36.379 [FXGL Background Thread 3 ] DEBUG Engine               - isExperimentalTiledLargeMap: false
23:48:36.379 [FXGL Background Thread 3 ] DEBUG Engine               - isFileSystemWriteAllowed: true
23:48:36.379 [FXGL Background Thread 3 ] DEBUG Engine               - isFullScreenAllowed: false
23:48:36.379 [FXGL Background Thread 3 ] DEBUG Engine               - isFullScreenFromStart: false
23:48:36.379 [FXGL Background Thread 3 ] DEBUG Engine               - isGameMenuEnabled: true
23:48:36.379 [FXGL Background Thread 3 ] DEBUG Engine               - isIOS: false
23:48:36.379 [FXGL Background Thread 3 ] DEBUG Engine               - isIntroEnabled: false
23:48:36.379 [FXGL Background Thread 3 ] DEBUG Engine               - isLinux: false
23:48:36.379 [FXGL Background Thread 3 ] DEBUG Engine               - isMac: false
23:48:36.379 [FXGL Background Thread 3 ] DEBUG Engine               - isMainMenuEnabled: true
23:48:36.379 [FXGL Background Thread 3 ] DEBUG Engine               - isManualResizeEnabled: true
23:48:36.379 [FXGL Background Thread 3 ] DEBUG Engine               - isMobile: false
23:48:36.379 [FXGL Background Thread 3 ] DEBUG Engine               - isNative: false
23:48:36.379 [FXGL Background Thread 3 ] DEBUG Engine               - isPauseMusicWhenMinimized: true
23:48:36.379 [FXGL Background Thread 3 ] DEBUG Engine               - isPreserveResizeRatio: true
23:48:36.379 [FXGL Background Thread 3 ] DEBUG Engine               - isProfilingEnabled: false
23:48:36.379 [FXGL Background Thread 3 ] DEBUG Engine               - isScaleAffectedOnResize: true
23:48:36.379 [FXGL Background Thread 3 ] DEBUG Engine               - isSingleStep: false
23:48:36.379 [FXGL Background Thread 3 ] DEBUG Engine               - isUserProfileEnabled: false
23:48:36.380 [FXGL Background Thread 3 ] DEBUG Engine               - isWindows: true
23:48:36.380 [FXGL Background Thread 3 ] DEBUG Engine               - language: ObjectProperty [value: ENGLISH]
23:48:36.380 [FXGL Background Thread 3 ] DEBUG Engine               - menuKey: ESCAPE
23:48:36.380 [FXGL Background Thread 3 ] DEBUG Engine               - mouseSensitivity: 0.2
23:48:36.380 [FXGL Background Thread 3 ] DEBUG Engine               - notificationViewClass: class com.almasb.fxgl.notification.view.XboxNotificationView
23:48:36.380 [FXGL Background Thread 3 ] DEBUG Engine               - pixelsPerMeter: 50.0
23:48:36.380 [FXGL Background Thread 3 ] DEBUG Engine               - platform: WINDOWS
23:48:36.380 [FXGL Background Thread 3 ] DEBUG Engine               - prefHeightProperty: ReadOnlyDoubleProperty [value: 1007.0]
23:48:36.380 [FXGL Background Thread 3 ] DEBUG Engine               - prefWidthProperty: ReadOnlyDoubleProperty [value: 1316.0]
23:48:36.380 [FXGL Background Thread 3 ] DEBUG Engine               - profileDir: profiles/
23:48:36.380 [FXGL Background Thread 3 ] DEBUG Engine               - profileName: StringProperty [value: DEFAULT]
23:48:36.380 [FXGL Background Thread 3 ] DEBUG Engine               - randomSeed: -1
23:48:36.380 [FXGL Background Thread 3 ] DEBUG Engine               - runtimeInfo: RuntimeInfo(platform=WINDOWS, version=21.1, build=27.03.2024 07.52)
23:48:36.380 [FXGL Background Thread 3 ] DEBUG Engine               - saveFileExt: sav
23:48:36.380 [FXGL Background Thread 3 ] DEBUG Engine               - scaledHeightProp$fxgl: DoubleProperty [bound, value: 1007.0]
23:48:36.380 [FXGL Background Thread 3 ] DEBUG Engine               - scaledWidthProp$fxgl: DoubleProperty [bound, value: 1316.0]
23:48:36.380 [FXGL Background Thread 3 ] DEBUG Engine               - sceneFactory: edu.sustech.xiangqi.XiangQiApp$1@50e87fef
23:48:36.380 [FXGL Background Thread 3 ] DEBUG Engine               - secondsIn24h: 60
23:48:36.380 [FXGL Background Thread 3 ] DEBUG Engine               - soundMenuBack: menu/back.wav
23:48:36.380 [FXGL Background Thread 3 ] DEBUG Engine               - soundMenuPress: menu/press.wav
23:48:36.380 [FXGL Background Thread 3 ] DEBUG Engine               - soundMenuSelect: menu/select.wav
23:48:36.380 [FXGL Background Thread 3 ] DEBUG Engine               - soundNotification: core/notification.wav
23:48:36.380 [FXGL Background Thread 3 ] DEBUG Engine               - stageStyle: DECORATED
23:48:36.380 [FXGL Background Thread 3 ] DEBUG Engine               - supportedLanguages: [ENGLISH, FRENCH, GERMAN, HUNGARIAN, RUSSIAN]
23:48:36.380 [FXGL Background Thread 3 ] DEBUG Engine               - ticksPerSecond: -1
23:48:36.380 [FXGL Background Thread 3 ] DEBUG Engine               - title: 中国象棋 1.0
23:48:36.380 [FXGL Background Thread 3 ] DEBUG Engine               - urlGithub: https://github.com/AlmasB/FXGL
23:48:36.380 [FXGL Background Thread 3 ] DEBUG Engine               - urlLeaderboard: http://fxgl-top.herokuapp.com/
23:48:36.380 [FXGL Background Thread 3 ] DEBUG Engine               - urlPOM: https://raw.githubusercontent.com/AlmasB/FXGL/release/README.md
23:48:36.380 [FXGL Background Thread 3 ] DEBUG Engine               - userAppClass: class edu.sustech.xiangqi.XiangQiApp
23:48:36.380 [FXGL Background Thread 3 ] DEBUG Engine               - version: 1.0
23:48:36.380 [FXGL Background Thread 3 ] DEBUG Engine               - versionCheckDays: 7
23:48:36.380 [FXGL Background Thread 3 ] DEBUG Engine               - width: 1316
23:48:36.380 [FXGL Background Thread 3 ] DEBUG Engine               - Logging services
23:48:36.380 [FXGL Background Thread 3 ] DEBUG Engine               - class com.almasb.fxgl.app.services.FXGLAssetLoaderService
23:48:36.380 [FXGL Background Thread 3 ] DEBUG Engine               - class com.almasb.fxgl.app.FXGLApplication$GameApplicationService
23:48:36.380 [FXGL Background Thread 3 ] DEBUG Engine               - class com.almasb.fxgl.app.services.FXGLDialogService
23:48:36.380 [FXGL Background Thread 3 ] DEBUG Engine               - class com.almasb.fxgl.app.services.IOTaskExecutorService
23:48:36.380 [FXGL Background Thread 3 ] DEBUG Engine               - class com.almasb.fxgl.io.FileSystemService
23:48:36.380 [FXGL Background Thread 3 ] DEBUG Engine               - class com.almasb.fxgl.localization.LocalizationService
23:48:36.380 [FXGL Background Thread 3 ] DEBUG Engine               - class com.almasb.fxgl.app.services.SystemBundleService
23:48:36.380 [FXGL Background Thread 3 ] DEBUG Engine               - class com.almasb.fxgl.profile.SaveLoadService
23:48:36.380 [FXGL Background Thread 3 ] DEBUG Engine               - class com.almasb.fxgl.ui.FXGLUIFactoryServiceProvider
23:48:36.380 [FXGL Background Thread 3 ] DEBUG Engine               - class com.almasb.fxgl.ui.FXGLDialogFactoryServiceProvider
23:48:36.380 [FXGL Background Thread 3 ] DEBUG Engine               - class com.almasb.fxgl.audio.AudioPlayer
23:48:36.380 [FXGL Background Thread 3 ] DEBUG Engine               - class com.almasb.fxgl.notification.impl.NotificationServiceProvider
23:48:36.380 [FXGL Background Thread 3 ] DEBUG Engine               - class com.almasb.fxgl.achievement.AchievementService
23:48:36.380 [FXGL Background Thread 3 ] DEBUG Engine               - class com.almasb.fxgl.cutscene.CutsceneService
23:48:36.380 [FXGL Background Thread 3 ] DEBUG Engine               - class com.almasb.fxgl.minigames.MiniGameService
23:48:36.380 [FXGL Background Thread 3 ] DEBUG Engine               - class com.almasb.fxgl.net.NetService
23:48:36.380 [FXGL Background Thread 3 ] DEBUG Engine               - class com.almasb.fxgl.app.services.UpdaterService
23:48:36.380 [FXGL Background Thread 3 ] DEBUG Engine               - class com.almasb.fxgl.dev.DevService
23:48:40.458 [JavaFX Application Thread] DEBUG PrimaryStageWindow   - Push state: DialogSubScene
23:48:40.458 [JavaFX Application Thread] DEBUG Input                - Clearing active input actions
23:48:40.458 [JavaFX Application Thread] DEBUG GameApplicationServi - Removing overlay from MainMenuScene and adding to DialogSubScene
23:48:40.458 [JavaFX Application Thread] DEBUG PrimaryStageWindow   - MainMenuScene -> DialogSubScene
23:48:40.996 [JavaFX Application Thread] DEBUG PrimaryStageWindow   - Pop state: DialogSubScene
23:48:40.996 [JavaFX Application Thread] DEBUG Input                - Clearing active input actions
23:48:40.997 [JavaFX Application Thread] DEBUG GameApplicationServi - Removing overlay from DialogSubScene and adding to MainMenuScene
23:48:40.997 [JavaFX Application Thread] DEBUG PrimaryStageWindow   - MainMenuScene <- DialogSubScene
23:48:41.497 [JavaFX Application Thread] DEBUG Menu                 - fireNewGame()
23:48:41.497 [JavaFX Application Thread] DEBUG GameApplicationServi - Starting new game
23:48:41.497 [JavaFX Application Thread] DEBUG PrimaryStageWindow   - Pop state: MainMenuScene
23:48:41.497 [JavaFX Application Thread] DEBUG Input                - Clearing active input actions
23:48:41.497 [JavaFX Application Thread] DEBUG GameApplicationServi - Removing overlay from MainMenuScene and adding to FXGLMainMenuDummyScene
23:48:41.497 [JavaFX Application Thread] DEBUG PrimaryStageWindow   - FXGLMainMenuDummyScene <- MainMenuScene
23:48:41.497 [JavaFX Application Thread] DEBUG Input                - Clearing active input actions
23:48:41.502 [JavaFX Application Thread] DEBUG GameApplicationServi - Removing overlay from FXGLMainMenuDummyScene and adding to FXGLLoadingScene
23:48:41.502 [JavaFX Application Thread] DEBUG PrimaryStageWindow   - FXGLMainMenuDummyScene -> FXGLLoadingScene
23:48:41.502 [JavaFX Application Thread] DEBUG GameApplicationServi - Clearing previous game
23:48:41.502 [JavaFX Application Thread] DEBUG GameScene            - Clearing game scene
23:48:41.502 [JavaFX Application Thread] DEBUG GameWorld            - Clearing game world
23:48:41.502 [JavaFX Application Thread] DEBUG PhysicsWorld         - Clearing physics world
23:48:41.505 [FXGL Background Thread 1 ] DEBUG FXGLApplication      - Initializing game
23:48:41.517 [FXGL Background Thread 1 ] DEBUG FXGLAssetLoaderServi - Loading from file system: file:/E:/G2/java/final_project/team_project_1124/javaA-xiangqi-project-main/target/classes/assets/textures/%e8%83%8c%e6%99%af.jpg
23:48:41.575 [FXGL Background Thread 1 ] DEBUG FXGLAssetLoaderServi - Loading from file system: file:/E:/G2/java/final_project/team_project_1124/javaA-xiangqi-project-main/target/classes/assets/textures/ChessBoard.png
23:48:41.611 [FXGL Background Thread 1 ] DEBUG FXGLAssetLoaderServi - Loading from file system: file:/E:/G2/java/final_project/team_project_1124/javaA-xiangqi-project-main/target/classes/assets/textures/RedGeneral.png
23:48:41.614 [FXGL Background Thread 1 ] DEBUG FXGLAssetLoaderServi - Loading from file system: file:/E:/G2/java/final_project/team_project_1124/javaA-xiangqi-project-main/target/classes/assets/textures/RedAdvisor.png
23:48:41.615 [FXGL Background Thread 1 ] DEBUG FXGLAssetLoaderServi - Loading from file system: file:/E:/G2/java/final_project/team_project_1124/javaA-xiangqi-project-main/target/classes/assets/textures/RedElephant.png
23:48:41.616 [FXGL Background Thread 1 ] DEBUG FXGLAssetLoaderServi - Loading from file system: file:/E:/G2/java/final_project/team_project_1124/javaA-xiangqi-project-main/target/classes/assets/textures/RedHorse.png
23:48:41.616 [FXGL Background Thread 1 ] DEBUG FXGLAssetLoaderServi - Loading from file system: file:/E:/G2/java/final_project/team_project_1124/javaA-xiangqi-project-main/target/classes/assets/textures/RedChariot.png
23:48:41.617 [FXGL Background Thread 1 ] DEBUG FXGLAssetLoaderServi - Loading from file system: file:/E:/G2/java/final_project/team_project_1124/javaA-xiangqi-project-main/target/classes/assets/textures/RedCannon.png
23:48:41.618 [FXGL Background Thread 1 ] DEBUG FXGLAssetLoaderServi - Loading from file system: file:/E:/G2/java/final_project/team_project_1124/javaA-xiangqi-project-main/target/classes/assets/textures/RedSoldier.png
23:48:41.618 [FXGL Background Thread 1 ] DEBUG FXGLAssetLoaderServi - Loading from file system: file:/E:/G2/java/final_project/team_project_1124/javaA-xiangqi-project-main/target/classes/assets/textures/BlackGeneral.png
23:48:41.619 [FXGL Background Thread 1 ] DEBUG FXGLAssetLoaderServi - Loading from file system: file:/E:/G2/java/final_project/team_project_1124/javaA-xiangqi-project-main/target/classes/assets/textures/BlackAdvisor.png
23:48:41.620 [FXGL Background Thread 1 ] DEBUG FXGLAssetLoaderServi - Loading from file system: file:/E:/G2/java/final_project/team_project_1124/javaA-xiangqi-project-main/target/classes/assets/textures/BlackElephant.png
23:48:41.620 [FXGL Background Thread 1 ] DEBUG FXGLAssetLoaderServi - Loading from file system: file:/E:/G2/java/final_project/team_project_1124/javaA-xiangqi-project-main/target/classes/assets/textures/BlackHorse.png
23:48:41.621 [FXGL Background Thread 1 ] DEBUG FXGLAssetLoaderServi - Loading from file system: file:/E:/G2/java/final_project/team_project_1124/javaA-xiangqi-project-main/target/classes/assets/textures/BlackChariot.png
23:48:41.621 [FXGL Background Thread 1 ] DEBUG FXGLAssetLoaderServi - Loading from file system: file:/E:/G2/java/final_project/team_project_1124/javaA-xiangqi-project-main/target/classes/assets/textures/BlackCannon.png
23:48:41.622 [FXGL Background Thread 1 ] DEBUG FXGLAssetLoaderServi - Loading from file system: file:/E:/G2/java/final_project/team_project_1124/javaA-xiangqi-project-main/target/classes/assets/textures/BlackSoldier.png
23:48:41.624 [FXGL Background Thread 1 ] INFO  FXGLApplication      - Game initialization took: 0.119 sec
23:48:41.629 [JavaFX Application Thread] DEBUG Input                - Clearing active input actions
23:48:41.633 [JavaFX Application Thread] DEBUG GameApplicationServi - Removing overlay from FXGLLoadingScene and adding to GameScene
23:48:41.633 [JavaFX Application Thread] DEBUG PrimaryStageWindow   - FXGLLoadingScene -> GameScene
23:48:42.319 [JavaFX Application Thread] DEBUG PrimaryStageWindow   - Push state: InGameMenuScene
23:48:42.319 [JavaFX Application Thread] DEBUG Input                - Clearing active input actions
23:48:42.319 [JavaFX Application Thread] DEBUG GameApplicationServi - Removing overlay from GameScene and adding to InGameMenuScene
23:48:42.319 [JavaFX Application Thread] DEBUG PrimaryStageWindow   - GameScene -> InGameMenuScene
23:48:42.888 [JavaFX Application Thread] DEBUG Menu                 - fireExitToMainMenu()
23:48:42.889 [JavaFX Application Thread] DEBUG PrimaryStageWindow   - Push state: DialogSubScene
23:48:42.889 [JavaFX Application Thread] DEBUG Input                - Clearing active input actions
23:48:42.889 [JavaFX Application Thread] DEBUG GameApplicationServi - Removing overlay from InGameMenuScene and adding to DialogSubScene
23:48:42.889 [JavaFX Application Thread] DEBUG PrimaryStageWindow   - InGameMenuScene -> DialogSubScene
23:48:43.460 [JavaFX Application Thread] DEBUG PrimaryStageWindow   - Pop state: DialogSubScene
23:48:43.460 [JavaFX Application Thread] DEBUG Input                - Clearing active input actions
23:48:43.460 [JavaFX Application Thread] DEBUG GameApplicationServi - Removing overlay from DialogSubScene and adding to InGameMenuScene
23:48:43.460 [JavaFX Application Thread] DEBUG PrimaryStageWindow   - InGameMenuScene <- DialogSubScene
23:48:43.460 [JavaFX Application Thread] DEBUG PrimaryStageWindow   - Pop state: InGameMenuScene
23:48:43.460 [JavaFX Application Thread] DEBUG Input                - Clearing active input actions
23:48:43.460 [JavaFX Application Thread] DEBUG GameApplicationServi - Removing overlay from InGameMenuScene and adding to GameScene
23:48:43.461 [JavaFX Application Thread] DEBUG PrimaryStageWindow   - GameScene <- InGameMenuScene
23:48:43.461 [JavaFX Application Thread] DEBUG Input                - Clearing active input actions
23:48:43.462 [JavaFX Application Thread] DEBUG GameApplicationServi - Removing overlay from GameScene and adding to FXGLMainMenuDummyScene
23:48:43.462 [JavaFX Application Thread] DEBUG PrimaryStageWindow   - GameScene -> FXGLMainMenuDummyScene
23:48:43.462 [JavaFX Application Thread] DEBUG PrimaryStageWindow   - Push state: MainMenuScene
23:48:43.462 [JavaFX Application Thread] DEBUG Input                - Clearing active input actions
23:48:43.462 [JavaFX Application Thread] DEBUG GameApplicationServi - Removing overlay from FXGLMainMenuDummyScene and adding to MainMenuScene
23:48:43.462 [JavaFX Application Thread] DEBUG PrimaryStageWindow   - FXGLMainMenuDummyScene -> MainMenuScene
23:48:43.879 [JavaFX Application Thread] DEBUG Menu                 - fireNewGame()
23:48:43.879 [JavaFX Application Thread] DEBUG GameApplicationServi - Starting new game
23:48:43.879 [JavaFX Application Thread] DEBUG PrimaryStageWindow   - Pop state: MainMenuScene
23:48:43.879 [JavaFX Application Thread] DEBUG Input                - Clearing active input actions
23:48:43.880 [JavaFX Application Thread] DEBUG GameApplicationServi - Removing overlay from MainMenuScene and adding to FXGLMainMenuDummyScene
23:48:43.880 [JavaFX Application Thread] DEBUG PrimaryStageWindow   - FXGLMainMenuDummyScene <- MainMenuScene
23:48:43.880 [JavaFX Application Thread] DEBUG Input                - Clearing active input actions
23:48:43.881 [JavaFX Application Thread] DEBUG GameApplicationServi - Removing overlay from FXGLMainMenuDummyScene and adding to FXGLLoadingScene
23:48:43.882 [JavaFX Application Thread] DEBUG PrimaryStageWindow   - FXGLMainMenuDummyScene -> FXGLLoadingScene
23:48:43.882 [JavaFX Application Thread] DEBUG GameApplicationServi - Clearing previous game
23:48:43.882 [JavaFX Application Thread] DEBUG GameScene            - Clearing game scene
23:48:43.882 [JavaFX Application Thread] DEBUG GameWorld            - Clearing game world
23:48:43.883 [JavaFX Application Thread] DEBUG PhysicsWorld         - Clearing physics world
23:48:43.883 [FXGL Background Thread 1 ] DEBUG FXGLApplication      - Initializing game
23:48:43.907 [FXGL Background Thread 1 ] INFO  FXGLApplication      - Game initialization took: 0.024 sec
23:48:43.907 [JavaFX Application Thread] DEBUG Input                - Clearing active input actions
23:48:43.909 [JavaFX Application Thread] DEBUG GameApplicationServi - Removing overlay from FXGLLoadingScene and adding to GameScene
23:48:43.909 [JavaFX Application Thread] DEBUG PrimaryStageWindow   - FXGLLoadingScene -> GameScene
23:48:44.572 [JavaFX Application Thread] DEBUG FXGLAssetLoaderServi - Loading from file system: file:/E:/G2/java/final_project/team_project_1124/javaA-xiangqi-project-main/target/classes/assets/textures/%e9%80%89%e4%b8%ad.png
23:48:46.152 [JavaFX Application Thread] DEBUG PrimaryStageWindow   - Push state: DialogSubScene
23:48:46.152 [JavaFX Application Thread] DEBUG Input                - Clearing active input actions
23:48:46.154 [JavaFX Application Thread] DEBUG GameApplicationServi - Removing overlay from GameScene and adding to DialogSubScene
23:48:46.154 [JavaFX Application Thread] DEBUG PrimaryStageWindow   - GameScene -> DialogSubScene
23:48:46.810 [JavaFX Application Thread] DEBUG PrimaryStageWindow   - Pop state: DialogSubScene
23:48:46.810 [JavaFX Application Thread] DEBUG Input                - Clearing active input actions
23:48:46.810 [JavaFX Application Thread] DEBUG GameApplicationServi - Removing overlay from DialogSubScene and adding to GameScene
23:48:46.810 [JavaFX Application Thread] DEBUG PrimaryStageWindow   - GameScene <- DialogSubScene
23:48:46.817 [JavaFX Application Thread] DEBUG PrimaryStageWindow   - Push state: DialogSubScene
23:48:46.817 [JavaFX Application Thread] DEBUG Input                - Clearing active input actions
23:48:46.817 [JavaFX Application Thread] DEBUG GameApplicationServi - Removing overlay from GameScene and adding to DialogSubScene
23:48:46.817 [JavaFX Application Thread] DEBUG PrimaryStageWindow   - GameScene -> DialogSubScene
23:48:47.526 [JavaFX Application Thread] DEBUG PrimaryStageWindow   - Pop state: DialogSubScene
23:48:47.526 [JavaFX Application Thread] DEBUG Input                - Clearing active input actions
23:48:47.526 [JavaFX Application Thread] DEBUG GameApplicationServi - Removing overlay from DialogSubScene and adding to GameScene
23:48:47.526 [JavaFX Application Thread] DEBUG PrimaryStageWindow   - GameScene <- DialogSubScene
23:48:57.540 [JavaFX Application Thread] DEBUG PrimaryStageWindow   - Push state: DialogSubScene
23:48:57.540 [JavaFX Application Thread] DEBUG Input                - Clearing active input actions
23:48:57.540 [JavaFX Application Thread] DEBUG GameApplicationServi - Removing overlay from GameScene and adding to DialogSubScene
23:48:57.540 [JavaFX Application Thread] DEBUG PrimaryStageWindow   - GameScene -> DialogSubScene
23:49:00.164 [JavaFX Application Thread] DEBUG PrimaryStageWindow   - Pop state: DialogSubScene
23:49:00.164 [JavaFX Application Thread] DEBUG Input                - Clearing active input actions
23:49:00.164 [JavaFX Application Thread] DEBUG GameApplicationServi - Removing overlay from DialogSubScene and adding to GameScene
23:49:00.164 [JavaFX Application Thread] DEBUG PrimaryStageWindow   - GameScene <- DialogSubScene
23:49:00.168 [JavaFX Application Thread] DEBUG PrimaryStageWindow   - Push state: DialogSubScene
23:49:00.168 [JavaFX Application Thread] DEBUG Input                - Clearing active input actions
23:49:00.168 [JavaFX Application Thread] DEBUG GameApplicationServi - Removing overlay from GameScene and adding to DialogSubScene
23:49:00.168 [JavaFX Application Thread] DEBUG PrimaryStageWindow   - GameScene -> DialogSubScene
23:49:00.627 [JavaFX Application Thread] DEBUG PrimaryStageWindow   - Pop state: DialogSubScene
23:49:00.627 [JavaFX Application Thread] DEBUG Input                - Clearing active input actions
23:49:00.627 [JavaFX Application Thread] DEBUG GameApplicationServi - Removing overlay from DialogSubScene and adding to GameScene
23:49:00.627 [JavaFX Application Thread] DEBUG PrimaryStageWindow   - GameScene <- DialogSubScene
23:49:04.526 [JavaFX Application Thread] DEBUG PrimaryStageWindow   - Push state: InGameMenuScene
23:49:04.527 [JavaFX Application Thread] DEBUG Input                - Clearing active input actions
23:49:04.527 [JavaFX Application Thread] DEBUG GameApplicationServi - Removing overlay from GameScene and adding to InGameMenuScene
23:49:04.527 [JavaFX Application Thread] DEBUG PrimaryStageWindow   - GameScene -> InGameMenuScene
23:49:04.984 [JavaFX Application Thread] DEBUG Menu                 - fireExitToMainMenu()
23:49:04.984 [JavaFX Application Thread] DEBUG PrimaryStageWindow   - Push state: DialogSubScene
23:49:04.984 [JavaFX Application Thread] DEBUG Input                - Clearing active input actions
23:49:04.984 [JavaFX Application Thread] DEBUG GameApplicationServi - Removing overlay from InGameMenuScene and adding to DialogSubScene
23:49:04.984 [JavaFX Application Thread] DEBUG PrimaryStageWindow   - InGameMenuScene -> DialogSubScene
23:49:05.503 [JavaFX Application Thread] DEBUG PrimaryStageWindow   - Pop state: DialogSubScene
23:49:05.503 [JavaFX Application Thread] DEBUG Input                - Clearing active input actions
23:49:05.504 [JavaFX Application Thread] DEBUG GameApplicationServi - Removing overlay from DialogSubScene and adding to InGameMenuScene
23:49:05.504 [JavaFX Application Thread] DEBUG PrimaryStageWindow   - InGameMenuScene <- DialogSubScene
23:49:05.504 [JavaFX Application Thread] DEBUG PrimaryStageWindow   - Pop state: InGameMenuScene
23:49:05.504 [JavaFX Application Thread] DEBUG Input                - Clearing active input actions
23:49:05.504 [JavaFX Application Thread] DEBUG GameApplicationServi - Removing overlay from InGameMenuScene and adding to GameScene
23:49:05.504 [JavaFX Application Thread] DEBUG PrimaryStageWindow   - GameScene <- InGameMenuScene
23:49:05.504 [JavaFX Application Thread] DEBUG Input                - Clearing active input actions
23:49:05.505 [JavaFX Application Thread] DEBUG GameApplicationServi - Removing overlay from GameScene and adding to FXGLMainMenuDummyScene
23:49:05.505 [JavaFX Application Thread] DEBUG PrimaryStageWindow   - GameScene -> FXGLMainMenuDummyScene
23:49:05.505 [JavaFX Application Thread] DEBUG PrimaryStageWindow   - Push state: MainMenuScene
23:49:05.505 [JavaFX Application Thread] DEBUG Input                - Clearing active input actions
23:49:05.505 [JavaFX Application Thread] DEBUG GameApplicationServi - Removing overlay from FXGLMainMenuDummyScene and adding to MainMenuScene
23:49:05.505 [JavaFX Application Thread] DEBUG PrimaryStageWindow   - FXGLMainMenuDummyScene -> MainMenuScene
23:49:06.619 [JavaFX Application Thread] DEBUG PrimaryStageWindow   - Push state: DialogSubScene
23:49:06.619 [JavaFX Application Thread] DEBUG Input                - Clearing active input actions
23:49:06.620 [JavaFX Application Thread] DEBUG GameApplicationServi - Removing overlay from MainMenuScene and adding to DialogSubScene
23:49:06.620 [JavaFX Application Thread] DEBUG PrimaryStageWindow   - MainMenuScene -> DialogSubScene
23:49:07.357 [JavaFX Application Thread] DEBUG PrimaryStageWindow   - Pop state: DialogSubScene
23:49:07.357 [JavaFX Application Thread] DEBUG Input                - Clearing active input actions
23:49:07.357 [JavaFX Application Thread] DEBUG GameApplicationServi - Removing overlay from DialogSubScene and adding to MainMenuScene
23:49:07.357 [JavaFX Application Thread] DEBUG PrimaryStageWindow   - MainMenuScene <- DialogSubScene
23:49:07.360 [JavaFX Application Thread] DEBUG GameApplicationServi - Starting new game
23:49:07.360 [JavaFX Application Thread] DEBUG PrimaryStageWindow   - Pop state: MainMenuScene
23:49:07.360 [JavaFX Application Thread] DEBUG Input                - Clearing active input actions
23:49:07.360 [JavaFX Application Thread] DEBUG GameApplicationServi - Removing overlay from MainMenuScene and adding to FXGLMainMenuDummyScene
23:49:07.360 [JavaFX Application Thread] DEBUG PrimaryStageWindow   - FXGLMainMenuDummyScene <- MainMenuScene
23:49:07.360 [JavaFX Application Thread] DEBUG Input                - Clearing active input actions
23:49:07.362 [JavaFX Application Thread] DEBUG GameApplicationServi - Removing overlay from FXGLMainMenuDummyScene and adding to FXGLLoadingScene
23:49:07.362 [JavaFX Application Thread] DEBUG PrimaryStageWindow   - FXGLMainMenuDummyScene -> FXGLLoadingScene
23:49:07.362 [JavaFX Application Thread] DEBUG GameApplicationServi - Clearing previous game
23:49:07.362 [JavaFX Application Thread] DEBUG GameScene            - Clearing game scene
23:49:07.362 [JavaFX Application Thread] DEBUG GameWorld            - Clearing game world
23:49:07.362 [JavaFX Application Thread] DEBUG PhysicsWorld         - Clearing physics world
23:49:07.362 [FXGL Background Thread 1 ] DEBUG FXGLApplication      - Initializing game
23:49:07.368 [FXGL Background Thread 1 ] INFO  FXGLApplication      - Game initialization took: 0.005 sec
23:49:07.368 [JavaFX Application Thread] DEBUG Input                - Clearing active input actions
23:49:07.370 [JavaFX Application Thread] DEBUG GameApplicationServi - Removing overlay from FXGLLoadingScene and adding to GameScene
23:49:07.370 [JavaFX Application Thread] DEBUG PrimaryStageWindow   - FXGLLoadingScene -> GameScene
23:49:08.562 [JavaFX Application Thread] DEBUG PrimaryStageWindow   - Push state: InGameMenuScene
23:49:08.562 [JavaFX Application Thread] DEBUG Input                - Clearing active input actions
23:49:08.562 [JavaFX Application Thread] DEBUG GameApplicationServi - Removing overlay from GameScene and adding to InGameMenuScene
23:49:08.562 [JavaFX Application Thread] DEBUG PrimaryStageWindow   - GameScene -> InGameMenuScene
23:49:09.781 [JavaFX Application Thread] DEBUG Menu                 - fireExitToMainMenu()
23:49:09.781 [JavaFX Application Thread] DEBUG PrimaryStageWindow   - Push state: DialogSubScene
23:49:09.781 [JavaFX Application Thread] DEBUG Input                - Clearing active input actions
23:49:09.781 [JavaFX Application Thread] DEBUG GameApplicationServi - Removing overlay from InGameMenuScene and adding to DialogSubScene
23:49:09.781 [JavaFX Application Thread] DEBUG PrimaryStageWindow   - InGameMenuScene -> DialogSubScene
23:49:10.225 [JavaFX Application Thread] DEBUG PrimaryStageWindow   - Pop state: DialogSubScene
23:49:10.225 [JavaFX Application Thread] DEBUG Input                - Clearing active input actions
23:49:10.226 [JavaFX Application Thread] DEBUG GameApplicationServi - Removing overlay from DialogSubScene and adding to InGameMenuScene
23:49:10.226 [JavaFX Application Thread] DEBUG PrimaryStageWindow   - InGameMenuScene <- DialogSubScene
23:49:10.226 [JavaFX Application Thread] DEBUG PrimaryStageWindow   - Pop state: InGameMenuScene
23:49:10.226 [JavaFX Application Thread] DEBUG Input                - Clearing active input actions
23:49:10.226 [JavaFX Application Thread] DEBUG GameApplicationServi - Removing overlay from InGameMenuScene and adding to GameScene
23:49:10.226 [JavaFX Application Thread] DEBUG PrimaryStageWindow   - GameScene <- InGameMenuScene
23:49:10.226 [JavaFX Application Thread] DEBUG Input                - Clearing active input actions
23:49:10.227 [JavaFX Application Thread] DEBUG GameApplicationServi - Removing overlay from GameScene and adding to FXGLMainMenuDummyScene
23:49:10.227 [JavaFX Application Thread] DEBUG PrimaryStageWindow   - GameScene -> FXGLMainMenuDummyScene
23:49:10.227 [JavaFX Application Thread] DEBUG PrimaryStageWindow   - Push state: MainMenuScene
23:49:10.228 [JavaFX Application Thread] DEBUG Input                - Clearing active input actions
23:49:10.228 [JavaFX Application Thread] DEBUG GameApplicationServi - Removing overlay from FXGLMainMenuDummyScene and adding to MainMenuScene
23:49:10.228 [JavaFX Application Thread] DEBUG PrimaryStageWindow   - FXGLMainMenuDummyScene -> MainMenuScene
23:49:11.933 [JavaFX Application Thread] DEBUG PrimaryStageWindow   - Push state: DialogSubScene
23:49:11.933 [JavaFX Application Thread] DEBUG Input                - Clearing active input actions
23:49:11.933 [JavaFX Application Thread] DEBUG GameApplicationServi - Removing overlay from MainMenuScene and adding to DialogSubScene
23:49:11.933 [JavaFX Application Thread] DEBUG PrimaryStageWindow   - MainMenuScene -> DialogSubScene
23:49:12.473 [JavaFX Application Thread] DEBUG PrimaryStageWindow   - Pop state: DialogSubScene
23:49:12.473 [JavaFX Application Thread] DEBUG Input                - Clearing active input actions
23:49:12.474 [JavaFX Application Thread] DEBUG GameApplicationServi - Removing overlay from DialogSubScene and adding to MainMenuScene
23:49:12.474 [JavaFX Application Thread] DEBUG PrimaryStageWindow   - MainMenuScene <- DialogSubScene
23:49:12.476 [JavaFX Application Thread] DEBUG GameApplicationServi - Starting new game
23:49:12.476 [JavaFX Application Thread] DEBUG PrimaryStageWindow   - Pop state: MainMenuScene
23:49:12.477 [JavaFX Application Thread] DEBUG Input                - Clearing active input actions
23:49:12.477 [JavaFX Application Thread] DEBUG GameApplicationServi - Removing overlay from MainMenuScene and adding to FXGLMainMenuDummyScene
23:49:12.477 [JavaFX Application Thread] DEBUG PrimaryStageWindow   - FXGLMainMenuDummyScene <- MainMenuScene
23:49:12.477 [JavaFX Application Thread] DEBUG Input                - Clearing active input actions
23:49:12.478 [JavaFX Application Thread] DEBUG GameApplicationServi - Removing overlay from FXGLMainMenuDummyScene and adding to FXGLLoadingScene
23:49:12.478 [JavaFX Application Thread] DEBUG PrimaryStageWindow   - FXGLMainMenuDummyScene -> FXGLLoadingScene
23:49:12.478 [JavaFX Application Thread] DEBUG GameApplicationServi - Clearing previous game
23:49:12.478 [JavaFX Application Thread] DEBUG GameScene            - Clearing game scene
23:49:12.478 [JavaFX Application Thread] DEBUG GameWorld            - Clearing game world
23:49:12.479 [JavaFX Application Thread] DEBUG PhysicsWorld         - Clearing physics world
23:49:12.479 [FXGL Background Thread 1 ] DEBUG FXGLApplication      - Initializing game
23:49:12.483 [FXGL Background Thread 1 ] INFO  FXGLApplication      - Game initialization took: 0.004 sec
23:49:12.483 [JavaFX Application Thread] DEBUG Input                - Clearing active input actions
23:49:12.484 [JavaFX Application Thread] DEBUG GameApplicationServi - Removing overlay from FXGLLoadingScene and adding to GameScene
23:49:12.484 [JavaFX Application Thread] DEBUG PrimaryStageWindow   - FXGLLoadingScene -> GameScene
23:49:13.142 [JavaFX Application Thread] DEBUG PrimaryStageWindow   - Push state: InGameMenuScene
23:49:13.142 [JavaFX Application Thread] DEBUG Input                - Clearing active input actions
23:49:13.142 [JavaFX Application Thread] DEBUG GameApplicationServi - Removing overlay from GameScene and adding to InGameMenuScene
23:49:13.142 [JavaFX Application Thread] DEBUG PrimaryStageWindow   - GameScene -> InGameMenuScene
23:49:14.556 [JavaFX Application Thread] DEBUG Menu                 - fireExitToMainMenu()
23:49:14.556 [JavaFX Application Thread] DEBUG PrimaryStageWindow   - Push state: DialogSubScene
23:49:14.556 [JavaFX Application Thread] DEBUG Input                - Clearing active input actions
23:49:14.557 [JavaFX Application Thread] DEBUG GameApplicationServi - Removing overlay from InGameMenuScene and adding to DialogSubScene
23:49:14.557 [JavaFX Application Thread] DEBUG PrimaryStageWindow   - InGameMenuScene -> DialogSubScene
23:49:15.276 [JavaFX Application Thread] DEBUG PrimaryStageWindow   - Pop state: DialogSubScene
23:49:15.276 [JavaFX Application Thread] DEBUG Input                - Clearing active input actions
23:49:15.276 [JavaFX Application Thread] DEBUG GameApplicationServi - Removing overlay from DialogSubScene and adding to InGameMenuScene
23:49:15.276 [JavaFX Application Thread] DEBUG PrimaryStageWindow   - InGameMenuScene <- DialogSubScene
23:49:15.276 [JavaFX Application Thread] DEBUG PrimaryStageWindow   - Pop state: InGameMenuScene
23:49:15.276 [JavaFX Application Thread] DEBUG Input                - Clearing active input actions
23:49:15.276 [JavaFX Application Thread] DEBUG GameApplicationServi - Removing overlay from InGameMenuScene and adding to GameScene
23:49:15.276 [JavaFX Application Thread] DEBUG PrimaryStageWindow   - GameScene <- InGameMenuScene
23:49:15.276 [JavaFX Application Thread] DEBUG Input                - Clearing active input actions
23:49:15.277 [JavaFX Application Thread] DEBUG GameApplicationServi - Removing overlay from GameScene and adding to FXGLMainMenuDummyScene
23:49:15.277 [JavaFX Application Thread] DEBUG PrimaryStageWindow   - GameScene -> FXGLMainMenuDummyScene
23:49:15.277 [JavaFX Application Thread] DEBUG PrimaryStageWindow   - Push state: MainMenuScene
23:49:15.277 [JavaFX Application Thread] DEBUG Input                - Clearing active input actions
23:49:15.278 [JavaFX Application Thread] DEBUG GameApplicationServi - Removing overlay from FXGLMainMenuDummyScene and adding to MainMenuScene
23:49:15.278 [JavaFX Application Thread] DEBUG PrimaryStageWindow   - FXGLMainMenuDummyScene -> MainMenuScene
23:49:16.102 [JavaFX Application Thread] DEBUG PrimaryStageWindow   - Push state: DialogSubScene
23:49:16.102 [JavaFX Application Thread] DEBUG Input                - Clearing active input actions
23:49:16.102 [JavaFX Application Thread] DEBUG GameApplicationServi - Removing overlay from MainMenuScene and adding to DialogSubScene
23:49:16.102 [JavaFX Application Thread] DEBUG PrimaryStageWindow   - MainMenuScene -> DialogSubScene
23:49:16.549 [JavaFX Application Thread] DEBUG PrimaryStageWindow   - Pop state: DialogSubScene
23:49:16.549 [JavaFX Application Thread] DEBUG Input                - Clearing active input actions
23:49:16.549 [JavaFX Application Thread] DEBUG GameApplicationServi - Removing overlay from DialogSubScene and adding to MainMenuScene
23:49:16.549 [JavaFX Application Thread] DEBUG PrimaryStageWindow   - MainMenuScene <- DialogSubScene
23:49:16.552 [JavaFX Application Thread] DEBUG GameApplicationServi - Starting new game
23:49:16.552 [JavaFX Application Thread] DEBUG PrimaryStageWindow   - Pop state: MainMenuScene
23:49:16.552 [JavaFX Application Thread] DEBUG Input                - Clearing active input actions
23:49:16.552 [JavaFX Application Thread] DEBUG GameApplicationServi - Removing overlay from MainMenuScene and adding to FXGLMainMenuDummyScene
23:49:16.552 [JavaFX Application Thread] DEBUG PrimaryStageWindow   - FXGLMainMenuDummyScene <- MainMenuScene
23:49:16.552 [JavaFX Application Thread] DEBUG Input                - Clearing active input actions
23:49:16.553 [JavaFX Application Thread] DEBUG GameApplicationServi - Removing overlay from FXGLMainMenuDummyScene and adding to FXGLLoadingScene
23:49:16.553 [JavaFX Application Thread] DEBUG PrimaryStageWindow   - FXGLMainMenuDummyScene -> FXGLLoadingScene
23:49:16.553 [JavaFX Application Thread] DEBUG GameApplicationServi - Clearing previous game
23:49:16.553 [JavaFX Application Thread] DEBUG GameScene            - Clearing game scene
23:49:16.553 [JavaFX Application Thread] DEBUG GameWorld            - Clearing game world
23:49:16.553 [JavaFX Application Thread] DEBUG PhysicsWorld         - Clearing physics world
23:49:16.554 [FXGL Background Thread 1 ] DEBUG FXGLApplication      - Initializing game
23:49:16.558 [FXGL Background Thread 1 ] INFO  FXGLApplication      - Game initialization took: 0.005 sec
23:49:16.558 [JavaFX Application Thread] DEBUG Input                - Clearing active input actions
23:49:16.559 [JavaFX Application Thread] DEBUG GameApplicationServi - Removing overlay from FXGLLoadingScene and adding to GameScene
23:49:16.559 [JavaFX Application Thread] DEBUG PrimaryStageWindow   - FXGLLoadingScene -> GameScene
23:49:16.735 [FXGL Background Thread 2 ] WARN  UpdaterService       - Failed to find updates: java.net.ConnectException: Connection timed out: connect
23:49:17.908 [JavaFX Application Thread] DEBUG PrimaryStageWindow   - Push state: InGameMenuScene
23:49:17.909 [JavaFX Application Thread] DEBUG Input                - Clearing active input actions
23:49:17.909 [JavaFX Application Thread] DEBUG GameApplicationServi - Removing overlay from GameScene and adding to InGameMenuScene
23:49:17.909 [JavaFX Application Thread] DEBUG PrimaryStageWindow   - GameScene -> InGameMenuScene
23:49:18.348 [JavaFX Application Thread] DEBUG Menu                 - fireExitToMainMenu()
23:49:18.348 [JavaFX Application Thread] DEBUG PrimaryStageWindow   - Push state: DialogSubScene
23:49:18.348 [JavaFX Application Thread] DEBUG Input                - Clearing active input actions
23:49:18.349 [JavaFX Application Thread] DEBUG GameApplicationServi - Removing overlay from InGameMenuScene and adding to DialogSubScene
23:49:18.349 [JavaFX Application Thread] DEBUG PrimaryStageWindow   - InGameMenuScene -> DialogSubScene
23:49:18.731 [JavaFX Application Thread] DEBUG PrimaryStageWindow   - Pop state: DialogSubScene
23:49:18.731 [JavaFX Application Thread] DEBUG Input                - Clearing active input actions
23:49:18.731 [JavaFX Application Thread] DEBUG GameApplicationServi - Removing overlay from DialogSubScene and adding to InGameMenuScene
23:49:18.731 [JavaFX Application Thread] DEBUG PrimaryStageWindow   - InGameMenuScene <- DialogSubScene
23:49:18.731 [JavaFX Application Thread] DEBUG PrimaryStageWindow   - Pop state: InGameMenuScene
23:49:18.732 [JavaFX Application Thread] DEBUG Input                - Clearing active input actions
23:49:18.732 [JavaFX Application Thread] DEBUG GameApplicationServi - Removing overlay from InGameMenuScene and adding to GameScene
23:49:18.732 [JavaFX Application Thread] DEBUG PrimaryStageWindow   - GameScene <- InGameMenuScene
23:49:18.732 [JavaFX Application Thread] DEBUG Input                - Clearing active input actions
23:49:18.733 [JavaFX Application Thread] DEBUG GameApplicationServi - Removing overlay from GameScene and adding to FXGLMainMenuDummyScene
23:49:18.733 [JavaFX Application Thread] DEBUG PrimaryStageWindow   - GameScene -> FXGLMainMenuDummyScene
23:49:18.733 [JavaFX Application Thread] DEBUG PrimaryStageWindow   - Push state: MainMenuScene
23:49:18.733 [JavaFX Application Thread] DEBUG Input                - Clearing active input actions
23:49:18.733 [JavaFX Application Thread] DEBUG GameApplicationServi - Removing overlay from FXGLMainMenuDummyScene and adding to MainMenuScene
23:49:18.733 [JavaFX Application Thread] DEBUG PrimaryStageWindow   - FXGLMainMenuDummyScene -> MainMenuScene
23:49:27.775 [JavaFX Application Thread] DEBUG Menu                 - fireNewGame()
23:49:27.775 [JavaFX Application Thread] DEBUG GameApplicationServi - Starting new game
23:49:27.775 [JavaFX Application Thread] DEBUG PrimaryStageWindow   - Pop state: MainMenuScene
23:49:27.775 [JavaFX Application Thread] DEBUG Input                - Clearing active input actions
23:49:27.775 [JavaFX Application Thread] DEBUG GameApplicationServi - Removing overlay from MainMenuScene and adding to FXGLMainMenuDummyScene
23:49:27.775 [JavaFX Application Thread] DEBUG PrimaryStageWindow   - FXGLMainMenuDummyScene <- MainMenuScene
23:49:27.775 [JavaFX Application Thread] DEBUG Input                - Clearing active input actions
23:49:27.777 [JavaFX Application Thread] DEBUG GameApplicationServi - Removing overlay from FXGLMainMenuDummyScene and adding to FXGLLoadingScene
23:49:27.777 [JavaFX Application Thread] DEBUG PrimaryStageWindow   - FXGLMainMenuDummyScene -> FXGLLoadingScene
23:49:27.777 [JavaFX Application Thread] DEBUG GameApplicationServi - Clearing previous game
23:49:27.777 [JavaFX Application Thread] DEBUG GameScene            - Clearing game scene
23:49:27.777 [JavaFX Application Thread] DEBUG GameWorld            - Clearing game world
23:49:27.778 [JavaFX Application Thread] DEBUG PhysicsWorld         - Clearing physics world
23:49:27.778 [FXGL Background Thread 2 ] DEBUG FXGLApplication      - Initializing game
23:49:27.782 [FXGL Background Thread 2 ] INFO  FXGLApplication      - Game initialization took: 0.004 sec
23:49:27.782 [JavaFX Application Thread] DEBUG Input                - Clearing active input actions
23:49:27.782 [JavaFX Application Thread] DEBUG GameApplicationServi - Removing overlay from FXGLLoadingScene and adding to GameScene
23:49:27.782 [JavaFX Application Thread] DEBUG PrimaryStageWindow   - FXGLLoadingScene -> GameScene
23:49:37.250 [JavaFX Application Thread] DEBUG PrimaryStageWindow   - Push state: DialogSubScene
23:49:37.250 [JavaFX Application Thread] DEBUG Input                - Clearing active input actions
23:49:37.250 [JavaFX Application Thread] DEBUG GameApplicationServi - Removing overlay from GameScene and adding to DialogSubScene
23:49:37.250 [JavaFX Application Thread] DEBUG PrimaryStageWindow   - GameScene -> DialogSubScene
23:49:38.027 [JavaFX Application Thread] DEBUG PrimaryStageWindow   - Pop state: DialogSubScene
23:49:38.027 [JavaFX Application Thread] DEBUG Input                - Clearing active input actions
23:49:38.027 [JavaFX Application Thread] DEBUG GameApplicationServi - Removing overlay from DialogSubScene and adding to GameScene
23:49:38.027 [JavaFX Application Thread] DEBUG PrimaryStageWindow   - GameScene <- DialogSubScene
23:49:38.029 [JavaFX Application Thread] DEBUG PrimaryStageWindow   - Push state: DialogSubScene
23:49:38.029 [JavaFX Application Thread] DEBUG Input                - Clearing active input actions
23:49:38.029 [JavaFX Application Thread] DEBUG GameApplicationServi - Removing overlay from GameScene and adding to DialogSubScene
23:49:38.029 [JavaFX Application Thread] DEBUG PrimaryStageWindow   - GameScene -> DialogSubScene
23:49:38.607 [JavaFX Application Thread] DEBUG PrimaryStageWindow   - Pop state: DialogSubScene
23:49:38.607 [JavaFX Application Thread] DEBUG Input                - Clearing active input actions
23:49:38.607 [JavaFX Application Thread] DEBUG GameApplicationServi - Removing overlay from DialogSubScene and adding to GameScene
23:49:38.607 [JavaFX Application Thread] DEBUG PrimaryStageWindow   - GameScene <- DialogSubScene
23:49:49.042 [JavaFX Application Thread] DEBUG PrimaryStageWindow   - Push state: DialogSubScene
23:49:49.042 [JavaFX Application Thread] DEBUG Input                - Clearing active input actions
23:49:49.042 [JavaFX Application Thread] DEBUG GameApplicationServi - Removing overlay from GameScene and adding to DialogSubScene
23:49:49.042 [JavaFX Application Thread] DEBUG PrimaryStageWindow   - GameScene -> DialogSubScene
23:49:50.432 [JavaFX Application Thread] DEBUG PrimaryStageWindow   - Pop state: DialogSubScene
23:49:50.432 [JavaFX Application Thread] DEBUG Input                - Clearing active input actions
23:49:50.432 [JavaFX Application Thread] DEBUG GameApplicationServi - Removing overlay from DialogSubScene and adding to GameScene
23:49:50.432 [JavaFX Application Thread] DEBUG PrimaryStageWindow   - GameScene <- DialogSubScene
23:49:50.435 [JavaFX Application Thread] DEBUG PrimaryStageWindow   - Push state: DialogSubScene
23:49:50.435 [JavaFX Application Thread] DEBUG Input                - Clearing active input actions
23:49:50.435 [JavaFX Application Thread] DEBUG GameApplicationServi - Removing overlay from GameScene and adding to DialogSubScene
23:49:50.435 [JavaFX Application Thread] DEBUG PrimaryStageWindow   - GameScene -> DialogSubScene
23:49:50.919 [JavaFX Application Thread] DEBUG PrimaryStageWindow   - Pop state: DialogSubScene
23:49:50.919 [JavaFX Application Thread] DEBUG Input                - Clearing active input actions
23:49:50.919 [JavaFX Application Thread] DEBUG GameApplicationServi - Removing overlay from DialogSubScene and adding to GameScene
23:49:50.919 [JavaFX Application Thread] DEBUG PrimaryStageWindow   - GameScene <- DialogSubScene
23:49:51.550 [JavaFX Application Thread] DEBUG PrimaryStageWindow   - Push state: InGameMenuScene
23:49:51.551 [JavaFX Application Thread] DEBUG Input                - Clearing active input actions
23:49:51.551 [JavaFX Application Thread] DEBUG GameApplicationServi - Removing overlay from GameScene and adding to InGameMenuScene
23:49:51.551 [JavaFX Application Thread] DEBUG PrimaryStageWindow   - GameScene -> InGameMenuScene
23:49:52.142 [JavaFX Application Thread] DEBUG Menu                 - fireExitToMainMenu()
23:49:52.143 [JavaFX Application Thread] DEBUG PrimaryStageWindow   - Push state: DialogSubScene
23:49:52.143 [JavaFX Application Thread] DEBUG Input                - Clearing active input actions
23:49:52.143 [JavaFX Application Thread] DEBUG GameApplicationServi - Removing overlay from InGameMenuScene and adding to DialogSubScene
23:49:52.143 [JavaFX Application Thread] DEBUG PrimaryStageWindow   - InGameMenuScene -> DialogSubScene
23:49:52.983 [JavaFX Application Thread] DEBUG PrimaryStageWindow   - Pop state: DialogSubScene
23:49:52.983 [JavaFX Application Thread] DEBUG Input                - Clearing active input actions
23:49:52.983 [JavaFX Application Thread] DEBUG GameApplicationServi - Removing overlay from DialogSubScene and adding to InGameMenuScene
23:49:52.983 [JavaFX Application Thread] DEBUG PrimaryStageWindow   - InGameMenuScene <- DialogSubScene
23:49:52.983 [JavaFX Application Thread] DEBUG PrimaryStageWindow   - Pop state: InGameMenuScene
23:49:52.983 [JavaFX Application Thread] DEBUG Input                - Clearing active input actions
23:49:52.983 [JavaFX Application Thread] DEBUG GameApplicationServi - Removing overlay from InGameMenuScene and adding to GameScene
23:49:52.983 [JavaFX Application Thread] DEBUG PrimaryStageWindow   - GameScene <- InGameMenuScene
23:49:52.983 [JavaFX Application Thread] DEBUG Input                - Clearing active input actions
23:49:52.984 [JavaFX Application Thread] DEBUG GameApplicationServi - Removing overlay from GameScene and adding to FXGLMainMenuDummyScene
23:49:52.984 [JavaFX Application Thread] DEBUG PrimaryStageWindow   - GameScene -> FXGLMainMenuDummyScene
23:49:52.984 [JavaFX Application Thread] DEBUG PrimaryStageWindow   - Push state: MainMenuScene
23:49:52.984 [JavaFX Application Thread] DEBUG Input                - Clearing active input actions
23:49:52.985 [JavaFX Application Thread] DEBUG GameApplicationServi - Removing overlay from FXGLMainMenuDummyScene and adding to MainMenuScene
23:49:52.985 [JavaFX Application Thread] DEBUG PrimaryStageWindow   - FXGLMainMenuDummyScene -> MainMenuScene
23:49:53.856 [JavaFX Application Thread] DEBUG PrimaryStageWindow   - Push state: DialogSubScene
23:49:53.856 [JavaFX Application Thread] DEBUG Input                - Clearing active input actions
23:49:53.856 [JavaFX Application Thread] DEBUG GameApplicationServi - Removing overlay from MainMenuScene and adding to DialogSubScene
23:49:53.856 [JavaFX Application Thread] DEBUG PrimaryStageWindow   - MainMenuScene -> DialogSubScene
23:49:54.537 [JavaFX Application Thread] DEBUG PrimaryStageWindow   - Pop state: DialogSubScene
23:49:54.537 [JavaFX Application Thread] DEBUG Input                - Clearing active input actions
23:49:54.537 [JavaFX Application Thread] DEBUG GameApplicationServi - Removing overlay from DialogSubScene and adding to MainMenuScene
23:49:54.537 [JavaFX Application Thread] DEBUG PrimaryStageWindow   - MainMenuScene <- DialogSubScene
23:49:54.539 [JavaFX Application Thread] DEBUG GameApplicationServi - Starting new game
23:49:54.539 [JavaFX Application Thread] DEBUG PrimaryStageWindow   - Pop state: MainMenuScene
23:49:54.539 [JavaFX Application Thread] DEBUG Input                - Clearing active input actions
23:49:54.539 [JavaFX Application Thread] DEBUG GameApplicationServi - Removing overlay from MainMenuScene and adding to FXGLMainMenuDummyScene
23:49:54.539 [JavaFX Application Thread] DEBUG PrimaryStageWindow   - FXGLMainMenuDummyScene <- MainMenuScene
23:49:54.539 [JavaFX Application Thread] DEBUG Input                - Clearing active input actions
23:49:54.541 [JavaFX Application Thread] DEBUG GameApplicationServi - Removing overlay from FXGLMainMenuDummyScene and adding to FXGLLoadingScene
23:49:54.541 [JavaFX Application Thread] DEBUG PrimaryStageWindow   - FXGLMainMenuDummyScene -> FXGLLoadingScene
23:49:54.541 [JavaFX Application Thread] DEBUG GameApplicationServi - Clearing previous game
23:49:54.541 [JavaFX Application Thread] DEBUG GameScene            - Clearing game scene
23:49:54.541 [JavaFX Application Thread] DEBUG GameWorld            - Clearing game world
23:49:54.541 [JavaFX Application Thread] DEBUG PhysicsWorld         - Clearing physics world
23:49:54.541 [FXGL Background Thread 2 ] DEBUG FXGLApplication      - Initializing game
23:49:54.544 [FXGL Background Thread 2 ] INFO  FXGLApplication      - Game initialization took: 0.003 sec
23:49:54.544 [JavaFX Application Thread] DEBUG Input                - Clearing active input actions
23:49:54.546 [JavaFX Application Thread] DEBUG GameApplicationServi - Removing overlay from FXGLLoadingScene and adding to GameScene
23:49:54.546 [JavaFX Application Thread] DEBUG PrimaryStageWindow   - FXGLLoadingScene -> GameScene
23:49:55.107 [JavaFX Application Thread] DEBUG PrimaryStageWindow   - Push state: InGameMenuScene
23:49:55.107 [JavaFX Application Thread] DEBUG Input                - Clearing active input actions
23:49:55.107 [JavaFX Application Thread] DEBUG GameApplicationServi - Removing overlay from GameScene and adding to InGameMenuScene
23:49:55.107 [JavaFX Application Thread] DEBUG PrimaryStageWindow   - GameScene -> InGameMenuScene
23:49:55.632 [JavaFX Application Thread] DEBUG Menu                 - fireExitToMainMenu()
23:49:55.632 [JavaFX Application Thread] DEBUG PrimaryStageWindow   - Push state: DialogSubScene
23:49:55.632 [JavaFX Application Thread] DEBUG Input                - Clearing active input actions
23:49:55.632 [JavaFX Application Thread] DEBUG GameApplicationServi - Removing overlay from InGameMenuScene and adding to DialogSubScene
23:49:55.632 [JavaFX Application Thread] DEBUG PrimaryStageWindow   - InGameMenuScene -> DialogSubScene
23:49:56.273 [JavaFX Application Thread] DEBUG PrimaryStageWindow   - Pop state: DialogSubScene
23:49:56.273 [JavaFX Application Thread] DEBUG Input                - Clearing active input actions
23:49:56.274 [JavaFX Application Thread] DEBUG GameApplicationServi - Removing overlay from DialogSubScene and adding to InGameMenuScene
23:49:56.274 [JavaFX Application Thread] DEBUG PrimaryStageWindow   - InGameMenuScene <- DialogSubScene
23:49:56.274 [JavaFX Application Thread] DEBUG PrimaryStageWindow   - Pop state: InGameMenuScene
23:49:56.274 [JavaFX Application Thread] DEBUG Input                - Clearing active input actions
23:49:56.274 [JavaFX Application Thread] DEBUG GameApplicationServi - Removing overlay from InGameMenuScene and adding to GameScene
23:49:56.274 [JavaFX Application Thread] DEBUG PrimaryStageWindow   - GameScene <- InGameMenuScene
23:49:56.274 [JavaFX Application Thread] DEBUG Input                - Clearing active input actions
23:49:56.275 [JavaFX Application Thread] DEBUG GameApplicationServi - Removing overlay from GameScene and adding to FXGLMainMenuDummyScene
23:49:56.275 [JavaFX Application Thread] DEBUG PrimaryStageWindow   - GameScene -> FXGLMainMenuDummyScene
23:49:56.275 [JavaFX Application Thread] DEBUG PrimaryStageWindow   - Push state: MainMenuScene
23:49:56.275 [JavaFX Application Thread] DEBUG Input                - Clearing active input actions
23:49:56.275 [JavaFX Application Thread] DEBUG GameApplicationServi - Removing overlay from FXGLMainMenuDummyScene and adding to MainMenuScene
23:49:56.275 [JavaFX Application Thread] DEBUG PrimaryStageWindow   - FXGLMainMenuDummyScene -> MainMenuScene
23:49:56.997 [JavaFX Application Thread] DEBUG PrimaryStageWindow   - Push state: DialogSubScene
23:49:56.997 [JavaFX Application Thread] DEBUG Input                - Clearing active input actions
23:49:56.997 [JavaFX Application Thread] DEBUG GameApplicationServi - Removing overlay from MainMenuScene and adding to DialogSubScene
23:49:56.997 [JavaFX Application Thread] DEBUG PrimaryStageWindow   - MainMenuScene -> DialogSubScene
23:49:57.404 [JavaFX Application Thread] DEBUG PrimaryStageWindow   - Pop state: DialogSubScene
23:49:57.404 [JavaFX Application Thread] DEBUG Input                - Clearing active input actions
23:49:57.404 [JavaFX Application Thread] DEBUG GameApplicationServi - Removing overlay from DialogSubScene and adding to MainMenuScene
23:49:57.405 [JavaFX Application Thread] DEBUG PrimaryStageWindow   - MainMenuScene <- DialogSubScene
23:49:57.407 [JavaFX Application Thread] DEBUG GameApplicationServi - Starting new game
23:49:57.407 [JavaFX Application Thread] DEBUG PrimaryStageWindow   - Pop state: MainMenuScene
23:49:57.407 [JavaFX Application Thread] DEBUG Input                - Clearing active input actions
23:49:57.407 [JavaFX Application Thread] DEBUG GameApplicationServi - Removing overlay from MainMenuScene and adding to FXGLMainMenuDummyScene
23:49:57.407 [JavaFX Application Thread] DEBUG PrimaryStageWindow   - FXGLMainMenuDummyScene <- MainMenuScene
23:49:57.407 [JavaFX Application Thread] DEBUG Input                - Clearing active input actions
23:49:57.408 [JavaFX Application Thread] DEBUG GameApplicationServi - Removing overlay from FXGLMainMenuDummyScene and adding to FXGLLoadingScene
23:49:57.408 [JavaFX Application Thread] DEBUG PrimaryStageWindow   - FXGLMainMenuDummyScene -> FXGLLoadingScene
23:49:57.408 [JavaFX Application Thread] DEBUG GameApplicationServi - Clearing previous game
23:49:57.408 [JavaFX Application Thread] DEBUG GameScene            - Clearing game scene
23:49:57.408 [JavaFX Application Thread] DEBUG GameWorld            - Clearing game world
23:49:57.409 [JavaFX Application Thread] DEBUG PhysicsWorld         - Clearing physics world
23:49:57.409 [FXGL Background Thread 2 ] DEBUG FXGLApplication      - Initializing game
23:49:57.412 [FXGL Background Thread 2 ] INFO  FXGLApplication      - Game initialization took: 0.003 sec
23:49:57.412 [JavaFX Application Thread] DEBUG Input                - Clearing active input actions
23:49:57.413 [JavaFX Application Thread] DEBUG GameApplicationServi - Removing overlay from FXGLLoadingScene and adding to GameScene
23:49:57.413 [JavaFX Application Thread] DEBUG PrimaryStageWindow   - FXGLLoadingScene -> GameScene
23:49:57.977 [JavaFX Application Thread] DEBUG PrimaryStageWindow   - Push state: InGameMenuScene
23:49:57.977 [JavaFX Application Thread] DEBUG Input                - Clearing active input actions
23:49:57.978 [JavaFX Application Thread] DEBUG GameApplicationServi - Removing overlay from GameScene and adding to InGameMenuScene
23:49:57.978 [JavaFX Application Thread] DEBUG PrimaryStageWindow   - GameScene -> InGameMenuScene
23:49:58.431 [JavaFX Application Thread] DEBUG Menu                 - fireExitToMainMenu()
23:49:58.431 [JavaFX Application Thread] DEBUG PrimaryStageWindow   - Push state: DialogSubScene
23:49:58.431 [JavaFX Application Thread] DEBUG Input                - Clearing active input actions
23:49:58.431 [JavaFX Application Thread] DEBUG GameApplicationServi - Removing overlay from InGameMenuScene and adding to DialogSubScene
23:49:58.432 [JavaFX Application Thread] DEBUG PrimaryStageWindow   - InGameMenuScene -> DialogSubScene
23:49:58.872 [JavaFX Application Thread] DEBUG PrimaryStageWindow   - Pop state: DialogSubScene
23:49:58.872 [JavaFX Application Thread] DEBUG Input                - Clearing active input actions
23:49:58.872 [JavaFX Application Thread] DEBUG GameApplicationServi - Removing overlay from DialogSubScene and adding to InGameMenuScene
23:49:58.872 [JavaFX Application Thread] DEBUG PrimaryStageWindow   - InGameMenuScene <- DialogSubScene
23:49:58.872 [JavaFX Application Thread] DEBUG PrimaryStageWindow   - Pop state: InGameMenuScene
23:49:58.872 [JavaFX Application Thread] DEBUG Input                - Clearing active input actions
23:49:58.872 [JavaFX Application Thread] DEBUG GameApplicationServi - Removing overlay from InGameMenuScene and adding to GameScene
23:49:58.872 [JavaFX Application Thread] DEBUG PrimaryStageWindow   - GameScene <- InGameMenuScene
23:49:58.874 [JavaFX Application Thread] DEBUG Input                - Clearing active input actions
23:49:58.875 [JavaFX Application Thread] DEBUG GameApplicationServi - Removing overlay from GameScene and adding to FXGLMainMenuDummyScene
23:49:58.875 [JavaFX Application Thread] DEBUG PrimaryStageWindow   - GameScene -> FXGLMainMenuDummyScene
23:49:58.875 [JavaFX Application Thread] DEBUG PrimaryStageWindow   - Push state: MainMenuScene
23:49:58.875 [JavaFX Application Thread] DEBUG Input                - Clearing active input actions
23:49:58.875 [JavaFX Application Thread] DEBUG GameApplicationServi - Removing overlay from FXGLMainMenuDummyScene and adding to MainMenuScene
23:49:58.875 [JavaFX Application Thread] DEBUG PrimaryStageWindow   - FXGLMainMenuDummyScene -> MainMenuScene
23:49:59.699 [JavaFX Application Thread] DEBUG PrimaryStageWindow   - Push state: DialogSubScene
23:49:59.699 [JavaFX Application Thread] DEBUG Input                - Clearing active input actions
23:49:59.699 [JavaFX Application Thread] DEBUG GameApplicationServi - Removing overlay from MainMenuScene and adding to DialogSubScene
23:49:59.699 [JavaFX Application Thread] DEBUG PrimaryStageWindow   - MainMenuScene -> DialogSubScene
23:50:00.105 [JavaFX Application Thread] DEBUG PrimaryStageWindow   - Pop state: DialogSubScene
23:50:00.105 [JavaFX Application Thread] DEBUG Input                - Clearing active input actions
23:50:00.105 [JavaFX Application Thread] DEBUG GameApplicationServi - Removing overlay from DialogSubScene and adding to MainMenuScene
23:50:00.105 [JavaFX Application Thread] DEBUG PrimaryStageWindow   - MainMenuScene <- DialogSubScene
23:50:00.107 [JavaFX Application Thread] DEBUG GameApplicationServi - Starting new game
23:50:00.107 [JavaFX Application Thread] DEBUG PrimaryStageWindow   - Pop state: MainMenuScene
23:50:00.107 [JavaFX Application Thread] DEBUG Input                - Clearing active input actions
23:50:00.107 [JavaFX Application Thread] DEBUG GameApplicationServi - Removing overlay from MainMenuScene and adding to FXGLMainMenuDummyScene
23:50:00.107 [JavaFX Application Thread] DEBUG PrimaryStageWindow   - FXGLMainMenuDummyScene <- MainMenuScene
23:50:00.107 [JavaFX Application Thread] DEBUG Input                - Clearing active input actions
23:50:00.108 [JavaFX Application Thread] DEBUG GameApplicationServi - Removing overlay from FXGLMainMenuDummyScene and adding to FXGLLoadingScene
23:50:00.108 [JavaFX Application Thread] DEBUG PrimaryStageWindow   - FXGLMainMenuDummyScene -> FXGLLoadingScene
23:50:00.108 [JavaFX Application Thread] DEBUG GameApplicationServi - Clearing previous game
23:50:00.108 [JavaFX Application Thread] DEBUG GameScene            - Clearing game scene
23:50:00.108 [JavaFX Application Thread] DEBUG GameWorld            - Clearing game world
23:50:00.108 [JavaFX Application Thread] DEBUG PhysicsWorld         - Clearing physics world
23:50:00.108 [FXGL Background Thread 2 ] DEBUG FXGLApplication      - Initializing game
23:50:00.111 [FXGL Background Thread 2 ] INFO  FXGLApplication      - Game initialization took: 0.003 sec
23:50:00.111 [JavaFX Application Thread] DEBUG Input                - Clearing active input actions
23:50:00.112 [JavaFX Application Thread] DEBUG GameApplicationServi - Removing overlay from FXGLLoadingScene and adding to GameScene
23:50:00.112 [JavaFX Application Thread] DEBUG PrimaryStageWindow   - FXGLLoadingScene -> GameScene
23:50:02.208 [JavaFX Application Thread] DEBUG PrimaryStageWindow   - Push state: InGameMenuScene
23:50:02.208 [JavaFX Application Thread] DEBUG Input                - Clearing active input actions
23:50:02.209 [JavaFX Application Thread] DEBUG GameApplicationServi - Removing overlay from GameScene and adding to InGameMenuScene
23:50:02.209 [JavaFX Application Thread] DEBUG PrimaryStageWindow   - GameScene -> InGameMenuScene
23:50:02.661 [JavaFX Application Thread] DEBUG Menu                 - fireExitToMainMenu()
23:50:02.662 [JavaFX Application Thread] DEBUG PrimaryStageWindow   - Push state: DialogSubScene
23:50:02.662 [JavaFX Application Thread] DEBUG Input                - Clearing active input actions
23:50:02.662 [JavaFX Application Thread] DEBUG GameApplicationServi - Removing overlay from InGameMenuScene and adding to DialogSubScene
23:50:02.662 [JavaFX Application Thread] DEBUG PrimaryStageWindow   - InGameMenuScene -> DialogSubScene
23:50:03.284 [JavaFX Application Thread] DEBUG PrimaryStageWindow   - Pop state: DialogSubScene
23:50:03.284 [JavaFX Application Thread] DEBUG Input                - Clearing active input actions
23:50:03.284 [JavaFX Application Thread] DEBUG GameApplicationServi - Removing overlay from DialogSubScene and adding to InGameMenuScene
23:50:03.284 [JavaFX Application Thread] DEBUG PrimaryStageWindow   - InGameMenuScene <- DialogSubScene
23:50:03.284 [JavaFX Application Thread] DEBUG PrimaryStageWindow   - Pop state: InGameMenuScene
23:50:03.284 [JavaFX Application Thread] DEBUG Input                - Clearing active input actions
23:50:03.284 [JavaFX Application Thread] DEBUG GameApplicationServi - Removing overlay from InGameMenuScene and adding to GameScene
23:50:03.284 [JavaFX Application Thread] DEBUG PrimaryStageWindow   - GameScene <- InGameMenuScene
23:50:03.284 [JavaFX Application Thread] DEBUG Input                - Clearing active input actions
23:50:03.285 [JavaFX Application Thread] DEBUG GameApplicationServi - Removing overlay from GameScene and adding to FXGLMainMenuDummyScene
23:50:03.285 [JavaFX Application Thread] DEBUG PrimaryStageWindow   - GameScene -> FXGLMainMenuDummyScene
23:50:03.285 [JavaFX Application Thread] DEBUG PrimaryStageWindow   - Push state: MainMenuScene
23:50:03.285 [JavaFX Application Thread] DEBUG Input                - Clearing active input actions
23:50:03.286 [JavaFX Application Thread] DEBUG GameApplicationServi - Removing overlay from FXGLMainMenuDummyScene and adding to MainMenuScene
23:50:03.286 [JavaFX Application Thread] DEBUG PrimaryStageWindow   - FXGLMainMenuDummyScene -> MainMenuScene
23:50:11.166 [JavaFX Application Thread] DEBUG PrimaryStageWindow   - Push state: DialogSubScene
23:50:11.166 [JavaFX Application Thread] DEBUG Input                - Clearing active input actions
23:50:11.166 [JavaFX Application Thread] DEBUG GameApplicationServi - Removing overlay from MainMenuScene and adding to DialogSubScene
23:50:11.166 [JavaFX Application Thread] DEBUG PrimaryStageWindow   - MainMenuScene -> DialogSubScene
23:50:12.804 [JavaFX Application Thread] DEBUG FXGLApplication      - Exiting FXGL
23:50:12.804 [JavaFX Application Thread] DEBUG LoopRunner           - Stopping loop
23:50:12.804 [JavaFX Application Thread] DEBUG SystemBundleService  - Saving FXGL system data
23:50:12.804 [JavaFX Application Thread] DEBUG FileSystemAccess     - Writing to: E:\G2\java\final_project\team_project_1124\javaA-xiangqi-project-main\system\fxgl.bundle
23:50:12.805 [JavaFX Application Thread] DEBUG Async                - Shutting down background threads
23:50:12.805 [JavaFX Application Thread] DEBUG PrimaryStageWindow   - Closing main window
23:50:12.811 [JavaFX Application Thread] DEBUG Logger               - Closing Logger
