10:40:28.339 [main                     ] DEBUG Logger               - Configured Logger
10:40:28.365 [main                     ] DEBUG GameApplication      - Logging settings
Title: 中国象棋 1.0
Version: 1.0
Width: 1316
Height: 1007
Fullscreen: false
Intro: false
Profiling: false
Single step:false
App Mode: DEVELOPER
Menu Key: ESCAPE
Stage Style: DECORATED
Scene Factory: class edu.sustech.xiangqi.XiangQiApp$1

10:40:28.934 [JavaFX Application Thread] DEBUG FXGLApplication      - Initializing FXGL
10:40:28.937 [JavaFX Application Thread] INFO  Engine               - FXGL-21.1 (27.03.2024 07.52) on WINDOWS (J:23.0.2 FX:21.0.1)
10:40:28.937 [JavaFX Application Thread] DEBUG Engine               - JRE Vendor Name: Amazon.com Inc.
10:40:28.937 [JavaFX Application Thread] DEBUG Engine               - Running on OS: Windows 11 version 10.0
10:40:28.937 [JavaFX Application Thread] DEBUG Engine               - Architecture: amd64
10:40:28.937 [JavaFX Application Thread] INFO  Engine               - Source code and latest versions at: https://github.com/AlmasB/FXGL
10:40:28.937 [JavaFX Application Thread] INFO  Engine               -       Ask questions and discuss at: https://github.com/AlmasB/FXGL/discussions
10:40:28.937 [JavaFX Application Thread] INFO  Engine               -              Join the FXGL chat at: https://gitter.im/AlmasB/FXGL
10:40:29.014 [JavaFX Application Thread] DEBUG PrimaryStageWindow   - Creating a JavaFX scene
10:40:29.049 [JavaFX Application Thread] DEBUG PrimaryStageWindow   - Target settings size: 1316.0 x 1007.0
10:40:29.049 [JavaFX Application Thread] DEBUG PrimaryStageWindow   - Scaled scene size:    1316.0 x 1007.0
10:40:29.049 [JavaFX Application Thread] DEBUG PrimaryStageWindow   - Scaled ratio: (1.0, 1.0)
10:40:29.050 [JavaFX Application Thread] DEBUG PrimaryStageWindow   - Set initial scene to FXGLStartupScene
10:40:29.052 [JavaFX Application Thread] DEBUG PrimaryStageWindow   - Opening main window
10:40:29.208 [JavaFX Application Thread] DEBUG PrimaryStageWindow   - Window border size: (14.6666259765625, 37.6666259765625)
10:40:29.208 [JavaFX Application Thread] DEBUG PrimaryStageWindow   - Scaled size: 1316.0 x 1007.0
10:40:29.208 [JavaFX Application Thread] DEBUG PrimaryStageWindow   - Scaled ratio: (1.0, 1.0)
10:40:29.208 [JavaFX Application Thread] DEBUG PrimaryStageWindow   - Scene size: 1316.0 x 1007.0
10:40:29.208 [JavaFX Application Thread] DEBUG PrimaryStageWindow   - Stage size: 1330.6666259765625 x 1044.6666259765625
10:40:29.216 [FXGL Background Thread 1 ] DEBUG Engine               - Initializing environment variables
10:40:29.376 [FXGL Background Thread 1 ] DEBUG FXGLAssetLoaderServi - User app class for loading assets: class edu.sustech.xiangqi.XiangQiApp
10:40:29.376 [FXGL Background Thread 1 ] DEBUG GameApplicationServi - Applying CSS: fxgl_dark.css
10:40:29.376 [FXGL Background Thread 1 ] DEBUG FXGLAssetLoaderServi - Loading from file system: jar:file:/C:/Users/%e5%b0%b9%e7%8e%ba%e9%aa%85/.m2/repository/com/github/almasb/fxgl/21.1/fxgl-21.1.jar!/fxglassets/ui/css/fxgl_dark.css
10:40:29.452 [FXGL Background Thread 1 ] DEBUG GameApplicationServi - Initializing application scenes
10:40:29.560 [FXGL Background Thread 1 ] DEBUG GameWorld            - Game world initialized
10:40:29.610 [FXGL Background Thread 1 ] DEBUG PhysicsWorld         - Physics world initialized: appHeight=1007, physics.ppm=50.0
10:40:29.610 [FXGL Background Thread 1 ] DEBUG PhysicsWorld         - Using strategy: BRUTE_FORCE
10:40:29.613 [FXGL Background Thread 1 ] DEBUG GameScene            - Game scene initialized: 1316x1007
10:40:29.620 [FXGL Background Thread 1 ] DEBUG FXGLAssetLoaderServi - Loading from file system: file:/E:/G2/java/final_project/team_project_1124/javaA-xiangqi-project-main/target/classes/assets/ui/fonts/HYPixel11pxU-2.ttf
10:40:29.678 [FXGL Background Thread 1 ] DEBUG FXGLAssetLoaderServi - Loading from file system: file:/E:/G2/java/final_project/team_project_1124/javaA-xiangqi-project-main/target/classes/assets/textures/Button1.png
10:40:29.693 [FXGL Background Thread 1 ] DEBUG FXGLAssetLoaderServi - Loading from file system: file:/E:/G2/java/final_project/team_project_1124/javaA-xiangqi-project-main/target/classes/assets/textures/Press.png
10:40:29.761 [FXGL Background Thread 1 ] DEBUG GameApplicationServi - Application scenes initialized
10:40:29.770 [FXGL Background Thread 1 ] DEBUG SystemBundleService  - Loading FXGL system data
10:40:29.773 [FXGL Background Thread 1 ] DEBUG FileSystemAccess     - Reading from: E:\G2\java\final_project\team_project_1124\javaA-xiangqi-project-main\system\fxgl.bundle
10:40:29.778 [FXGL Background Thread 1 ] DEBUG SystemBundleService  - Bundle FXGL: {}
10:40:29.778 [FXGL Background Thread 1 ] DEBUG UpdaterService       - Checking for updates
10:40:29.782 [FXGL Background Thread 4 ] DEBUG FXGLApplication      - Loading fonts
10:40:29.783 [FXGL Background Thread 1 ] DEBUG FXGLApplication      - Loading default localization
10:40:29.783 [FXGL Background Thread 4 ] DEBUG FXGLAssetLoaderServi - Loading from file system: jar:file:/C:/Users/%e5%b0%b9%e7%8e%ba%e9%aa%85/.m2/repository/com/github/almasb/fxgl/21.1/fxgl-21.1.jar!/fxglassets/ui/fonts/VarelaRound-Regular.ttf
10:40:29.784 [FXGL Background Thread 1 ] DEBUG FXGLAssetLoaderServi - Loading from file system: jar:file:/C:/Users/%e5%b0%b9%e7%8e%ba%e9%aa%85/.m2/repository/com/github/almasb/fxgl/21.1/fxgl-21.1.jar!/fxglassets/languages/english.lang
10:40:29.789 [FXGL Background Thread 4 ] DEBUG FXGLAssetLoaderServi - Loading from file system: jar:file:/C:/Users/%e5%b0%b9%e7%8e%ba%e9%aa%85/.m2/repository/com/github/almasb/fxgl/21.1/fxgl-21.1.jar!/fxglassets/ui/fonts/Abel-Regular.ttf
10:40:29.794 [FXGL Background Thread 4 ] DEBUG FXGLAssetLoaderServi - Loading from file system: jar:file:/C:/Users/%e5%b0%b9%e7%8e%ba%e9%aa%85/.m2/repository/com/github/almasb/fxgl/21.1/fxgl-21.1.jar!/fxglassets/ui/fonts/TerminalLandMono-Regular.otf
10:40:29.796 [FXGL Background Thread 4 ] DEBUG FXGLAssetLoaderServi - Loading from file system: jar:file:/C:/Users/%e5%b0%b9%e7%8e%ba%e9%aa%85/.m2/repository/com/github/almasb/fxgl/21.1/fxgl-21.1.jar!/fxglassets/ui/fonts/Courier-Prime.ttf
10:40:29.847 [JavaFX Application Thread] DEBUG FXGLApplication      - Registering font factories with UI factory
10:40:29.972 [FXGL Background Thread 1 ] INFO  FXGLApplication      - FXGL initialization took: 0.756 sec
10:40:29.981 [JavaFX Application Thread] DEBUG Input                - Registered new binding: Click - LMB
10:40:29.983 [JavaFX Application Thread] DEBUG FXGLAssetLoaderServi - Loading from file system: jar:file:/C:/Users/%e5%b0%b9%e7%8e%ba%e9%aa%85/.m2/repository/com/github/almasb/fxgl/21.1/fxgl-21.1.jar!/fxglassets/textures/fxgl_icon.png
10:40:30.007 [JavaFX Application Thread] DEBUG FXGLAssetLoaderServi - Loading from file system: jar:file:/C:/Users/%e5%b0%b9%e7%8e%ba%e9%aa%85/.m2/repository/com/github/almasb/fxgl/21.1/fxgl-21.1.jar!/fxglassets/textures/fxgl_default_cursor.png
10:40:30.022 [JavaFX Application Thread] DEBUG Input                - Registered new binding: Screenshot - CTRL+8
10:40:30.023 [JavaFX Application Thread] DEBUG Input                - Registered new binding: System info dump - CTRL+9
10:40:30.023 [JavaFX Application Thread] DEBUG Input                - Registered new binding: Restart - CTRL+R
10:40:30.025 [JavaFX Application Thread] DEBUG Input                - Registered new binding: Toggle Debug Camera - CTRL+7
10:40:30.032 [JavaFX Application Thread] DEBUG LoopRunner           - Starting loop
10:40:30.032 [JavaFX Application Thread] DEBUG LoopRunner           - Initializing JavaFX AnimationTimerLoop
10:40:30.038 [JavaFX Application Thread] DEBUG Input                - Clearing active input actions
10:40:30.046 [JavaFX Application Thread] DEBUG GameApplicationServi - Removing overlay from FXGLStartupScene and adding to FXGLMainMenuDummyScene
10:40:30.046 [JavaFX Application Thread] DEBUG PrimaryStageWindow   - FXGLStartupScene -> FXGLMainMenuDummyScene
10:40:30.046 [JavaFX Application Thread] DEBUG PrimaryStageWindow   - Push state: MainMenuScene
10:40:30.047 [JavaFX Application Thread] DEBUG Input                - Clearing active input actions
10:40:30.055 [JavaFX Application Thread] DEBUG GameApplicationServi - Removing overlay from FXGLMainMenuDummyScene and adding to MainMenuScene
10:40:30.055 [JavaFX Application Thread] DEBUG PrimaryStageWindow   - FXGLMainMenuDummyScene -> MainMenuScene
10:40:30.607 [JavaFX Application Thread] DEBUG FXGLAssetLoaderServi - Loading from file system: file:/E:/G2/java/final_project/team_project_1124/javaA-xiangqi-project-main/target/classes/assets/music/%e6%8c%89%e9%92%ae%e9%9f%b3%e6%95%881.mp3
10:40:30.957 [JavaFX Application Thread] DEBUG AudioPlayer          - Playing music com.almasb.fxgl.audio.Music@4e1d1fcb
10:40:30.959 [JavaFX Application Thread] DEBUG AudioPlayer          - Playing music com.almasb.fxgl.audio.Music@4e1d1fcb
10:40:31.124 [JavaFX Application Thread] DEBUG AudioPlayer          - Playing music com.almasb.fxgl.audio.Music@4e1d1fcb
10:40:31.388 [JavaFX Application Thread] DEBUG Menu                 - fireNewGame()
10:40:31.388 [JavaFX Application Thread] DEBUG GameApplicationServi - Starting new game
10:40:31.389 [JavaFX Application Thread] DEBUG PrimaryStageWindow   - Pop state: MainMenuScene
10:40:31.389 [JavaFX Application Thread] DEBUG Input                - Clearing active input actions
10:40:31.389 [JavaFX Application Thread] DEBUG GameApplicationServi - Removing overlay from MainMenuScene and adding to FXGLMainMenuDummyScene
10:40:31.390 [JavaFX Application Thread] DEBUG PrimaryStageWindow   - FXGLMainMenuDummyScene <- MainMenuScene
10:40:31.390 [JavaFX Application Thread] DEBUG Input                - Clearing active input actions
10:40:31.401 [JavaFX Application Thread] DEBUG GameApplicationServi - Removing overlay from FXGLMainMenuDummyScene and adding to FXGLLoadingScene
10:40:31.401 [JavaFX Application Thread] DEBUG PrimaryStageWindow   - FXGLMainMenuDummyScene -> FXGLLoadingScene
10:40:31.401 [JavaFX Application Thread] DEBUG GameApplicationServi - Clearing previous game
10:40:31.401 [JavaFX Application Thread] DEBUG GameScene            - Clearing game scene
10:40:31.401 [JavaFX Application Thread] DEBUG GameWorld            - Clearing game world
10:40:31.401 [JavaFX Application Thread] DEBUG PhysicsWorld         - Clearing physics world
10:40:31.403 [FXGL Background Thread 2 ] DEBUG FXGLApplication      - Initializing game
10:40:31.419 [FXGL Background Thread 2 ] DEBUG FXGLAssetLoaderServi - Loading from file system: file:/E:/G2/java/final_project/team_project_1124/javaA-xiangqi-project-main/target/classes/assets/textures/%e8%83%8c%e6%99%af.jpg
10:40:31.529 [FXGL Background Thread 2 ] DEBUG FXGLAssetLoaderServi - Loading from file system: file:/E:/G2/java/final_project/team_project_1124/javaA-xiangqi-project-main/target/classes/assets/textures/ChessBoard.png
10:40:31.557 [FXGL Background Thread 2 ] DEBUG FXGLAssetLoaderServi - Loading from file system: file:/E:/G2/java/final_project/team_project_1124/javaA-xiangqi-project-main/target/classes/assets/textures/BlackChariot.png
10:40:31.593 [FXGL Background Thread 2 ] DEBUG FXGLAssetLoaderServi - Loading from file system: file:/E:/G2/java/final_project/team_project_1124/javaA-xiangqi-project-main/target/classes/assets/textures/BlackHorse.png
10:40:31.596 [FXGL Background Thread 2 ] DEBUG FXGLAssetLoaderServi - Loading from file system: file:/E:/G2/java/final_project/team_project_1124/javaA-xiangqi-project-main/target/classes/assets/textures/BlackElephant.png
10:40:31.599 [FXGL Background Thread 2 ] DEBUG FXGLAssetLoaderServi - Loading from file system: file:/E:/G2/java/final_project/team_project_1124/javaA-xiangqi-project-main/target/classes/assets/textures/BlackAdvisor.png
10:40:31.601 [FXGL Background Thread 2 ] DEBUG FXGLAssetLoaderServi - Loading from file system: file:/E:/G2/java/final_project/team_project_1124/javaA-xiangqi-project-main/target/classes/assets/textures/BlackGeneral.png
10:40:31.608 [FXGL Background Thread 2 ] DEBUG FXGLAssetLoaderServi - Loading from file system: file:/E:/G2/java/final_project/team_project_1124/javaA-xiangqi-project-main/target/classes/assets/textures/BlackCannon.png
10:40:31.612 [FXGL Background Thread 2 ] DEBUG FXGLAssetLoaderServi - Loading from file system: file:/E:/G2/java/final_project/team_project_1124/javaA-xiangqi-project-main/target/classes/assets/textures/BlackSoldier.png
10:40:31.618 [FXGL Background Thread 2 ] DEBUG FXGLAssetLoaderServi - Loading from file system: file:/E:/G2/java/final_project/team_project_1124/javaA-xiangqi-project-main/target/classes/assets/textures/RedSoldier.png
10:40:31.624 [FXGL Background Thread 2 ] DEBUG FXGLAssetLoaderServi - Loading from file system: file:/E:/G2/java/final_project/team_project_1124/javaA-xiangqi-project-main/target/classes/assets/textures/RedCannon.png
10:40:31.627 [FXGL Background Thread 2 ] DEBUG FXGLAssetLoaderServi - Loading from file system: file:/E:/G2/java/final_project/team_project_1124/javaA-xiangqi-project-main/target/classes/assets/textures/RedChariot.png
10:40:31.630 [FXGL Background Thread 2 ] DEBUG FXGLAssetLoaderServi - Loading from file system: file:/E:/G2/java/final_project/team_project_1124/javaA-xiangqi-project-main/target/classes/assets/textures/RedHorse.png
10:40:31.633 [FXGL Background Thread 2 ] DEBUG FXGLAssetLoaderServi - Loading from file system: file:/E:/G2/java/final_project/team_project_1124/javaA-xiangqi-project-main/target/classes/assets/textures/RedElephant.png
10:40:31.635 [FXGL Background Thread 2 ] DEBUG FXGLAssetLoaderServi - Loading from file system: file:/E:/G2/java/final_project/team_project_1124/javaA-xiangqi-project-main/target/classes/assets/textures/RedAdvisor.png
10:40:31.638 [FXGL Background Thread 2 ] DEBUG FXGLAssetLoaderServi - Loading from file system: file:/E:/G2/java/final_project/team_project_1124/javaA-xiangqi-project-main/target/classes/assets/textures/RedGeneral.png
10:40:31.648 [FXGL Background Thread 2 ] INFO  FXGLApplication      - Game initialization took: 0.245 sec
10:40:31.660 [JavaFX Application Thread] DEBUG Input                - Clearing active input actions
10:40:31.669 [JavaFX Application Thread] DEBUG GameApplicationServi - Removing overlay from FXGLLoadingScene and adding to GameScene
10:40:31.669 [JavaFX Application Thread] DEBUG PrimaryStageWindow   - FXGLLoadingScene -> GameScene
10:40:32.671 [JavaFX Application Thread] DEBUG FXGLAssetLoaderServi - Loading from file system: file:/E:/G2/java/final_project/team_project_1124/javaA-xiangqi-project-main/target/classes/assets/textures/%e9%80%89%e4%b8%ad.png
10:40:32.781 [FXGL Background Thread 3 ] DEBUG Engine               - Logging environment variables
10:40:32.781 [FXGL Background Thread 3 ] DEBUG Engine               - achievements: []
10:40:32.781 [FXGL Background Thread 3 ] DEBUG Engine               - actualHeight: 1007.0
10:40:32.781 [FXGL Background Thread 3 ] DEBUG Engine               - actualHeightProperty: ReadOnlyDoubleProperty [value: 1007.0]
10:40:32.781 [FXGL Background Thread 3 ] DEBUG Engine               - actualWidth: 1316.0
10:40:32.781 [FXGL Background Thread 3 ] DEBUG Engine               - actualWidthProperty: ReadOnlyDoubleProperty [value: 1316.0]
10:40:32.781 [FXGL Background Thread 3 ] DEBUG Engine               - appIcon: fxgl_icon.png
10:40:32.781 [FXGL Background Thread 3 ] DEBUG Engine               - applicationMode: DEVELOPER
10:40:32.781 [FXGL Background Thread 3 ] DEBUG Engine               - cSSList: [fxgl_dark.css]
10:40:32.781 [FXGL Background Thread 3 ] DEBUG Engine               - collisionDetectionStrategy: BRUTE_FORCE
10:40:32.781 [FXGL Background Thread 3 ] DEBUG Engine               - configClass: Optional.empty
10:40:32.781 [FXGL Background Thread 3 ] DEBUG Engine               - credits: []
10:40:32.784 [FXGL Background Thread 3 ] DEBUG Engine               - defaultCursor: CursorInfo(imageName=fxgl_default_cursor.png, hotspotX=7.0, hotspotY=6.0)
10:40:32.784 [FXGL Background Thread 3 ] DEBUG Engine               - devBBoxColorProperty: ObjectProperty [value: 0xff0000ff]
10:40:32.784 [FXGL Background Thread 3 ] DEBUG Engine               - devEnableDebugCameraProperty: BooleanProperty [value: false]
10:40:32.784 [FXGL Background Thread 3 ] DEBUG Engine               - devSensorColorProperty: ObjectProperty [value: 0xffff00ff]
10:40:32.784 [FXGL Background Thread 3 ] DEBUG Engine               - devShowBBoxProperty: BooleanProperty [value: false]
10:40:32.784 [FXGL Background Thread 3 ] DEBUG Engine               - devShowPositionProperty: BooleanProperty [value: false]
10:40:32.784 [FXGL Background Thread 3 ] DEBUG Engine               - enabledMenuItems: []
10:40:32.784 [FXGL Background Thread 3 ] DEBUG Engine               - engineServices: [class com.almasb.fxgl.app.services.FXGLAssetLoaderService, class com.almasb.fxgl.app.FXGLApplication$GameApplicationService, class com.almasb.fxgl.app.services.FXGLDialogService, class com.almasb.fxgl.app.services.IOTaskExecutorService, class com.almasb.fxgl.io.FileSystemService, class com.almasb.fxgl.localization.LocalizationService, class com.almasb.fxgl.app.services.SystemBundleService, class com.almasb.fxgl.profile.SaveLoadService, class com.almasb.fxgl.ui.FXGLUIFactoryServiceProvider, class com.almasb.fxgl.ui.FXGLDialogFactoryServiceProvider, class com.almasb.fxgl.audio.AudioPlayer, class com.almasb.fxgl.notification.impl.NotificationServiceProvider, class com.almasb.fxgl.achievement.AchievementService, class com.almasb.fxgl.cutscene.CutsceneService, class com.almasb.fxgl.minigames.MiniGameService, class com.almasb.fxgl.net.NetService, class com.almasb.fxgl.app.services.UpdaterService, class com.almasb.fxgl.dev.DevService]
10:40:32.784 [FXGL Background Thread 3 ] DEBUG Engine               - fontGame: Abel-Regular.ttf
10:40:32.785 [FXGL Background Thread 3 ] DEBUG Engine               - fontMono: TerminalLandMono-Regular.otf
10:40:32.785 [FXGL Background Thread 3 ] DEBUG Engine               - fontSizeScaleUI: 1.0
10:40:32.785 [FXGL Background Thread 3 ] DEBUG Engine               - fontText: Courier-Prime.ttf
10:40:32.785 [FXGL Background Thread 3 ] DEBUG Engine               - fontUI: VarelaRound-Regular.ttf
10:40:32.785 [FXGL Background Thread 3 ] DEBUG Engine               - fullScreen: BooleanProperty [value: false]
10:40:32.785 [FXGL Background Thread 3 ] DEBUG Engine               - gameDifficulty: MEDIUM
10:40:32.785 [FXGL Background Thread 3 ] DEBUG Engine               - gameDifficultyProperty: ObjectProperty [value: MEDIUM]
10:40:32.785 [FXGL Background Thread 3 ] DEBUG Engine               - globalMusicVolume: 0.5
10:40:32.785 [FXGL Background Thread 3 ] DEBUG Engine               - globalMusicVolumeProperty: DoubleProperty [value: 0.5]
10:40:32.785 [FXGL Background Thread 3 ] DEBUG Engine               - globalSoundVolume: 0.5
10:40:32.785 [FXGL Background Thread 3 ] DEBUG Engine               - globalSoundVolumeProperty: DoubleProperty [value: 0.5]
10:40:32.785 [FXGL Background Thread 3 ] DEBUG Engine               - height: 1007
10:40:32.785 [FXGL Background Thread 3 ] DEBUG Engine               - is3D: false
10:40:32.786 [FXGL Background Thread 3 ] DEBUG Engine               - isAndroid: false
10:40:32.786 [FXGL Background Thread 3 ] DEBUG Engine               - isBrowser: false
10:40:32.786 [FXGL Background Thread 3 ] DEBUG Engine               - isClickFeedbackEnabled: false
10:40:32.786 [FXGL Background Thread 3 ] DEBUG Engine               - isCloseConfirmation: false
10:40:32.786 [FXGL Background Thread 3 ] DEBUG Engine               - isDesktop: true
10:40:32.786 [FXGL Background Thread 3 ] DEBUG Engine               - isDeveloperMenuEnabled: false
10:40:32.786 [FXGL Background Thread 3 ] DEBUG Engine               - isEmbedded: false
10:40:32.786 [FXGL Background Thread 3 ] DEBUG Engine               - isEntityPreloadEnabled: true
10:40:32.786 [FXGL Background Thread 3 ] DEBUG Engine               - isExperimentalTiledLargeMap: false
10:40:32.786 [FXGL Background Thread 3 ] DEBUG Engine               - isFileSystemWriteAllowed: true
10:40:32.786 [FXGL Background Thread 3 ] DEBUG Engine               - isFullScreenAllowed: false
10:40:32.786 [FXGL Background Thread 3 ] DEBUG Engine               - isFullScreenFromStart: false
10:40:32.786 [FXGL Background Thread 3 ] DEBUG Engine               - isGameMenuEnabled: true
10:40:32.786 [FXGL Background Thread 3 ] DEBUG Engine               - isIOS: false
10:40:32.786 [FXGL Background Thread 3 ] DEBUG Engine               - isIntroEnabled: false
10:40:32.786 [FXGL Background Thread 3 ] DEBUG Engine               - isLinux: false
10:40:32.786 [FXGL Background Thread 3 ] DEBUG Engine               - isMac: false
10:40:32.786 [FXGL Background Thread 3 ] DEBUG Engine               - isMainMenuEnabled: true
10:40:32.786 [FXGL Background Thread 3 ] DEBUG Engine               - isManualResizeEnabled: false
10:40:32.786 [FXGL Background Thread 3 ] DEBUG Engine               - isMobile: false
10:40:32.786 [FXGL Background Thread 3 ] DEBUG Engine               - isNative: false
10:40:32.787 [FXGL Background Thread 3 ] DEBUG Engine               - isPauseMusicWhenMinimized: true
10:40:32.787 [FXGL Background Thread 3 ] DEBUG Engine               - isPreserveResizeRatio: false
10:40:32.787 [FXGL Background Thread 3 ] DEBUG Engine               - isProfilingEnabled: false
10:40:32.787 [FXGL Background Thread 3 ] DEBUG Engine               - isScaleAffectedOnResize: true
10:40:32.787 [FXGL Background Thread 3 ] DEBUG Engine               - isSingleStep: false
10:40:32.787 [FXGL Background Thread 3 ] DEBUG Engine               - isUserProfileEnabled: false
10:40:32.787 [FXGL Background Thread 3 ] DEBUG Engine               - isWindows: true
10:40:32.787 [FXGL Background Thread 3 ] DEBUG Engine               - language: ObjectProperty [value: ENGLISH]
10:40:32.787 [FXGL Background Thread 3 ] DEBUG Engine               - menuKey: ESCAPE
10:40:32.787 [FXGL Background Thread 3 ] DEBUG Engine               - mouseSensitivity: 0.2
10:40:32.787 [FXGL Background Thread 3 ] DEBUG Engine               - notificationViewClass: class com.almasb.fxgl.notification.view.XboxNotificationView
10:40:32.787 [FXGL Background Thread 3 ] DEBUG Engine               - pixelsPerMeter: 50.0
10:40:32.787 [FXGL Background Thread 3 ] DEBUG Engine               - platform: WINDOWS
10:40:32.787 [FXGL Background Thread 3 ] DEBUG Engine               - prefHeightProperty: ReadOnlyDoubleProperty [value: 1007.0]
10:40:32.787 [FXGL Background Thread 3 ] DEBUG Engine               - prefWidthProperty: ReadOnlyDoubleProperty [value: 1316.0]
10:40:32.787 [FXGL Background Thread 3 ] DEBUG Engine               - profileDir: profiles/
10:40:32.787 [FXGL Background Thread 3 ] DEBUG Engine               - profileName: StringProperty [value: DEFAULT]
10:40:32.787 [FXGL Background Thread 3 ] DEBUG Engine               - randomSeed: -1
10:40:32.787 [FXGL Background Thread 3 ] DEBUG Engine               - runtimeInfo: RuntimeInfo(platform=WINDOWS, version=21.1, build=27.03.2024 07.52)
10:40:32.787 [FXGL Background Thread 3 ] DEBUG Engine               - saveFileExt: sav
10:40:32.788 [FXGL Background Thread 3 ] DEBUG Engine               - scaledHeightProp$fxgl: DoubleProperty [bound, value: 1007.0]
10:40:32.788 [FXGL Background Thread 3 ] DEBUG Engine               - scaledWidthProp$fxgl: DoubleProperty [bound, value: 1316.0]
10:40:32.788 [FXGL Background Thread 3 ] DEBUG Engine               - sceneFactory: edu.sustech.xiangqi.XiangQiApp$1@4b7a363f
10:40:32.788 [FXGL Background Thread 3 ] DEBUG Engine               - secondsIn24h: 60
10:40:32.788 [FXGL Background Thread 3 ] DEBUG Engine               - soundMenuBack: menu/back.wav
10:40:32.788 [FXGL Background Thread 3 ] DEBUG Engine               - soundMenuPress: menu/press.wav
10:40:32.788 [FXGL Background Thread 3 ] DEBUG Engine               - soundMenuSelect: menu/select.wav
10:40:32.788 [FXGL Background Thread 3 ] DEBUG Engine               - soundNotification: core/notification.wav
10:40:32.788 [FXGL Background Thread 3 ] DEBUG Engine               - stageStyle: DECORATED
10:40:32.788 [FXGL Background Thread 3 ] DEBUG Engine               - supportedLanguages: [ENGLISH, FRENCH, GERMAN, HUNGARIAN, RUSSIAN]
10:40:32.788 [FXGL Background Thread 3 ] DEBUG Engine               - ticksPerSecond: -1
10:40:32.788 [FXGL Background Thread 3 ] DEBUG Engine               - title: 中国象棋 1.0
10:40:32.788 [FXGL Background Thread 3 ] DEBUG Engine               - urlGithub: https://github.com/AlmasB/FXGL
10:40:32.788 [FXGL Background Thread 3 ] DEBUG Engine               - urlLeaderboard: http://fxgl-top.herokuapp.com/
10:40:32.788 [FXGL Background Thread 3 ] DEBUG Engine               - urlPOM: https://raw.githubusercontent.com/AlmasB/FXGL/release/README.md
10:40:32.788 [FXGL Background Thread 3 ] DEBUG Engine               - userAppClass: class edu.sustech.xiangqi.XiangQiApp
10:40:32.788 [FXGL Background Thread 3 ] DEBUG Engine               - version: 1.0
10:40:32.788 [FXGL Background Thread 3 ] DEBUG Engine               - versionCheckDays: 7
10:40:32.788 [FXGL Background Thread 3 ] DEBUG Engine               - width: 1316
10:40:32.788 [FXGL Background Thread 3 ] DEBUG Engine               - Logging services
10:40:32.788 [FXGL Background Thread 3 ] DEBUG Engine               - class com.almasb.fxgl.app.services.FXGLAssetLoaderService
10:40:32.788 [FXGL Background Thread 3 ] DEBUG Engine               - class com.almasb.fxgl.app.FXGLApplication$GameApplicationService
10:40:32.788 [FXGL Background Thread 3 ] DEBUG Engine               - class com.almasb.fxgl.app.services.FXGLDialogService
10:40:32.788 [FXGL Background Thread 3 ] DEBUG Engine               - class com.almasb.fxgl.app.services.IOTaskExecutorService
10:40:32.788 [FXGL Background Thread 3 ] DEBUG Engine               - class com.almasb.fxgl.io.FileSystemService
10:40:32.789 [FXGL Background Thread 3 ] DEBUG Engine               - class com.almasb.fxgl.localization.LocalizationService
10:40:32.789 [FXGL Background Thread 3 ] DEBUG Engine               - class com.almasb.fxgl.app.services.SystemBundleService
10:40:32.789 [FXGL Background Thread 3 ] DEBUG Engine               - class com.almasb.fxgl.profile.SaveLoadService
10:40:32.789 [FXGL Background Thread 3 ] DEBUG Engine               - class com.almasb.fxgl.ui.FXGLUIFactoryServiceProvider
10:40:32.789 [FXGL Background Thread 3 ] DEBUG Engine               - class com.almasb.fxgl.ui.FXGLDialogFactoryServiceProvider
10:40:32.789 [FXGL Background Thread 3 ] DEBUG Engine               - class com.almasb.fxgl.audio.AudioPlayer
10:40:32.789 [FXGL Background Thread 3 ] DEBUG Engine               - class com.almasb.fxgl.notification.impl.NotificationServiceProvider
10:40:32.789 [FXGL Background Thread 3 ] DEBUG Engine               - class com.almasb.fxgl.achievement.AchievementService
10:40:32.789 [FXGL Background Thread 3 ] DEBUG Engine               - class com.almasb.fxgl.cutscene.CutsceneService
10:40:32.789 [FXGL Background Thread 3 ] DEBUG Engine               - class com.almasb.fxgl.minigames.MiniGameService
10:40:32.789 [FXGL Background Thread 3 ] DEBUG Engine               - class com.almasb.fxgl.net.NetService
10:40:32.789 [FXGL Background Thread 3 ] DEBUG Engine               - class com.almasb.fxgl.app.services.UpdaterService
10:40:32.789 [FXGL Background Thread 3 ] DEBUG Engine               - class com.almasb.fxgl.dev.DevService
10:40:33.683 [JavaFX Application Thread] DEBUG AudioPlayer          - Playing music com.almasb.fxgl.audio.Music@4e1d1fcb
10:40:34.069 [JavaFX Application Thread] DEBUG PrimaryStageWindow   - Push state: DialogSubScene
10:40:34.069 [JavaFX Application Thread] DEBUG Input                - Clearing active input actions
10:40:34.071 [JavaFX Application Thread] DEBUG GameApplicationServi - Removing overlay from GameScene and adding to DialogSubScene
10:40:34.071 [JavaFX Application Thread] DEBUG PrimaryStageWindow   - GameScene -> DialogSubScene
10:40:35.451 [JavaFX Application Thread] DEBUG PrimaryStageWindow   - Pop state: DialogSubScene
10:40:35.451 [JavaFX Application Thread] DEBUG Input                - Clearing active input actions
10:40:35.451 [JavaFX Application Thread] DEBUG GameApplicationServi - Removing overlay from DialogSubScene and adding to GameScene
10:40:35.451 [JavaFX Application Thread] DEBUG PrimaryStageWindow   - GameScene <- DialogSubScene
10:40:35.789 [JavaFX Application Thread] DEBUG AudioPlayer          - Playing music com.almasb.fxgl.audio.Music@4e1d1fcb
10:40:35.798 [JavaFX Application Thread] DEBUG AudioPlayer          - Playing music com.almasb.fxgl.audio.Music@4e1d1fcb
10:40:36.479 [JavaFX Application Thread] DEBUG FXGLApplication      - Exiting FXGL
10:40:36.479 [JavaFX Application Thread] DEBUG LoopRunner           - Stopping loop
10:40:36.479 [JavaFX Application Thread] DEBUG SystemBundleService  - Saving FXGL system data
10:40:36.481 [JavaFX Application Thread] DEBUG FileSystemAccess     - Writing to: E:\G2\java\final_project\team_project_1124\javaA-xiangqi-project-main\system\fxgl.bundle
10:40:36.482 [JavaFX Application Thread] DEBUG Async                - Shutting down background threads
10:40:36.482 [JavaFX Application Thread] DEBUG PrimaryStageWindow   - Closing main window
10:40:36.545 [JavaFX Application Thread] DEBUG Logger               - Closing Logger
