20:21:10.766 [main                     ] DEBUG Logger               - Configured Logger
20:21:10.774 [main                     ] DEBUG GameApplication      - Logging settings
Title: 中国象棋 1.0
Version: 1.0
Width: 1316
Height: 1007
Fullscreen: false
Intro: false
Profiling: false
Single step:false
App Mode: DEVELOPER
Menu Key: ESCAPE
Stage Style: DECORATED
Scene Factory: class edu.sustech.xiangqi.XiangQiApp$1

20:21:11.192 [JavaFX Application Thread] DEBUG FXGLApplication      - Initializing FXGL
20:21:11.194 [JavaFX Application Thread] INFO  Engine               - FXGL-21.1 (27.03.2024 07.52) on WINDOWS (J:23.0.2 FX:21.0.1)
20:21:11.194 [JavaFX Application Thread] DEBUG Engine               - JRE Vendor Name: Amazon.com Inc.
20:21:11.194 [JavaFX Application Thread] DEBUG Engine               - Running on OS: Windows 11 version 10.0
20:21:11.194 [JavaFX Application Thread] DEBUG Engine               - Architecture: amd64
20:21:11.194 [JavaFX Application Thread] INFO  Engine               - Source code and latest versions at: https://github.com/AlmasB/FXGL
20:21:11.194 [JavaFX Application Thread] INFO  Engine               -       Ask questions and discuss at: https://github.com/AlmasB/FXGL/discussions
20:21:11.194 [JavaFX Application Thread] INFO  Engine               -              Join the FXGL chat at: https://gitter.im/AlmasB/FXGL
20:21:11.256 [JavaFX Application Thread] DEBUG PrimaryStageWindow   - Creating a JavaFX scene
20:21:11.287 [JavaFX Application Thread] DEBUG PrimaryStageWindow   - Target settings size: 1316.0 x 1007.0
20:21:11.287 [JavaFX Application Thread] DEBUG PrimaryStageWindow   - Scaled scene size:    1316.0 x 1007.0
20:21:11.288 [JavaFX Application Thread] DEBUG PrimaryStageWindow   - Scaled ratio: (1.0, 1.0)
20:21:11.288 [JavaFX Application Thread] DEBUG PrimaryStageWindow   - Set initial scene to FXGLStartupScene
20:21:11.290 [JavaFX Application Thread] DEBUG PrimaryStageWindow   - Opening main window
20:21:11.363 [JavaFX Application Thread] DEBUG PrimaryStageWindow   - Window border size: (14.6666259765625, 37.6666259765625)
20:21:11.364 [JavaFX Application Thread] DEBUG PrimaryStageWindow   - Scaled size: 1316.0 x 1007.0
20:21:11.364 [JavaFX Application Thread] DEBUG PrimaryStageWindow   - Scaled ratio: (1.0, 1.0)
20:21:11.364 [JavaFX Application Thread] DEBUG PrimaryStageWindow   - Scene size: 1316.0 x 1007.0
20:21:11.364 [JavaFX Application Thread] DEBUG PrimaryStageWindow   - Stage size: 1330.6666259765625 x 1044.6666259765625
20:21:11.367 [FXGL Background Thread 1 ] DEBUG Engine               - Initializing environment variables
20:21:11.423 [FXGL Background Thread 1 ] DEBUG FXGLAssetLoaderServi - User app class for loading assets: class edu.sustech.xiangqi.XiangQiApp
20:21:11.423 [FXGL Background Thread 1 ] DEBUG GameApplicationServi - Applying CSS: fxgl_dark.css
20:21:11.424 [FXGL Background Thread 1 ] DEBUG FXGLAssetLoaderServi - Loading from file system: jar:file:/C:/Users/%e5%b0%b9%e7%8e%ba%e9%aa%85/.m2/repository/com/github/almasb/fxgl/21.1/fxgl-21.1.jar!/fxglassets/ui/css/fxgl_dark.css
20:21:11.453 [FXGL Background Thread 1 ] DEBUG GameApplicationServi - Initializing application scenes
20:21:11.521 [FXGL Background Thread 1 ] DEBUG GameWorld            - Game world initialized
20:21:11.571 [FXGL Background Thread 1 ] DEBUG PhysicsWorld         - Physics world initialized: appHeight=1007, physics.ppm=50.0
20:21:11.571 [FXGL Background Thread 1 ] DEBUG PhysicsWorld         - Using strategy: BRUTE_FORCE
20:21:11.574 [FXGL Background Thread 1 ] DEBUG GameScene            - Game scene initialized: 1316x1007
20:21:11.582 [FXGL Background Thread 1 ] DEBUG FXGLAssetLoaderServi - Loading from file system: file:/E:/G2/java/final_project/team_project_1124/javaA-xiangqi-project-main/target/classes/assets/ui/fonts/HYPixel11pxU-2.ttf
20:21:11.623 [FXGL Background Thread 1 ] DEBUG FXGLAssetLoaderServi - Loading from file system: file:/E:/G2/java/final_project/team_project_1124/javaA-xiangqi-project-main/target/classes/assets/textures/Button1.png
20:21:11.637 [FXGL Background Thread 1 ] DEBUG FXGLAssetLoaderServi - Loading from file system: file:/E:/G2/java/final_project/team_project_1124/javaA-xiangqi-project-main/target/classes/assets/textures/Press.png
20:21:11.671 [FXGL Background Thread 1 ] DEBUG GameApplicationServi - Application scenes initialized
20:21:11.679 [FXGL Background Thread 1 ] DEBUG SystemBundleService  - Loading FXGL system data
20:21:11.681 [FXGL Background Thread 1 ] DEBUG FileSystemAccess     - Reading from: E:\G2\java\final_project\team_project_1124\javaA-xiangqi-project-main\system\fxgl.bundle
20:21:11.685 [FXGL Background Thread 1 ] DEBUG SystemBundleService  - Bundle FXGL: {}
20:21:11.685 [FXGL Background Thread 1 ] DEBUG UpdaterService       - Checking for updates
20:21:11.689 [FXGL Background Thread 4 ] DEBUG FXGLApplication      - Loading fonts
20:21:11.689 [FXGL Background Thread 1 ] DEBUG FXGLApplication      - Loading default localization
20:21:11.689 [FXGL Background Thread 4 ] DEBUG FXGLAssetLoaderServi - Loading from file system: jar:file:/C:/Users/%e5%b0%b9%e7%8e%ba%e9%aa%85/.m2/repository/com/github/almasb/fxgl/21.1/fxgl-21.1.jar!/fxglassets/ui/fonts/VarelaRound-Regular.ttf
20:21:11.689 [FXGL Background Thread 1 ] DEBUG FXGLAssetLoaderServi - Loading from file system: jar:file:/C:/Users/%e5%b0%b9%e7%8e%ba%e9%aa%85/.m2/repository/com/github/almasb/fxgl/21.1/fxgl-21.1.jar!/fxglassets/languages/english.lang
20:21:11.692 [FXGL Background Thread 4 ] DEBUG FXGLAssetLoaderServi - Loading from file system: jar:file:/C:/Users/%e5%b0%b9%e7%8e%ba%e9%aa%85/.m2/repository/com/github/almasb/fxgl/21.1/fxgl-21.1.jar!/fxglassets/ui/fonts/Abel-Regular.ttf
20:21:11.697 [FXGL Background Thread 4 ] DEBUG FXGLAssetLoaderServi - Loading from file system: jar:file:/C:/Users/%e5%b0%b9%e7%8e%ba%e9%aa%85/.m2/repository/com/github/almasb/fxgl/21.1/fxgl-21.1.jar!/fxglassets/ui/fonts/TerminalLandMono-Regular.otf
20:21:11.699 [FXGL Background Thread 4 ] DEBUG FXGLAssetLoaderServi - Loading from file system: jar:file:/C:/Users/%e5%b0%b9%e7%8e%ba%e9%aa%85/.m2/repository/com/github/almasb/fxgl/21.1/fxgl-21.1.jar!/fxglassets/ui/fonts/Courier-Prime.ttf
20:21:11.705 [JavaFX Application Thread] DEBUG FXGLApplication      - Registering font factories with UI factory
20:21:11.726 [FXGL Background Thread 1 ] INFO  FXGLApplication      - FXGL initialization took: 0.359 sec
20:21:11.734 [JavaFX Application Thread] DEBUG Input                - Registered new binding: Click - LMB
20:21:11.734 [JavaFX Application Thread] DEBUG FXGLAssetLoaderServi - Loading from file system: jar:file:/C:/Users/%e5%b0%b9%e7%8e%ba%e9%aa%85/.m2/repository/com/github/almasb/fxgl/21.1/fxgl-21.1.jar!/fxglassets/textures/fxgl_icon.png
20:21:11.756 [JavaFX Application Thread] DEBUG FXGLAssetLoaderServi - Loading from file system: jar:file:/C:/Users/%e5%b0%b9%e7%8e%ba%e9%aa%85/.m2/repository/com/github/almasb/fxgl/21.1/fxgl-21.1.jar!/fxglassets/textures/fxgl_default_cursor.png
20:21:11.766 [JavaFX Application Thread] DEBUG Input                - Registered new binding: Screenshot - CTRL+8
20:21:11.766 [JavaFX Application Thread] DEBUG Input                - Registered new binding: System info dump - CTRL+9
20:21:11.767 [JavaFX Application Thread] DEBUG Input                - Registered new binding: Restart - CTRL+R
20:21:11.768 [JavaFX Application Thread] DEBUG Input                - Registered new binding: Toggle Debug Camera - CTRL+7
20:21:11.771 [JavaFX Application Thread] DEBUG LoopRunner           - Starting loop
20:21:11.771 [JavaFX Application Thread] DEBUG LoopRunner           - Initializing JavaFX AnimationTimerLoop
20:21:11.774 [JavaFX Application Thread] DEBUG Input                - Clearing active input actions
20:21:11.780 [JavaFX Application Thread] DEBUG GameApplicationServi - Removing overlay from FXGLStartupScene and adding to FXGLMainMenuDummyScene
20:21:11.780 [JavaFX Application Thread] DEBUG PrimaryStageWindow   - FXGLStartupScene -> FXGLMainMenuDummyScene
20:21:11.780 [JavaFX Application Thread] DEBUG PrimaryStageWindow   - Push state: MainMenuScene
20:21:11.781 [JavaFX Application Thread] DEBUG Input                - Clearing active input actions
20:21:11.787 [JavaFX Application Thread] DEBUG GameApplicationServi - Removing overlay from FXGLMainMenuDummyScene and adding to MainMenuScene
20:21:11.788 [JavaFX Application Thread] DEBUG PrimaryStageWindow   - FXGLMainMenuDummyScene -> MainMenuScene
20:21:12.217 [JavaFX Application Thread] DEBUG FXGLAssetLoaderServi - Loading from file system: file:/E:/G2/java/final_project/team_project_1124/javaA-xiangqi-project-main/target/classes/assets/music/%e6%8c%89%e9%92%ae%e9%9f%b3%e6%95%881.mp3
20:21:12.506 [JavaFX Application Thread] DEBUG AudioPlayer          - Playing music com.almasb.fxgl.audio.Music@70083c93
20:21:12.514 [JavaFX Application Thread] DEBUG Menu                 - fireNewGame()
20:21:12.515 [JavaFX Application Thread] DEBUG GameApplicationServi - Starting new game
20:21:12.515 [JavaFX Application Thread] DEBUG PrimaryStageWindow   - Pop state: MainMenuScene
20:21:12.515 [JavaFX Application Thread] DEBUG Input                - Clearing active input actions
20:21:12.515 [JavaFX Application Thread] DEBUG GameApplicationServi - Removing overlay from MainMenuScene and adding to FXGLMainMenuDummyScene
20:21:12.516 [JavaFX Application Thread] DEBUG PrimaryStageWindow   - FXGLMainMenuDummyScene <- MainMenuScene
20:21:12.517 [JavaFX Application Thread] DEBUG Input                - Clearing active input actions
20:21:12.529 [JavaFX Application Thread] DEBUG GameApplicationServi - Removing overlay from FXGLMainMenuDummyScene and adding to FXGLLoadingScene
20:21:12.530 [JavaFX Application Thread] DEBUG PrimaryStageWindow   - FXGLMainMenuDummyScene -> FXGLLoadingScene
20:21:12.530 [JavaFX Application Thread] DEBUG GameApplicationServi - Clearing previous game
20:21:12.531 [JavaFX Application Thread] DEBUG GameScene            - Clearing game scene
20:21:12.531 [JavaFX Application Thread] DEBUG GameWorld            - Clearing game world
20:21:12.531 [JavaFX Application Thread] DEBUG PhysicsWorld         - Clearing physics world
20:21:12.536 [FXGL Background Thread 2 ] DEBUG FXGLApplication      - Initializing game
20:21:12.549 [FXGL Background Thread 2 ] DEBUG FXGLAssetLoaderServi - Loading from file system: file:/E:/G2/java/final_project/team_project_1124/javaA-xiangqi-project-main/target/classes/assets/textures/%e8%83%8c%e6%99%af.jpg
20:21:12.624 [FXGL Background Thread 2 ] DEBUG FXGLAssetLoaderServi - Loading from file system: file:/E:/G2/java/final_project/team_project_1124/javaA-xiangqi-project-main/target/classes/assets/textures/ChessBoard.png
20:21:12.668 [FXGL Background Thread 2 ] DEBUG FXGLAssetLoaderServi - Loading from file system: file:/E:/G2/java/final_project/team_project_1124/javaA-xiangqi-project-main/target/classes/assets/textures/BlackChariot.png
20:21:12.697 [FXGL Background Thread 2 ] DEBUG FXGLAssetLoaderServi - Loading from file system: file:/E:/G2/java/final_project/team_project_1124/javaA-xiangqi-project-main/target/classes/assets/textures/BlackHorse.png
20:21:12.700 [FXGL Background Thread 2 ] DEBUG FXGLAssetLoaderServi - Loading from file system: file:/E:/G2/java/final_project/team_project_1124/javaA-xiangqi-project-main/target/classes/assets/textures/BlackElephant.png
20:21:12.702 [FXGL Background Thread 2 ] DEBUG FXGLAssetLoaderServi - Loading from file system: file:/E:/G2/java/final_project/team_project_1124/javaA-xiangqi-project-main/target/classes/assets/textures/BlackAdvisor.png
20:21:12.704 [FXGL Background Thread 2 ] DEBUG FXGLAssetLoaderServi - Loading from file system: file:/E:/G2/java/final_project/team_project_1124/javaA-xiangqi-project-main/target/classes/assets/textures/BlackGeneral.png
20:21:12.707 [FXGL Background Thread 2 ] DEBUG FXGLAssetLoaderServi - Loading from file system: file:/E:/G2/java/final_project/team_project_1124/javaA-xiangqi-project-main/target/classes/assets/textures/BlackCannon.png
20:21:12.710 [FXGL Background Thread 2 ] DEBUG FXGLAssetLoaderServi - Loading from file system: file:/E:/G2/java/final_project/team_project_1124/javaA-xiangqi-project-main/target/classes/assets/textures/BlackSoldier.png
20:21:12.714 [FXGL Background Thread 2 ] DEBUG FXGLAssetLoaderServi - Loading from file system: file:/E:/G2/java/final_project/team_project_1124/javaA-xiangqi-project-main/target/classes/assets/textures/RedSoldier.png
20:21:12.717 [FXGL Background Thread 2 ] DEBUG FXGLAssetLoaderServi - Loading from file system: file:/E:/G2/java/final_project/team_project_1124/javaA-xiangqi-project-main/target/classes/assets/textures/RedCannon.png
20:21:12.719 [FXGL Background Thread 2 ] DEBUG FXGLAssetLoaderServi - Loading from file system: file:/E:/G2/java/final_project/team_project_1124/javaA-xiangqi-project-main/target/classes/assets/textures/RedChariot.png
20:21:12.720 [FXGL Background Thread 2 ] DEBUG FXGLAssetLoaderServi - Loading from file system: file:/E:/G2/java/final_project/team_project_1124/javaA-xiangqi-project-main/target/classes/assets/textures/RedHorse.png
20:21:12.722 [FXGL Background Thread 2 ] DEBUG FXGLAssetLoaderServi - Loading from file system: file:/E:/G2/java/final_project/team_project_1124/javaA-xiangqi-project-main/target/classes/assets/textures/RedElephant.png
20:21:12.723 [FXGL Background Thread 2 ] DEBUG FXGLAssetLoaderServi - Loading from file system: file:/E:/G2/java/final_project/team_project_1124/javaA-xiangqi-project-main/target/classes/assets/textures/RedAdvisor.png
20:21:12.725 [FXGL Background Thread 2 ] DEBUG FXGLAssetLoaderServi - Loading from file system: file:/E:/G2/java/final_project/team_project_1124/javaA-xiangqi-project-main/target/classes/assets/textures/RedGeneral.png
20:21:12.729 [FXGL Background Thread 2 ] INFO  FXGLApplication      - Game initialization took: 0.194 sec
20:21:12.935 [JavaFX Application Thread] DEBUG Input                - Clearing active input actions
20:21:12.941 [JavaFX Application Thread] DEBUG GameApplicationServi - Removing overlay from FXGLLoadingScene and adding to GameScene
20:21:12.942 [JavaFX Application Thread] DEBUG PrimaryStageWindow   - FXGLLoadingScene -> GameScene
20:21:13.620 [JavaFX Application Thread] DEBUG PrimaryStageWindow   - Push state: InGameMenuScene
20:21:13.621 [JavaFX Application Thread] DEBUG Input                - Clearing active input actions
20:21:13.625 [JavaFX Application Thread] DEBUG GameApplicationServi - Removing overlay from GameScene and adding to InGameMenuScene
20:21:13.625 [JavaFX Application Thread] DEBUG PrimaryStageWindow   - GameScene -> InGameMenuScene
20:21:14.370 [JavaFX Application Thread] DEBUG Menu                 - fireExitToMainMenu()
20:21:14.372 [JavaFX Application Thread] DEBUG PrimaryStageWindow   - Push state: DialogSubScene
20:21:14.372 [JavaFX Application Thread] DEBUG Input                - Clearing active input actions
20:21:14.372 [JavaFX Application Thread] DEBUG GameApplicationServi - Removing overlay from InGameMenuScene and adding to DialogSubScene
20:21:14.372 [JavaFX Application Thread] DEBUG PrimaryStageWindow   - InGameMenuScene -> DialogSubScene
20:21:14.690 [FXGL Background Thread 3 ] DEBUG Engine               - Logging environment variables
20:21:14.690 [FXGL Background Thread 3 ] DEBUG Engine               - achievements: []
20:21:14.690 [FXGL Background Thread 3 ] DEBUG Engine               - actualHeight: 1007.0
20:21:14.690 [FXGL Background Thread 3 ] DEBUG Engine               - actualHeightProperty: ReadOnlyDoubleProperty [value: 1007.0]
20:21:14.690 [FXGL Background Thread 3 ] DEBUG Engine               - actualWidth: 1316.0
20:21:14.690 [FXGL Background Thread 3 ] DEBUG Engine               - actualWidthProperty: ReadOnlyDoubleProperty [value: 1316.0]
20:21:14.690 [FXGL Background Thread 3 ] DEBUG Engine               - appIcon: fxgl_icon.png
20:21:14.690 [FXGL Background Thread 3 ] DEBUG Engine               - applicationMode: DEVELOPER
20:21:14.690 [FXGL Background Thread 3 ] DEBUG Engine               - cSSList: [fxgl_dark.css]
20:21:14.690 [FXGL Background Thread 3 ] DEBUG Engine               - collisionDetectionStrategy: BRUTE_FORCE
20:21:14.690 [FXGL Background Thread 3 ] DEBUG Engine               - configClass: Optional.empty
20:21:14.690 [FXGL Background Thread 3 ] DEBUG Engine               - credits: []
20:21:14.690 [FXGL Background Thread 3 ] DEBUG Engine               - defaultCursor: CursorInfo(imageName=fxgl_default_cursor.png, hotspotX=7.0, hotspotY=6.0)
20:21:14.690 [FXGL Background Thread 3 ] DEBUG Engine               - devBBoxColorProperty: ObjectProperty [value: 0xff0000ff]
20:21:14.690 [FXGL Background Thread 3 ] DEBUG Engine               - devEnableDebugCameraProperty: BooleanProperty [value: false]
20:21:14.690 [FXGL Background Thread 3 ] DEBUG Engine               - devSensorColorProperty: ObjectProperty [value: 0xffff00ff]
20:21:14.690 [FXGL Background Thread 3 ] DEBUG Engine               - devShowBBoxProperty: BooleanProperty [value: false]
20:21:14.690 [FXGL Background Thread 3 ] DEBUG Engine               - devShowPositionProperty: BooleanProperty [value: false]
20:21:14.690 [FXGL Background Thread 3 ] DEBUG Engine               - enabledMenuItems: []
20:21:14.690 [FXGL Background Thread 3 ] DEBUG Engine               - engineServices: [class com.almasb.fxgl.app.services.FXGLAssetLoaderService, class com.almasb.fxgl.app.FXGLApplication$GameApplicationService, class com.almasb.fxgl.app.services.FXGLDialogService, class com.almasb.fxgl.app.services.IOTaskExecutorService, class com.almasb.fxgl.io.FileSystemService, class com.almasb.fxgl.localization.LocalizationService, class com.almasb.fxgl.app.services.SystemBundleService, class com.almasb.fxgl.profile.SaveLoadService, class com.almasb.fxgl.ui.FXGLUIFactoryServiceProvider, class com.almasb.fxgl.ui.FXGLDialogFactoryServiceProvider, class com.almasb.fxgl.audio.AudioPlayer, class com.almasb.fxgl.notification.impl.NotificationServiceProvider, class com.almasb.fxgl.achievement.AchievementService, class com.almasb.fxgl.cutscene.CutsceneService, class com.almasb.fxgl.minigames.MiniGameService, class com.almasb.fxgl.net.NetService, class com.almasb.fxgl.app.services.UpdaterService, class com.almasb.fxgl.dev.DevService]
20:21:14.690 [FXGL Background Thread 3 ] DEBUG Engine               - fontGame: Abel-Regular.ttf
20:21:14.690 [FXGL Background Thread 3 ] DEBUG Engine               - fontMono: TerminalLandMono-Regular.otf
20:21:14.690 [FXGL Background Thread 3 ] DEBUG Engine               - fontSizeScaleUI: 1.0
20:21:14.691 [FXGL Background Thread 3 ] DEBUG Engine               - fontText: Courier-Prime.ttf
20:21:14.691 [FXGL Background Thread 3 ] DEBUG Engine               - fontUI: VarelaRound-Regular.ttf
20:21:14.691 [FXGL Background Thread 3 ] DEBUG Engine               - fullScreen: BooleanProperty [value: false]
20:21:14.691 [FXGL Background Thread 3 ] DEBUG Engine               - gameDifficulty: MEDIUM
20:21:14.691 [FXGL Background Thread 3 ] DEBUG Engine               - gameDifficultyProperty: ObjectProperty [value: MEDIUM]
20:21:14.691 [FXGL Background Thread 3 ] DEBUG Engine               - globalMusicVolume: 0.5
20:21:14.691 [FXGL Background Thread 3 ] DEBUG Engine               - globalMusicVolumeProperty: DoubleProperty [value: 0.5]
20:21:14.691 [FXGL Background Thread 3 ] DEBUG Engine               - globalSoundVolume: 0.5
20:21:14.691 [FXGL Background Thread 3 ] DEBUG Engine               - globalSoundVolumeProperty: DoubleProperty [value: 0.5]
20:21:14.691 [FXGL Background Thread 3 ] DEBUG Engine               - height: 1007
20:21:14.691 [FXGL Background Thread 3 ] DEBUG Engine               - is3D: false
20:21:14.691 [FXGL Background Thread 3 ] DEBUG Engine               - isAndroid: false
20:21:14.691 [FXGL Background Thread 3 ] DEBUG Engine               - isBrowser: false
20:21:14.691 [FXGL Background Thread 3 ] DEBUG Engine               - isClickFeedbackEnabled: false
20:21:14.691 [FXGL Background Thread 3 ] DEBUG Engine               - isCloseConfirmation: false
20:21:14.691 [FXGL Background Thread 3 ] DEBUG Engine               - isDesktop: true
20:21:14.691 [FXGL Background Thread 3 ] DEBUG Engine               - isDeveloperMenuEnabled: false
20:21:14.691 [FXGL Background Thread 3 ] DEBUG Engine               - isEmbedded: false
20:21:14.691 [FXGL Background Thread 3 ] DEBUG Engine               - isEntityPreloadEnabled: true
20:21:14.691 [FXGL Background Thread 3 ] DEBUG Engine               - isExperimentalTiledLargeMap: false
20:21:14.691 [FXGL Background Thread 3 ] DEBUG Engine               - isFileSystemWriteAllowed: true
20:21:14.691 [FXGL Background Thread 3 ] DEBUG Engine               - isFullScreenAllowed: false
20:21:14.691 [FXGL Background Thread 3 ] DEBUG Engine               - isFullScreenFromStart: false
20:21:14.691 [FXGL Background Thread 3 ] DEBUG Engine               - isGameMenuEnabled: true
20:21:14.691 [FXGL Background Thread 3 ] DEBUG Engine               - isIOS: false
20:21:14.691 [FXGL Background Thread 3 ] DEBUG Engine               - isIntroEnabled: false
20:21:14.691 [FXGL Background Thread 3 ] DEBUG Engine               - isLinux: false
20:21:14.691 [FXGL Background Thread 3 ] DEBUG Engine               - isMac: false
20:21:14.691 [FXGL Background Thread 3 ] DEBUG Engine               - isMainMenuEnabled: true
20:21:14.691 [FXGL Background Thread 3 ] DEBUG Engine               - isManualResizeEnabled: false
20:21:14.691 [FXGL Background Thread 3 ] DEBUG Engine               - isMobile: false
20:21:14.691 [FXGL Background Thread 3 ] DEBUG Engine               - isNative: false
20:21:14.691 [FXGL Background Thread 3 ] DEBUG Engine               - isPauseMusicWhenMinimized: true
20:21:14.691 [FXGL Background Thread 3 ] DEBUG Engine               - isPreserveResizeRatio: false
20:21:14.691 [FXGL Background Thread 3 ] DEBUG Engine               - isProfilingEnabled: false
20:21:14.691 [FXGL Background Thread 3 ] DEBUG Engine               - isScaleAffectedOnResize: true
20:21:14.691 [FXGL Background Thread 3 ] DEBUG Engine               - isSingleStep: false
20:21:14.691 [FXGL Background Thread 3 ] DEBUG Engine               - isUserProfileEnabled: false
20:21:14.691 [FXGL Background Thread 3 ] DEBUG Engine               - isWindows: true
20:21:14.691 [FXGL Background Thread 3 ] DEBUG Engine               - language: ObjectProperty [value: ENGLISH]
20:21:14.691 [FXGL Background Thread 3 ] DEBUG Engine               - menuKey: ESCAPE
20:21:14.691 [FXGL Background Thread 3 ] DEBUG Engine               - mouseSensitivity: 0.2
20:21:14.691 [FXGL Background Thread 3 ] DEBUG Engine               - notificationViewClass: class com.almasb.fxgl.notification.view.XboxNotificationView
20:21:14.691 [FXGL Background Thread 3 ] DEBUG Engine               - pixelsPerMeter: 50.0
20:21:14.691 [FXGL Background Thread 3 ] DEBUG Engine               - platform: WINDOWS
20:21:14.691 [FXGL Background Thread 3 ] DEBUG Engine               - prefHeightProperty: ReadOnlyDoubleProperty [value: 1007.0]
20:21:14.691 [FXGL Background Thread 3 ] DEBUG Engine               - prefWidthProperty: ReadOnlyDoubleProperty [value: 1316.0]
20:21:14.691 [FXGL Background Thread 3 ] DEBUG Engine               - profileDir: profiles/
20:21:14.691 [FXGL Background Thread 3 ] DEBUG Engine               - profileName: StringProperty [value: DEFAULT]
20:21:14.691 [FXGL Background Thread 3 ] DEBUG Engine               - randomSeed: -1
20:21:14.691 [FXGL Background Thread 3 ] DEBUG Engine               - runtimeInfo: RuntimeInfo(platform=WINDOWS, version=21.1, build=27.03.2024 07.52)
20:21:14.691 [FXGL Background Thread 3 ] DEBUG Engine               - saveFileExt: sav
20:21:14.691 [FXGL Background Thread 3 ] DEBUG Engine               - scaledHeightProp$fxgl: DoubleProperty [bound, value: 1007.0]
20:21:14.691 [FXGL Background Thread 3 ] DEBUG Engine               - scaledWidthProp$fxgl: DoubleProperty [bound, value: 1316.0]
20:21:14.691 [FXGL Background Thread 3 ] DEBUG Engine               - sceneFactory: edu.sustech.xiangqi.XiangQiApp$1@791007a2
20:21:14.691 [FXGL Background Thread 3 ] DEBUG Engine               - secondsIn24h: 60
20:21:14.691 [FXGL Background Thread 3 ] DEBUG Engine               - soundMenuBack: menu/back.wav
20:21:14.691 [FXGL Background Thread 3 ] DEBUG Engine               - soundMenuPress: menu/press.wav
20:21:14.691 [FXGL Background Thread 3 ] DEBUG Engine               - soundMenuSelect: menu/select.wav
20:21:14.691 [FXGL Background Thread 3 ] DEBUG Engine               - soundNotification: core/notification.wav
20:21:14.691 [FXGL Background Thread 3 ] DEBUG Engine               - stageStyle: DECORATED
20:21:14.691 [FXGL Background Thread 3 ] DEBUG Engine               - supportedLanguages: [ENGLISH, FRENCH, GERMAN, HUNGARIAN, RUSSIAN]
20:21:14.691 [FXGL Background Thread 3 ] DEBUG Engine               - ticksPerSecond: -1
20:21:14.691 [FXGL Background Thread 3 ] DEBUG Engine               - title: 中国象棋 1.0
20:21:14.691 [FXGL Background Thread 3 ] DEBUG Engine               - urlGithub: https://github.com/AlmasB/FXGL
20:21:14.691 [FXGL Background Thread 3 ] DEBUG Engine               - urlLeaderboard: http://fxgl-top.herokuapp.com/
20:21:14.691 [FXGL Background Thread 3 ] DEBUG Engine               - urlPOM: https://raw.githubusercontent.com/AlmasB/FXGL/release/README.md
20:21:14.691 [FXGL Background Thread 3 ] DEBUG Engine               - userAppClass: class edu.sustech.xiangqi.XiangQiApp
20:21:14.691 [FXGL Background Thread 3 ] DEBUG Engine               - version: 1.0
20:21:14.691 [FXGL Background Thread 3 ] DEBUG Engine               - versionCheckDays: 7
20:21:14.691 [FXGL Background Thread 3 ] DEBUG Engine               - width: 1316
20:21:14.692 [FXGL Background Thread 3 ] DEBUG Engine               - Logging services
20:21:14.692 [FXGL Background Thread 3 ] DEBUG Engine               - class com.almasb.fxgl.app.services.FXGLAssetLoaderService
20:21:14.692 [FXGL Background Thread 3 ] DEBUG Engine               - class com.almasb.fxgl.app.FXGLApplication$GameApplicationService
20:21:14.692 [FXGL Background Thread 3 ] DEBUG Engine               - class com.almasb.fxgl.app.services.FXGLDialogService
20:21:14.692 [FXGL Background Thread 3 ] DEBUG Engine               - class com.almasb.fxgl.app.services.IOTaskExecutorService
20:21:14.692 [FXGL Background Thread 3 ] DEBUG Engine               - class com.almasb.fxgl.io.FileSystemService
20:21:14.692 [FXGL Background Thread 3 ] DEBUG Engine               - class com.almasb.fxgl.localization.LocalizationService
20:21:14.692 [FXGL Background Thread 3 ] DEBUG Engine               - class com.almasb.fxgl.app.services.SystemBundleService
20:21:14.692 [FXGL Background Thread 3 ] DEBUG Engine               - class com.almasb.fxgl.profile.SaveLoadService
20:21:14.692 [FXGL Background Thread 3 ] DEBUG Engine               - class com.almasb.fxgl.ui.FXGLUIFactoryServiceProvider
20:21:14.692 [FXGL Background Thread 3 ] DEBUG Engine               - class com.almasb.fxgl.ui.FXGLDialogFactoryServiceProvider
20:21:14.692 [FXGL Background Thread 3 ] DEBUG Engine               - class com.almasb.fxgl.audio.AudioPlayer
20:21:14.692 [FXGL Background Thread 3 ] DEBUG Engine               - class com.almasb.fxgl.notification.impl.NotificationServiceProvider
20:21:14.692 [FXGL Background Thread 3 ] DEBUG Engine               - class com.almasb.fxgl.achievement.AchievementService
20:21:14.692 [FXGL Background Thread 3 ] DEBUG Engine               - class com.almasb.fxgl.cutscene.CutsceneService
20:21:14.692 [FXGL Background Thread 3 ] DEBUG Engine               - class com.almasb.fxgl.minigames.MiniGameService
20:21:14.692 [FXGL Background Thread 3 ] DEBUG Engine               - class com.almasb.fxgl.net.NetService
20:21:14.692 [FXGL Background Thread 3 ] DEBUG Engine               - class com.almasb.fxgl.app.services.UpdaterService
20:21:14.692 [FXGL Background Thread 3 ] DEBUG Engine               - class com.almasb.fxgl.dev.DevService
20:21:14.909 [JavaFX Application Thread] DEBUG PrimaryStageWindow   - Pop state: DialogSubScene
20:21:14.909 [JavaFX Application Thread] DEBUG Input                - Clearing active input actions
20:21:14.910 [JavaFX Application Thread] DEBUG GameApplicationServi - Removing overlay from DialogSubScene and adding to InGameMenuScene
20:21:14.910 [JavaFX Application Thread] DEBUG PrimaryStageWindow   - InGameMenuScene <- DialogSubScene
20:21:14.910 [JavaFX Application Thread] DEBUG PrimaryStageWindow   - Pop state: InGameMenuScene
20:21:14.910 [JavaFX Application Thread] DEBUG Input                - Clearing active input actions
20:21:14.910 [JavaFX Application Thread] DEBUG GameApplicationServi - Removing overlay from InGameMenuScene and adding to GameScene
20:21:14.910 [JavaFX Application Thread] DEBUG PrimaryStageWindow   - GameScene <- InGameMenuScene
20:21:14.910 [JavaFX Application Thread] DEBUG Input                - Clearing active input actions
20:21:14.913 [JavaFX Application Thread] DEBUG GameApplicationServi - Removing overlay from GameScene and adding to FXGLMainMenuDummyScene
20:21:14.913 [JavaFX Application Thread] DEBUG PrimaryStageWindow   - GameScene -> FXGLMainMenuDummyScene
20:21:14.913 [JavaFX Application Thread] DEBUG PrimaryStageWindow   - Push state: MainMenuScene
20:21:14.913 [JavaFX Application Thread] DEBUG Input                - Clearing active input actions
20:21:14.914 [JavaFX Application Thread] DEBUG GameApplicationServi - Removing overlay from FXGLMainMenuDummyScene and adding to MainMenuScene
20:21:14.914 [JavaFX Application Thread] DEBUG PrimaryStageWindow   - FXGLMainMenuDummyScene -> MainMenuScene
20:21:14.914 [JavaFX Application Thread] DEBUG AudioPlayer          - Playing music com.almasb.fxgl.audio.Music@70083c93
20:21:15.307 [JavaFX Application Thread] DEBUG AudioPlayer          - Playing music com.almasb.fxgl.audio.Music@70083c93
20:21:15.436 [JavaFX Application Thread] DEBUG AudioPlayer          - Playing music com.almasb.fxgl.audio.Music@70083c93
20:21:15.617 [JavaFX Application Thread] DEBUG Menu                 - fireNewGame()
20:21:15.617 [JavaFX Application Thread] DEBUG GameApplicationServi - Starting new game
20:21:15.617 [JavaFX Application Thread] DEBUG PrimaryStageWindow   - Pop state: MainMenuScene
20:21:15.617 [JavaFX Application Thread] DEBUG Input                - Clearing active input actions
20:21:15.617 [JavaFX Application Thread] DEBUG GameApplicationServi - Removing overlay from MainMenuScene and adding to FXGLMainMenuDummyScene
20:21:15.617 [JavaFX Application Thread] DEBUG PrimaryStageWindow   - FXGLMainMenuDummyScene <- MainMenuScene
20:21:15.617 [JavaFX Application Thread] DEBUG Input                - Clearing active input actions
20:21:15.620 [JavaFX Application Thread] DEBUG GameApplicationServi - Removing overlay from FXGLMainMenuDummyScene and adding to FXGLLoadingScene
20:21:15.620 [JavaFX Application Thread] DEBUG PrimaryStageWindow   - FXGLMainMenuDummyScene -> FXGLLoadingScene
20:21:15.620 [JavaFX Application Thread] DEBUG GameApplicationServi - Clearing previous game
20:21:15.620 [JavaFX Application Thread] DEBUG GameScene            - Clearing game scene
20:21:15.620 [JavaFX Application Thread] DEBUG GameWorld            - Clearing game world
20:21:15.624 [JavaFX Application Thread] DEBUG PhysicsWorld         - Clearing physics world
20:21:15.624 [FXGL Background Thread 2 ] DEBUG FXGLApplication      - Initializing game
20:21:15.631 [FXGL Background Thread 2 ] INFO  FXGLApplication      - Game initialization took: 0.006 sec
20:21:15.631 [JavaFX Application Thread] DEBUG Input                - Clearing active input actions
20:21:15.636 [JavaFX Application Thread] DEBUG GameApplicationServi - Removing overlay from FXGLLoadingScene and adding to GameScene
20:21:15.636 [JavaFX Application Thread] DEBUG PrimaryStageWindow   - FXGLLoadingScene -> GameScene
20:21:17.615 [JavaFX Application Thread] DEBUG AudioPlayer          - Playing music com.almasb.fxgl.audio.Music@70083c93
20:21:18.457 [JavaFX Application Thread] DEBUG AudioPlayer          - Playing music com.almasb.fxgl.audio.Music@70083c93
20:21:18.952 [JavaFX Application Thread] DEBUG AudioPlayer          - Playing music com.almasb.fxgl.audio.Music@70083c93
20:21:19.354 [JavaFX Application Thread] DEBUG AudioPlayer          - Playing music com.almasb.fxgl.audio.Music@70083c93
20:21:19.654 [JavaFX Application Thread] DEBUG AudioPlayer          - Playing music com.almasb.fxgl.audio.Music@70083c93
20:21:21.993 [JavaFX Application Thread] DEBUG AudioPlayer          - Playing music com.almasb.fxgl.audio.Music@70083c93
20:21:22.250 [JavaFX Application Thread] DEBUG AudioPlayer          - Playing music com.almasb.fxgl.audio.Music@70083c93
20:21:22.561 [JavaFX Application Thread] DEBUG AudioPlayer          - Playing music com.almasb.fxgl.audio.Music@70083c93
20:21:23.064 [JavaFX Application Thread] DEBUG AudioPlayer          - Playing music com.almasb.fxgl.audio.Music@70083c93
20:21:24.685 [JavaFX Application Thread] DEBUG AudioPlayer          - Playing music com.almasb.fxgl.audio.Music@70083c93
20:21:25.245 [JavaFX Application Thread] DEBUG AudioPlayer          - Playing music com.almasb.fxgl.audio.Music@70083c93
20:21:25.656 [JavaFX Application Thread] DEBUG AudioPlayer          - Playing music com.almasb.fxgl.audio.Music@70083c93
20:21:25.952 [JavaFX Application Thread] DEBUG AudioPlayer          - Playing music com.almasb.fxgl.audio.Music@70083c93
20:21:26.310 [JavaFX Application Thread] DEBUG AudioPlayer          - Playing music com.almasb.fxgl.audio.Music@70083c93
20:21:26.571 [JavaFX Application Thread] DEBUG AudioPlayer          - Playing music com.almasb.fxgl.audio.Music@70083c93
20:21:27.527 [JavaFX Application Thread] DEBUG AudioPlayer          - Playing music com.almasb.fxgl.audio.Music@70083c93
20:21:27.781 [JavaFX Application Thread] DEBUG AudioPlayer          - Playing music com.almasb.fxgl.audio.Music@70083c93
20:21:27.983 [JavaFX Application Thread] DEBUG AudioPlayer          - Playing music com.almasb.fxgl.audio.Music@70083c93
20:21:28.215 [JavaFX Application Thread] DEBUG AudioPlayer          - Playing music com.almasb.fxgl.audio.Music@70083c93
20:21:28.569 [JavaFX Application Thread] DEBUG AudioPlayer          - Playing music com.almasb.fxgl.audio.Music@70083c93
20:21:28.848 [JavaFX Application Thread] DEBUG AudioPlayer          - Playing music com.almasb.fxgl.audio.Music@70083c93
20:21:29.071 [JavaFX Application Thread] DEBUG AudioPlayer          - Playing music com.almasb.fxgl.audio.Music@70083c93
20:21:29.324 [JavaFX Application Thread] DEBUG AudioPlayer          - Playing music com.almasb.fxgl.audio.Music@70083c93
20:21:29.714 [JavaFX Application Thread] DEBUG AudioPlayer          - Playing music com.almasb.fxgl.audio.Music@70083c93
20:21:30.042 [JavaFX Application Thread] DEBUG AudioPlayer          - Playing music com.almasb.fxgl.audio.Music@70083c93
20:21:30.347 [JavaFX Application Thread] DEBUG AudioPlayer          - Playing music com.almasb.fxgl.audio.Music@70083c93
20:21:31.502 [JavaFX Application Thread] DEBUG AudioPlayer          - Playing music com.almasb.fxgl.audio.Music@70083c93
20:21:32.295 [JavaFX Application Thread] DEBUG AudioPlayer          - Playing music com.almasb.fxgl.audio.Music@70083c93
20:21:32.744 [JavaFX Application Thread] DEBUG AudioPlayer          - Playing music com.almasb.fxgl.audio.Music@70083c93
20:21:33.141 [JavaFX Application Thread] DEBUG AudioPlayer          - Playing music com.almasb.fxgl.audio.Music@70083c93
20:21:33.428 [JavaFX Application Thread] DEBUG AudioPlayer          - Playing music com.almasb.fxgl.audio.Music@70083c93
20:21:33.816 [JavaFX Application Thread] DEBUG AudioPlayer          - Playing music com.almasb.fxgl.audio.Music@70083c93
20:21:34.089 [JavaFX Application Thread] DEBUG AudioPlayer          - Playing music com.almasb.fxgl.audio.Music@70083c93
20:21:34.400 [JavaFX Application Thread] DEBUG AudioPlayer          - Playing music com.almasb.fxgl.audio.Music@70083c93
20:21:34.708 [JavaFX Application Thread] DEBUG AudioPlayer          - Playing music com.almasb.fxgl.audio.Music@70083c93
20:21:35.012 [JavaFX Application Thread] DEBUG AudioPlayer          - Playing music com.almasb.fxgl.audio.Music@70083c93
20:21:35.243 [JavaFX Application Thread] DEBUG AudioPlayer          - Playing music com.almasb.fxgl.audio.Music@70083c93
20:21:35.667 [JavaFX Application Thread] DEBUG AudioPlayer          - Playing music com.almasb.fxgl.audio.Music@70083c93
20:21:36.753 [JavaFX Application Thread] DEBUG AudioPlayer          - Playing music com.almasb.fxgl.audio.Music@70083c93
20:21:36.975 [JavaFX Application Thread] DEBUG AudioPlayer          - Playing music com.almasb.fxgl.audio.Music@70083c93
20:21:37.769 [JavaFX Application Thread] DEBUG AudioPlayer          - Playing music com.almasb.fxgl.audio.Music@70083c93
20:21:37.955 [JavaFX Application Thread] DEBUG AudioPlayer          - Playing music com.almasb.fxgl.audio.Music@70083c93
20:21:38.197 [JavaFX Application Thread] DEBUG AudioPlayer          - Playing music com.almasb.fxgl.audio.Music@70083c93
20:21:39.169 [JavaFX Application Thread] DEBUG PrimaryStageWindow   - Push state: InGameMenuScene
20:21:39.169 [JavaFX Application Thread] DEBUG Input                - Clearing active input actions
20:21:39.170 [JavaFX Application Thread] DEBUG GameApplicationServi - Removing overlay from GameScene and adding to InGameMenuScene
20:21:39.170 [JavaFX Application Thread] DEBUG PrimaryStageWindow   - GameScene -> InGameMenuScene
20:21:39.799 [JavaFX Application Thread] DEBUG PrimaryStageWindow   - Pop state: InGameMenuScene
20:21:39.799 [JavaFX Application Thread] DEBUG Input                - Clearing active input actions
20:21:39.799 [JavaFX Application Thread] DEBUG GameApplicationServi - Removing overlay from InGameMenuScene and adding to GameScene
20:21:39.799 [JavaFX Application Thread] DEBUG PrimaryStageWindow   - GameScene <- InGameMenuScene
20:21:43.238 [JavaFX Application Thread] DEBUG FXGLApplication      - Exiting FXGL
20:21:43.238 [JavaFX Application Thread] DEBUG LoopRunner           - Stopping loop
20:21:43.238 [JavaFX Application Thread] DEBUG SystemBundleService  - Saving FXGL system data
20:21:43.239 [JavaFX Application Thread] DEBUG FileSystemAccess     - Writing to: E:\G2\java\final_project\team_project_1124\javaA-xiangqi-project-main\system\fxgl.bundle
20:21:43.240 [JavaFX Application Thread] DEBUG Async                - Shutting down background threads
20:21:43.240 [JavaFX Application Thread] DEBUG PrimaryStageWindow   - Closing main window
20:21:43.250 [JavaFX Application Thread] DEBUG Logger               - Closing Logger
