17:28:44.308 [main                     ] DEBUG Logger               - Configured Logger
17:28:44.341 [main                     ] DEBUG GameApplication      - Logging settings
Title: 中国象棋 1.0
Version: 1.0
Width: 1316
Height: 1007
Fullscreen: false
Intro: false
Profiling: false
Single step:false
App Mode: DEVELOPER
Menu Key: ESCAPE
Stage Style: DECORATED
Scene Factory: class edu.sustech.xiangqi.XiangQiApp$1

17:28:45.035 [JavaFX Application Thread] DEBUG FXGLApplication      - Initializing FXGL
17:28:45.039 [JavaFX Application Thread] INFO  Engine               - FXGL-21.1 (27.03.2024 07.52) on WINDOWS (J:23.0.2 FX:21.0.1)
17:28:45.039 [JavaFX Application Thread] DEBUG Engine               - JRE Vendor Name: Amazon.com Inc.
17:28:45.039 [JavaFX Application Thread] DEBUG Engine               - Running on OS: Windows 11 version 10.0
17:28:45.039 [JavaFX Application Thread] DEBUG Engine               - Architecture: amd64
17:28:45.039 [JavaFX Application Thread] INFO  Engine               - Source code and latest versions at: https://github.com/AlmasB/FXGL
17:28:45.039 [JavaFX Application Thread] INFO  Engine               -       Ask questions and discuss at: https://github.com/AlmasB/FXGL/discussions
17:28:45.039 [JavaFX Application Thread] INFO  Engine               -              Join the FXGL chat at: https://gitter.im/AlmasB/FXGL
17:28:45.144 [JavaFX Application Thread] DEBUG PrimaryStageWindow   - Creating a JavaFX scene
17:28:45.199 [JavaFX Application Thread] DEBUG PrimaryStageWindow   - Target settings size: 1316.0 x 1007.0
17:28:45.199 [JavaFX Application Thread] DEBUG PrimaryStageWindow   - Scaled scene size:    1316.0 x 1007.0
17:28:45.199 [JavaFX Application Thread] DEBUG PrimaryStageWindow   - Scaled ratio: (1.0, 1.0)
17:28:45.200 [JavaFX Application Thread] DEBUG PrimaryStageWindow   - Set initial scene to FXGLStartupScene
17:28:45.203 [JavaFX Application Thread] DEBUG PrimaryStageWindow   - Opening main window
17:28:45.326 [JavaFX Application Thread] DEBUG PrimaryStageWindow   - Window border size: (14.6666259765625, 37.6666259765625)
17:28:45.327 [JavaFX Application Thread] DEBUG PrimaryStageWindow   - Scaled size: 1316.0 x 1007.0
17:28:45.327 [JavaFX Application Thread] DEBUG PrimaryStageWindow   - Scaled ratio: (1.0, 1.0)
17:28:45.327 [JavaFX Application Thread] DEBUG PrimaryStageWindow   - Scene size: 1316.0 x 1007.0
17:28:45.327 [JavaFX Application Thread] DEBUG PrimaryStageWindow   - Stage size: 1330.6666259765625 x 1044.6666259765625
17:28:45.335 [FXGL Background Thread 1 ] DEBUG Engine               - Initializing environment variables
17:28:45.414 [FXGL Background Thread 1 ] DEBUG FXGLAssetLoaderServi - User app class for loading assets: class edu.sustech.xiangqi.XiangQiApp
17:28:45.414 [FXGL Background Thread 1 ] DEBUG GameApplicationServi - Applying CSS: fxgl_dark.css
17:28:45.415 [FXGL Background Thread 1 ] DEBUG FXGLAssetLoaderServi - Loading from file system: jar:file:/C:/Users/%e5%b0%b9%e7%8e%ba%e9%aa%85/.m2/repository/com/github/almasb/fxgl/21.1/fxgl-21.1.jar!/fxglassets/ui/css/fxgl_dark.css
17:28:45.456 [FXGL Background Thread 1 ] DEBUG GameApplicationServi - Initializing application scenes
17:28:45.549 [FXGL Background Thread 1 ] DEBUG GameWorld            - Game world initialized
17:28:45.624 [FXGL Background Thread 1 ] DEBUG PhysicsWorld         - Physics world initialized: appHeight=1007, physics.ppm=50.0
17:28:45.625 [FXGL Background Thread 1 ] DEBUG PhysicsWorld         - Using strategy: BRUTE_FORCE
17:28:45.630 [FXGL Background Thread 1 ] DEBUG GameScene            - Game scene initialized: 1316x1007
17:28:45.640 [FXGL Background Thread 1 ] DEBUG FXGLAssetLoaderServi - Loading from file system: file:/E:/G2/java/final_project/team_project_1124/javaA-xiangqi-project-main/target/classes/assets/ui/fonts/HYPixel11pxU-2.ttf
17:28:45.691 [FXGL Background Thread 1 ] DEBUG FXGLAssetLoaderServi - Loading from file system: file:/E:/G2/java/final_project/team_project_1124/javaA-xiangqi-project-main/target/classes/assets/textures/Button1.png
17:28:45.716 [FXGL Background Thread 1 ] DEBUG FXGLAssetLoaderServi - Loading from file system: file:/E:/G2/java/final_project/team_project_1124/javaA-xiangqi-project-main/target/classes/assets/textures/Press.png
17:28:45.787 [FXGL Background Thread 1 ] DEBUG GameApplicationServi - Application scenes initialized
17:28:45.802 [FXGL Background Thread 1 ] DEBUG SystemBundleService  - Loading FXGL system data
17:28:45.805 [FXGL Background Thread 1 ] DEBUG FileSystemAccess     - Reading from: E:\G2\java\final_project\team_project_1124\javaA-xiangqi-project-main\system\fxgl.bundle
17:28:45.813 [FXGL Background Thread 1 ] DEBUG SystemBundleService  - Bundle FXGL: {}
17:28:45.813 [FXGL Background Thread 1 ] DEBUG UpdaterService       - Checking for updates
17:28:45.819 [FXGL Background Thread 4 ] DEBUG FXGLApplication      - Loading fonts
17:28:45.819 [FXGL Background Thread 4 ] DEBUG FXGLAssetLoaderServi - Loading from file system: jar:file:/C:/Users/%e5%b0%b9%e7%8e%ba%e9%aa%85/.m2/repository/com/github/almasb/fxgl/21.1/fxgl-21.1.jar!/fxglassets/ui/fonts/VarelaRound-Regular.ttf
17:28:45.819 [FXGL Background Thread 1 ] DEBUG FXGLApplication      - Loading default localization
17:28:45.820 [FXGL Background Thread 1 ] DEBUG FXGLAssetLoaderServi - Loading from file system: jar:file:/C:/Users/%e5%b0%b9%e7%8e%ba%e9%aa%85/.m2/repository/com/github/almasb/fxgl/21.1/fxgl-21.1.jar!/fxglassets/languages/english.lang
17:28:45.827 [FXGL Background Thread 4 ] DEBUG FXGLAssetLoaderServi - Loading from file system: jar:file:/C:/Users/%e5%b0%b9%e7%8e%ba%e9%aa%85/.m2/repository/com/github/almasb/fxgl/21.1/fxgl-21.1.jar!/fxglassets/ui/fonts/Abel-Regular.ttf
17:28:45.831 [FXGL Background Thread 4 ] DEBUG FXGLAssetLoaderServi - Loading from file system: jar:file:/C:/Users/%e5%b0%b9%e7%8e%ba%e9%aa%85/.m2/repository/com/github/almasb/fxgl/21.1/fxgl-21.1.jar!/fxglassets/ui/fonts/TerminalLandMono-Regular.otf
17:28:45.835 [FXGL Background Thread 4 ] DEBUG FXGLAssetLoaderServi - Loading from file system: jar:file:/C:/Users/%e5%b0%b9%e7%8e%ba%e9%aa%85/.m2/repository/com/github/almasb/fxgl/21.1/fxgl-21.1.jar!/fxglassets/ui/fonts/Courier-Prime.ttf
17:28:45.844 [JavaFX Application Thread] DEBUG FXGLApplication      - Registering font factories with UI factory
17:28:45.866 [FXGL Background Thread 1 ] INFO  FXGLApplication      - FXGL initialization took: 0.531 sec
17:28:45.873 [JavaFX Application Thread] DEBUG Input                - Registered new binding: Click - LMB
17:28:45.874 [JavaFX Application Thread] DEBUG FXGLAssetLoaderServi - Loading from file system: jar:file:/C:/Users/%e5%b0%b9%e7%8e%ba%e9%aa%85/.m2/repository/com/github/almasb/fxgl/21.1/fxgl-21.1.jar!/fxglassets/textures/fxgl_icon.png
17:28:45.904 [JavaFX Application Thread] DEBUG FXGLAssetLoaderServi - Loading from file system: jar:file:/C:/Users/%e5%b0%b9%e7%8e%ba%e9%aa%85/.m2/repository/com/github/almasb/fxgl/21.1/fxgl-21.1.jar!/fxglassets/textures/fxgl_default_cursor.png
17:28:45.915 [JavaFX Application Thread] DEBUG Input                - Registered new binding: Screenshot - CTRL+8
17:28:45.916 [JavaFX Application Thread] DEBUG Input                - Registered new binding: System info dump - CTRL+9
17:28:45.917 [JavaFX Application Thread] DEBUG Input                - Registered new binding: Restart - CTRL+R
17:28:45.918 [JavaFX Application Thread] DEBUG Input                - Registered new binding: Toggle Debug Camera - CTRL+7
17:28:45.925 [JavaFX Application Thread] DEBUG LoopRunner           - Starting loop
17:28:45.925 [JavaFX Application Thread] DEBUG LoopRunner           - Initializing JavaFX AnimationTimerLoop
17:28:45.931 [JavaFX Application Thread] DEBUG Input                - Clearing active input actions
17:28:45.940 [JavaFX Application Thread] DEBUG GameApplicationServi - Removing overlay from FXGLStartupScene and adding to FXGLMainMenuDummyScene
17:28:45.941 [JavaFX Application Thread] DEBUG PrimaryStageWindow   - FXGLStartupScene -> FXGLMainMenuDummyScene
17:28:45.941 [JavaFX Application Thread] DEBUG PrimaryStageWindow   - Push state: MainMenuScene
17:28:45.942 [JavaFX Application Thread] DEBUG Input                - Clearing active input actions
17:28:45.952 [JavaFX Application Thread] DEBUG GameApplicationServi - Removing overlay from FXGLMainMenuDummyScene and adding to MainMenuScene
17:28:45.952 [JavaFX Application Thread] DEBUG PrimaryStageWindow   - FXGLMainMenuDummyScene -> MainMenuScene
17:28:46.722 [JavaFX Application Thread] DEBUG FXGLApplication      - Exiting FXGL
17:28:46.722 [JavaFX Application Thread] DEBUG LoopRunner           - Stopping loop
17:28:46.722 [JavaFX Application Thread] DEBUG SystemBundleService  - Saving FXGL system data
17:28:46.724 [JavaFX Application Thread] DEBUG FileSystemAccess     - Writing to: E:\G2\java\final_project\team_project_1124\javaA-xiangqi-project-main\system\fxgl.bundle
17:28:46.726 [JavaFX Application Thread] DEBUG Async                - Shutting down background threads
17:28:46.726 [JavaFX Application Thread] DEBUG PrimaryStageWindow   - Closing main window
17:28:46.738 [JavaFX Application Thread] DEBUG Logger               - Closing Logger
