20:26:32.333 [main                     ] DEBUG Logger               - Configured Logger
20:26:32.347 [main                     ] DEBUG GameApplication      - Logging settings
Title: 中国象棋 1.0
Version: 1.0
Width: 1316
Height: 1007
Fullscreen: false
Intro: false
Profiling: false
Single step:false
App Mode: DEVELOPER
Menu Key: ESCAPE
Stage Style: DECORATED
Scene Factory: class edu.sustech.xiangqi.XiangQiApp$1

20:26:32.760 [JavaFX Application Thread] DEBUG FXGLApplication      - Initializing FXGL
20:26:32.762 [JavaFX Application Thread] INFO  Engine               - FXGL-21.1 (27.03.2024 07.52) on WINDOWS (J:23.0.2 FX:21.0.1)
20:26:32.762 [JavaFX Application Thread] DEBUG Engine               - JRE Vendor Name: Amazon.com Inc.
20:26:32.762 [JavaFX Application Thread] DEBUG Engine               - Running on OS: Windows 11 version 10.0
20:26:32.762 [JavaFX Application Thread] DEBUG Engine               - Architecture: amd64
20:26:32.762 [JavaFX Application Thread] INFO  Engine               - Source code and latest versions at: https://github.com/AlmasB/FXGL
20:26:32.762 [JavaFX Application Thread] INFO  Engine               -       Ask questions and discuss at: https://github.com/AlmasB/FXGL/discussions
20:26:32.762 [JavaFX Application Thread] INFO  Engine               -              Join the FXGL chat at: https://gitter.im/AlmasB/FXGL
20:26:32.826 [JavaFX Application Thread] DEBUG PrimaryStageWindow   - Creating a JavaFX scene
20:26:32.856 [JavaFX Application Thread] DEBUG PrimaryStageWindow   - Target settings size: 1316.0 x 1007.0
20:26:32.856 [JavaFX Application Thread] DEBUG PrimaryStageWindow   - Scaled scene size:    1316.0 x 1007.0
20:26:32.856 [JavaFX Application Thread] DEBUG PrimaryStageWindow   - Scaled ratio: (1.0, 1.0)
20:26:32.856 [JavaFX Application Thread] DEBUG PrimaryStageWindow   - Set initial scene to FXGLStartupScene
20:26:32.859 [JavaFX Application Thread] DEBUG PrimaryStageWindow   - Opening main window
20:26:32.936 [JavaFX Application Thread] DEBUG PrimaryStageWindow   - Window border size: (14.6666259765625, 37.6666259765625)
20:26:32.937 [JavaFX Application Thread] DEBUG PrimaryStageWindow   - Scaled size: 1316.0 x 1007.0
20:26:32.937 [JavaFX Application Thread] DEBUG PrimaryStageWindow   - Scaled ratio: (1.0, 1.0)
20:26:32.937 [JavaFX Application Thread] DEBUG PrimaryStageWindow   - Scene size: 1316.0 x 1007.0
20:26:32.937 [JavaFX Application Thread] DEBUG PrimaryStageWindow   - Stage size: 1330.6666259765625 x 1044.6666259765625
20:26:32.941 [FXGL Background Thread 1 ] DEBUG Engine               - Initializing environment variables
20:26:32.996 [FXGL Background Thread 1 ] DEBUG FXGLAssetLoaderServi - User app class for loading assets: class edu.sustech.xiangqi.XiangQiApp
20:26:32.996 [FXGL Background Thread 1 ] DEBUG GameApplicationServi - Applying CSS: fxgl_dark.css
20:26:32.997 [FXGL Background Thread 1 ] DEBUG FXGLAssetLoaderServi - Loading from file system: jar:file:/C:/Users/%e5%b0%b9%e7%8e%ba%e9%aa%85/.m2/repository/com/github/almasb/fxgl/21.1/fxgl-21.1.jar!/fxglassets/ui/css/fxgl_dark.css
20:26:33.026 [FXGL Background Thread 1 ] DEBUG GameApplicationServi - Initializing application scenes
20:26:33.092 [FXGL Background Thread 1 ] DEBUG GameWorld            - Game world initialized
20:26:33.138 [FXGL Background Thread 1 ] DEBUG PhysicsWorld         - Physics world initialized: appHeight=1007, physics.ppm=50.0
20:26:33.139 [FXGL Background Thread 1 ] DEBUG PhysicsWorld         - Using strategy: BRUTE_FORCE
20:26:33.140 [FXGL Background Thread 1 ] DEBUG GameScene            - Game scene initialized: 1316x1007
20:26:33.150 [FXGL Background Thread 1 ] DEBUG FXGLAssetLoaderServi - Loading from file system: file:/E:/G2/java/final_project/team_project_1124/javaA-xiangqi-project-main/target/classes/assets/ui/fonts/HYPixel11pxU-2.ttf
20:26:33.189 [FXGL Background Thread 1 ] DEBUG FXGLAssetLoaderServi - Loading from file system: file:/E:/G2/java/final_project/team_project_1124/javaA-xiangqi-project-main/target/classes/assets/textures/Button1.png
20:26:33.203 [FXGL Background Thread 1 ] DEBUG FXGLAssetLoaderServi - Loading from file system: file:/E:/G2/java/final_project/team_project_1124/javaA-xiangqi-project-main/target/classes/assets/textures/Press.png
20:26:33.240 [FXGL Background Thread 1 ] DEBUG GameApplicationServi - Application scenes initialized
20:26:33.247 [FXGL Background Thread 1 ] DEBUG SystemBundleService  - Loading FXGL system data
20:26:33.249 [FXGL Background Thread 1 ] DEBUG FileSystemAccess     - Reading from: E:\G2\java\final_project\team_project_1124\javaA-xiangqi-project-main\system\fxgl.bundle
20:26:33.253 [FXGL Background Thread 1 ] DEBUG SystemBundleService  - Bundle FXGL: {}
20:26:33.253 [FXGL Background Thread 1 ] DEBUG UpdaterService       - Checking for updates
20:26:33.257 [FXGL Background Thread 4 ] DEBUG FXGLApplication      - Loading fonts
20:26:33.257 [FXGL Background Thread 1 ] DEBUG FXGLApplication      - Loading default localization
20:26:33.257 [FXGL Background Thread 4 ] DEBUG FXGLAssetLoaderServi - Loading from file system: jar:file:/C:/Users/%e5%b0%b9%e7%8e%ba%e9%aa%85/.m2/repository/com/github/almasb/fxgl/21.1/fxgl-21.1.jar!/fxglassets/ui/fonts/VarelaRound-Regular.ttf
20:26:33.258 [FXGL Background Thread 1 ] DEBUG FXGLAssetLoaderServi - Loading from file system: jar:file:/C:/Users/%e5%b0%b9%e7%8e%ba%e9%aa%85/.m2/repository/com/github/almasb/fxgl/21.1/fxgl-21.1.jar!/fxglassets/languages/english.lang
20:26:33.261 [FXGL Background Thread 4 ] DEBUG FXGLAssetLoaderServi - Loading from file system: jar:file:/C:/Users/%e5%b0%b9%e7%8e%ba%e9%aa%85/.m2/repository/com/github/almasb/fxgl/21.1/fxgl-21.1.jar!/fxglassets/ui/fonts/Abel-Regular.ttf
20:26:33.265 [FXGL Background Thread 4 ] DEBUG FXGLAssetLoaderServi - Loading from file system: jar:file:/C:/Users/%e5%b0%b9%e7%8e%ba%e9%aa%85/.m2/repository/com/github/almasb/fxgl/21.1/fxgl-21.1.jar!/fxglassets/ui/fonts/TerminalLandMono-Regular.otf
20:26:33.268 [FXGL Background Thread 4 ] DEBUG FXGLAssetLoaderServi - Loading from file system: jar:file:/C:/Users/%e5%b0%b9%e7%8e%ba%e9%aa%85/.m2/repository/com/github/almasb/fxgl/21.1/fxgl-21.1.jar!/fxglassets/ui/fonts/Courier-Prime.ttf
20:26:33.274 [JavaFX Application Thread] DEBUG FXGLApplication      - Registering font factories with UI factory
20:26:33.294 [FXGL Background Thread 1 ] INFO  FXGLApplication      - FXGL initialization took: 0.353 sec
20:26:33.300 [JavaFX Application Thread] DEBUG Input                - Registered new binding: Click - LMB
20:26:33.301 [JavaFX Application Thread] DEBUG FXGLAssetLoaderServi - Loading from file system: jar:file:/C:/Users/%e5%b0%b9%e7%8e%ba%e9%aa%85/.m2/repository/com/github/almasb/fxgl/21.1/fxgl-21.1.jar!/fxglassets/textures/fxgl_icon.png
20:26:33.318 [JavaFX Application Thread] DEBUG FXGLAssetLoaderServi - Loading from file system: jar:file:/C:/Users/%e5%b0%b9%e7%8e%ba%e9%aa%85/.m2/repository/com/github/almasb/fxgl/21.1/fxgl-21.1.jar!/fxglassets/textures/fxgl_default_cursor.png
20:26:33.324 [JavaFX Application Thread] DEBUG Input                - Registered new binding: Screenshot - CTRL+8
20:26:33.325 [JavaFX Application Thread] DEBUG Input                - Registered new binding: System info dump - CTRL+9
20:26:33.325 [JavaFX Application Thread] DEBUG Input                - Registered new binding: Restart - CTRL+R
20:26:33.326 [JavaFX Application Thread] DEBUG Input                - Registered new binding: Toggle Debug Camera - CTRL+7
20:26:33.330 [JavaFX Application Thread] DEBUG LoopRunner           - Starting loop
20:26:33.330 [JavaFX Application Thread] DEBUG LoopRunner           - Initializing JavaFX AnimationTimerLoop
20:26:33.333 [JavaFX Application Thread] DEBUG Input                - Clearing active input actions
20:26:33.338 [JavaFX Application Thread] DEBUG GameApplicationServi - Removing overlay from FXGLStartupScene and adding to FXGLMainMenuDummyScene
20:26:33.339 [JavaFX Application Thread] DEBUG PrimaryStageWindow   - FXGLStartupScene -> FXGLMainMenuDummyScene
20:26:33.339 [JavaFX Application Thread] DEBUG PrimaryStageWindow   - Push state: MainMenuScene
20:26:33.339 [JavaFX Application Thread] DEBUG Input                - Clearing active input actions
20:26:33.346 [JavaFX Application Thread] DEBUG GameApplicationServi - Removing overlay from FXGLMainMenuDummyScene and adding to MainMenuScene
20:26:33.346 [JavaFX Application Thread] DEBUG PrimaryStageWindow   - FXGLMainMenuDummyScene -> MainMenuScene
20:26:33.348 [JavaFX Application Thread] DEBUG FXGLAssetLoaderServi - Loading from file system: file:/E:/G2/java/final_project/team_project_1124/javaA-xiangqi-project-main/target/classes/assets/music/%e6%8c%89%e9%92%ae%e9%9f%b3%e6%95%881.mp3
20:26:33.633 [JavaFX Application Thread] DEBUG AudioPlayer          - Playing music com.almasb.fxgl.audio.Music@4b12b99d
20:26:33.646 [JavaFX Application Thread] DEBUG AudioPlayer          - Playing music com.almasb.fxgl.audio.Music@4b12b99d
20:26:34.937 [JavaFX Application Thread] DEBUG AudioPlayer          - Playing music com.almasb.fxgl.audio.Music@4b12b99d
20:26:35.701 [JavaFX Application Thread] DEBUG AudioPlayer          - Playing music com.almasb.fxgl.audio.Music@4b12b99d
20:26:36.015 [JavaFX Application Thread] DEBUG AudioPlayer          - Playing music com.almasb.fxgl.audio.Music@4b12b99d
20:26:36.194 [JavaFX Application Thread] DEBUG Menu                 - fireNewGame()
20:26:36.194 [JavaFX Application Thread] DEBUG GameApplicationServi - Starting new game
20:26:36.194 [JavaFX Application Thread] DEBUG PrimaryStageWindow   - Pop state: MainMenuScene
20:26:36.194 [JavaFX Application Thread] DEBUG Input                - Clearing active input actions
20:26:36.194 [JavaFX Application Thread] DEBUG GameApplicationServi - Removing overlay from MainMenuScene and adding to FXGLMainMenuDummyScene
20:26:36.194 [JavaFX Application Thread] DEBUG PrimaryStageWindow   - FXGLMainMenuDummyScene <- MainMenuScene
20:26:36.195 [JavaFX Application Thread] DEBUG Input                - Clearing active input actions
20:26:36.197 [JavaFX Application Thread] DEBUG GameApplicationServi - Removing overlay from FXGLMainMenuDummyScene and adding to FXGLLoadingScene
20:26:36.197 [JavaFX Application Thread] DEBUG PrimaryStageWindow   - FXGLMainMenuDummyScene -> FXGLLoadingScene
20:26:36.197 [JavaFX Application Thread] DEBUG GameApplicationServi - Clearing previous game
20:26:36.197 [JavaFX Application Thread] DEBUG GameScene            - Clearing game scene
20:26:36.197 [JavaFX Application Thread] DEBUG GameWorld            - Clearing game world
20:26:36.197 [JavaFX Application Thread] DEBUG PhysicsWorld         - Clearing physics world
20:26:36.199 [FXGL Background Thread 2 ] DEBUG FXGLApplication      - Initializing game
20:26:36.213 [FXGL Background Thread 2 ] DEBUG FXGLAssetLoaderServi - Loading from file system: file:/E:/G2/java/final_project/team_project_1124/javaA-xiangqi-project-main/target/classes/assets/textures/%e8%83%8c%e6%99%af.jpg
20:26:36.257 [FXGL Background Thread 3 ] DEBUG Engine               - Logging environment variables
20:26:36.258 [FXGL Background Thread 3 ] DEBUG Engine               - achievements: []
20:26:36.258 [FXGL Background Thread 3 ] DEBUG Engine               - actualHeight: 1007.0
20:26:36.258 [FXGL Background Thread 3 ] DEBUG Engine               - actualHeightProperty: ReadOnlyDoubleProperty [value: 1007.0]
20:26:36.258 [FXGL Background Thread 3 ] DEBUG Engine               - actualWidth: 1316.0
20:26:36.258 [FXGL Background Thread 3 ] DEBUG Engine               - actualWidthProperty: ReadOnlyDoubleProperty [value: 1316.0]
20:26:36.258 [FXGL Background Thread 3 ] DEBUG Engine               - appIcon: fxgl_icon.png
20:26:36.258 [FXGL Background Thread 3 ] DEBUG Engine               - applicationMode: DEVELOPER
20:26:36.258 [FXGL Background Thread 3 ] DEBUG Engine               - cSSList: [fxgl_dark.css]
20:26:36.258 [FXGL Background Thread 3 ] DEBUG Engine               - collisionDetectionStrategy: BRUTE_FORCE
20:26:36.258 [FXGL Background Thread 3 ] DEBUG Engine               - configClass: Optional.empty
20:26:36.258 [FXGL Background Thread 3 ] DEBUG Engine               - credits: []
20:26:36.259 [FXGL Background Thread 3 ] DEBUG Engine               - defaultCursor: CursorInfo(imageName=fxgl_default_cursor.png, hotspotX=7.0, hotspotY=6.0)
20:26:36.260 [FXGL Background Thread 3 ] DEBUG Engine               - devBBoxColorProperty: ObjectProperty [value: 0xff0000ff]
20:26:36.260 [FXGL Background Thread 3 ] DEBUG Engine               - devEnableDebugCameraProperty: BooleanProperty [value: false]
20:26:36.260 [FXGL Background Thread 3 ] DEBUG Engine               - devSensorColorProperty: ObjectProperty [value: 0xffff00ff]
20:26:36.260 [FXGL Background Thread 3 ] DEBUG Engine               - devShowBBoxProperty: BooleanProperty [value: false]
20:26:36.260 [FXGL Background Thread 3 ] DEBUG Engine               - devShowPositionProperty: BooleanProperty [value: false]
20:26:36.260 [FXGL Background Thread 3 ] DEBUG Engine               - enabledMenuItems: []
20:26:36.260 [FXGL Background Thread 3 ] DEBUG Engine               - engineServices: [class com.almasb.fxgl.app.services.FXGLAssetLoaderService, class com.almasb.fxgl.app.FXGLApplication$GameApplicationService, class com.almasb.fxgl.app.services.FXGLDialogService, class com.almasb.fxgl.app.services.IOTaskExecutorService, class com.almasb.fxgl.io.FileSystemService, class com.almasb.fxgl.localization.LocalizationService, class com.almasb.fxgl.app.services.SystemBundleService, class com.almasb.fxgl.profile.SaveLoadService, class com.almasb.fxgl.ui.FXGLUIFactoryServiceProvider, class com.almasb.fxgl.ui.FXGLDialogFactoryServiceProvider, class com.almasb.fxgl.audio.AudioPlayer, class com.almasb.fxgl.notification.impl.NotificationServiceProvider, class com.almasb.fxgl.achievement.AchievementService, class com.almasb.fxgl.cutscene.CutsceneService, class com.almasb.fxgl.minigames.MiniGameService, class com.almasb.fxgl.net.NetService, class com.almasb.fxgl.app.services.UpdaterService, class com.almasb.fxgl.dev.DevService]
20:26:36.260 [FXGL Background Thread 3 ] DEBUG Engine               - fontGame: Abel-Regular.ttf
20:26:36.260 [FXGL Background Thread 3 ] DEBUG Engine               - fontMono: TerminalLandMono-Regular.otf
20:26:36.260 [FXGL Background Thread 3 ] DEBUG Engine               - fontSizeScaleUI: 1.0
20:26:36.260 [FXGL Background Thread 3 ] DEBUG Engine               - fontText: Courier-Prime.ttf
20:26:36.260 [FXGL Background Thread 3 ] DEBUG Engine               - fontUI: VarelaRound-Regular.ttf
20:26:36.260 [FXGL Background Thread 3 ] DEBUG Engine               - fullScreen: BooleanProperty [value: false]
20:26:36.260 [FXGL Background Thread 3 ] DEBUG Engine               - gameDifficulty: MEDIUM
20:26:36.260 [FXGL Background Thread 3 ] DEBUG Engine               - gameDifficultyProperty: ObjectProperty [value: MEDIUM]
20:26:36.260 [FXGL Background Thread 3 ] DEBUG Engine               - globalMusicVolume: 0.5
20:26:36.260 [FXGL Background Thread 3 ] DEBUG Engine               - globalMusicVolumeProperty: DoubleProperty [value: 0.5]
20:26:36.260 [FXGL Background Thread 3 ] DEBUG Engine               - globalSoundVolume: 0.5
20:26:36.260 [FXGL Background Thread 3 ] DEBUG Engine               - globalSoundVolumeProperty: DoubleProperty [value: 0.5]
20:26:36.260 [FXGL Background Thread 3 ] DEBUG Engine               - height: 1007
20:26:36.260 [FXGL Background Thread 3 ] DEBUG Engine               - is3D: false
20:26:36.260 [FXGL Background Thread 3 ] DEBUG Engine               - isAndroid: false
20:26:36.260 [FXGL Background Thread 3 ] DEBUG Engine               - isBrowser: false
20:26:36.260 [FXGL Background Thread 3 ] DEBUG Engine               - isClickFeedbackEnabled: false
20:26:36.260 [FXGL Background Thread 3 ] DEBUG Engine               - isCloseConfirmation: false
20:26:36.260 [FXGL Background Thread 3 ] DEBUG Engine               - isDesktop: true
20:26:36.260 [FXGL Background Thread 3 ] DEBUG Engine               - isDeveloperMenuEnabled: false
20:26:36.260 [FXGL Background Thread 3 ] DEBUG Engine               - isEmbedded: false
20:26:36.260 [FXGL Background Thread 3 ] DEBUG Engine               - isEntityPreloadEnabled: true
20:26:36.260 [FXGL Background Thread 3 ] DEBUG Engine               - isExperimentalTiledLargeMap: false
20:26:36.260 [FXGL Background Thread 3 ] DEBUG Engine               - isFileSystemWriteAllowed: true
20:26:36.260 [FXGL Background Thread 3 ] DEBUG Engine               - isFullScreenAllowed: false
20:26:36.260 [FXGL Background Thread 3 ] DEBUG Engine               - isFullScreenFromStart: false
20:26:36.260 [FXGL Background Thread 3 ] DEBUG Engine               - isGameMenuEnabled: true
20:26:36.260 [FXGL Background Thread 3 ] DEBUG Engine               - isIOS: false
20:26:36.260 [FXGL Background Thread 3 ] DEBUG Engine               - isIntroEnabled: false
20:26:36.260 [FXGL Background Thread 3 ] DEBUG Engine               - isLinux: false
20:26:36.260 [FXGL Background Thread 3 ] DEBUG Engine               - isMac: false
20:26:36.260 [FXGL Background Thread 3 ] DEBUG Engine               - isMainMenuEnabled: true
20:26:36.260 [FXGL Background Thread 3 ] DEBUG Engine               - isManualResizeEnabled: false
20:26:36.260 [FXGL Background Thread 3 ] DEBUG Engine               - isMobile: false
20:26:36.260 [FXGL Background Thread 3 ] DEBUG Engine               - isNative: false
20:26:36.260 [FXGL Background Thread 3 ] DEBUG Engine               - isPauseMusicWhenMinimized: true
20:26:36.260 [FXGL Background Thread 3 ] DEBUG Engine               - isPreserveResizeRatio: false
20:26:36.261 [FXGL Background Thread 3 ] DEBUG Engine               - isProfilingEnabled: false
20:26:36.261 [FXGL Background Thread 3 ] DEBUG Engine               - isScaleAffectedOnResize: true
20:26:36.261 [FXGL Background Thread 3 ] DEBUG Engine               - isSingleStep: false
20:26:36.261 [FXGL Background Thread 3 ] DEBUG Engine               - isUserProfileEnabled: false
20:26:36.261 [FXGL Background Thread 3 ] DEBUG Engine               - isWindows: true
20:26:36.261 [FXGL Background Thread 3 ] DEBUG Engine               - language: ObjectProperty [value: ENGLISH]
20:26:36.261 [FXGL Background Thread 3 ] DEBUG Engine               - menuKey: ESCAPE
20:26:36.261 [FXGL Background Thread 3 ] DEBUG Engine               - mouseSensitivity: 0.2
20:26:36.261 [FXGL Background Thread 3 ] DEBUG Engine               - notificationViewClass: class com.almasb.fxgl.notification.view.XboxNotificationView
20:26:36.261 [FXGL Background Thread 3 ] DEBUG Engine               - pixelsPerMeter: 50.0
20:26:36.261 [FXGL Background Thread 3 ] DEBUG Engine               - platform: WINDOWS
20:26:36.261 [FXGL Background Thread 3 ] DEBUG Engine               - prefHeightProperty: ReadOnlyDoubleProperty [value: 1007.0]
20:26:36.261 [FXGL Background Thread 3 ] DEBUG Engine               - prefWidthProperty: ReadOnlyDoubleProperty [value: 1316.0]
20:26:36.261 [FXGL Background Thread 3 ] DEBUG Engine               - profileDir: profiles/
20:26:36.261 [FXGL Background Thread 3 ] DEBUG Engine               - profileName: StringProperty [value: DEFAULT]
20:26:36.261 [FXGL Background Thread 3 ] DEBUG Engine               - randomSeed: -1
20:26:36.261 [FXGL Background Thread 3 ] DEBUG Engine               - runtimeInfo: RuntimeInfo(platform=WINDOWS, version=21.1, build=27.03.2024 07.52)
20:26:36.261 [FXGL Background Thread 3 ] DEBUG Engine               - saveFileExt: sav
20:26:36.261 [FXGL Background Thread 3 ] DEBUG Engine               - scaledHeightProp$fxgl: DoubleProperty [bound, value: 1007.0]
20:26:36.261 [FXGL Background Thread 3 ] DEBUG Engine               - scaledWidthProp$fxgl: DoubleProperty [bound, value: 1316.0]
20:26:36.261 [FXGL Background Thread 3 ] DEBUG Engine               - sceneFactory: edu.sustech.xiangqi.XiangQiApp$1@19dfca49
20:26:36.261 [FXGL Background Thread 3 ] DEBUG Engine               - secondsIn24h: 60
20:26:36.261 [FXGL Background Thread 3 ] DEBUG Engine               - soundMenuBack: menu/back.wav
20:26:36.261 [FXGL Background Thread 3 ] DEBUG Engine               - soundMenuPress: menu/press.wav
20:26:36.261 [FXGL Background Thread 3 ] DEBUG Engine               - soundMenuSelect: menu/select.wav
20:26:36.261 [FXGL Background Thread 3 ] DEBUG Engine               - soundNotification: core/notification.wav
20:26:36.261 [FXGL Background Thread 3 ] DEBUG Engine               - stageStyle: DECORATED
20:26:36.261 [FXGL Background Thread 3 ] DEBUG Engine               - supportedLanguages: [ENGLISH, FRENCH, GERMAN, HUNGARIAN, RUSSIAN]
20:26:36.261 [FXGL Background Thread 3 ] DEBUG Engine               - ticksPerSecond: -1
20:26:36.261 [FXGL Background Thread 3 ] DEBUG Engine               - title: 中国象棋 1.0
20:26:36.261 [FXGL Background Thread 3 ] DEBUG Engine               - urlGithub: https://github.com/AlmasB/FXGL
20:26:36.261 [FXGL Background Thread 3 ] DEBUG Engine               - urlLeaderboard: http://fxgl-top.herokuapp.com/
20:26:36.261 [FXGL Background Thread 3 ] DEBUG Engine               - urlPOM: https://raw.githubusercontent.com/AlmasB/FXGL/release/README.md
20:26:36.261 [FXGL Background Thread 3 ] DEBUG Engine               - userAppClass: class edu.sustech.xiangqi.XiangQiApp
20:26:36.261 [FXGL Background Thread 3 ] DEBUG Engine               - version: 1.0
20:26:36.261 [FXGL Background Thread 3 ] DEBUG Engine               - versionCheckDays: 7
20:26:36.261 [FXGL Background Thread 3 ] DEBUG Engine               - width: 1316
20:26:36.261 [FXGL Background Thread 3 ] DEBUG Engine               - Logging services
20:26:36.261 [FXGL Background Thread 3 ] DEBUG Engine               - class com.almasb.fxgl.app.services.FXGLAssetLoaderService
20:26:36.261 [FXGL Background Thread 3 ] DEBUG Engine               - class com.almasb.fxgl.app.FXGLApplication$GameApplicationService
20:26:36.261 [FXGL Background Thread 3 ] DEBUG Engine               - class com.almasb.fxgl.app.services.FXGLDialogService
20:26:36.261 [FXGL Background Thread 3 ] DEBUG Engine               - class com.almasb.fxgl.app.services.IOTaskExecutorService
20:26:36.261 [FXGL Background Thread 3 ] DEBUG Engine               - class com.almasb.fxgl.io.FileSystemService
20:26:36.262 [FXGL Background Thread 3 ] DEBUG Engine               - class com.almasb.fxgl.localization.LocalizationService
20:26:36.262 [FXGL Background Thread 3 ] DEBUG Engine               - class com.almasb.fxgl.app.services.SystemBundleService
20:26:36.262 [FXGL Background Thread 3 ] DEBUG Engine               - class com.almasb.fxgl.profile.SaveLoadService
20:26:36.262 [FXGL Background Thread 3 ] DEBUG Engine               - class com.almasb.fxgl.ui.FXGLUIFactoryServiceProvider
20:26:36.262 [FXGL Background Thread 3 ] DEBUG Engine               - class com.almasb.fxgl.ui.FXGLDialogFactoryServiceProvider
20:26:36.262 [FXGL Background Thread 3 ] DEBUG Engine               - class com.almasb.fxgl.audio.AudioPlayer
20:26:36.262 [FXGL Background Thread 3 ] DEBUG Engine               - class com.almasb.fxgl.notification.impl.NotificationServiceProvider
20:26:36.262 [FXGL Background Thread 3 ] DEBUG Engine               - class com.almasb.fxgl.achievement.AchievementService
20:26:36.262 [FXGL Background Thread 3 ] DEBUG Engine               - class com.almasb.fxgl.cutscene.CutsceneService
20:26:36.262 [FXGL Background Thread 3 ] DEBUG Engine               - class com.almasb.fxgl.minigames.MiniGameService
20:26:36.262 [FXGL Background Thread 3 ] DEBUG Engine               - class com.almasb.fxgl.net.NetService
20:26:36.262 [FXGL Background Thread 3 ] DEBUG Engine               - class com.almasb.fxgl.app.services.UpdaterService
20:26:36.262 [FXGL Background Thread 3 ] DEBUG Engine               - class com.almasb.fxgl.dev.DevService
20:26:36.280 [FXGL Background Thread 2 ] DEBUG FXGLAssetLoaderServi - Loading from file system: file:/E:/G2/java/final_project/team_project_1124/javaA-xiangqi-project-main/target/classes/assets/textures/ChessBoard.png
20:26:36.304 [FXGL Background Thread 2 ] DEBUG FXGLAssetLoaderServi - Loading from file system: file:/E:/G2/java/final_project/team_project_1124/javaA-xiangqi-project-main/target/classes/assets/textures/BlackChariot.png
20:26:36.318 [FXGL Background Thread 2 ] DEBUG FXGLAssetLoaderServi - Loading from file system: file:/E:/G2/java/final_project/team_project_1124/javaA-xiangqi-project-main/target/classes/assets/textures/BlackHorse.png
20:26:36.320 [FXGL Background Thread 2 ] DEBUG FXGLAssetLoaderServi - Loading from file system: file:/E:/G2/java/final_project/team_project_1124/javaA-xiangqi-project-main/target/classes/assets/textures/BlackElephant.png
20:26:36.321 [FXGL Background Thread 2 ] DEBUG FXGLAssetLoaderServi - Loading from file system: file:/E:/G2/java/final_project/team_project_1124/javaA-xiangqi-project-main/target/classes/assets/textures/BlackAdvisor.png
20:26:36.323 [FXGL Background Thread 2 ] DEBUG FXGLAssetLoaderServi - Loading from file system: file:/E:/G2/java/final_project/team_project_1124/javaA-xiangqi-project-main/target/classes/assets/textures/BlackGeneral.png
20:26:36.325 [FXGL Background Thread 2 ] DEBUG FXGLAssetLoaderServi - Loading from file system: file:/E:/G2/java/final_project/team_project_1124/javaA-xiangqi-project-main/target/classes/assets/textures/BlackCannon.png
20:26:36.328 [FXGL Background Thread 2 ] DEBUG FXGLAssetLoaderServi - Loading from file system: file:/E:/G2/java/final_project/team_project_1124/javaA-xiangqi-project-main/target/classes/assets/textures/BlackSoldier.png
20:26:36.331 [FXGL Background Thread 2 ] DEBUG FXGLAssetLoaderServi - Loading from file system: file:/E:/G2/java/final_project/team_project_1124/javaA-xiangqi-project-main/target/classes/assets/textures/RedSoldier.png
20:26:36.334 [FXGL Background Thread 2 ] DEBUG FXGLAssetLoaderServi - Loading from file system: file:/E:/G2/java/final_project/team_project_1124/javaA-xiangqi-project-main/target/classes/assets/textures/RedCannon.png
20:26:36.335 [FXGL Background Thread 2 ] DEBUG FXGLAssetLoaderServi - Loading from file system: file:/E:/G2/java/final_project/team_project_1124/javaA-xiangqi-project-main/target/classes/assets/textures/RedChariot.png
20:26:36.336 [FXGL Background Thread 2 ] DEBUG FXGLAssetLoaderServi - Loading from file system: file:/E:/G2/java/final_project/team_project_1124/javaA-xiangqi-project-main/target/classes/assets/textures/RedHorse.png
20:26:36.337 [FXGL Background Thread 2 ] DEBUG FXGLAssetLoaderServi - Loading from file system: file:/E:/G2/java/final_project/team_project_1124/javaA-xiangqi-project-main/target/classes/assets/textures/RedElephant.png
20:26:36.339 [FXGL Background Thread 2 ] DEBUG FXGLAssetLoaderServi - Loading from file system: file:/E:/G2/java/final_project/team_project_1124/javaA-xiangqi-project-main/target/classes/assets/textures/RedAdvisor.png
20:26:36.340 [FXGL Background Thread 2 ] DEBUG FXGLAssetLoaderServi - Loading from file system: file:/E:/G2/java/final_project/team_project_1124/javaA-xiangqi-project-main/target/classes/assets/textures/RedGeneral.png
20:26:36.353 [FXGL Background Thread 2 ] INFO  FXGLApplication      - Game initialization took: 0.155 sec
20:26:36.355 [JavaFX Application Thread] DEBUG Input                - Clearing active input actions
20:26:36.360 [JavaFX Application Thread] DEBUG GameApplicationServi - Removing overlay from FXGLLoadingScene and adding to GameScene
20:26:36.360 [JavaFX Application Thread] DEBUG PrimaryStageWindow   - FXGLLoadingScene -> GameScene
20:26:36.958 [JavaFX Application Thread] DEBUG FXGLAssetLoaderServi - Loading from file system: file:/E:/G2/java/final_project/team_project_1124/javaA-xiangqi-project-main/target/classes/assets/textures/%e9%80%89%e4%b8%ad.png
20:26:50.002 [JavaFX Application Thread] DEBUG AudioPlayer          - Playing music com.almasb.fxgl.audio.Music@4b12b99d
20:26:50.960 [JavaFX Application Thread] DEBUG AudioPlayer          - Playing music com.almasb.fxgl.audio.Music@4b12b99d
20:26:51.001 [JavaFX Application Thread] DEBUG AudioPlayer          - Playing music com.almasb.fxgl.audio.Music@4b12b99d
20:26:54.953 [JavaFX Application Thread] DEBUG AudioPlayer          - Playing music com.almasb.fxgl.audio.Music@4b12b99d
20:26:55.371 [JavaFX Application Thread] DEBUG AudioPlayer          - Playing music com.almasb.fxgl.audio.Music@4b12b99d
20:26:56.222 [JavaFX Application Thread] DEBUG AudioPlayer          - Playing music com.almasb.fxgl.audio.Music@4b12b99d
20:26:59.598 [JavaFX Application Thread] DEBUG PrimaryStageWindow   - Push state: InGameMenuScene
20:26:59.598 [JavaFX Application Thread] DEBUG Input                - Clearing active input actions
20:26:59.599 [JavaFX Application Thread] DEBUG GameApplicationServi - Removing overlay from GameScene and adding to InGameMenuScene
20:26:59.599 [JavaFX Application Thread] DEBUG PrimaryStageWindow   - GameScene -> InGameMenuScene
20:26:59.864 [JavaFX Application Thread] DEBUG AudioPlayer          - Playing music com.almasb.fxgl.audio.Music@4b12b99d
20:26:59.962 [JavaFX Application Thread] DEBUG AudioPlayer          - Playing music com.almasb.fxgl.audio.Music@4b12b99d
20:27:00.242 [JavaFX Application Thread] DEBUG Menu                 - fireExitToMainMenu()
20:27:00.247 [JavaFX Application Thread] DEBUG PrimaryStageWindow   - Push state: DialogSubScene
20:27:00.247 [JavaFX Application Thread] DEBUG Input                - Clearing active input actions
20:27:00.248 [JavaFX Application Thread] DEBUG GameApplicationServi - Removing overlay from InGameMenuScene and adding to DialogSubScene
20:27:00.248 [JavaFX Application Thread] DEBUG PrimaryStageWindow   - InGameMenuScene -> DialogSubScene
20:27:00.957 [JavaFX Application Thread] DEBUG PrimaryStageWindow   - Pop state: DialogSubScene
20:27:00.957 [JavaFX Application Thread] DEBUG Input                - Clearing active input actions
20:27:00.957 [JavaFX Application Thread] DEBUG GameApplicationServi - Removing overlay from DialogSubScene and adding to InGameMenuScene
20:27:00.958 [JavaFX Application Thread] DEBUG PrimaryStageWindow   - InGameMenuScene <- DialogSubScene
20:27:00.958 [JavaFX Application Thread] DEBUG PrimaryStageWindow   - Pop state: InGameMenuScene
20:27:00.958 [JavaFX Application Thread] DEBUG Input                - Clearing active input actions
20:27:00.958 [JavaFX Application Thread] DEBUG GameApplicationServi - Removing overlay from InGameMenuScene and adding to GameScene
20:27:00.958 [JavaFX Application Thread] DEBUG PrimaryStageWindow   - GameScene <- InGameMenuScene
20:27:00.958 [JavaFX Application Thread] DEBUG Input                - Clearing active input actions
20:27:00.960 [JavaFX Application Thread] DEBUG GameApplicationServi - Removing overlay from GameScene and adding to FXGLMainMenuDummyScene
20:27:00.960 [JavaFX Application Thread] DEBUG PrimaryStageWindow   - GameScene -> FXGLMainMenuDummyScene
20:27:00.960 [JavaFX Application Thread] DEBUG PrimaryStageWindow   - Push state: MainMenuScene
20:27:00.960 [JavaFX Application Thread] DEBUG Input                - Clearing active input actions
20:27:00.960 [JavaFX Application Thread] DEBUG GameApplicationServi - Removing overlay from FXGLMainMenuDummyScene and adding to MainMenuScene
20:27:00.960 [JavaFX Application Thread] DEBUG PrimaryStageWindow   - FXGLMainMenuDummyScene -> MainMenuScene
20:27:00.960 [JavaFX Application Thread] DEBUG AudioPlayer          - Playing music com.almasb.fxgl.audio.Music@4b12b99d
20:27:01.483 [JavaFX Application Thread] DEBUG AudioPlayer          - Playing music com.almasb.fxgl.audio.Music@4b12b99d
20:27:01.582 [JavaFX Application Thread] DEBUG AudioPlayer          - Playing music com.almasb.fxgl.audio.Music@4b12b99d
20:27:01.863 [JavaFX Application Thread] DEBUG Menu                 - fireNewGame()
20:27:01.863 [JavaFX Application Thread] DEBUG GameApplicationServi - Starting new game
20:27:01.863 [JavaFX Application Thread] DEBUG PrimaryStageWindow   - Pop state: MainMenuScene
20:27:01.863 [JavaFX Application Thread] DEBUG Input                - Clearing active input actions
20:27:01.863 [JavaFX Application Thread] DEBUG GameApplicationServi - Removing overlay from MainMenuScene and adding to FXGLMainMenuDummyScene
20:27:01.863 [JavaFX Application Thread] DEBUG PrimaryStageWindow   - FXGLMainMenuDummyScene <- MainMenuScene
20:27:01.863 [JavaFX Application Thread] DEBUG Input                - Clearing active input actions
20:27:01.865 [JavaFX Application Thread] DEBUG GameApplicationServi - Removing overlay from FXGLMainMenuDummyScene and adding to FXGLLoadingScene
20:27:01.865 [JavaFX Application Thread] DEBUG PrimaryStageWindow   - FXGLMainMenuDummyScene -> FXGLLoadingScene
20:27:01.865 [JavaFX Application Thread] DEBUG GameApplicationServi - Clearing previous game
20:27:01.865 [JavaFX Application Thread] DEBUG GameScene            - Clearing game scene
20:27:01.865 [JavaFX Application Thread] DEBUG GameWorld            - Clearing game world
20:27:01.867 [JavaFX Application Thread] DEBUG PhysicsWorld         - Clearing physics world
20:27:01.867 [FXGL Background Thread 2 ] DEBUG FXGLApplication      - Initializing game
20:27:01.871 [FXGL Background Thread 2 ] INFO  FXGLApplication      - Game initialization took: 0.004 sec
20:27:01.873 [JavaFX Application Thread] DEBUG Input                - Clearing active input actions
20:27:01.875 [JavaFX Application Thread] DEBUG GameApplicationServi - Removing overlay from FXGLLoadingScene and adding to GameScene
20:27:01.875 [JavaFX Application Thread] DEBUG PrimaryStageWindow   - FXGLLoadingScene -> GameScene
20:27:02.272 [JavaFX Application Thread] DEBUG AudioPlayer          - Playing music com.almasb.fxgl.audio.Music@4b12b99d
20:27:02.332 [JavaFX Application Thread] DEBUG AudioPlayer          - Playing music com.almasb.fxgl.audio.Music@4b12b99d
20:27:03.546 [JavaFX Application Thread] DEBUG FXGLApplication      - Exiting FXGL
20:27:03.546 [JavaFX Application Thread] DEBUG LoopRunner           - Stopping loop
20:27:03.546 [JavaFX Application Thread] DEBUG SystemBundleService  - Saving FXGL system data
20:27:03.547 [JavaFX Application Thread] DEBUG FileSystemAccess     - Writing to: E:\G2\java\final_project\team_project_1124\javaA-xiangqi-project-main\system\fxgl.bundle
20:27:03.548 [JavaFX Application Thread] DEBUG Async                - Shutting down background threads
20:27:03.548 [JavaFX Application Thread] DEBUG PrimaryStageWindow   - Closing main window
20:27:03.563 [JavaFX Application Thread] DEBUG Logger               - Closing Logger
