10:28:33.802 [main                     ] DEBUG Logger               - Configured Logger
10:28:33.838 [main                     ] DEBUG GameApplication      - Logging settings
Title: 中国象棋 1.0
Version: 1.0
Width: 1316
Height: 937
Fullscreen: false
Intro: false
Profiling: false
Single step:false
App Mode: DEVELOPER
Menu Key: ESCAPE
Stage Style: DECORATED
Scene Factory: class edu.sustech.xiangqi.XiangQiApp$1

10:28:34.393 [JavaFX Application Thread] DEBUG FXGLApplication      - Initializing FXGL
10:28:34.397 [JavaFX Application Thread] INFO  Engine               - FXGL-21.1 (27.03.2024 07.52) on WINDOWS (J:23.0.2 FX:21.0.1)
10:28:34.397 [JavaFX Application Thread] DEBUG Engine               - JRE Vendor Name: Amazon.com Inc.
10:28:34.397 [JavaFX Application Thread] DEBUG Engine               - Running on OS: Windows 11 version 10.0
10:28:34.397 [JavaFX Application Thread] DEBUG Engine               - Architecture: amd64
10:28:34.397 [JavaFX Application Thread] INFO  Engine               - Source code and latest versions at: https://github.com/AlmasB/FXGL
10:28:34.397 [JavaFX Application Thread] INFO  Engine               -       Ask questions and discuss at: https://github.com/AlmasB/FXGL/discussions
10:28:34.397 [JavaFX Application Thread] INFO  Engine               -              Join the FXGL chat at: https://gitter.im/AlmasB/FXGL
10:28:34.491 [JavaFX Application Thread] DEBUG PrimaryStageWindow   - Creating a JavaFX scene
10:28:34.534 [JavaFX Application Thread] DEBUG PrimaryStageWindow   - Target settings size: 1316.0 x 937.0
10:28:34.534 [JavaFX Application Thread] DEBUG PrimaryStageWindow   - Scaled scene size:    1316.0 x 937.0
10:28:34.535 [JavaFX Application Thread] DEBUG PrimaryStageWindow   - Scaled ratio: (1.0, 1.0)
10:28:34.535 [JavaFX Application Thread] DEBUG PrimaryStageWindow   - Set initial scene to FXGLStartupScene
10:28:34.538 [JavaFX Application Thread] DEBUG PrimaryStageWindow   - Opening main window
10:28:34.722 [JavaFX Application Thread] DEBUG PrimaryStageWindow   - Window border size: (14.6666259765625, 37.66668701171875)
10:28:34.722 [JavaFX Application Thread] DEBUG PrimaryStageWindow   - Scaled size: 1316.0 x 937.0
10:28:34.722 [JavaFX Application Thread] DEBUG PrimaryStageWindow   - Scaled ratio: (1.0, 1.0)
10:28:34.722 [JavaFX Application Thread] DEBUG PrimaryStageWindow   - Scene size: 1316.0 x 937.0
10:28:34.722 [JavaFX Application Thread] DEBUG PrimaryStageWindow   - Stage size: 1330.6666259765625 x 974.6666870117188
10:28:34.728 [FXGL Background Thread 1 ] DEBUG Engine               - Initializing environment variables
10:28:34.895 [FXGL Background Thread 1 ] DEBUG FXGLAssetLoaderServi - User app class for loading assets: class edu.sustech.xiangqi.XiangQiApp
10:28:34.895 [FXGL Background Thread 1 ] DEBUG GameApplicationServi - Applying CSS: fxgl_dark.css
10:28:34.896 [FXGL Background Thread 1 ] DEBUG FXGLAssetLoaderServi - Loading from file system: jar:file:/C:/Users/%e5%b0%b9%e7%8e%ba%e9%aa%85/.m2/repository/com/github/almasb/fxgl/21.1/fxgl-21.1.jar!/fxglassets/ui/css/fxgl_dark.css
10:28:35.015 [FXGL Background Thread 1 ] DEBUG GameApplicationServi - Initializing application scenes
10:28:35.363 [FXGL Background Thread 1 ] DEBUG GameWorld            - Game world initialized
10:28:35.678 [FXGL Background Thread 1 ] DEBUG PhysicsWorld         - Physics world initialized: appHeight=937, physics.ppm=50.0
10:28:35.678 [FXGL Background Thread 1 ] DEBUG PhysicsWorld         - Using strategy: BRUTE_FORCE
10:28:35.683 [FXGL Background Thread 1 ] DEBUG GameScene            - Game scene initialized: 1316x937
10:28:35.695 [FXGL Background Thread 1 ] DEBUG FXGLAssetLoaderServi - Loading from file system: file:/E:/G2/java/final_project/team_project_1124/javaA-xiangqi-project-main/target/classes/assets/ui/fonts/HYPixel11pxU-2.ttf
10:28:35.748 [FXGL Background Thread 1 ] DEBUG FXGLAssetLoaderServi - Loading from file system: file:/E:/G2/java/final_project/team_project_1124/javaA-xiangqi-project-main/target/classes/assets/textures/Button1.png
10:28:35.770 [FXGL Background Thread 1 ] DEBUG FXGLAssetLoaderServi - Loading from file system: file:/E:/G2/java/final_project/team_project_1124/javaA-xiangqi-project-main/target/classes/assets/textures/Press.png
10:28:35.824 [FXGL Background Thread 1 ] DEBUG GameApplicationServi - Application scenes initialized
10:28:35.835 [FXGL Background Thread 1 ] DEBUG SystemBundleService  - Loading FXGL system data
10:28:35.839 [FXGL Background Thread 1 ] DEBUG FileSystemAccess     - Reading from: E:\G2\java\final_project\team_project_1124\javaA-xiangqi-project-main\system\fxgl.bundle
10:28:35.846 [FXGL Background Thread 1 ] DEBUG SystemBundleService  - Bundle FXGL: {}
10:28:35.846 [FXGL Background Thread 1 ] DEBUG UpdaterService       - Checking for updates
10:28:35.853 [FXGL Background Thread 4 ] DEBUG FXGLApplication      - Loading fonts
10:28:35.853 [FXGL Background Thread 4 ] DEBUG FXGLAssetLoaderServi - Loading from file system: jar:file:/C:/Users/%e5%b0%b9%e7%8e%ba%e9%aa%85/.m2/repository/com/github/almasb/fxgl/21.1/fxgl-21.1.jar!/fxglassets/ui/fonts/VarelaRound-Regular.ttf
10:28:35.853 [FXGL Background Thread 1 ] DEBUG FXGLApplication      - Loading default localization
10:28:35.854 [FXGL Background Thread 1 ] DEBUG FXGLAssetLoaderServi - Loading from file system: jar:file:/C:/Users/%e5%b0%b9%e7%8e%ba%e9%aa%85/.m2/repository/com/github/almasb/fxgl/21.1/fxgl-21.1.jar!/fxglassets/languages/english.lang
10:28:35.860 [FXGL Background Thread 4 ] DEBUG FXGLAssetLoaderServi - Loading from file system: jar:file:/C:/Users/%e5%b0%b9%e7%8e%ba%e9%aa%85/.m2/repository/com/github/almasb/fxgl/21.1/fxgl-21.1.jar!/fxglassets/ui/fonts/Abel-Regular.ttf
10:28:35.869 [FXGL Background Thread 4 ] DEBUG FXGLAssetLoaderServi - Loading from file system: jar:file:/C:/Users/%e5%b0%b9%e7%8e%ba%e9%aa%85/.m2/repository/com/github/almasb/fxgl/21.1/fxgl-21.1.jar!/fxglassets/ui/fonts/TerminalLandMono-Regular.otf
10:28:35.875 [FXGL Background Thread 4 ] DEBUG FXGLAssetLoaderServi - Loading from file system: jar:file:/C:/Users/%e5%b0%b9%e7%8e%ba%e9%aa%85/.m2/repository/com/github/almasb/fxgl/21.1/fxgl-21.1.jar!/fxglassets/ui/fonts/Courier-Prime.ttf
10:28:35.883 [JavaFX Application Thread] DEBUG FXGLApplication      - Registering font factories with UI factory
10:28:35.939 [FXGL Background Thread 1 ] INFO  FXGLApplication      - FXGL initialization took: 1.211 sec
10:28:35.948 [JavaFX Application Thread] DEBUG Input                - Registered new binding: Click - LMB
10:28:35.949 [JavaFX Application Thread] DEBUG FXGLAssetLoaderServi - Loading from file system: jar:file:/C:/Users/%e5%b0%b9%e7%8e%ba%e9%aa%85/.m2/repository/com/github/almasb/fxgl/21.1/fxgl-21.1.jar!/fxglassets/textures/fxgl_icon.png
10:28:35.982 [JavaFX Application Thread] DEBUG FXGLAssetLoaderServi - Loading from file system: jar:file:/C:/Users/%e5%b0%b9%e7%8e%ba%e9%aa%85/.m2/repository/com/github/almasb/fxgl/21.1/fxgl-21.1.jar!/fxglassets/textures/fxgl_default_cursor.png
10:28:35.993 [JavaFX Application Thread] DEBUG Input                - Registered new binding: Screenshot - CTRL+8
10:28:35.993 [JavaFX Application Thread] DEBUG Input                - Registered new binding: System info dump - CTRL+9
10:28:35.994 [JavaFX Application Thread] DEBUG Input                - Registered new binding: Restart - CTRL+R
10:28:35.995 [JavaFX Application Thread] DEBUG Input                - Registered new binding: Toggle Debug Camera - CTRL+7
10:28:36.002 [JavaFX Application Thread] DEBUG LoopRunner           - Starting loop
10:28:36.002 [JavaFX Application Thread] DEBUG LoopRunner           - Initializing JavaFX AnimationTimerLoop
10:28:36.008 [JavaFX Application Thread] DEBUG Input                - Clearing active input actions
10:28:36.017 [JavaFX Application Thread] DEBUG GameApplicationServi - Removing overlay from FXGLStartupScene and adding to FXGLMainMenuDummyScene
10:28:36.017 [JavaFX Application Thread] DEBUG PrimaryStageWindow   - FXGLStartupScene -> FXGLMainMenuDummyScene
10:28:36.017 [JavaFX Application Thread] DEBUG PrimaryStageWindow   - Push state: MainMenuScene
10:28:36.018 [JavaFX Application Thread] DEBUG Input                - Clearing active input actions
10:28:36.028 [JavaFX Application Thread] DEBUG GameApplicationServi - Removing overlay from FXGLMainMenuDummyScene and adding to MainMenuScene
10:28:36.028 [JavaFX Application Thread] DEBUG PrimaryStageWindow   - FXGLMainMenuDummyScene -> MainMenuScene
10:28:36.031 [JavaFX Application Thread] DEBUG FXGLAssetLoaderServi - Loading from file system: file:/E:/G2/java/final_project/team_project_1124/javaA-xiangqi-project-main/target/classes/assets/music/%e6%8c%89%e9%92%ae%e9%9f%b3%e6%95%881.mp3
10:28:36.449 [JavaFX Application Thread] DEBUG AudioPlayer          - Playing music com.almasb.fxgl.audio.Music@344fbbe8
10:28:37.036 [JavaFX Application Thread] DEBUG AudioPlayer          - Playing music com.almasb.fxgl.audio.Music@344fbbe8
10:28:37.414 [JavaFX Application Thread] DEBUG Menu                 - fireNewGame()
10:28:37.414 [JavaFX Application Thread] DEBUG GameApplicationServi - Starting new game
10:28:37.414 [JavaFX Application Thread] DEBUG PrimaryStageWindow   - Pop state: MainMenuScene
10:28:37.414 [JavaFX Application Thread] DEBUG Input                - Clearing active input actions
10:28:37.415 [JavaFX Application Thread] DEBUG GameApplicationServi - Removing overlay from MainMenuScene and adding to FXGLMainMenuDummyScene
10:28:37.415 [JavaFX Application Thread] DEBUG PrimaryStageWindow   - FXGLMainMenuDummyScene <- MainMenuScene
10:28:37.415 [JavaFX Application Thread] DEBUG Input                - Clearing active input actions
10:28:37.440 [JavaFX Application Thread] DEBUG GameApplicationServi - Removing overlay from FXGLMainMenuDummyScene and adding to FXGLLoadingScene
10:28:37.440 [JavaFX Application Thread] DEBUG PrimaryStageWindow   - FXGLMainMenuDummyScene -> FXGLLoadingScene
10:28:37.440 [JavaFX Application Thread] DEBUG GameApplicationServi - Clearing previous game
10:28:37.440 [JavaFX Application Thread] DEBUG GameScene            - Clearing game scene
10:28:37.440 [JavaFX Application Thread] DEBUG GameWorld            - Clearing game world
10:28:37.440 [JavaFX Application Thread] DEBUG PhysicsWorld         - Clearing physics world
10:28:37.473 [FXGL Background Thread 2 ] DEBUG FXGLApplication      - Initializing game
10:28:37.542 [FXGL Background Thread 2 ] DEBUG FXGLAssetLoaderServi - Loading from file system: file:/E:/G2/java/final_project/team_project_1124/javaA-xiangqi-project-main/target/classes/assets/textures/%e8%83%8c%e6%99%af.jpg
10:28:37.728 [FXGL Background Thread 2 ] DEBUG FXGLAssetLoaderServi - Loading from file system: file:/E:/G2/java/final_project/team_project_1124/javaA-xiangqi-project-main/target/classes/assets/textures/ChessBoard.png
10:28:37.773 [FXGL Background Thread 2 ] DEBUG FXGLAssetLoaderServi - Loading from file system: file:/E:/G2/java/final_project/team_project_1124/javaA-xiangqi-project-main/target/classes/assets/textures/BlackChariot.png
10:28:37.818 [FXGL Background Thread 2 ] DEBUG FXGLAssetLoaderServi - Loading from file system: file:/E:/G2/java/final_project/team_project_1124/javaA-xiangqi-project-main/target/classes/assets/textures/BlackHorse.png
10:28:37.821 [FXGL Background Thread 2 ] DEBUG FXGLAssetLoaderServi - Loading from file system: file:/E:/G2/java/final_project/team_project_1124/javaA-xiangqi-project-main/target/classes/assets/textures/BlackElephant.png
10:28:37.825 [FXGL Background Thread 2 ] DEBUG FXGLAssetLoaderServi - Loading from file system: file:/E:/G2/java/final_project/team_project_1124/javaA-xiangqi-project-main/target/classes/assets/textures/BlackAdvisor.png
10:28:37.828 [FXGL Background Thread 2 ] DEBUG FXGLAssetLoaderServi - Loading from file system: file:/E:/G2/java/final_project/team_project_1124/javaA-xiangqi-project-main/target/classes/assets/textures/BlackGeneral.png
10:28:37.834 [FXGL Background Thread 2 ] DEBUG FXGLAssetLoaderServi - Loading from file system: file:/E:/G2/java/final_project/team_project_1124/javaA-xiangqi-project-main/target/classes/assets/textures/BlackCannon.png
10:28:37.838 [FXGL Background Thread 2 ] DEBUG FXGLAssetLoaderServi - Loading from file system: file:/E:/G2/java/final_project/team_project_1124/javaA-xiangqi-project-main/target/classes/assets/textures/BlackSoldier.png
10:28:37.842 [FXGL Background Thread 2 ] DEBUG FXGLAssetLoaderServi - Loading from file system: file:/E:/G2/java/final_project/team_project_1124/javaA-xiangqi-project-main/target/classes/assets/textures/RedSoldier.png
10:28:37.848 [FXGL Background Thread 2 ] DEBUG FXGLAssetLoaderServi - Loading from file system: file:/E:/G2/java/final_project/team_project_1124/javaA-xiangqi-project-main/target/classes/assets/textures/RedCannon.png
10:28:37.851 [FXGL Background Thread 2 ] DEBUG FXGLAssetLoaderServi - Loading from file system: file:/E:/G2/java/final_project/team_project_1124/javaA-xiangqi-project-main/target/classes/assets/textures/RedChariot.png
10:28:37.855 [FXGL Background Thread 2 ] DEBUG FXGLAssetLoaderServi - Loading from file system: file:/E:/G2/java/final_project/team_project_1124/javaA-xiangqi-project-main/target/classes/assets/textures/RedHorse.png
10:28:37.857 [FXGL Background Thread 2 ] DEBUG FXGLAssetLoaderServi - Loading from file system: file:/E:/G2/java/final_project/team_project_1124/javaA-xiangqi-project-main/target/classes/assets/textures/RedElephant.png
10:28:37.860 [FXGL Background Thread 2 ] DEBUG FXGLAssetLoaderServi - Loading from file system: file:/E:/G2/java/final_project/team_project_1124/javaA-xiangqi-project-main/target/classes/assets/textures/RedAdvisor.png
10:28:37.862 [FXGL Background Thread 2 ] DEBUG FXGLAssetLoaderServi - Loading from file system: file:/E:/G2/java/final_project/team_project_1124/javaA-xiangqi-project-main/target/classes/assets/textures/RedGeneral.png
10:28:37.875 [FXGL Background Thread 2 ] INFO  FXGLApplication      - Game initialization took: 0.402 sec
10:28:37.876 [JavaFX Application Thread] DEBUG Input                - Clearing active input actions
10:28:37.884 [JavaFX Application Thread] DEBUG GameApplicationServi - Removing overlay from FXGLLoadingScene and adding to GameScene
10:28:37.884 [JavaFX Application Thread] DEBUG PrimaryStageWindow   - FXGLLoadingScene -> GameScene
10:28:38.758 [JavaFX Application Thread] DEBUG AudioPlayer          - Playing music com.almasb.fxgl.audio.Music@344fbbe8
10:28:38.852 [FXGL Background Thread 3 ] DEBUG Engine               - Logging environment variables
10:28:38.854 [FXGL Background Thread 3 ] DEBUG Engine               - achievements: []
10:28:38.854 [FXGL Background Thread 3 ] DEBUG Engine               - actualHeight: 937.0
10:28:38.854 [FXGL Background Thread 3 ] DEBUG Engine               - actualHeightProperty: ReadOnlyDoubleProperty [value: 937.0]
10:28:38.854 [FXGL Background Thread 3 ] DEBUG Engine               - actualWidth: 1316.0
10:28:38.854 [FXGL Background Thread 3 ] DEBUG Engine               - actualWidthProperty: ReadOnlyDoubleProperty [value: 1316.0]
10:28:38.854 [FXGL Background Thread 3 ] DEBUG Engine               - appIcon: fxgl_icon.png
10:28:38.854 [FXGL Background Thread 3 ] DEBUG Engine               - applicationMode: DEVELOPER
10:28:38.855 [FXGL Background Thread 3 ] DEBUG Engine               - cSSList: [fxgl_dark.css]
10:28:38.855 [FXGL Background Thread 3 ] DEBUG Engine               - collisionDetectionStrategy: BRUTE_FORCE
10:28:38.855 [FXGL Background Thread 3 ] DEBUG Engine               - configClass: Optional.empty
10:28:38.855 [FXGL Background Thread 3 ] DEBUG Engine               - credits: []
10:28:38.856 [FXGL Background Thread 3 ] DEBUG Engine               - defaultCursor: CursorInfo(imageName=fxgl_default_cursor.png, hotspotX=7.0, hotspotY=6.0)
10:28:38.856 [FXGL Background Thread 3 ] DEBUG Engine               - devBBoxColorProperty: ObjectProperty [value: 0xff0000ff]
10:28:38.857 [FXGL Background Thread 3 ] DEBUG Engine               - devEnableDebugCameraProperty: BooleanProperty [value: false]
10:28:38.857 [FXGL Background Thread 3 ] DEBUG Engine               - devSensorColorProperty: ObjectProperty [value: 0xffff00ff]
10:28:38.857 [FXGL Background Thread 3 ] DEBUG Engine               - devShowBBoxProperty: BooleanProperty [value: false]
10:28:38.857 [FXGL Background Thread 3 ] DEBUG Engine               - devShowPositionProperty: BooleanProperty [value: false]
10:28:38.857 [FXGL Background Thread 3 ] DEBUG Engine               - enabledMenuItems: []
10:28:38.857 [FXGL Background Thread 3 ] DEBUG Engine               - engineServices: [class com.almasb.fxgl.app.services.FXGLAssetLoaderService, class com.almasb.fxgl.app.FXGLApplication$GameApplicationService, class com.almasb.fxgl.app.services.FXGLDialogService, class com.almasb.fxgl.app.services.IOTaskExecutorService, class com.almasb.fxgl.io.FileSystemService, class com.almasb.fxgl.localization.LocalizationService, class com.almasb.fxgl.app.services.SystemBundleService, class com.almasb.fxgl.profile.SaveLoadService, class com.almasb.fxgl.ui.FXGLUIFactoryServiceProvider, class com.almasb.fxgl.ui.FXGLDialogFactoryServiceProvider, class com.almasb.fxgl.audio.AudioPlayer, class com.almasb.fxgl.notification.impl.NotificationServiceProvider, class com.almasb.fxgl.achievement.AchievementService, class com.almasb.fxgl.cutscene.CutsceneService, class com.almasb.fxgl.minigames.MiniGameService, class com.almasb.fxgl.net.NetService, class com.almasb.fxgl.app.services.UpdaterService, class com.almasb.fxgl.dev.DevService]
10:28:38.857 [FXGL Background Thread 3 ] DEBUG Engine               - fontGame: Abel-Regular.ttf
10:28:38.857 [FXGL Background Thread 3 ] DEBUG Engine               - fontMono: TerminalLandMono-Regular.otf
10:28:38.857 [FXGL Background Thread 3 ] DEBUG Engine               - fontSizeScaleUI: 1.0
10:28:38.857 [FXGL Background Thread 3 ] DEBUG Engine               - fontText: Courier-Prime.ttf
10:28:38.857 [FXGL Background Thread 3 ] DEBUG Engine               - fontUI: VarelaRound-Regular.ttf
10:28:38.857 [FXGL Background Thread 3 ] DEBUG Engine               - fullScreen: BooleanProperty [value: false]
10:28:38.858 [FXGL Background Thread 3 ] DEBUG Engine               - gameDifficulty: MEDIUM
10:28:38.858 [FXGL Background Thread 3 ] DEBUG Engine               - gameDifficultyProperty: ObjectProperty [value: MEDIUM]
10:28:38.858 [FXGL Background Thread 3 ] DEBUG Engine               - globalMusicVolume: 0.5
10:28:38.858 [FXGL Background Thread 3 ] DEBUG Engine               - globalMusicVolumeProperty: DoubleProperty [value: 0.5]
10:28:38.858 [FXGL Background Thread 3 ] DEBUG Engine               - globalSoundVolume: 0.5
10:28:38.858 [FXGL Background Thread 3 ] DEBUG Engine               - globalSoundVolumeProperty: DoubleProperty [value: 0.5]
10:28:38.858 [FXGL Background Thread 3 ] DEBUG Engine               - height: 937
10:28:38.858 [FXGL Background Thread 3 ] DEBUG Engine               - is3D: false
10:28:38.858 [FXGL Background Thread 3 ] DEBUG Engine               - isAndroid: false
10:28:38.858 [FXGL Background Thread 3 ] DEBUG Engine               - isBrowser: false
10:28:38.858 [FXGL Background Thread 3 ] DEBUG Engine               - isClickFeedbackEnabled: false
10:28:38.858 [FXGL Background Thread 3 ] DEBUG Engine               - isCloseConfirmation: false
10:28:38.858 [FXGL Background Thread 3 ] DEBUG Engine               - isDesktop: true
10:28:38.858 [FXGL Background Thread 3 ] DEBUG Engine               - isDeveloperMenuEnabled: false
10:28:38.858 [FXGL Background Thread 3 ] DEBUG Engine               - isEmbedded: false
10:28:38.859 [FXGL Background Thread 3 ] DEBUG Engine               - isEntityPreloadEnabled: true
10:28:38.859 [FXGL Background Thread 3 ] DEBUG Engine               - isExperimentalTiledLargeMap: false
10:28:38.859 [FXGL Background Thread 3 ] DEBUG Engine               - isFileSystemWriteAllowed: true
10:28:38.859 [FXGL Background Thread 3 ] DEBUG Engine               - isFullScreenAllowed: false
10:28:38.859 [FXGL Background Thread 3 ] DEBUG Engine               - isFullScreenFromStart: false
10:28:38.859 [FXGL Background Thread 3 ] DEBUG Engine               - isGameMenuEnabled: true
10:28:38.859 [FXGL Background Thread 3 ] DEBUG Engine               - isIOS: false
10:28:38.859 [FXGL Background Thread 3 ] DEBUG Engine               - isIntroEnabled: false
10:28:38.859 [FXGL Background Thread 3 ] DEBUG Engine               - isLinux: false
10:28:38.859 [FXGL Background Thread 3 ] DEBUG Engine               - isMac: false
10:28:38.859 [FXGL Background Thread 3 ] DEBUG Engine               - isMainMenuEnabled: true
10:28:38.859 [FXGL Background Thread 3 ] DEBUG Engine               - isManualResizeEnabled: false
10:28:38.860 [FXGL Background Thread 3 ] DEBUG Engine               - isMobile: false
10:28:38.860 [FXGL Background Thread 3 ] DEBUG Engine               - isNative: false
10:28:38.860 [FXGL Background Thread 3 ] DEBUG Engine               - isPauseMusicWhenMinimized: true
10:28:38.860 [FXGL Background Thread 3 ] DEBUG Engine               - isPreserveResizeRatio: false
10:28:38.860 [FXGL Background Thread 3 ] DEBUG Engine               - isProfilingEnabled: false
10:28:38.860 [FXGL Background Thread 3 ] DEBUG Engine               - isScaleAffectedOnResize: true
10:28:38.860 [FXGL Background Thread 3 ] DEBUG Engine               - isSingleStep: false
10:28:38.860 [FXGL Background Thread 3 ] DEBUG Engine               - isUserProfileEnabled: false
10:28:38.860 [FXGL Background Thread 3 ] DEBUG Engine               - isWindows: true
10:28:38.860 [FXGL Background Thread 3 ] DEBUG Engine               - language: ObjectProperty [value: ENGLISH]
10:28:38.860 [FXGL Background Thread 3 ] DEBUG Engine               - menuKey: ESCAPE
10:28:38.860 [FXGL Background Thread 3 ] DEBUG Engine               - mouseSensitivity: 0.2
10:28:38.860 [FXGL Background Thread 3 ] DEBUG Engine               - notificationViewClass: class com.almasb.fxgl.notification.view.XboxNotificationView
10:28:38.860 [FXGL Background Thread 3 ] DEBUG Engine               - pixelsPerMeter: 50.0
10:28:38.860 [FXGL Background Thread 3 ] DEBUG Engine               - platform: WINDOWS
10:28:38.860 [FXGL Background Thread 3 ] DEBUG Engine               - prefHeightProperty: ReadOnlyDoubleProperty [value: 937.0]
10:28:38.860 [FXGL Background Thread 3 ] DEBUG Engine               - prefWidthProperty: ReadOnlyDoubleProperty [value: 1316.0]
10:28:38.860 [FXGL Background Thread 3 ] DEBUG Engine               - profileDir: profiles/
10:28:38.860 [FXGL Background Thread 3 ] DEBUG Engine               - profileName: StringProperty [value: DEFAULT]
10:28:38.860 [FXGL Background Thread 3 ] DEBUG Engine               - randomSeed: -1
10:28:38.861 [FXGL Background Thread 3 ] DEBUG Engine               - runtimeInfo: RuntimeInfo(platform=WINDOWS, version=21.1, build=27.03.2024 07.52)
10:28:38.861 [FXGL Background Thread 3 ] DEBUG Engine               - saveFileExt: sav
10:28:38.861 [FXGL Background Thread 3 ] DEBUG Engine               - scaledHeightProp$fxgl: DoubleProperty [bound, value: 937.0]
10:28:38.861 [FXGL Background Thread 3 ] DEBUG Engine               - scaledWidthProp$fxgl: DoubleProperty [bound, value: 1316.0]
10:28:38.861 [FXGL Background Thread 3 ] DEBUG Engine               - sceneFactory: edu.sustech.xiangqi.XiangQiApp$1@972e59f
10:28:38.861 [FXGL Background Thread 3 ] DEBUG Engine               - secondsIn24h: 60
10:28:38.861 [FXGL Background Thread 3 ] DEBUG Engine               - soundMenuBack: menu/back.wav
10:28:38.861 [FXGL Background Thread 3 ] DEBUG Engine               - soundMenuPress: menu/press.wav
10:28:38.861 [FXGL Background Thread 3 ] DEBUG Engine               - soundMenuSelect: menu/select.wav
10:28:38.861 [FXGL Background Thread 3 ] DEBUG Engine               - soundNotification: core/notification.wav
10:28:38.861 [FXGL Background Thread 3 ] DEBUG Engine               - stageStyle: DECORATED
10:28:38.861 [FXGL Background Thread 3 ] DEBUG Engine               - supportedLanguages: [ENGLISH, FRENCH, GERMAN, HUNGARIAN, RUSSIAN]
10:28:38.861 [FXGL Background Thread 3 ] DEBUG Engine               - ticksPerSecond: -1
10:28:38.862 [FXGL Background Thread 3 ] DEBUG Engine               - title: 中国象棋 1.0
10:28:38.862 [FXGL Background Thread 3 ] DEBUG Engine               - urlGithub: https://github.com/AlmasB/FXGL
10:28:38.862 [FXGL Background Thread 3 ] DEBUG Engine               - urlLeaderboard: http://fxgl-top.herokuapp.com/
10:28:38.862 [FXGL Background Thread 3 ] DEBUG Engine               - urlPOM: https://raw.githubusercontent.com/AlmasB/FXGL/release/README.md
10:28:38.862 [FXGL Background Thread 3 ] DEBUG Engine               - userAppClass: class edu.sustech.xiangqi.XiangQiApp
10:28:38.862 [FXGL Background Thread 3 ] DEBUG Engine               - version: 1.0
10:28:38.862 [FXGL Background Thread 3 ] DEBUG Engine               - versionCheckDays: 7
10:28:38.862 [FXGL Background Thread 3 ] DEBUG Engine               - width: 1316
10:28:38.862 [FXGL Background Thread 3 ] DEBUG Engine               - Logging services
10:28:38.862 [FXGL Background Thread 3 ] DEBUG Engine               - class com.almasb.fxgl.app.services.FXGLAssetLoaderService
10:28:38.862 [FXGL Background Thread 3 ] DEBUG Engine               - class com.almasb.fxgl.app.FXGLApplication$GameApplicationService
10:28:38.862 [FXGL Background Thread 3 ] DEBUG Engine               - class com.almasb.fxgl.app.services.FXGLDialogService
10:28:38.862 [FXGL Background Thread 3 ] DEBUG Engine               - class com.almasb.fxgl.app.services.IOTaskExecutorService
10:28:38.862 [FXGL Background Thread 3 ] DEBUG Engine               - class com.almasb.fxgl.io.FileSystemService
10:28:38.862 [FXGL Background Thread 3 ] DEBUG Engine               - class com.almasb.fxgl.localization.LocalizationService
10:28:38.862 [FXGL Background Thread 3 ] DEBUG Engine               - class com.almasb.fxgl.app.services.SystemBundleService
10:28:38.862 [FXGL Background Thread 3 ] DEBUG Engine               - class com.almasb.fxgl.profile.SaveLoadService
10:28:38.862 [FXGL Background Thread 3 ] DEBUG Engine               - class com.almasb.fxgl.ui.FXGLUIFactoryServiceProvider
10:28:38.862 [FXGL Background Thread 3 ] DEBUG Engine               - class com.almasb.fxgl.ui.FXGLDialogFactoryServiceProvider
10:28:38.862 [FXGL Background Thread 3 ] DEBUG Engine               - class com.almasb.fxgl.audio.AudioPlayer
10:28:38.862 [FXGL Background Thread 3 ] DEBUG Engine               - class com.almasb.fxgl.notification.impl.NotificationServiceProvider
10:28:38.862 [FXGL Background Thread 3 ] DEBUG Engine               - class com.almasb.fxgl.achievement.AchievementService
10:28:38.862 [FXGL Background Thread 3 ] DEBUG Engine               - class com.almasb.fxgl.cutscene.CutsceneService
10:28:38.862 [FXGL Background Thread 3 ] DEBUG Engine               - class com.almasb.fxgl.minigames.MiniGameService
10:28:38.862 [FXGL Background Thread 3 ] DEBUG Engine               - class com.almasb.fxgl.net.NetService
10:28:38.862 [FXGL Background Thread 3 ] DEBUG Engine               - class com.almasb.fxgl.app.services.UpdaterService
10:28:38.862 [FXGL Background Thread 3 ] DEBUG Engine               - class com.almasb.fxgl.dev.DevService
10:28:39.044 [JavaFX Application Thread] DEBUG AudioPlayer          - Playing music com.almasb.fxgl.audio.Music@344fbbe8
10:28:40.660 [JavaFX Application Thread] DEBUG FXGLApplication      - Exiting FXGL
10:28:40.660 [JavaFX Application Thread] DEBUG LoopRunner           - Stopping loop
10:28:40.660 [JavaFX Application Thread] DEBUG SystemBundleService  - Saving FXGL system data
10:28:40.662 [JavaFX Application Thread] DEBUG FileSystemAccess     - Writing to: E:\G2\java\final_project\team_project_1124\javaA-xiangqi-project-main\system\fxgl.bundle
10:28:40.664 [JavaFX Application Thread] DEBUG Async                - Shutting down background threads
10:28:40.664 [JavaFX Application Thread] DEBUG PrimaryStageWindow   - Closing main window
10:28:40.715 [JavaFX Application Thread] DEBUG Logger               - Closing Logger
