17:42:57.368 [main                     ] DEBUG Logger               - Configured Logger
17:42:57.386 [main                     ] DEBUG GameApplication      - Logging settings
Title: 中国象棋 1.0
Version: 1.0
Width: 1316
Height: 1007
Fullscreen: false
Intro: false
Profiling: false
Single step:false
App Mode: DEVELOPER
Menu Key: ESCAPE
Stage Style: DECORATED
Scene Factory: class edu.sustech.xiangqi.XiangQiApp$1

17:42:58.261 [JavaFX Application Thread] DEBUG FXGLApplication      - Initializing FXGL
17:42:58.265 [JavaFX Application Thread] INFO  Engine               - FXGL-21.1 (27.03.2024 07.52) on WINDOWS (J:23.0.2 FX:21.0.1)
17:42:58.265 [JavaFX Application Thread] DEBUG Engine               - JRE Vendor Name: Amazon.com Inc.
17:42:58.265 [JavaFX Application Thread] DEBUG Engine               - Running on OS: Windows 11 version 10.0
17:42:58.265 [JavaFX Application Thread] DEBUG Engine               - Architecture: amd64
17:42:58.265 [JavaFX Application Thread] INFO  Engine               - Source code and latest versions at: https://github.com/AlmasB/FXGL
17:42:58.265 [JavaFX Application Thread] INFO  Engine               -       Ask questions and discuss at: https://github.com/AlmasB/FXGL/discussions
17:42:58.265 [JavaFX Application Thread] INFO  Engine               -              Join the FXGL chat at: https://gitter.im/AlmasB/FXGL
17:42:58.346 [JavaFX Application Thread] DEBUG PrimaryStageWindow   - Creating a JavaFX scene
17:42:58.384 [JavaFX Application Thread] DEBUG PrimaryStageWindow   - Target settings size: 1316.0 x 1007.0
17:42:58.384 [JavaFX Application Thread] DEBUG PrimaryStageWindow   - Scaled scene size:    1316.0 x 1007.0
17:42:58.384 [JavaFX Application Thread] DEBUG PrimaryStageWindow   - Scaled ratio: (1.0, 1.0)
17:42:58.385 [JavaFX Application Thread] DEBUG PrimaryStageWindow   - Set initial scene to FXGLStartupScene
17:42:58.387 [JavaFX Application Thread] DEBUG PrimaryStageWindow   - Opening main window
17:42:58.471 [JavaFX Application Thread] DEBUG PrimaryStageWindow   - Window border size: (14.6666259765625, 37.6666259765625)
17:42:58.471 [JavaFX Application Thread] DEBUG PrimaryStageWindow   - Scaled size: 1316.0 x 1007.0
17:42:58.471 [JavaFX Application Thread] DEBUG PrimaryStageWindow   - Scaled ratio: (1.0, 1.0)
17:42:58.471 [JavaFX Application Thread] DEBUG PrimaryStageWindow   - Scene size: 1316.0 x 1007.0
17:42:58.471 [JavaFX Application Thread] DEBUG PrimaryStageWindow   - Stage size: 1330.6666259765625 x 1044.6666259765625
17:42:58.476 [FXGL Background Thread 1 ] DEBUG Engine               - Initializing environment variables
17:42:58.549 [FXGL Background Thread 1 ] DEBUG FXGLAssetLoaderServi - User app class for loading assets: class edu.sustech.xiangqi.XiangQiApp
17:42:58.549 [FXGL Background Thread 1 ] DEBUG GameApplicationServi - Applying CSS: fxgl_dark.css
17:42:58.549 [FXGL Background Thread 1 ] DEBUG FXGLAssetLoaderServi - Loading from file system: jar:file:/C:/Users/%e5%b0%b9%e7%8e%ba%e9%aa%85/.m2/repository/com/github/almasb/fxgl/21.1/fxgl-21.1.jar!/fxglassets/ui/css/fxgl_dark.css
17:42:58.587 [FXGL Background Thread 1 ] DEBUG GameApplicationServi - Initializing application scenes
17:42:58.678 [FXGL Background Thread 1 ] DEBUG GameWorld            - Game world initialized
17:42:58.748 [FXGL Background Thread 1 ] DEBUG PhysicsWorld         - Physics world initialized: appHeight=1007, physics.ppm=50.0
17:42:58.748 [FXGL Background Thread 1 ] DEBUG PhysicsWorld         - Using strategy: BRUTE_FORCE
17:42:58.752 [FXGL Background Thread 1 ] DEBUG GameScene            - Game scene initialized: 1316x1007
17:42:58.764 [FXGL Background Thread 1 ] DEBUG FXGLAssetLoaderServi - Loading from file system: file:/E:/G2/java/final_project/team_project_1124/javaA-xiangqi-project-main/target/classes/assets/ui/fonts/HYPixel11pxU-2.ttf
17:42:58.813 [FXGL Background Thread 1 ] DEBUG FXGLAssetLoaderServi - Loading from file system: file:/E:/G2/java/final_project/team_project_1124/javaA-xiangqi-project-main/target/classes/assets/textures/Button1.png
17:42:58.834 [FXGL Background Thread 1 ] DEBUG FXGLAssetLoaderServi - Loading from file system: file:/E:/G2/java/final_project/team_project_1124/javaA-xiangqi-project-main/target/classes/assets/textures/Press.png
17:42:58.894 [FXGL Background Thread 1 ] DEBUG GameApplicationServi - Application scenes initialized
17:42:58.905 [FXGL Background Thread 1 ] DEBUG SystemBundleService  - Loading FXGL system data
17:42:58.909 [FXGL Background Thread 1 ] DEBUG FileSystemAccess     - Reading from: E:\G2\java\final_project\team_project_1124\javaA-xiangqi-project-main\system\fxgl.bundle
17:42:58.915 [FXGL Background Thread 1 ] DEBUG SystemBundleService  - Bundle FXGL: {}
17:42:58.915 [FXGL Background Thread 1 ] DEBUG UpdaterService       - Checking for updates
17:42:58.919 [FXGL Background Thread 4 ] DEBUG FXGLApplication      - Loading fonts
17:42:58.920 [FXGL Background Thread 4 ] DEBUG FXGLAssetLoaderServi - Loading from file system: jar:file:/C:/Users/%e5%b0%b9%e7%8e%ba%e9%aa%85/.m2/repository/com/github/almasb/fxgl/21.1/fxgl-21.1.jar!/fxglassets/ui/fonts/VarelaRound-Regular.ttf
17:42:58.920 [FXGL Background Thread 1 ] DEBUG FXGLApplication      - Loading default localization
17:42:58.920 [FXGL Background Thread 1 ] DEBUG FXGLAssetLoaderServi - Loading from file system: jar:file:/C:/Users/%e5%b0%b9%e7%8e%ba%e9%aa%85/.m2/repository/com/github/almasb/fxgl/21.1/fxgl-21.1.jar!/fxglassets/languages/english.lang
17:42:58.925 [FXGL Background Thread 4 ] DEBUG FXGLAssetLoaderServi - Loading from file system: jar:file:/C:/Users/%e5%b0%b9%e7%8e%ba%e9%aa%85/.m2/repository/com/github/almasb/fxgl/21.1/fxgl-21.1.jar!/fxglassets/ui/fonts/Abel-Regular.ttf
17:42:58.929 [FXGL Background Thread 4 ] DEBUG FXGLAssetLoaderServi - Loading from file system: jar:file:/C:/Users/%e5%b0%b9%e7%8e%ba%e9%aa%85/.m2/repository/com/github/almasb/fxgl/21.1/fxgl-21.1.jar!/fxglassets/ui/fonts/TerminalLandMono-Regular.otf
17:42:58.932 [FXGL Background Thread 4 ] DEBUG FXGLAssetLoaderServi - Loading from file system: jar:file:/C:/Users/%e5%b0%b9%e7%8e%ba%e9%aa%85/.m2/repository/com/github/almasb/fxgl/21.1/fxgl-21.1.jar!/fxglassets/ui/fonts/Courier-Prime.ttf
17:42:58.940 [JavaFX Application Thread] DEBUG FXGLApplication      - Registering font factories with UI factory
17:42:58.971 [FXGL Background Thread 1 ] INFO  FXGLApplication      - FXGL initialization took: 0.495 sec
17:42:58.980 [JavaFX Application Thread] DEBUG Input                - Registered new binding: Click - LMB
17:42:58.981 [JavaFX Application Thread] DEBUG FXGLAssetLoaderServi - Loading from file system: jar:file:/C:/Users/%e5%b0%b9%e7%8e%ba%e9%aa%85/.m2/repository/com/github/almasb/fxgl/21.1/fxgl-21.1.jar!/fxglassets/textures/fxgl_icon.png
17:42:59.010 [JavaFX Application Thread] DEBUG FXGLAssetLoaderServi - Loading from file system: jar:file:/C:/Users/%e5%b0%b9%e7%8e%ba%e9%aa%85/.m2/repository/com/github/almasb/fxgl/21.1/fxgl-21.1.jar!/fxglassets/textures/fxgl_default_cursor.png
17:42:59.022 [JavaFX Application Thread] DEBUG Input                - Registered new binding: Screenshot - CTRL+8
17:42:59.024 [JavaFX Application Thread] DEBUG Input                - Registered new binding: System info dump - CTRL+9
17:42:59.024 [JavaFX Application Thread] DEBUG Input                - Registered new binding: Restart - CTRL+R
17:42:59.025 [JavaFX Application Thread] DEBUG Input                - Registered new binding: Toggle Debug Camera - CTRL+7
17:42:59.030 [JavaFX Application Thread] DEBUG LoopRunner           - Starting loop
17:42:59.030 [JavaFX Application Thread] DEBUG LoopRunner           - Initializing JavaFX AnimationTimerLoop
17:42:59.037 [JavaFX Application Thread] DEBUG Input                - Clearing active input actions
17:42:59.042 [JavaFX Application Thread] DEBUG GameApplicationServi - Removing overlay from FXGLStartupScene and adding to FXGLMainMenuDummyScene
17:42:59.043 [JavaFX Application Thread] DEBUG PrimaryStageWindow   - FXGLStartupScene -> FXGLMainMenuDummyScene
17:42:59.043 [JavaFX Application Thread] DEBUG PrimaryStageWindow   - Push state: MainMenuScene
17:42:59.044 [JavaFX Application Thread] DEBUG Input                - Clearing active input actions
17:42:59.053 [JavaFX Application Thread] DEBUG GameApplicationServi - Removing overlay from FXGLMainMenuDummyScene and adding to MainMenuScene
17:42:59.054 [JavaFX Application Thread] DEBUG PrimaryStageWindow   - FXGLMainMenuDummyScene -> MainMenuScene
17:42:59.293 [JavaFX Application Thread] DEBUG FXGLAssetLoaderServi - Loading from file system: file:/E:/G2/java/final_project/team_project_1124/javaA-xiangqi-project-main/target/classes/assets/music/%e6%8c%89%e9%92%ae%e9%9f%b3%e6%95%881.mp3
17:42:59.829 [JavaFX Application Thread] DEBUG AudioPlayer          - Playing music com.almasb.fxgl.audio.Music@118d6dbd
17:43:01.480 [JavaFX Application Thread] DEBUG AudioPlayer          - Playing music com.almasb.fxgl.audio.Music@118d6dbd
17:43:01.920 [FXGL Background Thread 3 ] DEBUG Engine               - Logging environment variables
17:43:01.920 [FXGL Background Thread 3 ] DEBUG Engine               - achievements: []
17:43:01.920 [FXGL Background Thread 3 ] DEBUG Engine               - actualHeight: 1007.0
17:43:01.920 [FXGL Background Thread 3 ] DEBUG Engine               - actualHeightProperty: ReadOnlyDoubleProperty [value: 1007.0]
17:43:01.920 [FXGL Background Thread 3 ] DEBUG Engine               - actualWidth: 1316.0
17:43:01.921 [FXGL Background Thread 3 ] DEBUG Engine               - actualWidthProperty: ReadOnlyDoubleProperty [value: 1316.0]
17:43:01.921 [FXGL Background Thread 3 ] DEBUG Engine               - appIcon: fxgl_icon.png
17:43:01.921 [FXGL Background Thread 3 ] DEBUG Engine               - applicationMode: DEVELOPER
17:43:01.921 [FXGL Background Thread 3 ] DEBUG Engine               - cSSList: [fxgl_dark.css]
17:43:01.921 [FXGL Background Thread 3 ] DEBUG Engine               - collisionDetectionStrategy: BRUTE_FORCE
17:43:01.921 [FXGL Background Thread 3 ] DEBUG Engine               - configClass: Optional.empty
17:43:01.921 [FXGL Background Thread 3 ] DEBUG Engine               - credits: []
17:43:01.923 [FXGL Background Thread 3 ] DEBUG Engine               - defaultCursor: CursorInfo(imageName=fxgl_default_cursor.png, hotspotX=7.0, hotspotY=6.0)
17:43:01.923 [FXGL Background Thread 3 ] DEBUG Engine               - devBBoxColorProperty: ObjectProperty [value: 0xff0000ff]
17:43:01.923 [FXGL Background Thread 3 ] DEBUG Engine               - devEnableDebugCameraProperty: BooleanProperty [value: false]
17:43:01.923 [FXGL Background Thread 3 ] DEBUG Engine               - devSensorColorProperty: ObjectProperty [value: 0xffff00ff]
17:43:01.924 [FXGL Background Thread 3 ] DEBUG Engine               - devShowBBoxProperty: BooleanProperty [value: false]
17:43:01.924 [FXGL Background Thread 3 ] DEBUG Engine               - devShowPositionProperty: BooleanProperty [value: false]
17:43:01.924 [FXGL Background Thread 3 ] DEBUG Engine               - enabledMenuItems: []
17:43:01.924 [FXGL Background Thread 3 ] DEBUG Engine               - engineServices: [class com.almasb.fxgl.app.services.FXGLAssetLoaderService, class com.almasb.fxgl.app.FXGLApplication$GameApplicationService, class com.almasb.fxgl.app.services.FXGLDialogService, class com.almasb.fxgl.app.services.IOTaskExecutorService, class com.almasb.fxgl.io.FileSystemService, class com.almasb.fxgl.localization.LocalizationService, class com.almasb.fxgl.app.services.SystemBundleService, class com.almasb.fxgl.profile.SaveLoadService, class com.almasb.fxgl.ui.FXGLUIFactoryServiceProvider, class com.almasb.fxgl.ui.FXGLDialogFactoryServiceProvider, class com.almasb.fxgl.audio.AudioPlayer, class com.almasb.fxgl.notification.impl.NotificationServiceProvider, class com.almasb.fxgl.achievement.AchievementService, class com.almasb.fxgl.cutscene.CutsceneService, class com.almasb.fxgl.minigames.MiniGameService, class com.almasb.fxgl.net.NetService, class com.almasb.fxgl.app.services.UpdaterService, class com.almasb.fxgl.dev.DevService]
17:43:01.924 [FXGL Background Thread 3 ] DEBUG Engine               - fontGame: Abel-Regular.ttf
17:43:01.924 [FXGL Background Thread 3 ] DEBUG Engine               - fontMono: TerminalLandMono-Regular.otf
17:43:01.924 [FXGL Background Thread 3 ] DEBUG Engine               - fontSizeScaleUI: 1.0
17:43:01.924 [FXGL Background Thread 3 ] DEBUG Engine               - fontText: Courier-Prime.ttf
17:43:01.924 [FXGL Background Thread 3 ] DEBUG Engine               - fontUI: VarelaRound-Regular.ttf
17:43:01.924 [FXGL Background Thread 3 ] DEBUG Engine               - fullScreen: BooleanProperty [value: false]
17:43:01.924 [FXGL Background Thread 3 ] DEBUG Engine               - gameDifficulty: MEDIUM
17:43:01.924 [FXGL Background Thread 3 ] DEBUG Engine               - gameDifficultyProperty: ObjectProperty [value: MEDIUM]
17:43:01.924 [FXGL Background Thread 3 ] DEBUG Engine               - globalMusicVolume: 0.5
17:43:01.924 [FXGL Background Thread 3 ] DEBUG Engine               - globalMusicVolumeProperty: DoubleProperty [value: 0.5]
17:43:01.924 [FXGL Background Thread 3 ] DEBUG Engine               - globalSoundVolume: 0.5
17:43:01.924 [FXGL Background Thread 3 ] DEBUG Engine               - globalSoundVolumeProperty: DoubleProperty [value: 0.5]
17:43:01.925 [FXGL Background Thread 3 ] DEBUG Engine               - height: 1007
17:43:01.925 [FXGL Background Thread 3 ] DEBUG Engine               - is3D: false
17:43:01.925 [FXGL Background Thread 3 ] DEBUG Engine               - isAndroid: false
17:43:01.925 [FXGL Background Thread 3 ] DEBUG Engine               - isBrowser: false
17:43:01.925 [FXGL Background Thread 3 ] DEBUG Engine               - isClickFeedbackEnabled: false
17:43:01.925 [FXGL Background Thread 3 ] DEBUG Engine               - isCloseConfirmation: false
17:43:01.925 [FXGL Background Thread 3 ] DEBUG Engine               - isDesktop: true
17:43:01.925 [FXGL Background Thread 3 ] DEBUG Engine               - isDeveloperMenuEnabled: false
17:43:01.925 [FXGL Background Thread 3 ] DEBUG Engine               - isEmbedded: false
17:43:01.925 [FXGL Background Thread 3 ] DEBUG Engine               - isEntityPreloadEnabled: true
17:43:01.925 [FXGL Background Thread 3 ] DEBUG Engine               - isExperimentalTiledLargeMap: false
17:43:01.925 [FXGL Background Thread 3 ] DEBUG Engine               - isFileSystemWriteAllowed: true
17:43:01.925 [FXGL Background Thread 3 ] DEBUG Engine               - isFullScreenAllowed: false
17:43:01.925 [FXGL Background Thread 3 ] DEBUG Engine               - isFullScreenFromStart: false
17:43:01.925 [FXGL Background Thread 3 ] DEBUG Engine               - isGameMenuEnabled: true
17:43:01.925 [FXGL Background Thread 3 ] DEBUG Engine               - isIOS: false
17:43:01.925 [FXGL Background Thread 3 ] DEBUG Engine               - isIntroEnabled: false
17:43:01.925 [FXGL Background Thread 3 ] DEBUG Engine               - isLinux: false
17:43:01.925 [FXGL Background Thread 3 ] DEBUG Engine               - isMac: false
17:43:01.925 [FXGL Background Thread 3 ] DEBUG Engine               - isMainMenuEnabled: true
17:43:01.925 [FXGL Background Thread 3 ] DEBUG Engine               - isManualResizeEnabled: false
17:43:01.925 [FXGL Background Thread 3 ] DEBUG Engine               - isMobile: false
17:43:01.925 [FXGL Background Thread 3 ] DEBUG Engine               - isNative: false
17:43:01.925 [FXGL Background Thread 3 ] DEBUG Engine               - isPauseMusicWhenMinimized: true
17:43:01.925 [FXGL Background Thread 3 ] DEBUG Engine               - isPreserveResizeRatio: false
17:43:01.925 [FXGL Background Thread 3 ] DEBUG Engine               - isProfilingEnabled: false
17:43:01.925 [FXGL Background Thread 3 ] DEBUG Engine               - isScaleAffectedOnResize: true
17:43:01.925 [FXGL Background Thread 3 ] DEBUG Engine               - isSingleStep: false
17:43:01.925 [FXGL Background Thread 3 ] DEBUG Engine               - isUserProfileEnabled: false
17:43:01.926 [FXGL Background Thread 3 ] DEBUG Engine               - isWindows: true
17:43:01.926 [FXGL Background Thread 3 ] DEBUG Engine               - language: ObjectProperty [value: ENGLISH]
17:43:01.926 [FXGL Background Thread 3 ] DEBUG Engine               - menuKey: ESCAPE
17:43:01.926 [FXGL Background Thread 3 ] DEBUG Engine               - mouseSensitivity: 0.2
17:43:01.926 [FXGL Background Thread 3 ] DEBUG Engine               - notificationViewClass: class com.almasb.fxgl.notification.view.XboxNotificationView
17:43:01.926 [FXGL Background Thread 3 ] DEBUG Engine               - pixelsPerMeter: 50.0
17:43:01.926 [FXGL Background Thread 3 ] DEBUG Engine               - platform: WINDOWS
17:43:01.926 [FXGL Background Thread 3 ] DEBUG Engine               - prefHeightProperty: ReadOnlyDoubleProperty [value: 1007.0]
17:43:01.926 [FXGL Background Thread 3 ] DEBUG Engine               - prefWidthProperty: ReadOnlyDoubleProperty [value: 1316.0]
17:43:01.926 [FXGL Background Thread 3 ] DEBUG Engine               - profileDir: profiles/
17:43:01.926 [FXGL Background Thread 3 ] DEBUG Engine               - profileName: StringProperty [value: DEFAULT]
17:43:01.926 [FXGL Background Thread 3 ] DEBUG Engine               - randomSeed: -1
17:43:01.926 [FXGL Background Thread 3 ] DEBUG Engine               - runtimeInfo: RuntimeInfo(platform=WINDOWS, version=21.1, build=27.03.2024 07.52)
17:43:01.926 [FXGL Background Thread 3 ] DEBUG Engine               - saveFileExt: sav
17:43:01.926 [FXGL Background Thread 3 ] DEBUG Engine               - scaledHeightProp$fxgl: DoubleProperty [bound, value: 1007.0]
17:43:01.927 [FXGL Background Thread 3 ] DEBUG Engine               - scaledWidthProp$fxgl: DoubleProperty [bound, value: 1316.0]
17:43:01.927 [FXGL Background Thread 3 ] DEBUG Engine               - sceneFactory: edu.sustech.xiangqi.XiangQiApp$1@70f7996a
17:43:01.927 [FXGL Background Thread 3 ] DEBUG Engine               - secondsIn24h: 60
17:43:01.927 [FXGL Background Thread 3 ] DEBUG Engine               - soundMenuBack: menu/back.wav
17:43:01.927 [FXGL Background Thread 3 ] DEBUG Engine               - soundMenuPress: menu/press.wav
17:43:01.927 [FXGL Background Thread 3 ] DEBUG Engine               - soundMenuSelect: menu/select.wav
17:43:01.927 [FXGL Background Thread 3 ] DEBUG Engine               - soundNotification: core/notification.wav
17:43:01.927 [FXGL Background Thread 3 ] DEBUG Engine               - stageStyle: DECORATED
17:43:01.927 [FXGL Background Thread 3 ] DEBUG Engine               - supportedLanguages: [ENGLISH, FRENCH, GERMAN, HUNGARIAN, RUSSIAN]
17:43:01.927 [FXGL Background Thread 3 ] DEBUG Engine               - ticksPerSecond: -1
17:43:01.927 [FXGL Background Thread 3 ] DEBUG Engine               - title: 中国象棋 1.0
17:43:01.927 [FXGL Background Thread 3 ] DEBUG Engine               - urlGithub: https://github.com/AlmasB/FXGL
17:43:01.927 [FXGL Background Thread 3 ] DEBUG Engine               - urlLeaderboard: http://fxgl-top.herokuapp.com/
17:43:01.927 [FXGL Background Thread 3 ] DEBUG Engine               - urlPOM: https://raw.githubusercontent.com/AlmasB/FXGL/release/README.md
17:43:01.927 [FXGL Background Thread 3 ] DEBUG Engine               - userAppClass: class edu.sustech.xiangqi.XiangQiApp
17:43:01.927 [FXGL Background Thread 3 ] DEBUG Engine               - version: 1.0
17:43:01.927 [FXGL Background Thread 3 ] DEBUG Engine               - versionCheckDays: 7
17:43:01.927 [FXGL Background Thread 3 ] DEBUG Engine               - width: 1316
17:43:01.927 [FXGL Background Thread 3 ] DEBUG Engine               - Logging services
17:43:01.927 [FXGL Background Thread 3 ] DEBUG Engine               - class com.almasb.fxgl.app.services.FXGLAssetLoaderService
17:43:01.927 [FXGL Background Thread 3 ] DEBUG Engine               - class com.almasb.fxgl.app.FXGLApplication$GameApplicationService
17:43:01.927 [FXGL Background Thread 3 ] DEBUG Engine               - class com.almasb.fxgl.app.services.FXGLDialogService
17:43:01.927 [FXGL Background Thread 3 ] DEBUG Engine               - class com.almasb.fxgl.app.services.IOTaskExecutorService
17:43:01.928 [FXGL Background Thread 3 ] DEBUG Engine               - class com.almasb.fxgl.io.FileSystemService
17:43:01.928 [FXGL Background Thread 3 ] DEBUG Engine               - class com.almasb.fxgl.localization.LocalizationService
17:43:01.928 [FXGL Background Thread 3 ] DEBUG Engine               - class com.almasb.fxgl.app.services.SystemBundleService
17:43:01.928 [FXGL Background Thread 3 ] DEBUG Engine               - class com.almasb.fxgl.profile.SaveLoadService
17:43:01.928 [FXGL Background Thread 3 ] DEBUG Engine               - class com.almasb.fxgl.ui.FXGLUIFactoryServiceProvider
17:43:01.928 [FXGL Background Thread 3 ] DEBUG Engine               - class com.almasb.fxgl.ui.FXGLDialogFactoryServiceProvider
17:43:01.928 [FXGL Background Thread 3 ] DEBUG Engine               - class com.almasb.fxgl.audio.AudioPlayer
17:43:01.928 [FXGL Background Thread 3 ] DEBUG Engine               - class com.almasb.fxgl.notification.impl.NotificationServiceProvider
17:43:01.928 [FXGL Background Thread 3 ] DEBUG Engine               - class com.almasb.fxgl.achievement.AchievementService
17:43:01.928 [FXGL Background Thread 3 ] DEBUG Engine               - class com.almasb.fxgl.cutscene.CutsceneService
17:43:01.928 [FXGL Background Thread 3 ] DEBUG Engine               - class com.almasb.fxgl.minigames.MiniGameService
17:43:01.928 [FXGL Background Thread 3 ] DEBUG Engine               - class com.almasb.fxgl.net.NetService
17:43:01.928 [FXGL Background Thread 3 ] DEBUG Engine               - class com.almasb.fxgl.app.services.UpdaterService
17:43:01.928 [FXGL Background Thread 3 ] DEBUG Engine               - class com.almasb.fxgl.dev.DevService
17:43:02.176 [JavaFX Application Thread] DEBUG AudioPlayer          - Playing music com.almasb.fxgl.audio.Music@118d6dbd
17:43:02.858 [JavaFX Application Thread] DEBUG Menu                 - fireNewGame()
17:43:02.858 [JavaFX Application Thread] DEBUG GameApplicationServi - Starting new game
17:43:02.858 [JavaFX Application Thread] DEBUG PrimaryStageWindow   - Pop state: MainMenuScene
17:43:02.858 [JavaFX Application Thread] DEBUG Input                - Clearing active input actions
17:43:02.859 [JavaFX Application Thread] DEBUG GameApplicationServi - Removing overlay from MainMenuScene and adding to FXGLMainMenuDummyScene
17:43:02.859 [JavaFX Application Thread] DEBUG PrimaryStageWindow   - FXGLMainMenuDummyScene <- MainMenuScene
17:43:02.859 [JavaFX Application Thread] DEBUG Input                - Clearing active input actions
17:43:02.862 [JavaFX Application Thread] DEBUG GameApplicationServi - Removing overlay from FXGLMainMenuDummyScene and adding to FXGLLoadingScene
17:43:02.862 [JavaFX Application Thread] DEBUG PrimaryStageWindow   - FXGLMainMenuDummyScene -> FXGLLoadingScene
17:43:02.862 [JavaFX Application Thread] DEBUG GameApplicationServi - Clearing previous game
17:43:02.862 [JavaFX Application Thread] DEBUG GameScene            - Clearing game scene
17:43:02.862 [JavaFX Application Thread] DEBUG GameWorld            - Clearing game world
17:43:02.862 [JavaFX Application Thread] DEBUG PhysicsWorld         - Clearing physics world
17:43:02.864 [FXGL Background Thread 2 ] DEBUG FXGLApplication      - Initializing game
17:43:02.876 [FXGL Background Thread 2 ] DEBUG FXGLAssetLoaderServi - Loading from file system: file:/E:/G2/java/final_project/team_project_1124/javaA-xiangqi-project-main/target/classes/assets/textures/%e8%83%8c%e6%99%af.jpg
17:43:02.953 [FXGL Background Thread 2 ] DEBUG FXGLAssetLoaderServi - Loading from file system: file:/E:/G2/java/final_project/team_project_1124/javaA-xiangqi-project-main/target/classes/assets/textures/ChessBoard.png
17:43:03.013 [FXGL Background Thread 2 ] DEBUG FXGLAssetLoaderServi - Loading from file system: file:/E:/G2/java/final_project/team_project_1124/javaA-xiangqi-project-main/target/classes/assets/textures/RedGeneral.png
17:43:03.016 [FXGL Background Thread 2 ] DEBUG FXGLAssetLoaderServi - Loading from file system: file:/E:/G2/java/final_project/team_project_1124/javaA-xiangqi-project-main/target/classes/assets/textures/RedAdvisor.png
17:43:03.017 [FXGL Background Thread 2 ] DEBUG FXGLAssetLoaderServi - Loading from file system: file:/E:/G2/java/final_project/team_project_1124/javaA-xiangqi-project-main/target/classes/assets/textures/RedElephant.png
17:43:03.018 [FXGL Background Thread 2 ] DEBUG FXGLAssetLoaderServi - Loading from file system: file:/E:/G2/java/final_project/team_project_1124/javaA-xiangqi-project-main/target/classes/assets/textures/RedHorse.png
17:43:03.019 [FXGL Background Thread 2 ] DEBUG FXGLAssetLoaderServi - Loading from file system: file:/E:/G2/java/final_project/team_project_1124/javaA-xiangqi-project-main/target/classes/assets/textures/RedChariot.png
17:43:03.020 [FXGL Background Thread 2 ] DEBUG FXGLAssetLoaderServi - Loading from file system: file:/E:/G2/java/final_project/team_project_1124/javaA-xiangqi-project-main/target/classes/assets/textures/RedCannon.png
17:43:03.022 [FXGL Background Thread 2 ] DEBUG FXGLAssetLoaderServi - Loading from file system: file:/E:/G2/java/final_project/team_project_1124/javaA-xiangqi-project-main/target/classes/assets/textures/RedSoldier.png
17:43:03.024 [FXGL Background Thread 2 ] DEBUG FXGLAssetLoaderServi - Loading from file system: file:/E:/G2/java/final_project/team_project_1124/javaA-xiangqi-project-main/target/classes/assets/textures/BlackGeneral.png
17:43:03.025 [FXGL Background Thread 2 ] DEBUG FXGLAssetLoaderServi - Loading from file system: file:/E:/G2/java/final_project/team_project_1124/javaA-xiangqi-project-main/target/classes/assets/textures/BlackAdvisor.png
17:43:03.026 [FXGL Background Thread 2 ] DEBUG FXGLAssetLoaderServi - Loading from file system: file:/E:/G2/java/final_project/team_project_1124/javaA-xiangqi-project-main/target/classes/assets/textures/BlackElephant.png
17:43:03.028 [FXGL Background Thread 2 ] DEBUG FXGLAssetLoaderServi - Loading from file system: file:/E:/G2/java/final_project/team_project_1124/javaA-xiangqi-project-main/target/classes/assets/textures/BlackHorse.png
17:43:03.029 [FXGL Background Thread 2 ] DEBUG FXGLAssetLoaderServi - Loading from file system: file:/E:/G2/java/final_project/team_project_1124/javaA-xiangqi-project-main/target/classes/assets/textures/BlackChariot.png
17:43:03.030 [FXGL Background Thread 2 ] DEBUG FXGLAssetLoaderServi - Loading from file system: file:/E:/G2/java/final_project/team_project_1124/javaA-xiangqi-project-main/target/classes/assets/textures/BlackCannon.png
17:43:03.031 [FXGL Background Thread 2 ] DEBUG FXGLAssetLoaderServi - Loading from file system: file:/E:/G2/java/final_project/team_project_1124/javaA-xiangqi-project-main/target/classes/assets/textures/BlackSoldier.png
17:43:03.038 [FXGL Background Thread 2 ] INFO  FXGLApplication      - Game initialization took: 0.175 sec
17:43:03.040 [JavaFX Application Thread] DEBUG Input                - Clearing active input actions
17:43:03.048 [JavaFX Application Thread] DEBUG GameApplicationServi - Removing overlay from FXGLLoadingScene and adding to GameScene
17:43:03.048 [JavaFX Application Thread] DEBUG PrimaryStageWindow   - FXGLLoadingScene -> GameScene
17:43:06.651 [JavaFX Application Thread] DEBUG AudioPlayer          - Playing music com.almasb.fxgl.audio.Music@118d6dbd
17:43:07.442 [JavaFX Application Thread] DEBUG AudioPlayer          - Playing music com.almasb.fxgl.audio.Music@118d6dbd
17:43:09.145 [JavaFX Application Thread] DEBUG AudioPlayer          - Playing music com.almasb.fxgl.audio.Music@118d6dbd
17:43:09.644 [JavaFX Application Thread] DEBUG PrimaryStageWindow   - Push state: DialogSubScene
17:43:09.644 [JavaFX Application Thread] DEBUG Input                - Clearing active input actions
17:43:09.644 [JavaFX Application Thread] DEBUG GameApplicationServi - Removing overlay from GameScene and adding to DialogSubScene
17:43:09.644 [JavaFX Application Thread] DEBUG PrimaryStageWindow   - GameScene -> DialogSubScene
17:43:10.735 [JavaFX Application Thread] DEBUG PrimaryStageWindow   - Pop state: DialogSubScene
17:43:10.735 [JavaFX Application Thread] DEBUG Input                - Clearing active input actions
17:43:10.735 [JavaFX Application Thread] DEBUG GameApplicationServi - Removing overlay from DialogSubScene and adding to GameScene
17:43:10.735 [JavaFX Application Thread] DEBUG PrimaryStageWindow   - GameScene <- DialogSubScene
17:43:11.374 [JavaFX Application Thread] DEBUG AudioPlayer          - Playing music com.almasb.fxgl.audio.Music@118d6dbd
17:43:12.046 [JavaFX Application Thread] DEBUG AudioPlayer          - Playing music com.almasb.fxgl.audio.Music@118d6dbd
17:43:12.617 [JavaFX Application Thread] DEBUG AudioPlayer          - Playing music com.almasb.fxgl.audio.Music@118d6dbd
17:43:13.282 [JavaFX Application Thread] DEBUG AudioPlayer          - Playing music com.almasb.fxgl.audio.Music@118d6dbd
17:43:14.721 [JavaFX Application Thread] DEBUG AudioPlayer          - Playing music com.almasb.fxgl.audio.Music@118d6dbd
17:43:15.630 [JavaFX Application Thread] DEBUG AudioPlayer          - Playing music com.almasb.fxgl.audio.Music@118d6dbd
17:43:16.724 [JavaFX Application Thread] DEBUG AudioPlayer          - Playing music com.almasb.fxgl.audio.Music@118d6dbd
17:43:17.453 [JavaFX Application Thread] DEBUG AudioPlayer          - Playing music com.almasb.fxgl.audio.Music@118d6dbd
17:43:18.201 [JavaFX Application Thread] DEBUG AudioPlayer          - Playing music com.almasb.fxgl.audio.Music@118d6dbd
17:43:18.684 [JavaFX Application Thread] DEBUG AudioPlayer          - Playing music com.almasb.fxgl.audio.Music@118d6dbd
17:43:18.960 [JavaFX Application Thread] DEBUG PrimaryStageWindow   - Push state: DialogSubScene
17:43:18.960 [JavaFX Application Thread] DEBUG Input                - Clearing active input actions
17:43:18.960 [JavaFX Application Thread] DEBUG GameApplicationServi - Removing overlay from GameScene and adding to DialogSubScene
17:43:18.960 [JavaFX Application Thread] DEBUG PrimaryStageWindow   - GameScene -> DialogSubScene
17:43:19.799 [JavaFX Application Thread] DEBUG PrimaryStageWindow   - Pop state: DialogSubScene
17:43:19.799 [JavaFX Application Thread] DEBUG Input                - Clearing active input actions
17:43:19.799 [JavaFX Application Thread] DEBUG GameApplicationServi - Removing overlay from DialogSubScene and adding to GameScene
17:43:19.799 [JavaFX Application Thread] DEBUG PrimaryStageWindow   - GameScene <- DialogSubScene
17:43:19.972 [JavaFX Application Thread] DEBUG AudioPlayer          - Playing music com.almasb.fxgl.audio.Music@118d6dbd
17:43:20.082 [JavaFX Application Thread] DEBUG AudioPlayer          - Playing music com.almasb.fxgl.audio.Music@118d6dbd
17:43:21.776 [JavaFX Application Thread] DEBUG FXGLAssetLoaderServi - Loading from file system: file:/E:/G2/java/final_project/team_project_1124/javaA-xiangqi-project-main/target/classes/assets/textures/%e9%80%89%e4%b8%ad.png
17:43:32.607 [JavaFX Application Thread] DEBUG AudioPlayer          - Playing music com.almasb.fxgl.audio.Music@118d6dbd
17:43:33.055 [JavaFX Application Thread] DEBUG AudioPlayer          - Playing music com.almasb.fxgl.audio.Music@118d6dbd
17:43:33.112 [JavaFX Application Thread] DEBUG AudioPlayer          - Playing music com.almasb.fxgl.audio.Music@118d6dbd
17:43:33.179 [JavaFX Application Thread] DEBUG AudioPlayer          - Playing music com.almasb.fxgl.audio.Music@118d6dbd
17:43:33.446 [JavaFX Application Thread] DEBUG AudioPlayer          - Playing music com.almasb.fxgl.audio.Music@118d6dbd
17:43:33.610 [JavaFX Application Thread] DEBUG AudioPlayer          - Playing music com.almasb.fxgl.audio.Music@118d6dbd
17:43:34.033 [JavaFX Application Thread] DEBUG AudioPlayer          - Playing music com.almasb.fxgl.audio.Music@118d6dbd
17:43:34.435 [JavaFX Application Thread] DEBUG AudioPlayer          - Playing music com.almasb.fxgl.audio.Music@118d6dbd
17:43:45.348 [JavaFX Application Thread] DEBUG AudioPlayer          - Playing music com.almasb.fxgl.audio.Music@118d6dbd
17:43:48.480 [JavaFX Application Thread] DEBUG AudioPlayer          - Playing music com.almasb.fxgl.audio.Music@118d6dbd
17:43:48.675 [JavaFX Application Thread] DEBUG AudioPlayer          - Playing music com.almasb.fxgl.audio.Music@118d6dbd
17:43:50.075 [JavaFX Application Thread] DEBUG AudioPlayer          - Playing music com.almasb.fxgl.audio.Music@118d6dbd
17:43:50.143 [JavaFX Application Thread] DEBUG AudioPlayer          - Playing music com.almasb.fxgl.audio.Music@118d6dbd
17:43:50.194 [JavaFX Application Thread] DEBUG AudioPlayer          - Playing music com.almasb.fxgl.audio.Music@118d6dbd
17:43:50.262 [JavaFX Application Thread] DEBUG AudioPlayer          - Playing music com.almasb.fxgl.audio.Music@118d6dbd
17:43:50.472 [JavaFX Application Thread] DEBUG PrimaryStageWindow   - Push state: InGameMenuScene
17:43:50.473 [JavaFX Application Thread] DEBUG Input                - Clearing active input actions
17:43:50.474 [JavaFX Application Thread] DEBUG GameApplicationServi - Removing overlay from GameScene and adding to InGameMenuScene
17:43:50.474 [JavaFX Application Thread] DEBUG PrimaryStageWindow   - GameScene -> InGameMenuScene
17:43:51.761 [JavaFX Application Thread] DEBUG Menu                 - fireExitToMainMenu()
17:43:51.761 [JavaFX Application Thread] DEBUG PrimaryStageWindow   - Push state: DialogSubScene
17:43:51.762 [JavaFX Application Thread] DEBUG Input                - Clearing active input actions
17:43:51.762 [JavaFX Application Thread] DEBUG GameApplicationServi - Removing overlay from InGameMenuScene and adding to DialogSubScene
17:43:51.762 [JavaFX Application Thread] DEBUG PrimaryStageWindow   - InGameMenuScene -> DialogSubScene
17:43:52.369 [JavaFX Application Thread] DEBUG PrimaryStageWindow   - Pop state: DialogSubScene
17:43:52.369 [JavaFX Application Thread] DEBUG Input                - Clearing active input actions
17:43:52.369 [JavaFX Application Thread] DEBUG GameApplicationServi - Removing overlay from DialogSubScene and adding to InGameMenuScene
17:43:52.369 [JavaFX Application Thread] DEBUG PrimaryStageWindow   - InGameMenuScene <- DialogSubScene
17:43:52.369 [JavaFX Application Thread] DEBUG PrimaryStageWindow   - Pop state: InGameMenuScene
17:43:52.369 [JavaFX Application Thread] DEBUG Input                - Clearing active input actions
17:43:52.369 [JavaFX Application Thread] DEBUG GameApplicationServi - Removing overlay from InGameMenuScene and adding to GameScene
17:43:52.369 [JavaFX Application Thread] DEBUG PrimaryStageWindow   - GameScene <- InGameMenuScene
17:43:52.369 [JavaFX Application Thread] DEBUG Input                - Clearing active input actions
17:43:52.370 [JavaFX Application Thread] DEBUG GameApplicationServi - Removing overlay from GameScene and adding to FXGLMainMenuDummyScene
17:43:52.372 [JavaFX Application Thread] DEBUG PrimaryStageWindow   - GameScene -> FXGLMainMenuDummyScene
17:43:52.372 [JavaFX Application Thread] DEBUG PrimaryStageWindow   - Push state: MainMenuScene
17:43:52.372 [JavaFX Application Thread] DEBUG Input                - Clearing active input actions
17:43:52.372 [JavaFX Application Thread] DEBUG GameApplicationServi - Removing overlay from FXGLMainMenuDummyScene and adding to MainMenuScene
17:43:52.372 [JavaFX Application Thread] DEBUG PrimaryStageWindow   - FXGLMainMenuDummyScene -> MainMenuScene
17:43:52.576 [JavaFX Application Thread] DEBUG AudioPlayer          - Playing music com.almasb.fxgl.audio.Music@118d6dbd
17:43:52.937 [JavaFX Application Thread] DEBUG Menu                 - fireNewGame()
17:43:52.937 [JavaFX Application Thread] DEBUG GameApplicationServi - Starting new game
17:43:52.937 [JavaFX Application Thread] DEBUG PrimaryStageWindow   - Pop state: MainMenuScene
17:43:52.937 [JavaFX Application Thread] DEBUG Input                - Clearing active input actions
17:43:52.937 [JavaFX Application Thread] DEBUG GameApplicationServi - Removing overlay from MainMenuScene and adding to FXGLMainMenuDummyScene
17:43:52.937 [JavaFX Application Thread] DEBUG PrimaryStageWindow   - FXGLMainMenuDummyScene <- MainMenuScene
17:43:52.937 [JavaFX Application Thread] DEBUG Input                - Clearing active input actions
17:43:52.939 [JavaFX Application Thread] DEBUG GameApplicationServi - Removing overlay from FXGLMainMenuDummyScene and adding to FXGLLoadingScene
17:43:52.939 [JavaFX Application Thread] DEBUG PrimaryStageWindow   - FXGLMainMenuDummyScene -> FXGLLoadingScene
17:43:52.939 [JavaFX Application Thread] DEBUG GameApplicationServi - Clearing previous game
17:43:52.939 [JavaFX Application Thread] DEBUG GameScene            - Clearing game scene
17:43:52.939 [JavaFX Application Thread] DEBUG GameWorld            - Clearing game world
17:43:52.939 [JavaFX Application Thread] DEBUG PhysicsWorld         - Clearing physics world
17:43:52.940 [FXGL Background Thread 2 ] DEBUG FXGLApplication      - Initializing game
17:43:52.942 [FXGL Background Thread 2 ] INFO  FXGLApplication      - Game initialization took: 0.002 sec
17:43:52.943 [JavaFX Application Thread] DEBUG Input                - Clearing active input actions
17:43:52.945 [JavaFX Application Thread] DEBUG GameApplicationServi - Removing overlay from FXGLLoadingScene and adding to GameScene
17:43:52.945 [JavaFX Application Thread] DEBUG PrimaryStageWindow   - FXGLLoadingScene -> GameScene
17:43:53.919 [JavaFX Application Thread] DEBUG AudioPlayer          - Playing music com.almasb.fxgl.audio.Music@118d6dbd
17:43:54.430 [JavaFX Application Thread] DEBUG AudioPlayer          - Playing music com.almasb.fxgl.audio.Music@118d6dbd
17:43:55.070 [JavaFX Application Thread] DEBUG AudioPlayer          - Playing music com.almasb.fxgl.audio.Music@118d6dbd
17:43:56.105 [JavaFX Application Thread] DEBUG AudioPlayer          - Playing music com.almasb.fxgl.audio.Music@118d6dbd
17:43:56.649 [JavaFX Application Thread] DEBUG AudioPlayer          - Playing music com.almasb.fxgl.audio.Music@118d6dbd
17:43:56.884 [JavaFX Application Thread] DEBUG PrimaryStageWindow   - Push state: DialogSubScene
17:43:56.884 [JavaFX Application Thread] DEBUG Input                - Clearing active input actions
17:43:56.885 [JavaFX Application Thread] DEBUG GameApplicationServi - Removing overlay from GameScene and adding to DialogSubScene
17:43:56.885 [JavaFX Application Thread] DEBUG PrimaryStageWindow   - GameScene -> DialogSubScene
17:43:58.973 [JavaFX Application Thread] DEBUG PrimaryStageWindow   - Pop state: DialogSubScene
17:43:58.973 [JavaFX Application Thread] DEBUG Input                - Clearing active input actions
17:43:58.973 [JavaFX Application Thread] DEBUG GameApplicationServi - Removing overlay from DialogSubScene and adding to GameScene
17:43:58.974 [JavaFX Application Thread] DEBUG PrimaryStageWindow   - GameScene <- DialogSubScene
17:43:58.975 [JavaFX Application Thread] DEBUG PrimaryStageWindow   - Push state: DialogSubScene
17:43:58.975 [JavaFX Application Thread] DEBUG Input                - Clearing active input actions
17:43:58.975 [JavaFX Application Thread] DEBUG GameApplicationServi - Removing overlay from GameScene and adding to DialogSubScene
17:43:58.975 [JavaFX Application Thread] DEBUG PrimaryStageWindow   - GameScene -> DialogSubScene
17:44:00.301 [JavaFX Application Thread] DEBUG PrimaryStageWindow   - Pop state: DialogSubScene
17:44:00.302 [JavaFX Application Thread] DEBUG Input                - Clearing active input actions
17:44:00.302 [JavaFX Application Thread] DEBUG GameApplicationServi - Removing overlay from DialogSubScene and adding to GameScene
17:44:00.302 [JavaFX Application Thread] DEBUG PrimaryStageWindow   - GameScene <- DialogSubScene
17:44:00.879 [JavaFX Application Thread] DEBUG AudioPlayer          - Playing music com.almasb.fxgl.audio.Music@118d6dbd
17:44:01.167 [JavaFX Application Thread] DEBUG PrimaryStageWindow   - Push state: DialogSubScene
17:44:01.167 [JavaFX Application Thread] DEBUG Input                - Clearing active input actions
17:44:01.167 [JavaFX Application Thread] DEBUG GameApplicationServi - Removing overlay from GameScene and adding to DialogSubScene
17:44:01.167 [JavaFX Application Thread] DEBUG PrimaryStageWindow   - GameScene -> DialogSubScene
17:44:02.920 [JavaFX Application Thread] DEBUG PrimaryStageWindow   - Pop state: DialogSubScene
17:44:02.920 [JavaFX Application Thread] DEBUG Input                - Clearing active input actions
17:44:02.920 [JavaFX Application Thread] DEBUG GameApplicationServi - Removing overlay from DialogSubScene and adding to GameScene
17:44:02.920 [JavaFX Application Thread] DEBUG PrimaryStageWindow   - GameScene <- DialogSubScene
17:44:04.500 [JavaFX Application Thread] DEBUG AudioPlayer          - Playing music com.almasb.fxgl.audio.Music@118d6dbd
17:44:06.435 [JavaFX Application Thread] DEBUG AudioPlayer          - Playing music com.almasb.fxgl.audio.Music@118d6dbd
17:44:07.890 [JavaFX Application Thread] DEBUG AudioPlayer          - Playing music com.almasb.fxgl.audio.Music@118d6dbd
17:44:09.799 [JavaFX Application Thread] DEBUG AudioPlayer          - Playing music com.almasb.fxgl.audio.Music@118d6dbd
17:44:10.440 [JavaFX Application Thread] DEBUG AudioPlayer          - Playing music com.almasb.fxgl.audio.Music@118d6dbd
17:44:12.231 [JavaFX Application Thread] DEBUG AudioPlayer          - Playing music com.almasb.fxgl.audio.Music@118d6dbd
17:44:14.224 [JavaFX Application Thread] DEBUG AudioPlayer          - Playing music com.almasb.fxgl.audio.Music@118d6dbd
17:44:14.977 [JavaFX Application Thread] DEBUG AudioPlayer          - Playing music com.almasb.fxgl.audio.Music@118d6dbd
17:44:15.476 [JavaFX Application Thread] DEBUG AudioPlayer          - Playing music com.almasb.fxgl.audio.Music@118d6dbd
17:44:15.788 [JavaFX Application Thread] DEBUG AudioPlayer          - Playing music com.almasb.fxgl.audio.Music@118d6dbd
17:44:16.517 [JavaFX Application Thread] DEBUG AudioPlayer          - Playing music com.almasb.fxgl.audio.Music@118d6dbd
17:44:16.698 [JavaFX Application Thread] DEBUG PrimaryStageWindow   - Push state: DialogSubScene
17:44:16.698 [JavaFX Application Thread] DEBUG Input                - Clearing active input actions
17:44:16.698 [JavaFX Application Thread] DEBUG GameApplicationServi - Removing overlay from GameScene and adding to DialogSubScene
17:44:16.698 [JavaFX Application Thread] DEBUG PrimaryStageWindow   - GameScene -> DialogSubScene
17:44:17.593 [JavaFX Application Thread] DEBUG PrimaryStageWindow   - Pop state: DialogSubScene
17:44:17.593 [JavaFX Application Thread] DEBUG Input                - Clearing active input actions
17:44:17.593 [JavaFX Application Thread] DEBUG GameApplicationServi - Removing overlay from DialogSubScene and adding to GameScene
17:44:17.593 [JavaFX Application Thread] DEBUG PrimaryStageWindow   - GameScene <- DialogSubScene
17:44:18.066 [JavaFX Application Thread] DEBUG AudioPlayer          - Playing music com.almasb.fxgl.audio.Music@118d6dbd
17:44:18.236 [JavaFX Application Thread] DEBUG AudioPlayer          - Playing music com.almasb.fxgl.audio.Music@118d6dbd
17:44:18.494 [JavaFX Application Thread] DEBUG AudioPlayer          - Playing music com.almasb.fxgl.audio.Music@118d6dbd
17:44:18.796 [JavaFX Application Thread] DEBUG AudioPlayer          - Playing music com.almasb.fxgl.audio.Music@118d6dbd
17:44:28.007 [JavaFX Application Thread] DEBUG AudioPlayer          - Playing music com.almasb.fxgl.audio.Music@118d6dbd
17:44:28.664 [JavaFX Application Thread] DEBUG AudioPlayer          - Playing music com.almasb.fxgl.audio.Music@118d6dbd
17:44:33.162 [JavaFX Application Thread] DEBUG AudioPlayer          - Playing music com.almasb.fxgl.audio.Music@118d6dbd
17:44:33.322 [JavaFX Application Thread] DEBUG AudioPlayer          - Playing music com.almasb.fxgl.audio.Music@118d6dbd
17:44:35.376 [JavaFX Application Thread] DEBUG PrimaryStageWindow   - Push state: InGameMenuScene
17:44:35.376 [JavaFX Application Thread] DEBUG Input                - Clearing active input actions
17:44:35.377 [JavaFX Application Thread] DEBUG GameApplicationServi - Removing overlay from GameScene and adding to InGameMenuScene
17:44:35.377 [JavaFX Application Thread] DEBUG PrimaryStageWindow   - GameScene -> InGameMenuScene
17:44:36.084 [JavaFX Application Thread] DEBUG Menu                 - fireExitToMainMenu()
17:44:36.084 [JavaFX Application Thread] DEBUG PrimaryStageWindow   - Push state: DialogSubScene
17:44:36.084 [JavaFX Application Thread] DEBUG Input                - Clearing active input actions
17:44:36.084 [JavaFX Application Thread] DEBUG GameApplicationServi - Removing overlay from InGameMenuScene and adding to DialogSubScene
17:44:36.084 [JavaFX Application Thread] DEBUG PrimaryStageWindow   - InGameMenuScene -> DialogSubScene
17:44:36.772 [JavaFX Application Thread] DEBUG PrimaryStageWindow   - Pop state: DialogSubScene
17:44:36.772 [JavaFX Application Thread] DEBUG Input                - Clearing active input actions
17:44:36.772 [JavaFX Application Thread] DEBUG GameApplicationServi - Removing overlay from DialogSubScene and adding to InGameMenuScene
17:44:36.772 [JavaFX Application Thread] DEBUG PrimaryStageWindow   - InGameMenuScene <- DialogSubScene
17:44:36.772 [JavaFX Application Thread] DEBUG PrimaryStageWindow   - Pop state: InGameMenuScene
17:44:36.772 [JavaFX Application Thread] DEBUG Input                - Clearing active input actions
17:44:36.772 [JavaFX Application Thread] DEBUG GameApplicationServi - Removing overlay from InGameMenuScene and adding to GameScene
17:44:36.772 [JavaFX Application Thread] DEBUG PrimaryStageWindow   - GameScene <- InGameMenuScene
17:44:36.772 [JavaFX Application Thread] DEBUG Input                - Clearing active input actions
17:44:36.774 [JavaFX Application Thread] DEBUG GameApplicationServi - Removing overlay from GameScene and adding to FXGLMainMenuDummyScene
17:44:36.774 [JavaFX Application Thread] DEBUG PrimaryStageWindow   - GameScene -> FXGLMainMenuDummyScene
17:44:36.774 [JavaFX Application Thread] DEBUG PrimaryStageWindow   - Push state: MainMenuScene
17:44:36.774 [JavaFX Application Thread] DEBUG Input                - Clearing active input actions
17:44:36.774 [JavaFX Application Thread] DEBUG GameApplicationServi - Removing overlay from FXGLMainMenuDummyScene and adding to MainMenuScene
17:44:36.774 [JavaFX Application Thread] DEBUG PrimaryStageWindow   - FXGLMainMenuDummyScene -> MainMenuScene
17:44:36.774 [JavaFX Application Thread] DEBUG AudioPlayer          - Playing music com.almasb.fxgl.audio.Music@118d6dbd
17:44:37.297 [JavaFX Application Thread] DEBUG AudioPlayer          - Playing music com.almasb.fxgl.audio.Music@118d6dbd
17:44:37.669 [JavaFX Application Thread] DEBUG PrimaryStageWindow   - Push state: DialogSubScene
17:44:37.669 [JavaFX Application Thread] DEBUG Input                - Clearing active input actions
17:44:37.669 [JavaFX Application Thread] DEBUG GameApplicationServi - Removing overlay from MainMenuScene and adding to DialogSubScene
17:44:37.669 [JavaFX Application Thread] DEBUG PrimaryStageWindow   - MainMenuScene -> DialogSubScene
17:44:38.314 [JavaFX Application Thread] DEBUG PrimaryStageWindow   - Pop state: DialogSubScene
17:44:38.314 [JavaFX Application Thread] DEBUG Input                - Clearing active input actions
17:44:38.314 [JavaFX Application Thread] DEBUG GameApplicationServi - Removing overlay from DialogSubScene and adding to MainMenuScene
17:44:38.314 [JavaFX Application Thread] DEBUG PrimaryStageWindow   - MainMenuScene <- DialogSubScene
17:44:38.317 [JavaFX Application Thread] DEBUG PrimaryStageWindow   - Push state: DialogSubScene
17:44:38.317 [JavaFX Application Thread] DEBUG Input                - Clearing active input actions
17:44:38.317 [JavaFX Application Thread] DEBUG GameApplicationServi - Removing overlay from MainMenuScene and adding to DialogSubScene
17:44:38.317 [JavaFX Application Thread] DEBUG PrimaryStageWindow   - MainMenuScene -> DialogSubScene
17:44:43.212 [JavaFX Application Thread] DEBUG PrimaryStageWindow   - Pop state: DialogSubScene
17:44:43.212 [JavaFX Application Thread] DEBUG Input                - Clearing active input actions
17:44:43.212 [JavaFX Application Thread] DEBUG GameApplicationServi - Removing overlay from DialogSubScene and adding to MainMenuScene
17:44:43.212 [JavaFX Application Thread] DEBUG PrimaryStageWindow   - MainMenuScene <- DialogSubScene
17:44:43.213 [JavaFX Application Thread] DEBUG AudioPlayer          - Playing music com.almasb.fxgl.audio.Music@118d6dbd
17:44:44.697 [JavaFX Application Thread] DEBUG AudioPlayer          - Playing music com.almasb.fxgl.audio.Music@118d6dbd
17:44:45.594 [JavaFX Application Thread] DEBUG AudioPlayer          - Playing music com.almasb.fxgl.audio.Music@118d6dbd
17:44:45.894 [JavaFX Application Thread] DEBUG AudioPlayer          - Playing music com.almasb.fxgl.audio.Music@118d6dbd
17:44:46.187 [JavaFX Application Thread] DEBUG PrimaryStageWindow   - Push state: DialogSubScene
17:44:46.187 [JavaFX Application Thread] DEBUG Input                - Clearing active input actions
17:44:46.187 [JavaFX Application Thread] DEBUG GameApplicationServi - Removing overlay from MainMenuScene and adding to DialogSubScene
17:44:46.187 [JavaFX Application Thread] DEBUG PrimaryStageWindow   - MainMenuScene -> DialogSubScene
17:44:46.903 [JavaFX Application Thread] DEBUG PrimaryStageWindow   - Pop state: DialogSubScene
17:44:46.903 [JavaFX Application Thread] DEBUG Input                - Clearing active input actions
17:44:46.903 [JavaFX Application Thread] DEBUG GameApplicationServi - Removing overlay from DialogSubScene and adding to MainMenuScene
17:44:46.903 [JavaFX Application Thread] DEBUG PrimaryStageWindow   - MainMenuScene <- DialogSubScene
17:44:46.905 [JavaFX Application Thread] DEBUG PrimaryStageWindow   - Push state: DialogSubScene
17:44:46.905 [JavaFX Application Thread] DEBUG Input                - Clearing active input actions
17:44:46.905 [JavaFX Application Thread] DEBUG GameApplicationServi - Removing overlay from MainMenuScene and adding to DialogSubScene
17:44:46.905 [JavaFX Application Thread] DEBUG PrimaryStageWindow   - MainMenuScene -> DialogSubScene
17:44:47.467 [JavaFX Application Thread] DEBUG PrimaryStageWindow   - Pop state: DialogSubScene
17:44:47.467 [JavaFX Application Thread] DEBUG Input                - Clearing active input actions
17:44:47.468 [JavaFX Application Thread] DEBUG GameApplicationServi - Removing overlay from DialogSubScene and adding to MainMenuScene
17:44:47.468 [JavaFX Application Thread] DEBUG PrimaryStageWindow   - MainMenuScene <- DialogSubScene
17:44:47.468 [JavaFX Application Thread] DEBUG AudioPlayer          - Playing music com.almasb.fxgl.audio.Music@118d6dbd
17:44:48.085 [JavaFX Application Thread] DEBUG AudioPlayer          - Playing music com.almasb.fxgl.audio.Music@118d6dbd
17:44:48.344 [JavaFX Application Thread] DEBUG AudioPlayer          - Playing music com.almasb.fxgl.audio.Music@118d6dbd
17:44:48.528 [JavaFX Application Thread] DEBUG Menu                 - fireNewGame()
17:44:48.528 [JavaFX Application Thread] DEBUG GameApplicationServi - Starting new game
17:44:48.528 [JavaFX Application Thread] DEBUG PrimaryStageWindow   - Pop state: MainMenuScene
17:44:48.528 [JavaFX Application Thread] DEBUG Input                - Clearing active input actions
17:44:48.528 [JavaFX Application Thread] DEBUG GameApplicationServi - Removing overlay from MainMenuScene and adding to FXGLMainMenuDummyScene
17:44:48.528 [JavaFX Application Thread] DEBUG PrimaryStageWindow   - FXGLMainMenuDummyScene <- MainMenuScene
17:44:48.528 [JavaFX Application Thread] DEBUG Input                - Clearing active input actions
17:44:48.530 [JavaFX Application Thread] DEBUG GameApplicationServi - Removing overlay from FXGLMainMenuDummyScene and adding to FXGLLoadingScene
17:44:48.530 [JavaFX Application Thread] DEBUG PrimaryStageWindow   - FXGLMainMenuDummyScene -> FXGLLoadingScene
17:44:48.530 [JavaFX Application Thread] DEBUG GameApplicationServi - Clearing previous game
17:44:48.530 [JavaFX Application Thread] DEBUG GameScene            - Clearing game scene
17:44:48.530 [JavaFX Application Thread] DEBUG GameWorld            - Clearing game world
17:44:48.531 [JavaFX Application Thread] DEBUG PhysicsWorld         - Clearing physics world
17:44:48.531 [FXGL Background Thread 2 ] DEBUG FXGLApplication      - Initializing game
17:44:48.532 [FXGL Background Thread 2 ] INFO  FXGLApplication      - Game initialization took: 0.002 sec
17:44:48.534 [JavaFX Application Thread] DEBUG Input                - Clearing active input actions
17:44:48.536 [JavaFX Application Thread] DEBUG GameApplicationServi - Removing overlay from FXGLLoadingScene and adding to GameScene
17:44:48.536 [JavaFX Application Thread] DEBUG PrimaryStageWindow   - FXGLLoadingScene -> GameScene
17:44:51.908 [JavaFX Application Thread] DEBUG AudioPlayer          - Playing music com.almasb.fxgl.audio.Music@118d6dbd
17:44:52.622 [JavaFX Application Thread] DEBUG AudioPlayer          - Playing music com.almasb.fxgl.audio.Music@118d6dbd
17:44:54.848 [JavaFX Application Thread] DEBUG AudioPlayer          - Playing music com.almasb.fxgl.audio.Music@118d6dbd
17:44:55.516 [JavaFX Application Thread] DEBUG AudioPlayer          - Playing music com.almasb.fxgl.audio.Music@118d6dbd
17:44:56.211 [JavaFX Application Thread] DEBUG AudioPlayer          - Playing music com.almasb.fxgl.audio.Music@118d6dbd
17:44:56.994 [JavaFX Application Thread] DEBUG PrimaryStageWindow   - Push state: DialogSubScene
17:44:56.994 [JavaFX Application Thread] DEBUG Input                - Clearing active input actions
17:44:56.994 [JavaFX Application Thread] DEBUG GameApplicationServi - Removing overlay from GameScene and adding to DialogSubScene
17:44:56.994 [JavaFX Application Thread] DEBUG PrimaryStageWindow   - GameScene -> DialogSubScene
17:44:57.800 [JavaFX Application Thread] DEBUG PrimaryStageWindow   - Pop state: DialogSubScene
17:44:57.800 [JavaFX Application Thread] DEBUG Input                - Clearing active input actions
17:44:57.800 [JavaFX Application Thread] DEBUG GameApplicationServi - Removing overlay from DialogSubScene and adding to GameScene
17:44:57.800 [JavaFX Application Thread] DEBUG PrimaryStageWindow   - GameScene <- DialogSubScene
17:44:59.241 [JavaFX Application Thread] DEBUG AudioPlayer          - Playing music com.almasb.fxgl.audio.Music@118d6dbd
17:44:59.922 [JavaFX Application Thread] DEBUG AudioPlayer          - Playing music com.almasb.fxgl.audio.Music@118d6dbd
17:45:02.647 [JavaFX Application Thread] DEBUG AudioPlayer          - Playing music com.almasb.fxgl.audio.Music@118d6dbd
17:45:06.266 [JavaFX Application Thread] DEBUG AudioPlayer          - Playing music com.almasb.fxgl.audio.Music@118d6dbd
17:45:09.200 [JavaFX Application Thread] DEBUG AudioPlayer          - Playing music com.almasb.fxgl.audio.Music@118d6dbd
17:45:09.774 [JavaFX Application Thread] DEBUG AudioPlayer          - Playing music com.almasb.fxgl.audio.Music@118d6dbd
17:45:12.423 [JavaFX Application Thread] DEBUG AudioPlayer          - Playing music com.almasb.fxgl.audio.Music@118d6dbd
17:45:12.856 [JavaFX Application Thread] DEBUG AudioPlayer          - Playing music com.almasb.fxgl.audio.Music@118d6dbd
17:45:18.442 [JavaFX Application Thread] DEBUG AudioPlayer          - Playing music com.almasb.fxgl.audio.Music@118d6dbd
17:45:20.830 [JavaFX Application Thread] DEBUG AudioPlayer          - Playing music com.almasb.fxgl.audio.Music@118d6dbd
17:45:21.426 [JavaFX Application Thread] DEBUG AudioPlayer          - Playing music com.almasb.fxgl.audio.Music@118d6dbd
17:45:21.716 [JavaFX Application Thread] DEBUG AudioPlayer          - Playing music com.almasb.fxgl.audio.Music@118d6dbd
17:45:25.359 [JavaFX Application Thread] DEBUG AudioPlayer          - Playing music com.almasb.fxgl.audio.Music@118d6dbd
17:45:26.639 [JavaFX Application Thread] DEBUG AudioPlayer          - Playing music com.almasb.fxgl.audio.Music@118d6dbd
17:45:27.447 [JavaFX Application Thread] DEBUG AudioPlayer          - Playing music com.almasb.fxgl.audio.Music@118d6dbd
17:45:28.506 [JavaFX Application Thread] DEBUG AudioPlayer          - Playing music com.almasb.fxgl.audio.Music@118d6dbd
17:45:29.258 [JavaFX Application Thread] DEBUG AudioPlayer          - Playing music com.almasb.fxgl.audio.Music@118d6dbd
17:45:30.052 [JavaFX Application Thread] DEBUG PrimaryStageWindow   - Push state: DialogSubScene
17:45:30.052 [JavaFX Application Thread] DEBUG Input                - Clearing active input actions
17:45:30.052 [JavaFX Application Thread] DEBUG GameApplicationServi - Removing overlay from GameScene and adding to DialogSubScene
17:45:30.052 [JavaFX Application Thread] DEBUG PrimaryStageWindow   - GameScene -> DialogSubScene
17:45:31.705 [JavaFX Application Thread] DEBUG PrimaryStageWindow   - Pop state: DialogSubScene
17:45:31.705 [JavaFX Application Thread] DEBUG Input                - Clearing active input actions
17:45:31.705 [JavaFX Application Thread] DEBUG GameApplicationServi - Removing overlay from DialogSubScene and adding to GameScene
17:45:31.705 [JavaFX Application Thread] DEBUG PrimaryStageWindow   - GameScene <- DialogSubScene
17:45:32.231 [JavaFX Application Thread] DEBUG AudioPlayer          - Playing music com.almasb.fxgl.audio.Music@118d6dbd
17:45:33.149 [JavaFX Application Thread] DEBUG AudioPlayer          - Playing music com.almasb.fxgl.audio.Music@118d6dbd
17:45:34.696 [JavaFX Application Thread] DEBUG AudioPlayer          - Playing music com.almasb.fxgl.audio.Music@118d6dbd
17:45:34.819 [JavaFX Application Thread] DEBUG AudioPlayer          - Playing music com.almasb.fxgl.audio.Music@118d6dbd
17:45:35.154 [JavaFX Application Thread] DEBUG PrimaryStageWindow   - Push state: DialogSubScene
17:45:35.154 [JavaFX Application Thread] DEBUG Input                - Clearing active input actions
17:45:35.154 [JavaFX Application Thread] DEBUG GameApplicationServi - Removing overlay from GameScene and adding to DialogSubScene
17:45:35.154 [JavaFX Application Thread] DEBUG PrimaryStageWindow   - GameScene -> DialogSubScene
17:45:35.974 [JavaFX Application Thread] DEBUG PrimaryStageWindow   - Pop state: DialogSubScene
17:45:35.974 [JavaFX Application Thread] DEBUG Input                - Clearing active input actions
17:45:35.974 [JavaFX Application Thread] DEBUG GameApplicationServi - Removing overlay from DialogSubScene and adding to GameScene
17:45:35.974 [JavaFX Application Thread] DEBUG PrimaryStageWindow   - GameScene <- DialogSubScene
17:45:41.388 [JavaFX Application Thread] DEBUG AudioPlayer          - Playing music com.almasb.fxgl.audio.Music@118d6dbd
17:45:41.457 [JavaFX Application Thread] DEBUG AudioPlayer          - Playing music com.almasb.fxgl.audio.Music@118d6dbd
17:45:42.198 [JavaFX Application Thread] DEBUG PrimaryStageWindow   - Push state: DialogSubScene
17:45:42.199 [JavaFX Application Thread] DEBUG Input                - Clearing active input actions
17:45:42.199 [JavaFX Application Thread] DEBUG GameApplicationServi - Removing overlay from GameScene and adding to DialogSubScene
17:45:42.199 [JavaFX Application Thread] DEBUG PrimaryStageWindow   - GameScene -> DialogSubScene
17:45:43.404 [JavaFX Application Thread] DEBUG PrimaryStageWindow   - Pop state: DialogSubScene
17:45:43.404 [JavaFX Application Thread] DEBUG Input                - Clearing active input actions
17:45:43.404 [JavaFX Application Thread] DEBUG GameApplicationServi - Removing overlay from DialogSubScene and adding to GameScene
17:45:43.404 [JavaFX Application Thread] DEBUG PrimaryStageWindow   - GameScene <- DialogSubScene
17:45:43.404 [JavaFX Application Thread] DEBUG GameApplicationServi - Starting new game
17:45:43.404 [JavaFX Application Thread] DEBUG Input                - Clearing active input actions
17:45:43.405 [JavaFX Application Thread] DEBUG GameApplicationServi - Removing overlay from GameScene and adding to FXGLLoadingScene
17:45:43.405 [JavaFX Application Thread] DEBUG PrimaryStageWindow   - GameScene -> FXGLLoadingScene
17:45:43.405 [JavaFX Application Thread] DEBUG GameApplicationServi - Clearing previous game
17:45:43.405 [JavaFX Application Thread] DEBUG GameScene            - Clearing game scene
17:45:43.405 [JavaFX Application Thread] DEBUG GameWorld            - Clearing game world
17:45:43.406 [JavaFX Application Thread] DEBUG PhysicsWorld         - Clearing physics world
17:45:43.406 [FXGL Background Thread 2 ] DEBUG FXGLApplication      - Initializing game
17:45:43.408 [FXGL Background Thread 2 ] INFO  FXGLApplication      - Game initialization took: 0.002 sec
17:45:43.408 [JavaFX Application Thread] DEBUG Input                - Clearing active input actions
17:45:43.410 [JavaFX Application Thread] DEBUG GameApplicationServi - Removing overlay from FXGLLoadingScene and adding to GameScene
17:45:43.410 [JavaFX Application Thread] DEBUG PrimaryStageWindow   - FXGLLoadingScene -> GameScene
17:45:45.594 [JavaFX Application Thread] DEBUG AudioPlayer          - Playing music com.almasb.fxgl.audio.Music@118d6dbd
17:45:45.636 [JavaFX Application Thread] DEBUG AudioPlayer          - Playing music com.almasb.fxgl.audio.Music@118d6dbd
17:45:45.857 [JavaFX Application Thread] DEBUG AudioPlayer          - Playing music com.almasb.fxgl.audio.Music@118d6dbd
17:45:49.681 [JavaFX Application Thread] DEBUG AudioPlayer          - Playing music com.almasb.fxgl.audio.Music@118d6dbd
17:45:49.720 [JavaFX Application Thread] DEBUG AudioPlayer          - Playing music com.almasb.fxgl.audio.Music@118d6dbd
17:45:50.607 [JavaFX Application Thread] DEBUG AudioPlayer          - Playing music com.almasb.fxgl.audio.Music@118d6dbd
17:45:53.683 [JavaFX Application Thread] DEBUG AudioPlayer          - Playing music com.almasb.fxgl.audio.Music@118d6dbd
17:45:56.423 [JavaFX Application Thread] DEBUG AudioPlayer          - Playing music com.almasb.fxgl.audio.Music@118d6dbd
17:45:56.835 [JavaFX Application Thread] DEBUG AudioPlayer          - Playing music com.almasb.fxgl.audio.Music@118d6dbd
17:46:03.194 [JavaFX Application Thread] DEBUG AudioPlayer          - Playing music com.almasb.fxgl.audio.Music@118d6dbd
17:46:03.865 [JavaFX Application Thread] DEBUG AudioPlayer          - Playing music com.almasb.fxgl.audio.Music@118d6dbd
17:46:04.435 [JavaFX Application Thread] DEBUG AudioPlayer          - Playing music com.almasb.fxgl.audio.Music@118d6dbd
17:46:04.671 [JavaFX Application Thread] DEBUG AudioPlayer          - Playing music com.almasb.fxgl.audio.Music@118d6dbd
17:46:04.956 [JavaFX Application Thread] DEBUG PrimaryStageWindow   - Push state: DialogSubScene
17:46:04.956 [JavaFX Application Thread] DEBUG Input                - Clearing active input actions
17:46:04.957 [JavaFX Application Thread] DEBUG GameApplicationServi - Removing overlay from GameScene and adding to DialogSubScene
17:46:04.957 [JavaFX Application Thread] DEBUG PrimaryStageWindow   - GameScene -> DialogSubScene
17:46:05.838 [JavaFX Application Thread] DEBUG PrimaryStageWindow   - Pop state: DialogSubScene
17:46:05.838 [JavaFX Application Thread] DEBUG Input                - Clearing active input actions
17:46:05.838 [JavaFX Application Thread] DEBUG GameApplicationServi - Removing overlay from DialogSubScene and adding to GameScene
17:46:05.838 [JavaFX Application Thread] DEBUG PrimaryStageWindow   - GameScene <- DialogSubScene
17:46:08.526 [JavaFX Application Thread] DEBUG AudioPlayer          - Playing music com.almasb.fxgl.audio.Music@118d6dbd
17:46:09.214 [JavaFX Application Thread] DEBUG PrimaryStageWindow   - Push state: InGameMenuScene
17:46:09.214 [JavaFX Application Thread] DEBUG Input                - Clearing active input actions
17:46:09.215 [JavaFX Application Thread] DEBUG GameApplicationServi - Removing overlay from GameScene and adding to InGameMenuScene
17:46:09.215 [JavaFX Application Thread] DEBUG PrimaryStageWindow   - GameScene -> InGameMenuScene
17:46:10.194 [JavaFX Application Thread] DEBUG Menu                 - fireExitToMainMenu()
17:46:10.194 [JavaFX Application Thread] DEBUG PrimaryStageWindow   - Push state: DialogSubScene
17:46:10.195 [JavaFX Application Thread] DEBUG Input                - Clearing active input actions
17:46:10.195 [JavaFX Application Thread] DEBUG GameApplicationServi - Removing overlay from InGameMenuScene and adding to DialogSubScene
17:46:10.195 [JavaFX Application Thread] DEBUG PrimaryStageWindow   - InGameMenuScene -> DialogSubScene
17:46:10.709 [JavaFX Application Thread] DEBUG PrimaryStageWindow   - Pop state: DialogSubScene
17:46:10.709 [JavaFX Application Thread] DEBUG Input                - Clearing active input actions
17:46:10.709 [JavaFX Application Thread] DEBUG GameApplicationServi - Removing overlay from DialogSubScene and adding to InGameMenuScene
17:46:10.709 [JavaFX Application Thread] DEBUG PrimaryStageWindow   - InGameMenuScene <- DialogSubScene
17:46:10.709 [JavaFX Application Thread] DEBUG PrimaryStageWindow   - Pop state: InGameMenuScene
17:46:10.709 [JavaFX Application Thread] DEBUG Input                - Clearing active input actions
17:46:10.709 [JavaFX Application Thread] DEBUG GameApplicationServi - Removing overlay from InGameMenuScene and adding to GameScene
17:46:10.709 [JavaFX Application Thread] DEBUG PrimaryStageWindow   - GameScene <- InGameMenuScene
17:46:10.709 [JavaFX Application Thread] DEBUG Input                - Clearing active input actions
17:46:10.710 [JavaFX Application Thread] DEBUG GameApplicationServi - Removing overlay from GameScene and adding to FXGLMainMenuDummyScene
17:46:10.710 [JavaFX Application Thread] DEBUG PrimaryStageWindow   - GameScene -> FXGLMainMenuDummyScene
17:46:10.710 [JavaFX Application Thread] DEBUG PrimaryStageWindow   - Push state: MainMenuScene
17:46:10.710 [JavaFX Application Thread] DEBUG Input                - Clearing active input actions
17:46:10.711 [JavaFX Application Thread] DEBUG GameApplicationServi - Removing overlay from FXGLMainMenuDummyScene and adding to MainMenuScene
17:46:10.711 [JavaFX Application Thread] DEBUG PrimaryStageWindow   - FXGLMainMenuDummyScene -> MainMenuScene
17:46:10.711 [JavaFX Application Thread] DEBUG AudioPlayer          - Playing music com.almasb.fxgl.audio.Music@118d6dbd
17:46:11.171 [JavaFX Application Thread] DEBUG AudioPlayer          - Playing music com.almasb.fxgl.audio.Music@118d6dbd
17:46:12.062 [JavaFX Application Thread] DEBUG FXGLApplication      - Exiting FXGL
17:46:12.062 [JavaFX Application Thread] DEBUG LoopRunner           - Stopping loop
17:46:12.062 [JavaFX Application Thread] DEBUG SystemBundleService  - Saving FXGL system data
17:46:12.063 [JavaFX Application Thread] DEBUG FileSystemAccess     - Writing to: E:\G2\java\final_project\team_project_1124\javaA-xiangqi-project-main\system\fxgl.bundle
17:46:12.063 [JavaFX Application Thread] DEBUG Async                - Shutting down background threads
17:46:12.063 [JavaFX Application Thread] DEBUG PrimaryStageWindow   - Closing main window
17:46:12.075 [JavaFX Application Thread] DEBUG Logger               - Closing Logger
