19:01:50.400 [main                     ] DEBUG Logger               - Configured Logger
19:01:50.417 [main                     ] DEBUG GameApplication      - Logging settings
Title: 中国象棋 1.0
Version: 1.0
Width: 1316
Height: 1007
Fullscreen: false
Intro: false
Profiling: false
Single step:false
App Mode: DEVELOPER
Menu Key: ESCAPE
Stage Style: DECORATED
Scene Factory: class edu.sustech.xiangqi.XiangQiApp$1

19:01:50.796 [JavaFX Application Thread] DEBUG FXGLApplication      - Initializing FXGL
19:01:50.798 [JavaFX Application Thread] INFO  Engine               - FXGL-21.1 (27.03.2024 07.52) on WINDOWS (J:23.0.1 FX:21.0.1)
19:01:50.798 [JavaFX Application Thread] DEBUG Engine               - JRE Vendor Name: Oracle Corporation
19:01:50.798 [JavaFX Application Thread] DEBUG Engine               - Running on OS: Windows 11 version 10.0
19:01:50.798 [JavaFX Application Thread] DEBUG Engine               - Architecture: amd64
19:01:50.798 [JavaFX Application Thread] INFO  Engine               - Source code and latest versions at: https://github.com/AlmasB/FXGL
19:01:50.798 [JavaFX Application Thread] INFO  Engine               -       Ask questions and discuss at: https://github.com/AlmasB/FXGL/discussions
19:01:50.798 [JavaFX Application Thread] INFO  Engine               -              Join the FXGL chat at: https://gitter.im/AlmasB/FXGL
19:01:50.849 [JavaFX Application Thread] DEBUG PrimaryStageWindow   - Creating a JavaFX scene
19:01:50.878 [JavaFX Application Thread] DEBUG PrimaryStageWindow   - Target settings size: 1316.0 x 1007.0
19:01:50.878 [JavaFX Application Thread] DEBUG PrimaryStageWindow   - Scaled scene size:    1316.0 x 1007.0
19:01:50.879 [JavaFX Application Thread] DEBUG PrimaryStageWindow   - Scaled ratio: (1.0, 1.0)
19:01:50.879 [JavaFX Application Thread] DEBUG PrimaryStageWindow   - Set initial scene to FXGLStartupScene
19:01:50.881 [JavaFX Application Thread] DEBUG PrimaryStageWindow   - Opening main window
19:01:50.957 [JavaFX Application Thread] DEBUG PrimaryStageWindow   - Window border size: (14.6666259765625, 37.6666259765625)
19:01:50.958 [JavaFX Application Thread] DEBUG PrimaryStageWindow   - Scaled size: 1316.0 x 1007.0
19:01:50.958 [JavaFX Application Thread] DEBUG PrimaryStageWindow   - Scaled ratio: (1.0, 1.0)
19:01:50.958 [JavaFX Application Thread] DEBUG PrimaryStageWindow   - Scene size: 1316.0 x 1007.0
19:01:50.958 [JavaFX Application Thread] DEBUG PrimaryStageWindow   - Stage size: 1330.6666259765625 x 1044.6666259765625
19:01:50.962 [FXGL Background Thread 1 ] DEBUG Engine               - Initializing environment variables
19:01:50.995 [FXGL Background Thread 1 ] DEBUG FXGLAssetLoaderServi - User app class for loading assets: class edu.sustech.xiangqi.XiangQiApp
19:01:50.995 [FXGL Background Thread 1 ] DEBUG GameApplicationServi - Applying CSS: fxgl_dark.css
19:01:50.996 [FXGL Background Thread 1 ] DEBUG FXGLAssetLoaderServi - Loading from file system: jar:file:/C:/Users/20140/.m2/repository/com/github/almasb/fxgl/21.1/fxgl-21.1.jar!/fxglassets/ui/css/fxgl_dark.css
19:01:51.026 [FXGL Background Thread 1 ] DEBUG GameApplicationServi - Initializing application scenes
19:01:51.099 [FXGL Background Thread 1 ] DEBUG GameWorld            - Game world initialized
19:01:51.141 [FXGL Background Thread 1 ] DEBUG PhysicsWorld         - Physics world initialized: appHeight=1007, physics.ppm=50.0
19:01:51.142 [FXGL Background Thread 1 ] DEBUG PhysicsWorld         - Using strategy: BRUTE_FORCE
19:01:51.145 [FXGL Background Thread 1 ] DEBUG GameScene            - Game scene initialized: 1316x1007
19:01:51.151 [FXGL Background Thread 1 ] DEBUG FXGLAssetLoaderServi - Loading from file system: file:/D:/Github/javaA-xiangqi-project-main-yxh-1125/target/classes/assets/ui/fonts/HYPixel11pxU-2.ttf
19:01:51.171 [FXGL Background Thread 1 ] DEBUG FXGLAssetLoaderServi - Loading from file system: file:/D:/Github/javaA-xiangqi-project-main-yxh-1125/target/classes/assets/textures/Button1.png
19:01:51.184 [FXGL Background Thread 1 ] DEBUG FXGLAssetLoaderServi - Loading from file system: file:/D:/Github/javaA-xiangqi-project-main-yxh-1125/target/classes/assets/textures/Press.png
19:01:51.220 [FXGL Background Thread 1 ] DEBUG GameApplicationServi - Application scenes initialized
19:01:51.228 [FXGL Background Thread 1 ] DEBUG SystemBundleService  - Loading FXGL system data
19:01:51.229 [FXGL Background Thread 1 ] DEBUG FileSystemAccess     - Reading from: D:\Github\javaA-xiangqi-project-main-yxh-1125\system\fxgl.bundle
19:01:51.230 [FXGL Background Thread 1 ] DEBUG SystemBundleService  - Bundle FXGL: {}
19:01:51.230 [FXGL Background Thread 1 ] DEBUG UpdaterService       - Checking for updates
19:01:51.233 [FXGL Background Thread 4 ] DEBUG FXGLApplication      - Loading fonts
19:01:51.235 [FXGL Background Thread 4 ] DEBUG FXGLAssetLoaderServi - Loading from file system: jar:file:/C:/Users/20140/.m2/repository/com/github/almasb/fxgl/21.1/fxgl-21.1.jar!/fxglassets/ui/fonts/VarelaRound-Regular.ttf
19:01:51.235 [FXGL Background Thread 1 ] DEBUG FXGLApplication      - Loading default localization
19:01:51.235 [FXGL Background Thread 1 ] DEBUG FXGLAssetLoaderServi - Loading from file system: jar:file:/C:/Users/20140/.m2/repository/com/github/almasb/fxgl/21.1/fxgl-21.1.jar!/fxglassets/languages/english.lang
19:01:51.246 [FXGL Background Thread 4 ] DEBUG FXGLAssetLoaderServi - Loading from file system: jar:file:/C:/Users/20140/.m2/repository/com/github/almasb/fxgl/21.1/fxgl-21.1.jar!/fxglassets/ui/fonts/Abel-Regular.ttf
19:01:51.258 [FXGL Background Thread 4 ] DEBUG FXGLAssetLoaderServi - Loading from file system: jar:file:/C:/Users/20140/.m2/repository/com/github/almasb/fxgl/21.1/fxgl-21.1.jar!/fxglassets/ui/fonts/TerminalLandMono-Regular.otf
19:01:51.266 [FXGL Background Thread 4 ] DEBUG FXGLAssetLoaderServi - Loading from file system: jar:file:/C:/Users/20140/.m2/repository/com/github/almasb/fxgl/21.1/fxgl-21.1.jar!/fxglassets/ui/fonts/Courier-Prime.ttf
19:01:51.270 [FXGL Background Thread 1 ] INFO  FXGLApplication      - FXGL initialization took: 0.309 sec
19:01:51.273 [JavaFX Application Thread] DEBUG Input                - Registered new binding: Click - LMB
19:01:51.276 [JavaFX Application Thread] DEBUG FXGLAssetLoaderServi - Loading from file system: jar:file:/C:/Users/20140/.m2/repository/com/github/almasb/fxgl/21.1/fxgl-21.1.jar!/fxglassets/textures/fxgl_icon.png
19:01:51.294 [JavaFX Application Thread] DEBUG FXGLAssetLoaderServi - Loading from file system: jar:file:/C:/Users/20140/.m2/repository/com/github/almasb/fxgl/21.1/fxgl-21.1.jar!/fxglassets/textures/fxgl_default_cursor.png
19:01:51.301 [JavaFX Application Thread] DEBUG Input                - Registered new binding: Screenshot - CTRL+8
19:01:51.301 [JavaFX Application Thread] DEBUG Input                - Registered new binding: System info dump - CTRL+9
19:01:51.301 [JavaFX Application Thread] DEBUG Input                - Registered new binding: Restart - CTRL+R
19:01:51.302 [JavaFX Application Thread] DEBUG Input                - Registered new binding: Toggle Debug Camera - CTRL+7
19:01:51.304 [JavaFX Application Thread] DEBUG LoopRunner           - Starting loop
19:01:51.304 [JavaFX Application Thread] DEBUG LoopRunner           - Initializing JavaFX AnimationTimerLoop
19:01:51.306 [JavaFX Application Thread] DEBUG Input                - Clearing active input actions
19:01:51.310 [JavaFX Application Thread] DEBUG GameApplicationServi - Removing overlay from FXGLStartupScene and adding to FXGLMainMenuDummyScene
19:01:51.310 [JavaFX Application Thread] DEBUG PrimaryStageWindow   - FXGLStartupScene -> FXGLMainMenuDummyScene
19:01:51.310 [JavaFX Application Thread] DEBUG PrimaryStageWindow   - Push state: MainMenuScene
19:01:51.311 [JavaFX Application Thread] DEBUG Input                - Clearing active input actions
19:01:51.319 [JavaFX Application Thread] DEBUG GameApplicationServi - Removing overlay from FXGLMainMenuDummyScene and adding to MainMenuScene
19:01:51.320 [JavaFX Application Thread] DEBUG PrimaryStageWindow   - FXGLMainMenuDummyScene -> MainMenuScene
19:01:51.321 [JavaFX Application Thread] DEBUG FXGLApplication      - Registering font factories with UI factory
19:01:52.218 [JavaFX Application Thread] DEBUG FXGLApplication      - Exiting FXGL
19:01:52.219 [JavaFX Application Thread] DEBUG LoopRunner           - Stopping loop
19:01:52.219 [JavaFX Application Thread] DEBUG SystemBundleService  - Saving FXGL system data
19:01:52.220 [JavaFX Application Thread] DEBUG FileSystemAccess     - Writing to: D:\Github\javaA-xiangqi-project-main-yxh-1125\system\fxgl.bundle
19:01:52.220 [JavaFX Application Thread] DEBUG Async                - Shutting down background threads
19:01:52.220 [JavaFX Application Thread] DEBUG PrimaryStageWindow   - Closing main window
19:01:52.234 [JavaFX Application Thread] DEBUG Logger               - Closing Logger
