18:59:24.970 [main                     ] DEBUG Logger               - Configured Logger
18:59:24.985 [main                     ] DEBUG GameApplication      - Logging settings
Title: 中国象棋 1.0
Version: 1.0
Width: 1316
Height: 1007
Fullscreen: false
Intro: false
Profiling: false
Single step:false
App Mode: DEVELOPER
Menu Key: ESCAPE
Stage Style: DECORATED
Scene Factory: class edu.sustech.xiangqi.XiangQiApp$1

18:59:25.519 [JavaFX Application Thread] DEBUG FXGLApplication      - Initializing FXGL
18:59:25.522 [JavaFX Application Thread] INFO  Engine               - FXGL-21.1 (27.03.2024 07.52) on WINDOWS (J:23.0.2 FX:21.0.1)
18:59:25.522 [JavaFX Application Thread] DEBUG Engine               - JRE Vendor Name: Amazon.com Inc.
18:59:25.522 [JavaFX Application Thread] DEBUG Engine               - Running on OS: Windows 11 version 10.0
18:59:25.522 [JavaFX Application Thread] DEBUG Engine               - Architecture: amd64
18:59:25.522 [JavaFX Application Thread] INFO  Engine               - Source code and latest versions at: https://github.com/AlmasB/FXGL
18:59:25.522 [JavaFX Application Thread] INFO  Engine               -       Ask questions and discuss at: https://github.com/AlmasB/FXGL/discussions
18:59:25.522 [JavaFX Application Thread] INFO  Engine               -              Join the FXGL chat at: https://gitter.im/AlmasB/FXGL
18:59:25.585 [JavaFX Application Thread] DEBUG PrimaryStageWindow   - Creating a JavaFX scene
18:59:25.615 [JavaFX Application Thread] DEBUG PrimaryStageWindow   - Target settings size: 1316.0 x 1007.0
18:59:25.615 [JavaFX Application Thread] DEBUG PrimaryStageWindow   - Scaled scene size:    1316.0 x 1007.0
18:59:25.616 [JavaFX Application Thread] DEBUG PrimaryStageWindow   - Scaled ratio: (1.0, 1.0)
18:59:25.616 [JavaFX Application Thread] DEBUG PrimaryStageWindow   - Set initial scene to FXGLStartupScene
18:59:25.618 [JavaFX Application Thread] DEBUG PrimaryStageWindow   - Opening main window
18:59:25.689 [JavaFX Application Thread] DEBUG PrimaryStageWindow   - Window border size: (14.6666259765625, 37.6666259765625)
18:59:25.689 [JavaFX Application Thread] DEBUG PrimaryStageWindow   - Scaled size: 1316.0 x 1007.0
18:59:25.689 [JavaFX Application Thread] DEBUG PrimaryStageWindow   - Scaled ratio: (1.0, 1.0)
18:59:25.689 [JavaFX Application Thread] DEBUG PrimaryStageWindow   - Scene size: 1316.0 x 1007.0
18:59:25.689 [JavaFX Application Thread] DEBUG PrimaryStageWindow   - Stage size: 1330.6666259765625 x 1044.6666259765625
18:59:25.694 [FXGL Background Thread 1 ] DEBUG Engine               - Initializing environment variables
18:59:25.744 [FXGL Background Thread 1 ] DEBUG FXGLAssetLoaderServi - User app class for loading assets: class edu.sustech.xiangqi.XiangQiApp
18:59:25.744 [FXGL Background Thread 1 ] DEBUG GameApplicationServi - Applying CSS: fxgl_dark.css
18:59:25.744 [FXGL Background Thread 1 ] DEBUG FXGLAssetLoaderServi - Loading from file system: jar:file:/C:/Users/%e5%b0%b9%e7%8e%ba%e9%aa%85/.m2/repository/com/github/almasb/fxgl/21.1/fxgl-21.1.jar!/fxglassets/ui/css/fxgl_dark.css
18:59:25.769 [FXGL Background Thread 1 ] DEBUG GameApplicationServi - Initializing application scenes
18:59:25.822 [FXGL Background Thread 1 ] DEBUG GameWorld            - Game world initialized
18:59:25.868 [FXGL Background Thread 1 ] DEBUG PhysicsWorld         - Physics world initialized: appHeight=1007, physics.ppm=50.0
18:59:25.869 [FXGL Background Thread 1 ] DEBUG PhysicsWorld         - Using strategy: BRUTE_FORCE
18:59:25.871 [FXGL Background Thread 1 ] DEBUG GameScene            - Game scene initialized: 1316x1007
18:59:25.878 [FXGL Background Thread 1 ] DEBUG FXGLAssetLoaderServi - Loading from file system: file:/E:/G2/java/final_project/team_project_1124/javaA-xiangqi-project-main/target/classes/assets/ui/fonts/HYPixel11pxU-2.ttf
18:59:25.910 [FXGL Background Thread 1 ] DEBUG FXGLAssetLoaderServi - Loading from file system: file:/E:/G2/java/final_project/team_project_1124/javaA-xiangqi-project-main/target/classes/assets/textures/Button1.png
18:59:25.924 [FXGL Background Thread 1 ] DEBUG FXGLAssetLoaderServi - Loading from file system: file:/E:/G2/java/final_project/team_project_1124/javaA-xiangqi-project-main/target/classes/assets/textures/Press.png
18:59:25.947 [FXGL Background Thread 1 ] DEBUG GameApplicationServi - Application scenes initialized
18:59:25.952 [FXGL Background Thread 1 ] DEBUG SystemBundleService  - Loading FXGL system data
18:59:25.954 [FXGL Background Thread 1 ] DEBUG FileSystemAccess     - Reading from: E:\G2\java\final_project\team_project_1124\javaA-xiangqi-project-main\system\fxgl.bundle
18:59:25.957 [FXGL Background Thread 1 ] DEBUG SystemBundleService  - Bundle FXGL: {}
18:59:25.957 [FXGL Background Thread 1 ] DEBUG UpdaterService       - Checking for updates
18:59:25.961 [FXGL Background Thread 4 ] DEBUG FXGLApplication      - Loading fonts
18:59:25.961 [FXGL Background Thread 4 ] DEBUG FXGLAssetLoaderServi - Loading from file system: jar:file:/C:/Users/%e5%b0%b9%e7%8e%ba%e9%aa%85/.m2/repository/com/github/almasb/fxgl/21.1/fxgl-21.1.jar!/fxglassets/ui/fonts/VarelaRound-Regular.ttf
18:59:25.961 [FXGL Background Thread 1 ] DEBUG FXGLApplication      - Loading default localization
18:59:25.961 [FXGL Background Thread 1 ] DEBUG FXGLAssetLoaderServi - Loading from file system: jar:file:/C:/Users/%e5%b0%b9%e7%8e%ba%e9%aa%85/.m2/repository/com/github/almasb/fxgl/21.1/fxgl-21.1.jar!/fxglassets/languages/english.lang
18:59:25.964 [FXGL Background Thread 4 ] DEBUG FXGLAssetLoaderServi - Loading from file system: jar:file:/C:/Users/%e5%b0%b9%e7%8e%ba%e9%aa%85/.m2/repository/com/github/almasb/fxgl/21.1/fxgl-21.1.jar!/fxglassets/ui/fonts/Abel-Regular.ttf
18:59:25.966 [FXGL Background Thread 4 ] DEBUG FXGLAssetLoaderServi - Loading from file system: jar:file:/C:/Users/%e5%b0%b9%e7%8e%ba%e9%aa%85/.m2/repository/com/github/almasb/fxgl/21.1/fxgl-21.1.jar!/fxglassets/ui/fonts/TerminalLandMono-Regular.otf
18:59:25.968 [FXGL Background Thread 4 ] DEBUG FXGLAssetLoaderServi - Loading from file system: jar:file:/C:/Users/%e5%b0%b9%e7%8e%ba%e9%aa%85/.m2/repository/com/github/almasb/fxgl/21.1/fxgl-21.1.jar!/fxglassets/ui/fonts/Courier-Prime.ttf
18:59:25.973 [JavaFX Application Thread] DEBUG FXGLApplication      - Registering font factories with UI factory
18:59:25.993 [FXGL Background Thread 1 ] INFO  FXGLApplication      - FXGL initialization took: 0.300 sec
18:59:25.999 [JavaFX Application Thread] DEBUG Input                - Registered new binding: Click - LMB
18:59:26.000 [JavaFX Application Thread] DEBUG FXGLAssetLoaderServi - Loading from file system: jar:file:/C:/Users/%e5%b0%b9%e7%8e%ba%e9%aa%85/.m2/repository/com/github/almasb/fxgl/21.1/fxgl-21.1.jar!/fxglassets/textures/fxgl_icon.png
18:59:26.017 [JavaFX Application Thread] DEBUG FXGLAssetLoaderServi - Loading from file system: jar:file:/C:/Users/%e5%b0%b9%e7%8e%ba%e9%aa%85/.m2/repository/com/github/almasb/fxgl/21.1/fxgl-21.1.jar!/fxglassets/textures/fxgl_default_cursor.png
18:59:26.025 [JavaFX Application Thread] DEBUG Input                - Registered new binding: Screenshot - CTRL+8
18:59:26.026 [JavaFX Application Thread] DEBUG Input                - Registered new binding: System info dump - CTRL+9
18:59:26.027 [JavaFX Application Thread] DEBUG Input                - Registered new binding: Restart - CTRL+R
18:59:26.028 [JavaFX Application Thread] DEBUG Input                - Registered new binding: Toggle Debug Camera - CTRL+7
18:59:26.032 [JavaFX Application Thread] DEBUG LoopRunner           - Starting loop
18:59:26.032 [JavaFX Application Thread] DEBUG LoopRunner           - Initializing JavaFX AnimationTimerLoop
18:59:26.034 [JavaFX Application Thread] DEBUG Input                - Clearing active input actions
18:59:26.038 [JavaFX Application Thread] DEBUG GameApplicationServi - Removing overlay from FXGLStartupScene and adding to FXGLMainMenuDummyScene
18:59:26.039 [JavaFX Application Thread] DEBUG PrimaryStageWindow   - FXGLStartupScene -> FXGLMainMenuDummyScene
18:59:26.039 [JavaFX Application Thread] DEBUG PrimaryStageWindow   - Push state: MainMenuScene
18:59:26.039 [JavaFX Application Thread] DEBUG Input                - Clearing active input actions
18:59:26.045 [JavaFX Application Thread] DEBUG GameApplicationServi - Removing overlay from FXGLMainMenuDummyScene and adding to MainMenuScene
18:59:26.045 [JavaFX Application Thread] DEBUG PrimaryStageWindow   - FXGLMainMenuDummyScene -> MainMenuScene
18:59:26.096 [JavaFX Application Thread] DEBUG FXGLAssetLoaderServi - Loading from file system: file:/E:/G2/java/final_project/team_project_1124/javaA-xiangqi-project-main/target/classes/assets/music/%e6%8c%89%e9%92%ae%e9%9f%b3%e6%95%881.mp3
18:59:26.446 [JavaFX Application Thread] DEBUG AudioPlayer          - Playing music com.almasb.fxgl.audio.Music@4ec5ecb6
18:59:26.630 [JavaFX Application Thread] DEBUG AudioPlayer          - Playing music com.almasb.fxgl.audio.Music@4ec5ecb6
18:59:26.853 [JavaFX Application Thread] DEBUG AudioPlayer          - Playing music com.almasb.fxgl.audio.Music@4ec5ecb6
18:59:27.190 [JavaFX Application Thread] DEBUG AudioPlayer          - Playing music com.almasb.fxgl.audio.Music@4ec5ecb6
18:59:27.750 [JavaFX Application Thread] DEBUG AudioPlayer          - Playing music com.almasb.fxgl.audio.Music@4ec5ecb6
18:59:27.917 [JavaFX Application Thread] DEBUG AudioPlayer          - Playing music com.almasb.fxgl.audio.Music@4ec5ecb6
18:59:27.996 [JavaFX Application Thread] DEBUG AudioPlayer          - Playing music com.almasb.fxgl.audio.Music@4ec5ecb6
18:59:28.098 [JavaFX Application Thread] DEBUG AudioPlayer          - Playing music com.almasb.fxgl.audio.Music@4ec5ecb6
18:59:28.418 [JavaFX Application Thread] DEBUG AudioPlayer          - Playing music com.almasb.fxgl.audio.Music@4ec5ecb6
18:59:28.480 [JavaFX Application Thread] DEBUG AudioPlayer          - Playing music com.almasb.fxgl.audio.Music@4ec5ecb6
18:59:28.961 [FXGL Background Thread 3 ] DEBUG Engine               - Logging environment variables
18:59:28.961 [FXGL Background Thread 3 ] DEBUG Engine               - achievements: []
18:59:28.961 [FXGL Background Thread 3 ] DEBUG Engine               - actualHeight: 1007.0
18:59:28.961 [FXGL Background Thread 3 ] DEBUG Engine               - actualHeightProperty: ReadOnlyDoubleProperty [value: 1007.0]
18:59:28.961 [FXGL Background Thread 3 ] DEBUG Engine               - actualWidth: 1316.0
18:59:28.961 [FXGL Background Thread 3 ] DEBUG Engine               - actualWidthProperty: ReadOnlyDoubleProperty [value: 1316.0]
18:59:28.961 [FXGL Background Thread 3 ] DEBUG Engine               - appIcon: fxgl_icon.png
18:59:28.961 [FXGL Background Thread 3 ] DEBUG Engine               - applicationMode: DEVELOPER
18:59:28.962 [FXGL Background Thread 3 ] DEBUG Engine               - cSSList: [fxgl_dark.css]
18:59:28.962 [FXGL Background Thread 3 ] DEBUG Engine               - collisionDetectionStrategy: BRUTE_FORCE
18:59:28.962 [FXGL Background Thread 3 ] DEBUG Engine               - configClass: Optional.empty
18:59:28.962 [FXGL Background Thread 3 ] DEBUG Engine               - credits: []
18:59:28.963 [FXGL Background Thread 3 ] DEBUG Engine               - defaultCursor: CursorInfo(imageName=fxgl_default_cursor.png, hotspotX=7.0, hotspotY=6.0)
18:59:28.963 [FXGL Background Thread 3 ] DEBUG Engine               - devBBoxColorProperty: ObjectProperty [value: 0xff0000ff]
18:59:28.963 [FXGL Background Thread 3 ] DEBUG Engine               - devEnableDebugCameraProperty: BooleanProperty [value: false]
18:59:28.963 [FXGL Background Thread 3 ] DEBUG Engine               - devSensorColorProperty: ObjectProperty [value: 0xffff00ff]
18:59:28.963 [FXGL Background Thread 3 ] DEBUG Engine               - devShowBBoxProperty: BooleanProperty [value: false]
18:59:28.963 [FXGL Background Thread 3 ] DEBUG Engine               - devShowPositionProperty: BooleanProperty [value: false]
18:59:28.963 [FXGL Background Thread 3 ] DEBUG Engine               - enabledMenuItems: []
18:59:28.963 [FXGL Background Thread 3 ] DEBUG Engine               - engineServices: [class com.almasb.fxgl.app.services.FXGLAssetLoaderService, class com.almasb.fxgl.app.FXGLApplication$GameApplicationService, class com.almasb.fxgl.app.services.FXGLDialogService, class com.almasb.fxgl.app.services.IOTaskExecutorService, class com.almasb.fxgl.io.FileSystemService, class com.almasb.fxgl.localization.LocalizationService, class com.almasb.fxgl.app.services.SystemBundleService, class com.almasb.fxgl.profile.SaveLoadService, class com.almasb.fxgl.ui.FXGLUIFactoryServiceProvider, class com.almasb.fxgl.ui.FXGLDialogFactoryServiceProvider, class com.almasb.fxgl.audio.AudioPlayer, class com.almasb.fxgl.notification.impl.NotificationServiceProvider, class com.almasb.fxgl.achievement.AchievementService, class com.almasb.fxgl.cutscene.CutsceneService, class com.almasb.fxgl.minigames.MiniGameService, class com.almasb.fxgl.net.NetService, class com.almasb.fxgl.app.services.UpdaterService, class com.almasb.fxgl.dev.DevService]
18:59:28.963 [FXGL Background Thread 3 ] DEBUG Engine               - fontGame: Abel-Regular.ttf
18:59:28.963 [FXGL Background Thread 3 ] DEBUG Engine               - fontMono: TerminalLandMono-Regular.otf
18:59:28.963 [FXGL Background Thread 3 ] DEBUG Engine               - fontSizeScaleUI: 1.0
18:59:28.963 [FXGL Background Thread 3 ] DEBUG Engine               - fontText: Courier-Prime.ttf
18:59:28.963 [FXGL Background Thread 3 ] DEBUG Engine               - fontUI: VarelaRound-Regular.ttf
18:59:28.963 [FXGL Background Thread 3 ] DEBUG Engine               - fullScreen: BooleanProperty [value: false]
18:59:28.963 [FXGL Background Thread 3 ] DEBUG Engine               - gameDifficulty: MEDIUM
18:59:28.963 [FXGL Background Thread 3 ] DEBUG Engine               - gameDifficultyProperty: ObjectProperty [value: MEDIUM]
18:59:28.963 [FXGL Background Thread 3 ] DEBUG Engine               - globalMusicVolume: 0.5
18:59:28.963 [FXGL Background Thread 3 ] DEBUG Engine               - globalMusicVolumeProperty: DoubleProperty [value: 0.5]
18:59:28.963 [FXGL Background Thread 3 ] DEBUG Engine               - globalSoundVolume: 0.5
18:59:28.963 [FXGL Background Thread 3 ] DEBUG Engine               - globalSoundVolumeProperty: DoubleProperty [value: 0.5]
18:59:28.963 [FXGL Background Thread 3 ] DEBUG Engine               - height: 1007
18:59:28.963 [FXGL Background Thread 3 ] DEBUG Engine               - is3D: false
18:59:28.963 [FXGL Background Thread 3 ] DEBUG Engine               - isAndroid: false
18:59:28.964 [FXGL Background Thread 3 ] DEBUG Engine               - isBrowser: false
18:59:28.964 [FXGL Background Thread 3 ] DEBUG Engine               - isClickFeedbackEnabled: false
18:59:28.964 [FXGL Background Thread 3 ] DEBUG Engine               - isCloseConfirmation: false
18:59:28.964 [FXGL Background Thread 3 ] DEBUG Engine               - isDesktop: true
18:59:28.964 [FXGL Background Thread 3 ] DEBUG Engine               - isDeveloperMenuEnabled: false
18:59:28.964 [FXGL Background Thread 3 ] DEBUG Engine               - isEmbedded: false
18:59:28.964 [FXGL Background Thread 3 ] DEBUG Engine               - isEntityPreloadEnabled: true
18:59:28.964 [FXGL Background Thread 3 ] DEBUG Engine               - isExperimentalTiledLargeMap: false
18:59:28.964 [FXGL Background Thread 3 ] DEBUG Engine               - isFileSystemWriteAllowed: true
18:59:28.964 [FXGL Background Thread 3 ] DEBUG Engine               - isFullScreenAllowed: false
18:59:28.964 [FXGL Background Thread 3 ] DEBUG Engine               - isFullScreenFromStart: false
18:59:28.964 [FXGL Background Thread 3 ] DEBUG Engine               - isGameMenuEnabled: true
18:59:28.964 [FXGL Background Thread 3 ] DEBUG Engine               - isIOS: false
18:59:28.964 [FXGL Background Thread 3 ] DEBUG Engine               - isIntroEnabled: false
18:59:28.964 [FXGL Background Thread 3 ] DEBUG Engine               - isLinux: false
18:59:28.964 [FXGL Background Thread 3 ] DEBUG Engine               - isMac: false
18:59:28.964 [FXGL Background Thread 3 ] DEBUG Engine               - isMainMenuEnabled: true
18:59:28.964 [FXGL Background Thread 3 ] DEBUG Engine               - isManualResizeEnabled: false
18:59:28.965 [FXGL Background Thread 3 ] DEBUG Engine               - isMobile: false
18:59:28.965 [FXGL Background Thread 3 ] DEBUG Engine               - isNative: false
18:59:28.965 [FXGL Background Thread 3 ] DEBUG Engine               - isPauseMusicWhenMinimized: true
18:59:28.965 [FXGL Background Thread 3 ] DEBUG Engine               - isPreserveResizeRatio: false
18:59:28.965 [FXGL Background Thread 3 ] DEBUG Engine               - isProfilingEnabled: false
18:59:28.965 [FXGL Background Thread 3 ] DEBUG Engine               - isScaleAffectedOnResize: true
18:59:28.965 [FXGL Background Thread 3 ] DEBUG Engine               - isSingleStep: false
18:59:28.965 [FXGL Background Thread 3 ] DEBUG Engine               - isUserProfileEnabled: false
18:59:28.965 [FXGL Background Thread 3 ] DEBUG Engine               - isWindows: true
18:59:28.965 [FXGL Background Thread 3 ] DEBUG Engine               - language: ObjectProperty [value: ENGLISH]
18:59:28.965 [FXGL Background Thread 3 ] DEBUG Engine               - menuKey: ESCAPE
18:59:28.965 [FXGL Background Thread 3 ] DEBUG Engine               - mouseSensitivity: 0.2
18:59:28.965 [FXGL Background Thread 3 ] DEBUG Engine               - notificationViewClass: class com.almasb.fxgl.notification.view.XboxNotificationView
18:59:28.965 [FXGL Background Thread 3 ] DEBUG Engine               - pixelsPerMeter: 50.0
18:59:28.965 [FXGL Background Thread 3 ] DEBUG Engine               - platform: WINDOWS
18:59:28.965 [FXGL Background Thread 3 ] DEBUG Engine               - prefHeightProperty: ReadOnlyDoubleProperty [value: 1007.0]
18:59:28.965 [FXGL Background Thread 3 ] DEBUG Engine               - prefWidthProperty: ReadOnlyDoubleProperty [value: 1316.0]
18:59:28.965 [FXGL Background Thread 3 ] DEBUG Engine               - profileDir: profiles/
18:59:28.965 [FXGL Background Thread 3 ] DEBUG Engine               - profileName: StringProperty [value: DEFAULT]
18:59:28.965 [FXGL Background Thread 3 ] DEBUG Engine               - randomSeed: -1
18:59:28.965 [FXGL Background Thread 3 ] DEBUG Engine               - runtimeInfo: RuntimeInfo(platform=WINDOWS, version=21.1, build=27.03.2024 07.52)
18:59:28.965 [FXGL Background Thread 3 ] DEBUG Engine               - saveFileExt: sav
18:59:28.965 [FXGL Background Thread 3 ] DEBUG Engine               - scaledHeightProp$fxgl: DoubleProperty [bound, value: 1007.0]
18:59:28.965 [FXGL Background Thread 3 ] DEBUG Engine               - scaledWidthProp$fxgl: DoubleProperty [bound, value: 1316.0]
18:59:28.965 [FXGL Background Thread 3 ] DEBUG Engine               - sceneFactory: edu.sustech.xiangqi.XiangQiApp$1@753c0602
18:59:28.965 [FXGL Background Thread 3 ] DEBUG Engine               - secondsIn24h: 60
18:59:28.965 [FXGL Background Thread 3 ] DEBUG Engine               - soundMenuBack: menu/back.wav
18:59:28.965 [FXGL Background Thread 3 ] DEBUG Engine               - soundMenuPress: menu/press.wav
18:59:28.965 [FXGL Background Thread 3 ] DEBUG Engine               - soundMenuSelect: menu/select.wav
18:59:28.965 [FXGL Background Thread 3 ] DEBUG Engine               - soundNotification: core/notification.wav
18:59:28.965 [FXGL Background Thread 3 ] DEBUG Engine               - stageStyle: DECORATED
18:59:28.965 [FXGL Background Thread 3 ] DEBUG Engine               - supportedLanguages: [ENGLISH, FRENCH, GERMAN, HUNGARIAN, RUSSIAN]
18:59:28.965 [FXGL Background Thread 3 ] DEBUG Engine               - ticksPerSecond: -1
18:59:28.965 [FXGL Background Thread 3 ] DEBUG Engine               - title: 中国象棋 1.0
18:59:28.965 [FXGL Background Thread 3 ] DEBUG Engine               - urlGithub: https://github.com/AlmasB/FXGL
18:59:28.965 [FXGL Background Thread 3 ] DEBUG Engine               - urlLeaderboard: http://fxgl-top.herokuapp.com/
18:59:28.965 [FXGL Background Thread 3 ] DEBUG Engine               - urlPOM: https://raw.githubusercontent.com/AlmasB/FXGL/release/README.md
18:59:28.965 [FXGL Background Thread 3 ] DEBUG Engine               - userAppClass: class edu.sustech.xiangqi.XiangQiApp
18:59:28.965 [FXGL Background Thread 3 ] DEBUG Engine               - version: 1.0
18:59:28.965 [FXGL Background Thread 3 ] DEBUG Engine               - versionCheckDays: 7
18:59:28.965 [FXGL Background Thread 3 ] DEBUG Engine               - width: 1316
18:59:28.965 [FXGL Background Thread 3 ] DEBUG Engine               - Logging services
18:59:28.965 [FXGL Background Thread 3 ] DEBUG Engine               - class com.almasb.fxgl.app.services.FXGLAssetLoaderService
18:59:28.965 [FXGL Background Thread 3 ] DEBUG Engine               - class com.almasb.fxgl.app.FXGLApplication$GameApplicationService
18:59:28.965 [FXGL Background Thread 3 ] DEBUG Engine               - class com.almasb.fxgl.app.services.FXGLDialogService
18:59:28.965 [FXGL Background Thread 3 ] DEBUG Engine               - class com.almasb.fxgl.app.services.IOTaskExecutorService
18:59:28.965 [FXGL Background Thread 3 ] DEBUG Engine               - class com.almasb.fxgl.io.FileSystemService
18:59:28.965 [FXGL Background Thread 3 ] DEBUG Engine               - class com.almasb.fxgl.localization.LocalizationService
18:59:28.965 [FXGL Background Thread 3 ] DEBUG Engine               - class com.almasb.fxgl.app.services.SystemBundleService
18:59:28.965 [FXGL Background Thread 3 ] DEBUG Engine               - class com.almasb.fxgl.profile.SaveLoadService
18:59:28.966 [FXGL Background Thread 3 ] DEBUG Engine               - class com.almasb.fxgl.ui.FXGLUIFactoryServiceProvider
18:59:28.966 [FXGL Background Thread 3 ] DEBUG Engine               - class com.almasb.fxgl.ui.FXGLDialogFactoryServiceProvider
18:59:28.966 [FXGL Background Thread 3 ] DEBUG Engine               - class com.almasb.fxgl.audio.AudioPlayer
18:59:28.966 [FXGL Background Thread 3 ] DEBUG Engine               - class com.almasb.fxgl.notification.impl.NotificationServiceProvider
18:59:28.966 [FXGL Background Thread 3 ] DEBUG Engine               - class com.almasb.fxgl.achievement.AchievementService
18:59:28.966 [FXGL Background Thread 3 ] DEBUG Engine               - class com.almasb.fxgl.cutscene.CutsceneService
18:59:28.966 [FXGL Background Thread 3 ] DEBUG Engine               - class com.almasb.fxgl.minigames.MiniGameService
18:59:28.966 [FXGL Background Thread 3 ] DEBUG Engine               - class com.almasb.fxgl.net.NetService
18:59:28.966 [FXGL Background Thread 3 ] DEBUG Engine               - class com.almasb.fxgl.app.services.UpdaterService
18:59:28.966 [FXGL Background Thread 3 ] DEBUG Engine               - class com.almasb.fxgl.dev.DevService
18:59:29.141 [JavaFX Application Thread] DEBUG FXGLApplication      - Exiting FXGL
18:59:29.142 [JavaFX Application Thread] DEBUG LoopRunner           - Stopping loop
18:59:29.142 [JavaFX Application Thread] DEBUG SystemBundleService  - Saving FXGL system data
18:59:29.143 [JavaFX Application Thread] DEBUG FileSystemAccess     - Writing to: E:\G2\java\final_project\team_project_1124\javaA-xiangqi-project-main\system\fxgl.bundle
18:59:29.145 [JavaFX Application Thread] DEBUG Async                - Shutting down background threads
18:59:29.145 [JavaFX Application Thread] DEBUG PrimaryStageWindow   - Closing main window
18:59:29.156 [JavaFX Application Thread] DEBUG Logger               - Closing Logger
