19:37:59.230 [main                     ] DEBUG Logger               - Configured Logger
19:37:59.244 [main                     ] DEBUG GameApplication      - Logging settings
Title: 中国象棋 1.0
Version: 1.0
Width: 1316
Height: 1007
Fullscreen: false
Intro: false
Profiling: false
Single step:false
App Mode: DEVELOPER
Menu Key: ESCAPE
Stage Style: DECORATED
Scene Factory: class edu.sustech.xiangqi.XiangQiApp$1

19:37:59.590 [JavaFX Application Thread] DEBUG FXGLApplication      - Initializing FXGL
19:37:59.592 [JavaFX Application Thread] INFO  Engine               - FXGL-21.1 (27.03.2024 07.52) on WINDOWS (J:23.0.1 FX:21.0.1)
19:37:59.592 [JavaFX Application Thread] DEBUG Engine               - JRE Vendor Name: Oracle Corporation
19:37:59.592 [JavaFX Application Thread] DEBUG Engine               - Running on OS: Windows 11 version 10.0
19:37:59.592 [JavaFX Application Thread] DEBUG Engine               - Architecture: amd64
19:37:59.592 [JavaFX Application Thread] INFO  Engine               - Source code and latest versions at: https://github.com/AlmasB/FXGL
19:37:59.592 [JavaFX Application Thread] INFO  Engine               -       Ask questions and discuss at: https://github.com/AlmasB/FXGL/discussions
19:37:59.592 [JavaFX Application Thread] INFO  Engine               -              Join the FXGL chat at: https://gitter.im/AlmasB/FXGL
19:37:59.647 [JavaFX Application Thread] DEBUG PrimaryStageWindow   - Creating a JavaFX scene
19:37:59.670 [JavaFX Application Thread] DEBUG PrimaryStageWindow   - Target settings size: 1316.0 x 1007.0
19:37:59.670 [JavaFX Application Thread] DEBUG PrimaryStageWindow   - Scaled scene size:    1316.0 x 1007.0
19:37:59.670 [JavaFX Application Thread] DEBUG PrimaryStageWindow   - Scaled ratio: (1.0, 1.0)
19:37:59.671 [JavaFX Application Thread] DEBUG PrimaryStageWindow   - Set initial scene to FXGLStartupScene
19:37:59.672 [JavaFX Application Thread] DEBUG PrimaryStageWindow   - Opening main window
19:37:59.751 [JavaFX Application Thread] DEBUG PrimaryStageWindow   - Window border size: (14.6666259765625, 37.6666259765625)
19:37:59.751 [JavaFX Application Thread] DEBUG PrimaryStageWindow   - Scaled size: 1316.0 x 1007.0
19:37:59.751 [JavaFX Application Thread] DEBUG PrimaryStageWindow   - Scaled ratio: (1.0, 1.0)
19:37:59.751 [JavaFX Application Thread] DEBUG PrimaryStageWindow   - Scene size: 1316.0 x 1007.0
19:37:59.751 [JavaFX Application Thread] DEBUG PrimaryStageWindow   - Stage size: 1330.6666259765625 x 1044.6666259765625
19:37:59.754 [FXGL Background Thread 1 ] DEBUG Engine               - Initializing environment variables
19:37:59.784 [FXGL Background Thread 1 ] DEBUG FXGLAssetLoaderServi - User app class for loading assets: class edu.sustech.xiangqi.XiangQiApp
19:37:59.784 [FXGL Background Thread 1 ] DEBUG GameApplicationServi - Applying CSS: fxgl_dark.css
19:37:59.784 [FXGL Background Thread 1 ] DEBUG FXGLAssetLoaderServi - Loading from file system: jar:file:/C:/Users/20140/.m2/repository/com/github/almasb/fxgl/21.1/fxgl-21.1.jar!/fxglassets/ui/css/fxgl_dark.css
19:37:59.812 [FXGL Background Thread 1 ] DEBUG GameApplicationServi - Initializing application scenes
19:37:59.870 [FXGL Background Thread 1 ] DEBUG GameWorld            - Game world initialized
19:37:59.917 [FXGL Background Thread 1 ] DEBUG PhysicsWorld         - Physics world initialized: appHeight=1007, physics.ppm=50.0
19:37:59.917 [FXGL Background Thread 1 ] DEBUG PhysicsWorld         - Using strategy: BRUTE_FORCE
19:37:59.920 [FXGL Background Thread 1 ] DEBUG GameScene            - Game scene initialized: 1316x1007
19:37:59.926 [FXGL Background Thread 1 ] DEBUG FXGLAssetLoaderServi - Loading from file system: file:/D:/Github/javaA-xiangqi-project-main-yxh-1125/target/classes/assets/ui/fonts/HYPixel11pxU-2.ttf
19:37:59.947 [FXGL Background Thread 1 ] DEBUG FXGLAssetLoaderServi - Loading from file system: file:/D:/Github/javaA-xiangqi-project-main-yxh-1125/target/classes/assets/textures/Button1.png
19:37:59.958 [FXGL Background Thread 1 ] DEBUG FXGLAssetLoaderServi - Loading from file system: file:/D:/Github/javaA-xiangqi-project-main-yxh-1125/target/classes/assets/textures/Press.png
19:37:59.994 [FXGL Background Thread 1 ] DEBUG GameApplicationServi - Application scenes initialized
19:38:00.004 [FXGL Background Thread 1 ] DEBUG SystemBundleService  - Loading FXGL system data
19:38:00.008 [FXGL Background Thread 1 ] DEBUG FileSystemAccess     - Reading from: D:\Github\javaA-xiangqi-project-main-yxh-1125\system\fxgl.bundle
19:38:00.009 [FXGL Background Thread 1 ] DEBUG SystemBundleService  - Bundle FXGL: {}
19:38:00.009 [FXGL Background Thread 1 ] DEBUG UpdaterService       - Checking for updates
19:38:00.012 [FXGL Background Thread 4 ] DEBUG FXGLApplication      - Loading fonts
19:38:00.013 [FXGL Background Thread 4 ] DEBUG FXGLAssetLoaderServi - Loading from file system: jar:file:/C:/Users/20140/.m2/repository/com/github/almasb/fxgl/21.1/fxgl-21.1.jar!/fxglassets/ui/fonts/VarelaRound-Regular.ttf
19:38:00.013 [FXGL Background Thread 1 ] DEBUG FXGLApplication      - Loading default localization
19:38:00.013 [FXGL Background Thread 1 ] DEBUG FXGLAssetLoaderServi - Loading from file system: jar:file:/C:/Users/20140/.m2/repository/com/github/almasb/fxgl/21.1/fxgl-21.1.jar!/fxglassets/languages/english.lang
19:38:00.023 [FXGL Background Thread 4 ] DEBUG FXGLAssetLoaderServi - Loading from file system: jar:file:/C:/Users/20140/.m2/repository/com/github/almasb/fxgl/21.1/fxgl-21.1.jar!/fxglassets/ui/fonts/Abel-Regular.ttf
19:38:00.032 [FXGL Background Thread 4 ] DEBUG FXGLAssetLoaderServi - Loading from file system: jar:file:/C:/Users/20140/.m2/repository/com/github/almasb/fxgl/21.1/fxgl-21.1.jar!/fxglassets/ui/fonts/TerminalLandMono-Regular.otf
19:38:00.040 [FXGL Background Thread 4 ] DEBUG FXGLAssetLoaderServi - Loading from file system: jar:file:/C:/Users/20140/.m2/repository/com/github/almasb/fxgl/21.1/fxgl-21.1.jar!/fxglassets/ui/fonts/Courier-Prime.ttf
19:38:00.050 [JavaFX Application Thread] DEBUG FXGLApplication      - Registering font factories with UI factory
19:38:00.055 [FXGL Background Thread 1 ] INFO  FXGLApplication      - FXGL initialization took: 0.301 sec
19:38:00.058 [JavaFX Application Thread] DEBUG Input                - Registered new binding: Click - LMB
19:38:00.060 [JavaFX Application Thread] DEBUG FXGLAssetLoaderServi - Loading from file system: jar:file:/C:/Users/20140/.m2/repository/com/github/almasb/fxgl/21.1/fxgl-21.1.jar!/fxglassets/textures/fxgl_icon.png
19:38:00.070 [JavaFX Application Thread] DEBUG FXGLAssetLoaderServi - Loading from file system: jar:file:/C:/Users/20140/.m2/repository/com/github/almasb/fxgl/21.1/fxgl-21.1.jar!/fxglassets/textures/fxgl_default_cursor.png
19:38:00.080 [JavaFX Application Thread] DEBUG Input                - Registered new binding: Screenshot - CTRL+8
19:38:00.080 [JavaFX Application Thread] DEBUG Input                - Registered new binding: System info dump - CTRL+9
19:38:00.081 [JavaFX Application Thread] DEBUG Input                - Registered new binding: Restart - CTRL+R
19:38:00.083 [JavaFX Application Thread] DEBUG Input                - Registered new binding: Toggle Debug Camera - CTRL+7
19:38:00.089 [JavaFX Application Thread] DEBUG LoopRunner           - Starting loop
19:38:00.089 [JavaFX Application Thread] DEBUG LoopRunner           - Initializing JavaFX AnimationTimerLoop
19:38:00.093 [JavaFX Application Thread] DEBUG Input                - Clearing active input actions
19:38:00.100 [JavaFX Application Thread] DEBUG GameApplicationServi - Removing overlay from FXGLStartupScene and adding to FXGLMainMenuDummyScene
19:38:00.100 [JavaFX Application Thread] DEBUG PrimaryStageWindow   - FXGLStartupScene -> FXGLMainMenuDummyScene
19:38:00.100 [JavaFX Application Thread] DEBUG PrimaryStageWindow   - Push state: MainMenuScene
19:38:00.101 [JavaFX Application Thread] DEBUG Input                - Clearing active input actions
19:38:00.106 [JavaFX Application Thread] DEBUG GameApplicationServi - Removing overlay from FXGLMainMenuDummyScene and adding to MainMenuScene
19:38:00.107 [JavaFX Application Thread] DEBUG PrimaryStageWindow   - FXGLMainMenuDummyScene -> MainMenuScene
19:38:00.416 [JavaFX Application Thread] DEBUG FXGLAssetLoaderServi - Loading from file system: file:/D:/Github/javaA-xiangqi-project-main-yxh-1125/target/classes/assets/music/%e6%8c%89%e9%92%ae%e9%9f%b3%e6%95%881.mp3
19:38:00.504 [JavaFX Application Thread] DEBUG AudioPlayer          - Playing music com.almasb.fxgl.audio.Music@10494f2
19:38:03.013 [FXGL Background Thread 3 ] DEBUG Engine               - Logging environment variables
19:38:03.013 [FXGL Background Thread 3 ] DEBUG Engine               - achievements: []
19:38:03.013 [FXGL Background Thread 3 ] DEBUG Engine               - actualHeight: 1007.0
19:38:03.013 [FXGL Background Thread 3 ] DEBUG Engine               - actualHeightProperty: ReadOnlyDoubleProperty [value: 1007.0]
19:38:03.013 [FXGL Background Thread 3 ] DEBUG Engine               - actualWidth: 1316.0
19:38:03.013 [FXGL Background Thread 3 ] DEBUG Engine               - actualWidthProperty: ReadOnlyDoubleProperty [value: 1316.0]
19:38:03.013 [FXGL Background Thread 3 ] DEBUG Engine               - appIcon: fxgl_icon.png
19:38:03.013 [FXGL Background Thread 3 ] DEBUG Engine               - applicationMode: DEVELOPER
19:38:03.013 [FXGL Background Thread 3 ] DEBUG Engine               - cSSList: [fxgl_dark.css]
19:38:03.013 [FXGL Background Thread 3 ] DEBUG Engine               - collisionDetectionStrategy: BRUTE_FORCE
19:38:03.013 [FXGL Background Thread 3 ] DEBUG Engine               - configClass: Optional.empty
19:38:03.013 [FXGL Background Thread 3 ] DEBUG Engine               - credits: []
19:38:03.014 [FXGL Background Thread 3 ] DEBUG Engine               - defaultCursor: CursorInfo(imageName=fxgl_default_cursor.png, hotspotX=7.0, hotspotY=6.0)
19:38:03.014 [FXGL Background Thread 3 ] DEBUG Engine               - devBBoxColorProperty: ObjectProperty [value: 0xff0000ff]
19:38:03.014 [FXGL Background Thread 3 ] DEBUG Engine               - devEnableDebugCameraProperty: BooleanProperty [value: false]
19:38:03.014 [FXGL Background Thread 3 ] DEBUG Engine               - devSensorColorProperty: ObjectProperty [value: 0xffff00ff]
19:38:03.014 [FXGL Background Thread 3 ] DEBUG Engine               - devShowBBoxProperty: BooleanProperty [value: false]
19:38:03.014 [FXGL Background Thread 3 ] DEBUG Engine               - devShowPositionProperty: BooleanProperty [value: false]
19:38:03.014 [FXGL Background Thread 3 ] DEBUG Engine               - enabledMenuItems: []
19:38:03.014 [FXGL Background Thread 3 ] DEBUG Engine               - engineServices: [class com.almasb.fxgl.app.services.FXGLAssetLoaderService, class com.almasb.fxgl.app.FXGLApplication$GameApplicationService, class com.almasb.fxgl.app.services.FXGLDialogService, class com.almasb.fxgl.app.services.IOTaskExecutorService, class com.almasb.fxgl.io.FileSystemService, class com.almasb.fxgl.localization.LocalizationService, class com.almasb.fxgl.app.services.SystemBundleService, class com.almasb.fxgl.profile.SaveLoadService, class com.almasb.fxgl.ui.FXGLUIFactoryServiceProvider, class com.almasb.fxgl.ui.FXGLDialogFactoryServiceProvider, class com.almasb.fxgl.audio.AudioPlayer, class com.almasb.fxgl.notification.impl.NotificationServiceProvider, class com.almasb.fxgl.achievement.AchievementService, class com.almasb.fxgl.cutscene.CutsceneService, class com.almasb.fxgl.minigames.MiniGameService, class com.almasb.fxgl.net.NetService, class com.almasb.fxgl.app.services.UpdaterService, class com.almasb.fxgl.dev.DevService]
19:38:03.014 [FXGL Background Thread 3 ] DEBUG Engine               - fontGame: Abel-Regular.ttf
19:38:03.014 [FXGL Background Thread 3 ] DEBUG Engine               - fontMono: TerminalLandMono-Regular.otf
19:38:03.014 [FXGL Background Thread 3 ] DEBUG Engine               - fontSizeScaleUI: 1.0
19:38:03.014 [FXGL Background Thread 3 ] DEBUG Engine               - fontText: Courier-Prime.ttf
19:38:03.014 [FXGL Background Thread 3 ] DEBUG Engine               - fontUI: VarelaRound-Regular.ttf
19:38:03.014 [FXGL Background Thread 3 ] DEBUG Engine               - fullScreen: BooleanProperty [value: false]
19:38:03.014 [FXGL Background Thread 3 ] DEBUG Engine               - gameDifficulty: MEDIUM
19:38:03.014 [FXGL Background Thread 3 ] DEBUG Engine               - gameDifficultyProperty: ObjectProperty [value: MEDIUM]
19:38:03.014 [FXGL Background Thread 3 ] DEBUG Engine               - globalMusicVolume: 0.5
19:38:03.014 [FXGL Background Thread 3 ] DEBUG Engine               - globalMusicVolumeProperty: DoubleProperty [value: 0.5]
19:38:03.014 [FXGL Background Thread 3 ] DEBUG Engine               - globalSoundVolume: 0.5
19:38:03.014 [FXGL Background Thread 3 ] DEBUG Engine               - globalSoundVolumeProperty: DoubleProperty [value: 0.5]
19:38:03.014 [FXGL Background Thread 3 ] DEBUG Engine               - height: 1007
19:38:03.014 [FXGL Background Thread 3 ] DEBUG Engine               - is3D: false
19:38:03.014 [FXGL Background Thread 3 ] DEBUG Engine               - isAndroid: false
19:38:03.014 [FXGL Background Thread 3 ] DEBUG Engine               - isBrowser: false
19:38:03.014 [FXGL Background Thread 3 ] DEBUG Engine               - isClickFeedbackEnabled: false
19:38:03.014 [FXGL Background Thread 3 ] DEBUG Engine               - isCloseConfirmation: false
19:38:03.014 [FXGL Background Thread 3 ] DEBUG Engine               - isDesktop: true
19:38:03.014 [FXGL Background Thread 3 ] DEBUG Engine               - isDeveloperMenuEnabled: false
19:38:03.014 [FXGL Background Thread 3 ] DEBUG Engine               - isEmbedded: false
19:38:03.014 [FXGL Background Thread 3 ] DEBUG Engine               - isEntityPreloadEnabled: true
19:38:03.014 [FXGL Background Thread 3 ] DEBUG Engine               - isExperimentalTiledLargeMap: false
19:38:03.014 [FXGL Background Thread 3 ] DEBUG Engine               - isFileSystemWriteAllowed: true
19:38:03.014 [FXGL Background Thread 3 ] DEBUG Engine               - isFullScreenAllowed: false
19:38:03.014 [FXGL Background Thread 3 ] DEBUG Engine               - isFullScreenFromStart: false
19:38:03.014 [FXGL Background Thread 3 ] DEBUG Engine               - isGameMenuEnabled: true
19:38:03.014 [FXGL Background Thread 3 ] DEBUG Engine               - isIOS: false
19:38:03.014 [FXGL Background Thread 3 ] DEBUG Engine               - isIntroEnabled: false
19:38:03.014 [FXGL Background Thread 3 ] DEBUG Engine               - isLinux: false
19:38:03.014 [FXGL Background Thread 3 ] DEBUG Engine               - isMac: false
19:38:03.014 [FXGL Background Thread 3 ] DEBUG Engine               - isMainMenuEnabled: true
19:38:03.014 [FXGL Background Thread 3 ] DEBUG Engine               - isManualResizeEnabled: false
19:38:03.014 [FXGL Background Thread 3 ] DEBUG Engine               - isMobile: false
19:38:03.014 [FXGL Background Thread 3 ] DEBUG Engine               - isNative: false
19:38:03.014 [FXGL Background Thread 3 ] DEBUG Engine               - isPauseMusicWhenMinimized: true
19:38:03.014 [FXGL Background Thread 3 ] DEBUG Engine               - isPreserveResizeRatio: false
19:38:03.014 [FXGL Background Thread 3 ] DEBUG Engine               - isProfilingEnabled: false
19:38:03.014 [FXGL Background Thread 3 ] DEBUG Engine               - isScaleAffectedOnResize: true
19:38:03.014 [FXGL Background Thread 3 ] DEBUG Engine               - isSingleStep: false
19:38:03.014 [FXGL Background Thread 3 ] DEBUG Engine               - isUserProfileEnabled: false
19:38:03.014 [FXGL Background Thread 3 ] DEBUG Engine               - isWindows: true
19:38:03.016 [FXGL Background Thread 3 ] DEBUG Engine               - language: ObjectProperty [value: ENGLISH]
19:38:03.016 [FXGL Background Thread 3 ] DEBUG Engine               - menuKey: ESCAPE
19:38:03.016 [FXGL Background Thread 3 ] DEBUG Engine               - mouseSensitivity: 0.2
19:38:03.016 [FXGL Background Thread 3 ] DEBUG Engine               - notificationViewClass: class com.almasb.fxgl.notification.view.XboxNotificationView
19:38:03.016 [FXGL Background Thread 3 ] DEBUG Engine               - pixelsPerMeter: 50.0
19:38:03.016 [FXGL Background Thread 3 ] DEBUG Engine               - platform: WINDOWS
19:38:03.016 [FXGL Background Thread 3 ] DEBUG Engine               - prefHeightProperty: ReadOnlyDoubleProperty [value: 1007.0]
19:38:03.016 [FXGL Background Thread 3 ] DEBUG Engine               - prefWidthProperty: ReadOnlyDoubleProperty [value: 1316.0]
19:38:03.016 [FXGL Background Thread 3 ] DEBUG Engine               - profileDir: profiles/
19:38:03.016 [FXGL Background Thread 3 ] DEBUG Engine               - profileName: StringProperty [value: DEFAULT]
19:38:03.016 [FXGL Background Thread 3 ] DEBUG Engine               - randomSeed: -1
19:38:03.016 [FXGL Background Thread 3 ] DEBUG Engine               - runtimeInfo: RuntimeInfo(platform=WINDOWS, version=21.1, build=27.03.2024 07.52)
19:38:03.016 [FXGL Background Thread 3 ] DEBUG Engine               - saveFileExt: sav
19:38:03.016 [FXGL Background Thread 3 ] DEBUG Engine               - scaledHeightProp$fxgl: DoubleProperty [bound, value: 1007.0]
19:38:03.016 [FXGL Background Thread 3 ] DEBUG Engine               - scaledWidthProp$fxgl: DoubleProperty [bound, value: 1316.0]
19:38:03.016 [FXGL Background Thread 3 ] DEBUG Engine               - sceneFactory: edu.sustech.xiangqi.XiangQiApp$1@6310315c
19:38:03.016 [FXGL Background Thread 3 ] DEBUG Engine               - secondsIn24h: 60
19:38:03.016 [FXGL Background Thread 3 ] DEBUG Engine               - soundMenuBack: menu/back.wav
19:38:03.016 [FXGL Background Thread 3 ] DEBUG Engine               - soundMenuPress: menu/press.wav
19:38:03.016 [FXGL Background Thread 3 ] DEBUG Engine               - soundMenuSelect: menu/select.wav
19:38:03.016 [FXGL Background Thread 3 ] DEBUG Engine               - soundNotification: core/notification.wav
19:38:03.016 [FXGL Background Thread 3 ] DEBUG Engine               - stageStyle: DECORATED
19:38:03.016 [FXGL Background Thread 3 ] DEBUG Engine               - supportedLanguages: [ENGLISH, FRENCH, GERMAN, HUNGARIAN, RUSSIAN]
19:38:03.016 [FXGL Background Thread 3 ] DEBUG Engine               - ticksPerSecond: -1
19:38:03.016 [FXGL Background Thread 3 ] DEBUG Engine               - title: 中国象棋 1.0
19:38:03.016 [FXGL Background Thread 3 ] DEBUG Engine               - urlGithub: https://github.com/AlmasB/FXGL
19:38:03.016 [FXGL Background Thread 3 ] DEBUG Engine               - urlLeaderboard: http://fxgl-top.herokuapp.com/
19:38:03.016 [FXGL Background Thread 3 ] DEBUG Engine               - urlPOM: https://raw.githubusercontent.com/AlmasB/FXGL/release/README.md
19:38:03.016 [FXGL Background Thread 3 ] DEBUG Engine               - userAppClass: class edu.sustech.xiangqi.XiangQiApp
19:38:03.016 [FXGL Background Thread 3 ] DEBUG Engine               - version: 1.0
19:38:03.016 [FXGL Background Thread 3 ] DEBUG Engine               - versionCheckDays: 7
19:38:03.016 [FXGL Background Thread 3 ] DEBUG Engine               - width: 1316
19:38:03.016 [FXGL Background Thread 3 ] DEBUG Engine               - Logging services
19:38:03.016 [FXGL Background Thread 3 ] DEBUG Engine               - class com.almasb.fxgl.app.services.FXGLAssetLoaderService
19:38:03.016 [FXGL Background Thread 3 ] DEBUG Engine               - class com.almasb.fxgl.app.FXGLApplication$GameApplicationService
19:38:03.016 [FXGL Background Thread 3 ] DEBUG Engine               - class com.almasb.fxgl.app.services.FXGLDialogService
19:38:03.016 [FXGL Background Thread 3 ] DEBUG Engine               - class com.almasb.fxgl.app.services.IOTaskExecutorService
19:38:03.016 [FXGL Background Thread 3 ] DEBUG Engine               - class com.almasb.fxgl.io.FileSystemService
19:38:03.016 [FXGL Background Thread 3 ] DEBUG Engine               - class com.almasb.fxgl.localization.LocalizationService
19:38:03.016 [FXGL Background Thread 3 ] DEBUG Engine               - class com.almasb.fxgl.app.services.SystemBundleService
19:38:03.016 [FXGL Background Thread 3 ] DEBUG Engine               - class com.almasb.fxgl.profile.SaveLoadService
19:38:03.016 [FXGL Background Thread 3 ] DEBUG Engine               - class com.almasb.fxgl.ui.FXGLUIFactoryServiceProvider
19:38:03.016 [FXGL Background Thread 3 ] DEBUG Engine               - class com.almasb.fxgl.ui.FXGLDialogFactoryServiceProvider
19:38:03.016 [FXGL Background Thread 3 ] DEBUG Engine               - class com.almasb.fxgl.audio.AudioPlayer
19:38:03.016 [FXGL Background Thread 3 ] DEBUG Engine               - class com.almasb.fxgl.notification.impl.NotificationServiceProvider
19:38:03.016 [FXGL Background Thread 3 ] DEBUG Engine               - class com.almasb.fxgl.achievement.AchievementService
19:38:03.016 [FXGL Background Thread 3 ] DEBUG Engine               - class com.almasb.fxgl.cutscene.CutsceneService
19:38:03.016 [FXGL Background Thread 3 ] DEBUG Engine               - class com.almasb.fxgl.minigames.MiniGameService
19:38:03.016 [FXGL Background Thread 3 ] DEBUG Engine               - class com.almasb.fxgl.net.NetService
19:38:03.016 [FXGL Background Thread 3 ] DEBUG Engine               - class com.almasb.fxgl.app.services.UpdaterService
19:38:03.016 [FXGL Background Thread 3 ] DEBUG Engine               - class com.almasb.fxgl.dev.DevService
19:38:03.330 [JavaFX Application Thread] DEBUG AudioPlayer          - Playing music com.almasb.fxgl.audio.Music@10494f2
19:38:04.121 [JavaFX Application Thread] DEBUG AudioPlayer          - Playing music com.almasb.fxgl.audio.Music@10494f2
19:38:04.148 [JavaFX Application Thread] DEBUG AudioPlayer          - Playing music com.almasb.fxgl.audio.Music@10494f2
19:38:04.439 [JavaFX Application Thread] DEBUG AudioPlayer          - Playing music com.almasb.fxgl.audio.Music@10494f2
19:38:04.663 [JavaFX Application Thread] DEBUG AudioPlayer          - Playing music com.almasb.fxgl.audio.Music@10494f2
19:38:04.923 [JavaFX Application Thread] DEBUG AudioPlayer          - Playing music com.almasb.fxgl.audio.Music@10494f2
19:38:05.229 [JavaFX Application Thread] DEBUG GameApplicationServi - Starting new game
19:38:05.229 [JavaFX Application Thread] DEBUG PrimaryStageWindow   - Pop state: MainMenuScene
19:38:05.229 [JavaFX Application Thread] DEBUG Input                - Clearing active input actions
19:38:05.229 [JavaFX Application Thread] DEBUG GameApplicationServi - Removing overlay from MainMenuScene and adding to FXGLMainMenuDummyScene
19:38:05.230 [JavaFX Application Thread] DEBUG PrimaryStageWindow   - FXGLMainMenuDummyScene <- MainMenuScene
19:38:05.230 [JavaFX Application Thread] DEBUG Input                - Clearing active input actions
19:38:05.234 [JavaFX Application Thread] DEBUG GameApplicationServi - Removing overlay from FXGLMainMenuDummyScene and adding to FXGLLoadingScene
19:38:05.235 [JavaFX Application Thread] DEBUG PrimaryStageWindow   - FXGLMainMenuDummyScene -> FXGLLoadingScene
19:38:05.235 [JavaFX Application Thread] DEBUG GameApplicationServi - Clearing previous game
19:38:05.235 [JavaFX Application Thread] DEBUG GameScene            - Clearing game scene
19:38:05.235 [JavaFX Application Thread] DEBUG GameWorld            - Clearing game world
19:38:05.235 [JavaFX Application Thread] DEBUG PhysicsWorld         - Clearing physics world
19:38:05.236 [FXGL Background Thread 2 ] DEBUG FXGLApplication      - Initializing game
19:38:05.242 [FXGL Background Thread 2 ] DEBUG FXGLAssetLoaderServi - Loading from file system: file:/D:/Github/javaA-xiangqi-project-main-yxh-1125/target/classes/assets/textures/%e8%83%8c%e6%99%af.jpg
19:38:05.295 [FXGL Background Thread 2 ] DEBUG FXGLAssetLoaderServi - Loading from file system: file:/D:/Github/javaA-xiangqi-project-main-yxh-1125/target/classes/assets/textures/ChessBoard.png
19:38:05.309 [FXGL Background Thread 2 ] DEBUG FXGLAssetLoaderServi - Loading from file system: file:/D:/Github/javaA-xiangqi-project-main-yxh-1125/target/classes/assets/textures/BlackChariot.png
19:38:05.322 [FXGL Background Thread 2 ] DEBUG FXGLAssetLoaderServi - Loading from file system: file:/D:/Github/javaA-xiangqi-project-main-yxh-1125/target/classes/assets/textures/BlackHorse.png
19:38:05.323 [FXGL Background Thread 2 ] DEBUG FXGLAssetLoaderServi - Loading from file system: file:/D:/Github/javaA-xiangqi-project-main-yxh-1125/target/classes/assets/textures/BlackElephant.png
19:38:05.324 [FXGL Background Thread 2 ] DEBUG FXGLAssetLoaderServi - Loading from file system: file:/D:/Github/javaA-xiangqi-project-main-yxh-1125/target/classes/assets/textures/BlackAdvisor.png
19:38:05.325 [FXGL Background Thread 2 ] DEBUG FXGLAssetLoaderServi - Loading from file system: file:/D:/Github/javaA-xiangqi-project-main-yxh-1125/target/classes/assets/textures/BlackGeneral.png
19:38:05.327 [FXGL Background Thread 2 ] DEBUG FXGLAssetLoaderServi - Loading from file system: file:/D:/Github/javaA-xiangqi-project-main-yxh-1125/target/classes/assets/textures/BlackCannon.png
19:38:05.328 [FXGL Background Thread 2 ] DEBUG FXGLAssetLoaderServi - Loading from file system: file:/D:/Github/javaA-xiangqi-project-main-yxh-1125/target/classes/assets/textures/BlackSoldier.png
19:38:05.330 [FXGL Background Thread 2 ] DEBUG FXGLAssetLoaderServi - Loading from file system: file:/D:/Github/javaA-xiangqi-project-main-yxh-1125/target/classes/assets/textures/RedSoldier.png
19:38:05.332 [FXGL Background Thread 2 ] DEBUG FXGLAssetLoaderServi - Loading from file system: file:/D:/Github/javaA-xiangqi-project-main-yxh-1125/target/classes/assets/textures/RedCannon.png
19:38:05.333 [FXGL Background Thread 2 ] DEBUG FXGLAssetLoaderServi - Loading from file system: file:/D:/Github/javaA-xiangqi-project-main-yxh-1125/target/classes/assets/textures/RedChariot.png
19:38:05.335 [FXGL Background Thread 2 ] DEBUG FXGLAssetLoaderServi - Loading from file system: file:/D:/Github/javaA-xiangqi-project-main-yxh-1125/target/classes/assets/textures/RedHorse.png
19:38:05.336 [FXGL Background Thread 2 ] DEBUG FXGLAssetLoaderServi - Loading from file system: file:/D:/Github/javaA-xiangqi-project-main-yxh-1125/target/classes/assets/textures/RedElephant.png
19:38:05.337 [FXGL Background Thread 2 ] DEBUG FXGLAssetLoaderServi - Loading from file system: file:/D:/Github/javaA-xiangqi-project-main-yxh-1125/target/classes/assets/textures/RedAdvisor.png
19:38:05.338 [FXGL Background Thread 2 ] DEBUG FXGLAssetLoaderServi - Loading from file system: file:/D:/Github/javaA-xiangqi-project-main-yxh-1125/target/classes/assets/textures/RedGeneral.png
19:38:05.342 [FXGL Background Thread 2 ] INFO  FXGLApplication      - Game initialization took: 0.106 sec
19:38:05.342 [JavaFX Application Thread] DEBUG Input                - Clearing active input actions
19:38:05.345 [JavaFX Application Thread] DEBUG GameApplicationServi - Removing overlay from FXGLLoadingScene and adding to GameScene
19:38:05.345 [JavaFX Application Thread] DEBUG PrimaryStageWindow   - FXGLLoadingScene -> GameScene
19:38:05.602 [JavaFX Application Thread] DEBUG PrimaryStageWindow   - Push state: DialogSubScene
19:38:05.602 [JavaFX Application Thread] DEBUG Input                - Clearing active input actions
19:38:05.602 [JavaFX Application Thread] DEBUG GameApplicationServi - Removing overlay from GameScene and adding to DialogSubScene
19:38:05.602 [JavaFX Application Thread] DEBUG PrimaryStageWindow   - GameScene -> DialogSubScene
19:38:06.916 [JavaFX Application Thread] DEBUG PrimaryStageWindow   - Pop state: DialogSubScene
19:38:06.917 [JavaFX Application Thread] DEBUG Input                - Clearing active input actions
19:38:06.917 [JavaFX Application Thread] DEBUG GameApplicationServi - Removing overlay from DialogSubScene and adding to GameScene
19:38:06.917 [JavaFX Application Thread] DEBUG PrimaryStageWindow   - GameScene <- DialogSubScene
19:38:08.298 [JavaFX Application Thread] DEBUG AudioPlayer          - Playing music com.almasb.fxgl.audio.Music@10494f2
19:38:08.400 [JavaFX Application Thread] DEBUG AudioPlayer          - Playing music com.almasb.fxgl.audio.Music@10494f2
19:38:20.361 [JavaFX Application Thread] DEBUG AudioPlayer          - Playing music com.almasb.fxgl.audio.Music@10494f2
19:38:20.376 [JavaFX Application Thread] DEBUG AudioPlayer          - Playing music com.almasb.fxgl.audio.Music@10494f2
19:38:20.398 [JavaFX Application Thread] DEBUG AudioPlayer          - Playing music com.almasb.fxgl.audio.Music@10494f2
19:38:21.102 [JavaFX Application Thread] DEBUG FXGLApplication      - Exiting FXGL
19:38:21.102 [JavaFX Application Thread] DEBUG LoopRunner           - Stopping loop
19:38:21.103 [JavaFX Application Thread] DEBUG SystemBundleService  - Saving FXGL system data
19:38:21.104 [JavaFX Application Thread] DEBUG FileSystemAccess     - Writing to: D:\Github\javaA-xiangqi-project-main-yxh-1125\system\fxgl.bundle
19:38:21.104 [JavaFX Application Thread] DEBUG Async                - Shutting down background threads
19:38:21.104 [JavaFX Application Thread] DEBUG PrimaryStageWindow   - Closing main window
19:38:21.121 [JavaFX Application Thread] DEBUG Logger               - Closing Logger
