19:39:35.069 [main                     ] DEBUG Logger               - Configured Logger
19:39:35.087 [main                     ] DEBUG GameApplication      - Logging settings
Title: 中国象棋 1.0
Version: 1.0
Width: 1316
Height: 1007
Fullscreen: false
Intro: false
Profiling: false
Single step:false
App Mode: DEVELOPER
Menu Key: ESCAPE
Stage Style: DECORATED
Scene Factory: class edu.sustech.xiangqi.XiangQiApp$1

19:39:35.438 [JavaFX Application Thread] DEBUG FXGLApplication      - Initializing FXGL
19:39:35.441 [JavaFX Application Thread] INFO  Engine               - FXGL-21.1 (27.03.2024 07.52) on WINDOWS (J:23.0.1 FX:21.0.1)
19:39:35.441 [JavaFX Application Thread] DEBUG Engine               - JRE Vendor Name: Oracle Corporation
19:39:35.441 [JavaFX Application Thread] DEBUG Engine               - Running on OS: Windows 11 version 10.0
19:39:35.441 [JavaFX Application Thread] DEBUG Engine               - Architecture: amd64
19:39:35.441 [JavaFX Application Thread] INFO  Engine               - Source code and latest versions at: https://github.com/AlmasB/FXGL
19:39:35.441 [JavaFX Application Thread] INFO  Engine               -       Ask questions and discuss at: https://github.com/AlmasB/FXGL/discussions
19:39:35.441 [JavaFX Application Thread] INFO  Engine               -              Join the FXGL chat at: https://gitter.im/AlmasB/FXGL
19:39:35.488 [JavaFX Application Thread] DEBUG PrimaryStageWindow   - Creating a JavaFX scene
19:39:35.513 [JavaFX Application Thread] DEBUG PrimaryStageWindow   - Target settings size: 1316.0 x 1007.0
19:39:35.513 [JavaFX Application Thread] DEBUG PrimaryStageWindow   - Scaled scene size:    1316.0 x 1007.0
19:39:35.513 [JavaFX Application Thread] DEBUG PrimaryStageWindow   - Scaled ratio: (1.0, 1.0)
19:39:35.514 [JavaFX Application Thread] DEBUG PrimaryStageWindow   - Set initial scene to FXGLStartupScene
19:39:35.515 [JavaFX Application Thread] DEBUG PrimaryStageWindow   - Opening main window
19:39:35.606 [JavaFX Application Thread] DEBUG PrimaryStageWindow   - Window border size: (14.6666259765625, 37.6666259765625)
19:39:35.606 [JavaFX Application Thread] DEBUG PrimaryStageWindow   - Scaled size: 1316.0 x 1007.0
19:39:35.606 [JavaFX Application Thread] DEBUG PrimaryStageWindow   - Scaled ratio: (1.0, 1.0)
19:39:35.607 [JavaFX Application Thread] DEBUG PrimaryStageWindow   - Scene size: 1316.0 x 1007.0
19:39:35.607 [JavaFX Application Thread] DEBUG PrimaryStageWindow   - Stage size: 1330.6666259765625 x 1044.6666259765625
19:39:35.611 [FXGL Background Thread 1 ] DEBUG Engine               - Initializing environment variables
19:39:35.643 [FXGL Background Thread 1 ] DEBUG FXGLAssetLoaderServi - User app class for loading assets: class edu.sustech.xiangqi.XiangQiApp
19:39:35.643 [FXGL Background Thread 1 ] DEBUG GameApplicationServi - Applying CSS: fxgl_dark.css
19:39:35.644 [FXGL Background Thread 1 ] DEBUG FXGLAssetLoaderServi - Loading from file system: jar:file:/C:/Users/20140/.m2/repository/com/github/almasb/fxgl/21.1/fxgl-21.1.jar!/fxglassets/ui/css/fxgl_dark.css
19:39:35.673 [FXGL Background Thread 1 ] DEBUG GameApplicationServi - Initializing application scenes
19:39:35.739 [FXGL Background Thread 1 ] DEBUG GameWorld            - Game world initialized
19:39:35.773 [FXGL Background Thread 1 ] DEBUG PhysicsWorld         - Physics world initialized: appHeight=1007, physics.ppm=50.0
19:39:35.773 [FXGL Background Thread 1 ] DEBUG PhysicsWorld         - Using strategy: BRUTE_FORCE
19:39:35.776 [FXGL Background Thread 1 ] DEBUG GameScene            - Game scene initialized: 1316x1007
19:39:35.781 [FXGL Background Thread 1 ] DEBUG FXGLAssetLoaderServi - Loading from file system: file:/D:/Github/javaA-xiangqi-project-main-yxh-1125/target/classes/assets/ui/fonts/HYPixel11pxU-2.ttf
19:39:35.800 [FXGL Background Thread 1 ] DEBUG FXGLAssetLoaderServi - Loading from file system: file:/D:/Github/javaA-xiangqi-project-main-yxh-1125/target/classes/assets/textures/Button1.png
19:39:35.809 [FXGL Background Thread 1 ] DEBUG FXGLAssetLoaderServi - Loading from file system: file:/D:/Github/javaA-xiangqi-project-main-yxh-1125/target/classes/assets/textures/Press.png
19:39:35.834 [FXGL Background Thread 1 ] DEBUG GameApplicationServi - Application scenes initialized
19:39:35.843 [FXGL Background Thread 1 ] DEBUG SystemBundleService  - Loading FXGL system data
19:39:35.845 [FXGL Background Thread 1 ] DEBUG FileSystemAccess     - Reading from: D:\Github\javaA-xiangqi-project-main-yxh-1125\system\fxgl.bundle
19:39:35.846 [FXGL Background Thread 1 ] DEBUG SystemBundleService  - Bundle FXGL: {}
19:39:35.847 [FXGL Background Thread 1 ] DEBUG UpdaterService       - Checking for updates
19:39:35.850 [FXGL Background Thread 4 ] DEBUG FXGLApplication      - Loading fonts
19:39:35.850 [FXGL Background Thread 4 ] DEBUG FXGLAssetLoaderServi - Loading from file system: jar:file:/C:/Users/20140/.m2/repository/com/github/almasb/fxgl/21.1/fxgl-21.1.jar!/fxglassets/ui/fonts/VarelaRound-Regular.ttf
19:39:35.850 [FXGL Background Thread 1 ] DEBUG FXGLApplication      - Loading default localization
19:39:35.854 [FXGL Background Thread 1 ] DEBUG FXGLAssetLoaderServi - Loading from file system: jar:file:/C:/Users/20140/.m2/repository/com/github/almasb/fxgl/21.1/fxgl-21.1.jar!/fxglassets/languages/english.lang
19:39:35.863 [FXGL Background Thread 4 ] DEBUG FXGLAssetLoaderServi - Loading from file system: jar:file:/C:/Users/20140/.m2/repository/com/github/almasb/fxgl/21.1/fxgl-21.1.jar!/fxglassets/ui/fonts/Abel-Regular.ttf
19:39:35.872 [FXGL Background Thread 4 ] DEBUG FXGLAssetLoaderServi - Loading from file system: jar:file:/C:/Users/20140/.m2/repository/com/github/almasb/fxgl/21.1/fxgl-21.1.jar!/fxglassets/ui/fonts/TerminalLandMono-Regular.otf
19:39:35.881 [FXGL Background Thread 4 ] DEBUG FXGLAssetLoaderServi - Loading from file system: jar:file:/C:/Users/20140/.m2/repository/com/github/almasb/fxgl/21.1/fxgl-21.1.jar!/fxglassets/ui/fonts/Courier-Prime.ttf
19:39:35.890 [FXGL Background Thread 1 ] INFO  FXGLApplication      - FXGL initialization took: 0.279 sec
19:39:35.898 [JavaFX Application Thread] DEBUG Input                - Registered new binding: Click - LMB
19:39:35.899 [JavaFX Application Thread] DEBUG FXGLAssetLoaderServi - Loading from file system: jar:file:/C:/Users/20140/.m2/repository/com/github/almasb/fxgl/21.1/fxgl-21.1.jar!/fxglassets/textures/fxgl_icon.png
19:39:35.918 [JavaFX Application Thread] DEBUG FXGLAssetLoaderServi - Loading from file system: jar:file:/C:/Users/20140/.m2/repository/com/github/almasb/fxgl/21.1/fxgl-21.1.jar!/fxglassets/textures/fxgl_default_cursor.png
19:39:35.925 [JavaFX Application Thread] DEBUG Input                - Registered new binding: Screenshot - CTRL+8
19:39:35.926 [JavaFX Application Thread] DEBUG Input                - Registered new binding: System info dump - CTRL+9
19:39:35.926 [JavaFX Application Thread] DEBUG Input                - Registered new binding: Restart - CTRL+R
19:39:35.927 [JavaFX Application Thread] DEBUG Input                - Registered new binding: Toggle Debug Camera - CTRL+7
19:39:35.933 [JavaFX Application Thread] DEBUG LoopRunner           - Starting loop
19:39:35.933 [JavaFX Application Thread] DEBUG LoopRunner           - Initializing JavaFX AnimationTimerLoop
19:39:35.936 [JavaFX Application Thread] DEBUG Input                - Clearing active input actions
19:39:35.940 [JavaFX Application Thread] DEBUG GameApplicationServi - Removing overlay from FXGLStartupScene and adding to FXGLMainMenuDummyScene
19:39:35.940 [JavaFX Application Thread] DEBUG PrimaryStageWindow   - FXGLStartupScene -> FXGLMainMenuDummyScene
19:39:35.940 [JavaFX Application Thread] DEBUG PrimaryStageWindow   - Push state: MainMenuScene
19:39:35.940 [JavaFX Application Thread] DEBUG Input                - Clearing active input actions
19:39:35.945 [JavaFX Application Thread] DEBUG GameApplicationServi - Removing overlay from FXGLMainMenuDummyScene and adding to MainMenuScene
19:39:35.946 [JavaFX Application Thread] DEBUG PrimaryStageWindow   - FXGLMainMenuDummyScene -> MainMenuScene
19:39:35.948 [JavaFX Application Thread] DEBUG FXGLApplication      - Registering font factories with UI factory
19:39:36.174 [JavaFX Application Thread] DEBUG FXGLAssetLoaderServi - Loading from file system: file:/D:/Github/javaA-xiangqi-project-main-yxh-1125/target/classes/assets/music/%e6%8c%89%e9%92%ae%e9%9f%b3%e6%95%881.mp3
19:39:36.252 [JavaFX Application Thread] DEBUG AudioPlayer          - Playing music com.almasb.fxgl.audio.Music@67f14506
19:39:38.850 [FXGL Background Thread 3 ] DEBUG Engine               - Logging environment variables
19:39:38.851 [FXGL Background Thread 3 ] DEBUG Engine               - achievements: []
19:39:38.851 [FXGL Background Thread 3 ] DEBUG Engine               - actualHeight: 1007.0
19:39:38.851 [FXGL Background Thread 3 ] DEBUG Engine               - actualHeightProperty: ReadOnlyDoubleProperty [value: 1007.0]
19:39:38.851 [FXGL Background Thread 3 ] DEBUG Engine               - actualWidth: 1316.0
19:39:38.851 [FXGL Background Thread 3 ] DEBUG Engine               - actualWidthProperty: ReadOnlyDoubleProperty [value: 1316.0]
19:39:38.851 [FXGL Background Thread 3 ] DEBUG Engine               - appIcon: fxgl_icon.png
19:39:38.851 [FXGL Background Thread 3 ] DEBUG Engine               - applicationMode: DEVELOPER
19:39:38.851 [FXGL Background Thread 3 ] DEBUG Engine               - cSSList: [fxgl_dark.css]
19:39:38.851 [FXGL Background Thread 3 ] DEBUG Engine               - collisionDetectionStrategy: BRUTE_FORCE
19:39:38.851 [FXGL Background Thread 3 ] DEBUG Engine               - configClass: Optional.empty
19:39:38.851 [FXGL Background Thread 3 ] DEBUG Engine               - credits: []
19:39:38.852 [FXGL Background Thread 3 ] DEBUG Engine               - defaultCursor: CursorInfo(imageName=fxgl_default_cursor.png, hotspotX=7.0, hotspotY=6.0)
19:39:38.852 [FXGL Background Thread 3 ] DEBUG Engine               - devBBoxColorProperty: ObjectProperty [value: 0xff0000ff]
19:39:38.852 [FXGL Background Thread 3 ] DEBUG Engine               - devEnableDebugCameraProperty: BooleanProperty [value: false]
19:39:38.852 [FXGL Background Thread 3 ] DEBUG Engine               - devSensorColorProperty: ObjectProperty [value: 0xffff00ff]
19:39:38.852 [FXGL Background Thread 3 ] DEBUG Engine               - devShowBBoxProperty: BooleanProperty [value: false]
19:39:38.852 [FXGL Background Thread 3 ] DEBUG Engine               - devShowPositionProperty: BooleanProperty [value: false]
19:39:38.852 [FXGL Background Thread 3 ] DEBUG Engine               - enabledMenuItems: []
19:39:38.852 [FXGL Background Thread 3 ] DEBUG Engine               - engineServices: [class com.almasb.fxgl.app.services.FXGLAssetLoaderService, class com.almasb.fxgl.app.FXGLApplication$GameApplicationService, class com.almasb.fxgl.app.services.FXGLDialogService, class com.almasb.fxgl.app.services.IOTaskExecutorService, class com.almasb.fxgl.io.FileSystemService, class com.almasb.fxgl.localization.LocalizationService, class com.almasb.fxgl.app.services.SystemBundleService, class com.almasb.fxgl.profile.SaveLoadService, class com.almasb.fxgl.ui.FXGLUIFactoryServiceProvider, class com.almasb.fxgl.ui.FXGLDialogFactoryServiceProvider, class com.almasb.fxgl.audio.AudioPlayer, class com.almasb.fxgl.notification.impl.NotificationServiceProvider, class com.almasb.fxgl.achievement.AchievementService, class com.almasb.fxgl.cutscene.CutsceneService, class com.almasb.fxgl.minigames.MiniGameService, class com.almasb.fxgl.net.NetService, class com.almasb.fxgl.app.services.UpdaterService, class com.almasb.fxgl.dev.DevService]
19:39:38.852 [FXGL Background Thread 3 ] DEBUG Engine               - fontGame: Abel-Regular.ttf
19:39:38.852 [FXGL Background Thread 3 ] DEBUG Engine               - fontMono: TerminalLandMono-Regular.otf
19:39:38.852 [FXGL Background Thread 3 ] DEBUG Engine               - fontSizeScaleUI: 1.0
19:39:38.852 [FXGL Background Thread 3 ] DEBUG Engine               - fontText: Courier-Prime.ttf
19:39:38.852 [FXGL Background Thread 3 ] DEBUG Engine               - fontUI: VarelaRound-Regular.ttf
19:39:38.852 [FXGL Background Thread 3 ] DEBUG Engine               - fullScreen: BooleanProperty [value: false]
19:39:38.852 [FXGL Background Thread 3 ] DEBUG Engine               - gameDifficulty: MEDIUM
19:39:38.852 [FXGL Background Thread 3 ] DEBUG Engine               - gameDifficultyProperty: ObjectProperty [value: MEDIUM]
19:39:38.852 [FXGL Background Thread 3 ] DEBUG Engine               - globalMusicVolume: 0.5
19:39:38.852 [FXGL Background Thread 3 ] DEBUG Engine               - globalMusicVolumeProperty: DoubleProperty [value: 0.5]
19:39:38.852 [FXGL Background Thread 3 ] DEBUG Engine               - globalSoundVolume: 0.5
19:39:38.852 [FXGL Background Thread 3 ] DEBUG Engine               - globalSoundVolumeProperty: DoubleProperty [value: 0.5]
19:39:38.853 [FXGL Background Thread 3 ] DEBUG Engine               - height: 1007
19:39:38.853 [FXGL Background Thread 3 ] DEBUG Engine               - is3D: false
19:39:38.853 [FXGL Background Thread 3 ] DEBUG Engine               - isAndroid: false
19:39:38.853 [FXGL Background Thread 3 ] DEBUG Engine               - isBrowser: false
19:39:38.853 [FXGL Background Thread 3 ] DEBUG Engine               - isClickFeedbackEnabled: false
19:39:38.853 [FXGL Background Thread 3 ] DEBUG Engine               - isCloseConfirmation: false
19:39:38.853 [FXGL Background Thread 3 ] DEBUG Engine               - isDesktop: true
19:39:38.853 [FXGL Background Thread 3 ] DEBUG Engine               - isDeveloperMenuEnabled: false
19:39:38.853 [FXGL Background Thread 3 ] DEBUG Engine               - isEmbedded: false
19:39:38.853 [FXGL Background Thread 3 ] DEBUG Engine               - isEntityPreloadEnabled: true
19:39:38.853 [FXGL Background Thread 3 ] DEBUG Engine               - isExperimentalTiledLargeMap: false
19:39:38.853 [FXGL Background Thread 3 ] DEBUG Engine               - isFileSystemWriteAllowed: true
19:39:38.853 [FXGL Background Thread 3 ] DEBUG Engine               - isFullScreenAllowed: false
19:39:38.853 [FXGL Background Thread 3 ] DEBUG Engine               - isFullScreenFromStart: false
19:39:38.853 [FXGL Background Thread 3 ] DEBUG Engine               - isGameMenuEnabled: true
19:39:38.853 [FXGL Background Thread 3 ] DEBUG Engine               - isIOS: false
19:39:38.853 [FXGL Background Thread 3 ] DEBUG Engine               - isIntroEnabled: false
19:39:38.853 [FXGL Background Thread 3 ] DEBUG Engine               - isLinux: false
19:39:38.853 [FXGL Background Thread 3 ] DEBUG Engine               - isMac: false
19:39:38.853 [FXGL Background Thread 3 ] DEBUG Engine               - isMainMenuEnabled: true
19:39:38.853 [FXGL Background Thread 3 ] DEBUG Engine               - isManualResizeEnabled: false
19:39:38.853 [FXGL Background Thread 3 ] DEBUG Engine               - isMobile: false
19:39:38.853 [FXGL Background Thread 3 ] DEBUG Engine               - isNative: false
19:39:38.853 [FXGL Background Thread 3 ] DEBUG Engine               - isPauseMusicWhenMinimized: true
19:39:38.853 [FXGL Background Thread 3 ] DEBUG Engine               - isPreserveResizeRatio: false
19:39:38.853 [FXGL Background Thread 3 ] DEBUG Engine               - isProfilingEnabled: false
19:39:38.853 [FXGL Background Thread 3 ] DEBUG Engine               - isScaleAffectedOnResize: true
19:39:38.853 [FXGL Background Thread 3 ] DEBUG Engine               - isSingleStep: false
19:39:38.853 [FXGL Background Thread 3 ] DEBUG Engine               - isUserProfileEnabled: false
19:39:38.853 [FXGL Background Thread 3 ] DEBUG Engine               - isWindows: true
19:39:38.853 [FXGL Background Thread 3 ] DEBUG Engine               - language: ObjectProperty [value: ENGLISH]
19:39:38.853 [FXGL Background Thread 3 ] DEBUG Engine               - menuKey: ESCAPE
19:39:38.853 [FXGL Background Thread 3 ] DEBUG Engine               - mouseSensitivity: 0.2
19:39:38.853 [FXGL Background Thread 3 ] DEBUG Engine               - notificationViewClass: class com.almasb.fxgl.notification.view.XboxNotificationView
19:39:38.853 [FXGL Background Thread 3 ] DEBUG Engine               - pixelsPerMeter: 50.0
19:39:38.853 [FXGL Background Thread 3 ] DEBUG Engine               - platform: WINDOWS
19:39:38.853 [FXGL Background Thread 3 ] DEBUG Engine               - prefHeightProperty: ReadOnlyDoubleProperty [value: 1007.0]
19:39:38.853 [FXGL Background Thread 3 ] DEBUG Engine               - prefWidthProperty: ReadOnlyDoubleProperty [value: 1316.0]
19:39:38.853 [FXGL Background Thread 3 ] DEBUG Engine               - profileDir: profiles/
19:39:38.853 [FXGL Background Thread 3 ] DEBUG Engine               - profileName: StringProperty [value: DEFAULT]
19:39:38.853 [FXGL Background Thread 3 ] DEBUG Engine               - randomSeed: -1
19:39:38.853 [FXGL Background Thread 3 ] DEBUG Engine               - runtimeInfo: RuntimeInfo(platform=WINDOWS, version=21.1, build=27.03.2024 07.52)
19:39:38.853 [FXGL Background Thread 3 ] DEBUG Engine               - saveFileExt: sav
19:39:38.853 [FXGL Background Thread 3 ] DEBUG Engine               - scaledHeightProp$fxgl: DoubleProperty [bound, value: 1007.0]
19:39:38.853 [FXGL Background Thread 3 ] DEBUG Engine               - scaledWidthProp$fxgl: DoubleProperty [bound, value: 1316.0]
19:39:38.853 [FXGL Background Thread 3 ] DEBUG Engine               - sceneFactory: edu.sustech.xiangqi.XiangQiApp$1@604383b8
19:39:38.853 [FXGL Background Thread 3 ] DEBUG Engine               - secondsIn24h: 60
19:39:38.853 [FXGL Background Thread 3 ] DEBUG Engine               - soundMenuBack: menu/back.wav
19:39:38.853 [FXGL Background Thread 3 ] DEBUG Engine               - soundMenuPress: menu/press.wav
19:39:38.853 [FXGL Background Thread 3 ] DEBUG Engine               - soundMenuSelect: menu/select.wav
19:39:38.855 [FXGL Background Thread 3 ] DEBUG Engine               - soundNotification: core/notification.wav
19:39:38.855 [FXGL Background Thread 3 ] DEBUG Engine               - stageStyle: DECORATED
19:39:38.855 [FXGL Background Thread 3 ] DEBUG Engine               - supportedLanguages: [ENGLISH, FRENCH, GERMAN, HUNGARIAN, RUSSIAN]
19:39:38.855 [FXGL Background Thread 3 ] DEBUG Engine               - ticksPerSecond: -1
19:39:38.855 [FXGL Background Thread 3 ] DEBUG Engine               - title: 中国象棋 1.0
19:39:38.855 [FXGL Background Thread 3 ] DEBUG Engine               - urlGithub: https://github.com/AlmasB/FXGL
19:39:38.855 [FXGL Background Thread 3 ] DEBUG Engine               - urlLeaderboard: http://fxgl-top.herokuapp.com/
19:39:38.855 [FXGL Background Thread 3 ] DEBUG Engine               - urlPOM: https://raw.githubusercontent.com/AlmasB/FXGL/release/README.md
19:39:38.855 [FXGL Background Thread 3 ] DEBUG Engine               - userAppClass: class edu.sustech.xiangqi.XiangQiApp
19:39:38.855 [FXGL Background Thread 3 ] DEBUG Engine               - version: 1.0
19:39:38.855 [FXGL Background Thread 3 ] DEBUG Engine               - versionCheckDays: 7
19:39:38.855 [FXGL Background Thread 3 ] DEBUG Engine               - width: 1316
19:39:38.855 [FXGL Background Thread 3 ] DEBUG Engine               - Logging services
19:39:38.855 [FXGL Background Thread 3 ] DEBUG Engine               - class com.almasb.fxgl.app.services.FXGLAssetLoaderService
19:39:38.855 [FXGL Background Thread 3 ] DEBUG Engine               - class com.almasb.fxgl.app.FXGLApplication$GameApplicationService
19:39:38.855 [FXGL Background Thread 3 ] DEBUG Engine               - class com.almasb.fxgl.app.services.FXGLDialogService
19:39:38.855 [FXGL Background Thread 3 ] DEBUG Engine               - class com.almasb.fxgl.app.services.IOTaskExecutorService
19:39:38.855 [FXGL Background Thread 3 ] DEBUG Engine               - class com.almasb.fxgl.io.FileSystemService
19:39:38.855 [FXGL Background Thread 3 ] DEBUG Engine               - class com.almasb.fxgl.localization.LocalizationService
19:39:38.855 [FXGL Background Thread 3 ] DEBUG Engine               - class com.almasb.fxgl.app.services.SystemBundleService
19:39:38.855 [FXGL Background Thread 3 ] DEBUG Engine               - class com.almasb.fxgl.profile.SaveLoadService
19:39:38.855 [FXGL Background Thread 3 ] DEBUG Engine               - class com.almasb.fxgl.ui.FXGLUIFactoryServiceProvider
19:39:38.855 [FXGL Background Thread 3 ] DEBUG Engine               - class com.almasb.fxgl.ui.FXGLDialogFactoryServiceProvider
19:39:38.855 [FXGL Background Thread 3 ] DEBUG Engine               - class com.almasb.fxgl.audio.AudioPlayer
19:39:38.855 [FXGL Background Thread 3 ] DEBUG Engine               - class com.almasb.fxgl.notification.impl.NotificationServiceProvider
19:39:38.855 [FXGL Background Thread 3 ] DEBUG Engine               - class com.almasb.fxgl.achievement.AchievementService
19:39:38.855 [FXGL Background Thread 3 ] DEBUG Engine               - class com.almasb.fxgl.cutscene.CutsceneService
19:39:38.855 [FXGL Background Thread 3 ] DEBUG Engine               - class com.almasb.fxgl.minigames.MiniGameService
19:39:38.855 [FXGL Background Thread 3 ] DEBUG Engine               - class com.almasb.fxgl.net.NetService
19:39:38.855 [FXGL Background Thread 3 ] DEBUG Engine               - class com.almasb.fxgl.app.services.UpdaterService
19:39:38.855 [FXGL Background Thread 3 ] DEBUG Engine               - class com.almasb.fxgl.dev.DevService
19:39:39.138 [JavaFX Application Thread] DEBUG AudioPlayer          - Playing music com.almasb.fxgl.audio.Music@67f14506
19:39:39.887 [JavaFX Application Thread] DEBUG AudioPlayer          - Playing music com.almasb.fxgl.audio.Music@67f14506
19:39:39.958 [JavaFX Application Thread] DEBUG AudioPlayer          - Playing music com.almasb.fxgl.audio.Music@67f14506
19:39:39.997 [JavaFX Application Thread] DEBUG AudioPlayer          - Playing music com.almasb.fxgl.audio.Music@67f14506
19:39:40.555 [JavaFX Application Thread] DEBUG PrimaryStageWindow   - Push state: DialogSubScene
19:39:40.555 [JavaFX Application Thread] DEBUG Input                - Clearing active input actions
19:39:40.555 [JavaFX Application Thread] DEBUG GameApplicationServi - Removing overlay from MainMenuScene and adding to DialogSubScene
19:39:40.556 [JavaFX Application Thread] DEBUG PrimaryStageWindow   - MainMenuScene -> DialogSubScene
19:39:40.558 [JavaFX Application Thread] DEBUG AudioPlayer          - Playing music com.almasb.fxgl.audio.Music@67f14506
19:39:41.556 [JavaFX Application Thread] DEBUG PrimaryStageWindow   - Pop state: DialogSubScene
19:39:41.556 [JavaFX Application Thread] DEBUG Input                - Clearing active input actions
19:39:41.556 [JavaFX Application Thread] DEBUG GameApplicationServi - Removing overlay from DialogSubScene and adding to MainMenuScene
19:39:41.557 [JavaFX Application Thread] DEBUG PrimaryStageWindow   - MainMenuScene <- DialogSubScene
19:39:41.557 [JavaFX Application Thread] DEBUG AudioPlayer          - Playing music com.almasb.fxgl.audio.Music@67f14506
19:39:41.673 [JavaFX Application Thread] DEBUG AudioPlayer          - Playing music com.almasb.fxgl.audio.Music@67f14506
19:39:41.896 [JavaFX Application Thread] DEBUG AudioPlayer          - Playing music com.almasb.fxgl.audio.Music@67f14506
19:39:42.168 [JavaFX Application Thread] DEBUG AudioPlayer          - Playing music com.almasb.fxgl.audio.Music@67f14506
19:39:42.216 [JavaFX Application Thread] DEBUG AudioPlayer          - Playing music com.almasb.fxgl.audio.Music@67f14506
19:39:42.567 [JavaFX Application Thread] DEBUG AudioPlayer          - Playing music com.almasb.fxgl.audio.Music@67f14506
19:39:42.815 [JavaFX Application Thread] DEBUG GameApplicationServi - Starting new game
19:39:42.815 [JavaFX Application Thread] DEBUG PrimaryStageWindow   - Pop state: MainMenuScene
19:39:42.815 [JavaFX Application Thread] DEBUG Input                - Clearing active input actions
19:39:42.815 [JavaFX Application Thread] DEBUG GameApplicationServi - Removing overlay from MainMenuScene and adding to FXGLMainMenuDummyScene
19:39:42.815 [JavaFX Application Thread] DEBUG PrimaryStageWindow   - FXGLMainMenuDummyScene <- MainMenuScene
19:39:42.815 [JavaFX Application Thread] DEBUG Input                - Clearing active input actions
19:39:42.818 [JavaFX Application Thread] DEBUG GameApplicationServi - Removing overlay from FXGLMainMenuDummyScene and adding to FXGLLoadingScene
19:39:42.818 [JavaFX Application Thread] DEBUG PrimaryStageWindow   - FXGLMainMenuDummyScene -> FXGLLoadingScene
19:39:42.818 [JavaFX Application Thread] DEBUG GameApplicationServi - Clearing previous game
19:39:42.818 [JavaFX Application Thread] DEBUG GameScene            - Clearing game scene
19:39:42.818 [JavaFX Application Thread] DEBUG GameWorld            - Clearing game world
19:39:42.818 [JavaFX Application Thread] DEBUG PhysicsWorld         - Clearing physics world
19:39:42.820 [FXGL Background Thread 2 ] DEBUG FXGLApplication      - Initializing game
19:39:42.828 [FXGL Background Thread 2 ] DEBUG FXGLAssetLoaderServi - Loading from file system: file:/D:/Github/javaA-xiangqi-project-main-yxh-1125/target/classes/assets/textures/%e8%83%8c%e6%99%af.jpg
19:39:42.883 [FXGL Background Thread 2 ] DEBUG FXGLAssetLoaderServi - Loading from file system: file:/D:/Github/javaA-xiangqi-project-main-yxh-1125/target/classes/assets/textures/ChessBoard.png
19:39:42.899 [FXGL Background Thread 2 ] DEBUG FXGLAssetLoaderServi - Loading from file system: file:/D:/Github/javaA-xiangqi-project-main-yxh-1125/target/classes/assets/textures/BlackChariot.png
19:39:42.919 [FXGL Background Thread 2 ] DEBUG FXGLAssetLoaderServi - Loading from file system: file:/D:/Github/javaA-xiangqi-project-main-yxh-1125/target/classes/assets/textures/BlackHorse.png
19:39:42.921 [FXGL Background Thread 2 ] DEBUG FXGLAssetLoaderServi - Loading from file system: file:/D:/Github/javaA-xiangqi-project-main-yxh-1125/target/classes/assets/textures/BlackElephant.png
19:39:42.922 [FXGL Background Thread 2 ] DEBUG FXGLAssetLoaderServi - Loading from file system: file:/D:/Github/javaA-xiangqi-project-main-yxh-1125/target/classes/assets/textures/BlackAdvisor.png
19:39:42.924 [FXGL Background Thread 2 ] DEBUG FXGLAssetLoaderServi - Loading from file system: file:/D:/Github/javaA-xiangqi-project-main-yxh-1125/target/classes/assets/textures/BlackGeneral.png
19:39:42.926 [FXGL Background Thread 2 ] DEBUG FXGLAssetLoaderServi - Loading from file system: file:/D:/Github/javaA-xiangqi-project-main-yxh-1125/target/classes/assets/textures/BlackCannon.png
19:39:42.926 [FXGL Background Thread 2 ] DEBUG FXGLAssetLoaderServi - Loading from file system: file:/D:/Github/javaA-xiangqi-project-main-yxh-1125/target/classes/assets/textures/BlackSoldier.png
19:39:42.928 [FXGL Background Thread 2 ] DEBUG FXGLAssetLoaderServi - Loading from file system: file:/D:/Github/javaA-xiangqi-project-main-yxh-1125/target/classes/assets/textures/RedSoldier.png
19:39:42.930 [FXGL Background Thread 2 ] DEBUG FXGLAssetLoaderServi - Loading from file system: file:/D:/Github/javaA-xiangqi-project-main-yxh-1125/target/classes/assets/textures/RedCannon.png
19:39:42.930 [FXGL Background Thread 2 ] DEBUG FXGLAssetLoaderServi - Loading from file system: file:/D:/Github/javaA-xiangqi-project-main-yxh-1125/target/classes/assets/textures/RedChariot.png
19:39:42.931 [FXGL Background Thread 2 ] DEBUG FXGLAssetLoaderServi - Loading from file system: file:/D:/Github/javaA-xiangqi-project-main-yxh-1125/target/classes/assets/textures/RedHorse.png
19:39:42.932 [FXGL Background Thread 2 ] DEBUG FXGLAssetLoaderServi - Loading from file system: file:/D:/Github/javaA-xiangqi-project-main-yxh-1125/target/classes/assets/textures/RedElephant.png
19:39:42.933 [FXGL Background Thread 2 ] DEBUG FXGLAssetLoaderServi - Loading from file system: file:/D:/Github/javaA-xiangqi-project-main-yxh-1125/target/classes/assets/textures/RedAdvisor.png
19:39:42.934 [FXGL Background Thread 2 ] DEBUG FXGLAssetLoaderServi - Loading from file system: file:/D:/Github/javaA-xiangqi-project-main-yxh-1125/target/classes/assets/textures/RedGeneral.png
19:39:42.938 [FXGL Background Thread 2 ] INFO  FXGLApplication      - Game initialization took: 0.118 sec
19:39:42.943 [JavaFX Application Thread] DEBUG Input                - Clearing active input actions
19:39:42.946 [JavaFX Application Thread] DEBUG GameApplicationServi - Removing overlay from FXGLLoadingScene and adding to GameScene
19:39:42.947 [JavaFX Application Thread] DEBUG PrimaryStageWindow   - FXGLLoadingScene -> GameScene
19:39:43.211 [JavaFX Application Thread] DEBUG PrimaryStageWindow   - Push state: DialogSubScene
19:39:43.211 [JavaFX Application Thread] DEBUG Input                - Clearing active input actions
19:39:43.211 [JavaFX Application Thread] DEBUG GameApplicationServi - Removing overlay from GameScene and adding to DialogSubScene
19:39:43.211 [JavaFX Application Thread] DEBUG PrimaryStageWindow   - GameScene -> DialogSubScene
19:39:47.174 [JavaFX Application Thread] DEBUG AudioPlayer          - Playing music com.almasb.fxgl.audio.Music@67f14506
19:40:10.446 [JavaFX Application Thread] DEBUG PrimaryStageWindow   - Pop state: DialogSubScene
19:40:10.446 [JavaFX Application Thread] DEBUG Input                - Clearing active input actions
19:40:10.446 [JavaFX Application Thread] DEBUG GameApplicationServi - Removing overlay from DialogSubScene and adding to GameScene
19:40:10.446 [JavaFX Application Thread] DEBUG PrimaryStageWindow   - GameScene <- DialogSubScene
19:40:10.925 [JavaFX Application Thread] DEBUG FXGLAssetLoaderServi - Loading from file system: file:/D:/Github/javaA-xiangqi-project-main-yxh-1125/target/classes/assets/textures/%e9%80%89%e4%b8%ad.png
19:40:21.901 [JavaFX Application Thread] DEBUG PrimaryStageWindow   - Push state: DialogSubScene
19:40:21.901 [JavaFX Application Thread] DEBUG Input                - Clearing active input actions
19:40:21.901 [JavaFX Application Thread] DEBUG GameApplicationServi - Removing overlay from GameScene and adding to DialogSubScene
19:40:21.901 [JavaFX Application Thread] DEBUG PrimaryStageWindow   - GameScene -> DialogSubScene
19:40:24.516 [JavaFX Application Thread] DEBUG PrimaryStageWindow   - Pop state: DialogSubScene
19:40:24.517 [JavaFX Application Thread] DEBUG Input                - Clearing active input actions
19:40:24.517 [JavaFX Application Thread] DEBUG GameApplicationServi - Removing overlay from DialogSubScene and adding to GameScene
19:40:24.517 [JavaFX Application Thread] DEBUG PrimaryStageWindow   - GameScene <- DialogSubScene
19:40:24.526 [JavaFX Application Thread] DEBUG PrimaryStageWindow   - Push state: DialogSubScene
19:40:24.526 [JavaFX Application Thread] DEBUG Input                - Clearing active input actions
19:40:24.526 [JavaFX Application Thread] DEBUG GameApplicationServi - Removing overlay from GameScene and adding to DialogSubScene
19:40:24.527 [JavaFX Application Thread] DEBUG PrimaryStageWindow   - GameScene -> DialogSubScene
19:40:25.487 [JavaFX Application Thread] DEBUG PrimaryStageWindow   - Pop state: DialogSubScene
19:40:25.487 [JavaFX Application Thread] DEBUG Input                - Clearing active input actions
19:40:25.487 [JavaFX Application Thread] DEBUG GameApplicationServi - Removing overlay from DialogSubScene and adding to GameScene
19:40:25.487 [JavaFX Application Thread] DEBUG PrimaryStageWindow   - GameScene <- DialogSubScene
19:40:25.692 [JavaFX Application Thread] DEBUG AudioPlayer          - Playing music com.almasb.fxgl.audio.Music@67f14506
19:40:27.413 [JavaFX Application Thread] DEBUG FXGLApplication      - Exiting FXGL
19:40:27.413 [JavaFX Application Thread] DEBUG LoopRunner           - Stopping loop
19:40:27.413 [JavaFX Application Thread] DEBUG SystemBundleService  - Saving FXGL system data
19:40:27.414 [JavaFX Application Thread] DEBUG FileSystemAccess     - Writing to: D:\Github\javaA-xiangqi-project-main-yxh-1125\system\fxgl.bundle
19:40:27.415 [JavaFX Application Thread] DEBUG Async                - Shutting down background threads
19:40:27.415 [JavaFX Application Thread] DEBUG PrimaryStageWindow   - Closing main window
19:40:27.435 [JavaFX Application Thread] DEBUG Logger               - Closing Logger
