16:35:43.599 [main                     ] DEBUG Logger               - Configured Logger
16:35:43.604 [main                     ] DEBUG GameApplication      - Logging settings
Title: 中国象棋 1.0
Version: 1.0
Width: 1316
Height: 1007
Fullscreen: false
Intro: false
Profiling: false
Single step:false
App Mode: DEVELOPER
Menu Key: ESCAPE
Stage Style: DECORATED
Scene Factory: class edu.sustech.xiangqi.XiangQiApp$1

16:35:44.103 [JavaFX Application Thread] DEBUG FXGLApplication      - Initializing FXGL
16:35:44.106 [JavaFX Application Thread] INFO  Engine               - FXGL-21.1 (27.03.2024 07.52) on WINDOWS (J:23.0.2 FX:21.0.1)
16:35:44.106 [JavaFX Application Thread] DEBUG Engine               - JRE Vendor Name: Amazon.com Inc.
16:35:44.106 [JavaFX Application Thread] DEBUG Engine               - Running on OS: Windows 11 version 10.0
16:35:44.106 [JavaFX Application Thread] DEBUG Engine               - Architecture: amd64
16:35:44.106 [JavaFX Application Thread] INFO  Engine               - Source code and latest versions at: https://github.com/AlmasB/FXGL
16:35:44.106 [JavaFX Application Thread] INFO  Engine               -       Ask questions and discuss at: https://github.com/AlmasB/FXGL/discussions
16:35:44.106 [JavaFX Application Thread] INFO  Engine               -              Join the FXGL chat at: https://gitter.im/AlmasB/FXGL
16:35:44.181 [JavaFX Application Thread] DEBUG PrimaryStageWindow   - Creating a JavaFX scene
16:35:44.215 [JavaFX Application Thread] DEBUG PrimaryStageWindow   - Target settings size: 1316.0 x 1007.0
16:35:44.215 [JavaFX Application Thread] DEBUG PrimaryStageWindow   - Scaled scene size:    1316.0 x 1007.0
16:35:44.216 [JavaFX Application Thread] DEBUG PrimaryStageWindow   - Scaled ratio: (1.0, 1.0)
16:35:44.216 [JavaFX Application Thread] DEBUG PrimaryStageWindow   - Set initial scene to FXGLStartupScene
16:35:44.218 [JavaFX Application Thread] DEBUG PrimaryStageWindow   - Opening main window
16:35:44.295 [JavaFX Application Thread] DEBUG PrimaryStageWindow   - Window border size: (14.6666259765625, 37.6666259765625)
16:35:44.296 [JavaFX Application Thread] DEBUG PrimaryStageWindow   - Scaled size: 1316.0 x 1007.0
16:35:44.296 [JavaFX Application Thread] DEBUG PrimaryStageWindow   - Scaled ratio: (1.0, 1.0)
16:35:44.296 [JavaFX Application Thread] DEBUG PrimaryStageWindow   - Scene size: 1316.0 x 1007.0
16:35:44.296 [JavaFX Application Thread] DEBUG PrimaryStageWindow   - Stage size: 1330.6666259765625 x 1044.6666259765625
16:35:44.301 [FXGL Background Thread 1 ] DEBUG Engine               - Initializing environment variables
16:35:44.368 [FXGL Background Thread 1 ] DEBUG FXGLAssetLoaderServi - User app class for loading assets: class edu.sustech.xiangqi.XiangQiApp
16:35:44.368 [FXGL Background Thread 1 ] DEBUG GameApplicationServi - Applying CSS: fxgl_dark.css
16:35:44.369 [FXGL Background Thread 1 ] DEBUG FXGLAssetLoaderServi - Loading from file system: jar:file:/C:/Users/%e5%b0%b9%e7%8e%ba%e9%aa%85/.m2/repository/com/github/almasb/fxgl/21.1/fxgl-21.1.jar!/fxglassets/ui/css/fxgl_dark.css
16:35:44.402 [FXGL Background Thread 1 ] DEBUG GameApplicationServi - Initializing application scenes
16:35:44.470 [FXGL Background Thread 1 ] DEBUG GameWorld            - Game world initialized
16:35:44.534 [FXGL Background Thread 1 ] DEBUG PhysicsWorld         - Physics world initialized: appHeight=1007, physics.ppm=50.0
16:35:44.535 [FXGL Background Thread 1 ] DEBUG PhysicsWorld         - Using strategy: BRUTE_FORCE
16:35:44.539 [FXGL Background Thread 1 ] DEBUG GameScene            - Game scene initialized: 1316x1007
16:35:44.543 [FXGL Background Thread 1 ] DEBUG FXGLAssetLoaderServi - Loading from file system: file:/E:/G2/java/final_project/team_project_1124/javaA-xiangqi-project-main/target/classes/assets/music/Whisper%20Records%20-%20%e5%8f%a4%e3%81%ae%e6%a3%ae.mp3
16:35:44.909 [FXGL Background Thread 1 ] DEBUG AudioPlayer          - Playing music com.almasb.fxgl.audio.Music@2af81376
16:35:44.915 [FXGL Background Thread 1 ] DEBUG FXGLAssetLoaderServi - Loading from file system: file:/E:/G2/java/final_project/team_project_1124/javaA-xiangqi-project-main/target/classes/assets/textures/Button1.png
16:35:44.933 [FXGL Background Thread 1 ] DEBUG FXGLAssetLoaderServi - Loading from file system: file:/E:/G2/java/final_project/team_project_1124/javaA-xiangqi-project-main/target/classes/assets/textures/Press.png
16:35:44.937 [FXGL Background Thread 1 ] DEBUG FXGLAssetLoaderServi - Loading from file system: file:/E:/G2/java/final_project/team_project_1124/javaA-xiangqi-project-main/target/classes/assets/sounds/%e6%8c%89%e9%92%ae%e9%9f%b3%e6%95%881.mp3
16:35:44.944 [FXGL Background Thread 1 ] DEBUG FXGLAssetLoaderServi - Loading from file system: file:/E:/G2/java/final_project/team_project_1124/javaA-xiangqi-project-main/target/classes/assets/ui/fonts/HYPixel11pxU-2.ttf
16:35:45.038 [FXGL Background Thread 1 ] DEBUG GameApplicationServi - Application scenes initialized
16:35:45.047 [FXGL Background Thread 1 ] DEBUG SystemBundleService  - Loading FXGL system data
16:35:45.050 [FXGL Background Thread 1 ] DEBUG FileSystemAccess     - Reading from: E:\G2\java\final_project\team_project_1124\javaA-xiangqi-project-main\system\fxgl.bundle
16:35:45.057 [FXGL Background Thread 1 ] DEBUG SystemBundleService  - Bundle FXGL: {}
16:35:45.057 [FXGL Background Thread 1 ] DEBUG UpdaterService       - Checking for updates
16:35:45.062 [FXGL Background Thread 4 ] DEBUG FXGLApplication      - Loading fonts
16:35:45.062 [FXGL Background Thread 4 ] DEBUG FXGLAssetLoaderServi - Loading from file system: jar:file:/C:/Users/%e5%b0%b9%e7%8e%ba%e9%aa%85/.m2/repository/com/github/almasb/fxgl/21.1/fxgl-21.1.jar!/fxglassets/ui/fonts/VarelaRound-Regular.ttf
16:35:45.063 [FXGL Background Thread 1 ] DEBUG FXGLApplication      - Loading default localization
16:35:45.063 [FXGL Background Thread 1 ] DEBUG FXGLAssetLoaderServi - Loading from file system: jar:file:/C:/Users/%e5%b0%b9%e7%8e%ba%e9%aa%85/.m2/repository/com/github/almasb/fxgl/21.1/fxgl-21.1.jar!/fxglassets/languages/english.lang
16:35:45.065 [FXGL Background Thread 4 ] DEBUG FXGLAssetLoaderServi - Loading from file system: jar:file:/C:/Users/%e5%b0%b9%e7%8e%ba%e9%aa%85/.m2/repository/com/github/almasb/fxgl/21.1/fxgl-21.1.jar!/fxglassets/ui/fonts/Abel-Regular.ttf
16:35:45.067 [FXGL Background Thread 4 ] DEBUG FXGLAssetLoaderServi - Loading from file system: jar:file:/C:/Users/%e5%b0%b9%e7%8e%ba%e9%aa%85/.m2/repository/com/github/almasb/fxgl/21.1/fxgl-21.1.jar!/fxglassets/ui/fonts/TerminalLandMono-Regular.otf
16:35:45.070 [FXGL Background Thread 4 ] DEBUG FXGLAssetLoaderServi - Loading from file system: jar:file:/C:/Users/%e5%b0%b9%e7%8e%ba%e9%aa%85/.m2/repository/com/github/almasb/fxgl/21.1/fxgl-21.1.jar!/fxglassets/ui/fonts/Courier-Prime.ttf
16:35:45.076 [JavaFX Application Thread] DEBUG FXGLApplication      - Registering font factories with UI factory
16:35:45.098 [FXGL Background Thread 1 ] INFO  FXGLApplication      - FXGL initialization took: 0.797 sec
16:35:45.104 [JavaFX Application Thread] DEBUG Input                - Registered new binding: Click - LMB
16:35:45.105 [JavaFX Application Thread] DEBUG FXGLAssetLoaderServi - Loading from file system: jar:file:/C:/Users/%e5%b0%b9%e7%8e%ba%e9%aa%85/.m2/repository/com/github/almasb/fxgl/21.1/fxgl-21.1.jar!/fxglassets/textures/fxgl_icon.png
16:35:45.124 [JavaFX Application Thread] DEBUG FXGLAssetLoaderServi - Loading from file system: jar:file:/C:/Users/%e5%b0%b9%e7%8e%ba%e9%aa%85/.m2/repository/com/github/almasb/fxgl/21.1/fxgl-21.1.jar!/fxglassets/textures/fxgl_default_cursor.png
16:35:45.130 [JavaFX Application Thread] DEBUG Input                - Registered new binding: Screenshot - CTRL+8
16:35:45.134 [JavaFX Application Thread] DEBUG Input                - Registered new binding: System info dump - CTRL+9
16:35:45.135 [JavaFX Application Thread] DEBUG Input                - Registered new binding: Restart - CTRL+R
16:35:45.135 [JavaFX Application Thread] DEBUG Input                - Registered new binding: Toggle Debug Camera - CTRL+7
16:35:45.139 [JavaFX Application Thread] DEBUG LoopRunner           - Starting loop
16:35:45.139 [JavaFX Application Thread] DEBUG LoopRunner           - Initializing JavaFX AnimationTimerLoop
16:35:45.142 [JavaFX Application Thread] DEBUG Input                - Clearing active input actions
16:35:45.160 [JavaFX Application Thread] DEBUG GameApplicationServi - Removing overlay from FXGLStartupScene and adding to FXGLMainMenuDummyScene
16:35:45.160 [JavaFX Application Thread] DEBUG PrimaryStageWindow   - FXGLStartupScene -> FXGLMainMenuDummyScene
16:35:45.160 [JavaFX Application Thread] DEBUG PrimaryStageWindow   - Push state: MainMenuScene
16:35:45.161 [JavaFX Application Thread] DEBUG Input                - Clearing active input actions
16:35:45.171 [JavaFX Application Thread] DEBUG GameApplicationServi - Removing overlay from FXGLMainMenuDummyScene and adding to MainMenuScene
16:35:45.172 [JavaFX Application Thread] DEBUG PrimaryStageWindow   - FXGLMainMenuDummyScene -> MainMenuScene
16:35:47.931 [JavaFX Application Thread] DEBUG FXGLApplication      - Exiting FXGL
16:35:47.931 [JavaFX Application Thread] DEBUG LoopRunner           - Stopping loop
16:35:47.931 [JavaFX Application Thread] DEBUG SystemBundleService  - Saving FXGL system data
16:35:47.932 [JavaFX Application Thread] DEBUG FileSystemAccess     - Writing to: E:\G2\java\final_project\team_project_1124\javaA-xiangqi-project-main\system\fxgl.bundle
16:35:47.933 [JavaFX Application Thread] DEBUG Async                - Shutting down background threads
16:35:47.933 [JavaFX Application Thread] DEBUG PrimaryStageWindow   - Closing main window
16:35:47.947 [JavaFX Application Thread] DEBUG Logger               - Closing Logger
