14:59:54.753 [main                     ] DEBUG Logger               - Configured Logger
14:59:54.775 [main                     ] DEBUG GameApplication      - Logging settings
Title: 中国象棋 1.0
Version: 1.0
Width: 1316
Height: 1007
Fullscreen: false
Intro: false
Profiling: false
Single step:false
App Mode: DEVELOPER
Menu Key: ESCAPE
Stage Style: DECORATED
Scene Factory: class edu.sustech.xiangqi.XiangQiApp$1

14:59:55.666 [JavaFX Application Thread] DEBUG FXGLApplication      - Initializing FXGL
14:59:55.669 [JavaFX Application Thread] INFO  Engine               - FXGL-21.1 (27.03.2024 07.52) on WINDOWS (J:23.0.2 FX:21.0.1)
14:59:55.669 [JavaFX Application Thread] DEBUG Engine               - JRE Vendor Name: Amazon.com Inc.
14:59:55.669 [JavaFX Application Thread] DEBUG Engine               - Running on OS: Windows 11 version 10.0
14:59:55.669 [JavaFX Application Thread] DEBUG Engine               - Architecture: amd64
14:59:55.669 [JavaFX Application Thread] INFO  Engine               - Source code and latest versions at: https://github.com/AlmasB/FXGL
14:59:55.670 [JavaFX Application Thread] INFO  Engine               -       Ask questions and discuss at: https://github.com/AlmasB/FXGL/discussions
14:59:55.670 [JavaFX Application Thread] INFO  Engine               -              Join the FXGL chat at: https://gitter.im/AlmasB/FXGL
14:59:55.787 [JavaFX Application Thread] DEBUG PrimaryStageWindow   - Creating a JavaFX scene
14:59:55.847 [JavaFX Application Thread] DEBUG PrimaryStageWindow   - Target settings size: 1316.0 x 1007.0
14:59:55.847 [JavaFX Application Thread] DEBUG PrimaryStageWindow   - Scaled scene size:    1316.0 x 1007.0
14:59:55.847 [JavaFX Application Thread] DEBUG PrimaryStageWindow   - Scaled ratio: (1.0, 1.0)
14:59:55.852 [JavaFX Application Thread] DEBUG PrimaryStageWindow   - Set initial scene to FXGLStartupScene
14:59:55.856 [JavaFX Application Thread] DEBUG PrimaryStageWindow   - Opening main window
14:59:56.021 [JavaFX Application Thread] DEBUG PrimaryStageWindow   - Window border size: (14.6666259765625, 37.6666259765625)
14:59:56.021 [JavaFX Application Thread] DEBUG PrimaryStageWindow   - Scaled size: 1316.0 x 1007.0
14:59:56.021 [JavaFX Application Thread] DEBUG PrimaryStageWindow   - Scaled ratio: (1.0, 1.0)
14:59:56.021 [JavaFX Application Thread] DEBUG PrimaryStageWindow   - Scene size: 1316.0 x 1007.0
14:59:56.022 [JavaFX Application Thread] DEBUG PrimaryStageWindow   - Stage size: 1330.6666259765625 x 1044.6666259765625
14:59:56.029 [FXGL Background Thread 1 ] DEBUG Engine               - Initializing environment variables
14:59:56.093 [FXGL Background Thread 1 ] DEBUG FXGLAssetLoaderServi - User app class for loading assets: class edu.sustech.xiangqi.XiangQiApp
14:59:56.093 [FXGL Background Thread 1 ] DEBUG GameApplicationServi - Applying CSS: fxgl_dark.css
14:59:56.095 [FXGL Background Thread 1 ] DEBUG FXGLAssetLoaderServi - Loading from file system: jar:file:/C:/Users/%e5%b0%b9%e7%8e%ba%e9%aa%85/.m2/repository/com/github/almasb/fxgl/21.1/fxgl-21.1.jar!/fxglassets/ui/css/fxgl_dark.css
14:59:56.146 [FXGL Background Thread 1 ] DEBUG GameApplicationServi - Initializing application scenes
14:59:56.247 [FXGL Background Thread 1 ] DEBUG GameWorld            - Game world initialized
14:59:56.328 [FXGL Background Thread 1 ] DEBUG PhysicsWorld         - Physics world initialized: appHeight=1007, physics.ppm=50.0
14:59:56.328 [FXGL Background Thread 1 ] DEBUG PhysicsWorld         - Using strategy: BRUTE_FORCE
14:59:56.333 [FXGL Background Thread 1 ] DEBUG GameScene            - Game scene initialized: 1316x1007
14:59:56.348 [FXGL Background Thread 1 ] DEBUG FXGLAssetLoaderServi - Loading from file system: file:/E:/G2/java/final_project/team_project_1124/javaA-xiangqi-project-main/target/classes/assets/ui/fonts/HYPixel11pxU-2.ttf
14:59:56.379 [FXGL Background Thread 1 ] DEBUG FXGLAssetLoaderServi - Loading from file system: file:/E:/G2/java/final_project/team_project_1124/javaA-xiangqi-project-main/target/classes/assets/textures/Button1.png
14:59:56.402 [FXGL Background Thread 1 ] DEBUG FXGLAssetLoaderServi - Loading from file system: file:/E:/G2/java/final_project/team_project_1124/javaA-xiangqi-project-main/target/classes/assets/textures/Press.png
14:59:56.506 [FXGL Background Thread 1 ] DEBUG GameApplicationServi - Application scenes initialized
14:59:56.523 [FXGL Background Thread 1 ] DEBUG SystemBundleService  - Loading FXGL system data
14:59:56.525 [FXGL Background Thread 1 ] DEBUG FileSystemAccess     - Reading from: E:\G2\java\final_project\team_project_1124\javaA-xiangqi-project-main\system\fxgl.bundle
14:59:56.527 [FXGL Background Thread 1 ] DEBUG SystemBundleService  - Bundle FXGL: {}
14:59:56.527 [FXGL Background Thread 1 ] DEBUG UpdaterService       - Checking for updates
14:59:56.539 [FXGL Background Thread 4 ] DEBUG FXGLApplication      - Loading fonts
14:59:56.540 [FXGL Background Thread 4 ] DEBUG FXGLAssetLoaderServi - Loading from file system: jar:file:/C:/Users/%e5%b0%b9%e7%8e%ba%e9%aa%85/.m2/repository/com/github/almasb/fxgl/21.1/fxgl-21.1.jar!/fxglassets/ui/fonts/VarelaRound-Regular.ttf
14:59:56.542 [FXGL Background Thread 1 ] DEBUG FXGLApplication      - Loading default localization
14:59:56.542 [FXGL Background Thread 1 ] DEBUG FXGLAssetLoaderServi - Loading from file system: jar:file:/C:/Users/%e5%b0%b9%e7%8e%ba%e9%aa%85/.m2/repository/com/github/almasb/fxgl/21.1/fxgl-21.1.jar!/fxglassets/languages/english.lang
14:59:56.545 [FXGL Background Thread 4 ] DEBUG FXGLAssetLoaderServi - Loading from file system: jar:file:/C:/Users/%e5%b0%b9%e7%8e%ba%e9%aa%85/.m2/repository/com/github/almasb/fxgl/21.1/fxgl-21.1.jar!/fxglassets/ui/fonts/Abel-Regular.ttf
14:59:56.549 [FXGL Background Thread 4 ] DEBUG FXGLAssetLoaderServi - Loading from file system: jar:file:/C:/Users/%e5%b0%b9%e7%8e%ba%e9%aa%85/.m2/repository/com/github/almasb/fxgl/21.1/fxgl-21.1.jar!/fxglassets/ui/fonts/TerminalLandMono-Regular.otf
14:59:56.553 [FXGL Background Thread 4 ] DEBUG FXGLAssetLoaderServi - Loading from file system: jar:file:/C:/Users/%e5%b0%b9%e7%8e%ba%e9%aa%85/.m2/repository/com/github/almasb/fxgl/21.1/fxgl-21.1.jar!/fxglassets/ui/fonts/Courier-Prime.ttf
14:59:56.561 [JavaFX Application Thread] DEBUG FXGLApplication      - Registering font factories with UI factory
14:59:56.622 [FXGL Background Thread 1 ] INFO  FXGLApplication      - FXGL initialization took: 0.592 sec
14:59:56.634 [JavaFX Application Thread] DEBUG Input                - Registered new binding: Click - LMB
14:59:56.636 [JavaFX Application Thread] DEBUG FXGLAssetLoaderServi - Loading from file system: jar:file:/C:/Users/%e5%b0%b9%e7%8e%ba%e9%aa%85/.m2/repository/com/github/almasb/fxgl/21.1/fxgl-21.1.jar!/fxglassets/textures/fxgl_icon.png
14:59:56.663 [JavaFX Application Thread] DEBUG FXGLAssetLoaderServi - Loading from file system: jar:file:/C:/Users/%e5%b0%b9%e7%8e%ba%e9%aa%85/.m2/repository/com/github/almasb/fxgl/21.1/fxgl-21.1.jar!/fxglassets/textures/fxgl_default_cursor.png
14:59:56.681 [JavaFX Application Thread] DEBUG Input                - Registered new binding: Screenshot - CTRL+8
14:59:56.683 [JavaFX Application Thread] DEBUG Input                - Registered new binding: System info dump - CTRL+9
14:59:56.683 [JavaFX Application Thread] DEBUG Input                - Registered new binding: Restart - CTRL+R
14:59:56.686 [JavaFX Application Thread] DEBUG Input                - Registered new binding: Toggle Debug Camera - CTRL+7
14:59:56.695 [JavaFX Application Thread] DEBUG LoopRunner           - Starting loop
14:59:56.695 [JavaFX Application Thread] DEBUG LoopRunner           - Initializing JavaFX AnimationTimerLoop
14:59:56.703 [JavaFX Application Thread] DEBUG Input                - Clearing active input actions
14:59:56.712 [JavaFX Application Thread] DEBUG GameApplicationServi - Removing overlay from FXGLStartupScene and adding to FXGLMainMenuDummyScene
14:59:56.713 [JavaFX Application Thread] DEBUG PrimaryStageWindow   - FXGLStartupScene -> FXGLMainMenuDummyScene
14:59:56.713 [JavaFX Application Thread] DEBUG PrimaryStageWindow   - Push state: MainMenuScene
14:59:56.714 [JavaFX Application Thread] DEBUG Input                - Clearing active input actions
14:59:56.723 [JavaFX Application Thread] DEBUG GameApplicationServi - Removing overlay from FXGLMainMenuDummyScene and adding to MainMenuScene
14:59:56.724 [JavaFX Application Thread] DEBUG PrimaryStageWindow   - FXGLMainMenuDummyScene -> MainMenuScene
14:59:57.028 [JavaFX Application Thread] DEBUG FXGLAssetLoaderServi - Loading from file system: file:/E:/G2/java/final_project/team_project_1124/javaA-xiangqi-project-main/target/classes/assets/music/%e6%8c%89%e9%92%ae%e9%9f%b3%e6%95%881.mp3
14:59:57.672 [JavaFX Application Thread] DEBUG AudioPlayer          - Playing music com.almasb.fxgl.audio.Music@22856a12
14:59:57.731 [JavaFX Application Thread] DEBUG AudioPlayer          - Playing music com.almasb.fxgl.audio.Music@22856a12
14:59:58.140 [JavaFX Application Thread] DEBUG AudioPlayer          - Playing music com.almasb.fxgl.audio.Music@22856a12
14:59:58.324 [JavaFX Application Thread] DEBUG AudioPlayer          - Playing music com.almasb.fxgl.audio.Music@22856a12
14:59:59.057 [JavaFX Application Thread] DEBUG AudioPlayer          - Playing music com.almasb.fxgl.audio.Music@22856a12
14:59:59.537 [FXGL Background Thread 3 ] DEBUG Engine               - Logging environment variables
14:59:59.538 [FXGL Background Thread 3 ] DEBUG Engine               - achievements: []
14:59:59.538 [FXGL Background Thread 3 ] DEBUG Engine               - actualHeight: 1007.0
14:59:59.538 [FXGL Background Thread 3 ] DEBUG Engine               - actualHeightProperty: ReadOnlyDoubleProperty [value: 1007.0]
14:59:59.538 [FXGL Background Thread 3 ] DEBUG Engine               - actualWidth: 1316.0
14:59:59.539 [FXGL Background Thread 3 ] DEBUG Engine               - actualWidthProperty: ReadOnlyDoubleProperty [value: 1316.0]
14:59:59.539 [FXGL Background Thread 3 ] DEBUG Engine               - appIcon: fxgl_icon.png
14:59:59.539 [FXGL Background Thread 3 ] DEBUG Engine               - applicationMode: DEVELOPER
14:59:59.539 [FXGL Background Thread 3 ] DEBUG Engine               - cSSList: [fxgl_dark.css]
14:59:59.539 [FXGL Background Thread 3 ] DEBUG Engine               - collisionDetectionStrategy: BRUTE_FORCE
14:59:59.539 [FXGL Background Thread 3 ] DEBUG Engine               - configClass: Optional.empty
14:59:59.539 [FXGL Background Thread 3 ] DEBUG Engine               - credits: []
14:59:59.543 [FXGL Background Thread 3 ] DEBUG Engine               - defaultCursor: CursorInfo(imageName=fxgl_default_cursor.png, hotspotX=7.0, hotspotY=6.0)
14:59:59.543 [FXGL Background Thread 3 ] DEBUG Engine               - devBBoxColorProperty: ObjectProperty [value: 0xff0000ff]
14:59:59.543 [FXGL Background Thread 3 ] DEBUG Engine               - devEnableDebugCameraProperty: BooleanProperty [value: false]
14:59:59.544 [FXGL Background Thread 3 ] DEBUG Engine               - devSensorColorProperty: ObjectProperty [value: 0xffff00ff]
14:59:59.544 [FXGL Background Thread 3 ] DEBUG Engine               - devShowBBoxProperty: BooleanProperty [value: false]
14:59:59.544 [FXGL Background Thread 3 ] DEBUG Engine               - devShowPositionProperty: BooleanProperty [value: false]
14:59:59.544 [FXGL Background Thread 3 ] DEBUG Engine               - enabledMenuItems: []
14:59:59.545 [FXGL Background Thread 3 ] DEBUG Engine               - engineServices: [class com.almasb.fxgl.app.services.FXGLAssetLoaderService, class com.almasb.fxgl.app.FXGLApplication$GameApplicationService, class com.almasb.fxgl.app.services.FXGLDialogService, class com.almasb.fxgl.app.services.IOTaskExecutorService, class com.almasb.fxgl.io.FileSystemService, class com.almasb.fxgl.localization.LocalizationService, class com.almasb.fxgl.app.services.SystemBundleService, class com.almasb.fxgl.profile.SaveLoadService, class com.almasb.fxgl.ui.FXGLUIFactoryServiceProvider, class com.almasb.fxgl.ui.FXGLDialogFactoryServiceProvider, class com.almasb.fxgl.audio.AudioPlayer, class com.almasb.fxgl.notification.impl.NotificationServiceProvider, class com.almasb.fxgl.achievement.AchievementService, class com.almasb.fxgl.cutscene.CutsceneService, class com.almasb.fxgl.minigames.MiniGameService, class com.almasb.fxgl.net.NetService, class com.almasb.fxgl.app.services.UpdaterService, class com.almasb.fxgl.dev.DevService]
14:59:59.545 [FXGL Background Thread 3 ] DEBUG Engine               - fontGame: Abel-Regular.ttf
14:59:59.545 [FXGL Background Thread 3 ] DEBUG Engine               - fontMono: TerminalLandMono-Regular.otf
14:59:59.545 [FXGL Background Thread 3 ] DEBUG Engine               - fontSizeScaleUI: 1.0
14:59:59.545 [FXGL Background Thread 3 ] DEBUG Engine               - fontText: Courier-Prime.ttf
14:59:59.545 [FXGL Background Thread 3 ] DEBUG Engine               - fontUI: VarelaRound-Regular.ttf
14:59:59.545 [FXGL Background Thread 3 ] DEBUG Engine               - fullScreen: BooleanProperty [value: false]
14:59:59.545 [FXGL Background Thread 3 ] DEBUG Engine               - gameDifficulty: MEDIUM
14:59:59.545 [FXGL Background Thread 3 ] DEBUG Engine               - gameDifficultyProperty: ObjectProperty [value: MEDIUM]
14:59:59.545 [FXGL Background Thread 3 ] DEBUG Engine               - globalMusicVolume: 0.5
14:59:59.545 [FXGL Background Thread 3 ] DEBUG Engine               - globalMusicVolumeProperty: DoubleProperty [value: 0.5]
14:59:59.545 [FXGL Background Thread 3 ] DEBUG Engine               - globalSoundVolume: 0.5
14:59:59.545 [FXGL Background Thread 3 ] DEBUG Engine               - globalSoundVolumeProperty: DoubleProperty [value: 0.5]
14:59:59.546 [FXGL Background Thread 3 ] DEBUG Engine               - height: 1007
14:59:59.546 [FXGL Background Thread 3 ] DEBUG Engine               - is3D: false
14:59:59.546 [FXGL Background Thread 3 ] DEBUG Engine               - isAndroid: false
14:59:59.546 [FXGL Background Thread 3 ] DEBUG Engine               - isBrowser: false
14:59:59.546 [FXGL Background Thread 3 ] DEBUG Engine               - isClickFeedbackEnabled: false
14:59:59.546 [FXGL Background Thread 3 ] DEBUG Engine               - isCloseConfirmation: false
14:59:59.546 [FXGL Background Thread 3 ] DEBUG Engine               - isDesktop: true
14:59:59.546 [FXGL Background Thread 3 ] DEBUG Engine               - isDeveloperMenuEnabled: false
14:59:59.546 [FXGL Background Thread 3 ] DEBUG Engine               - isEmbedded: false
14:59:59.546 [FXGL Background Thread 3 ] DEBUG Engine               - isEntityPreloadEnabled: true
14:59:59.546 [FXGL Background Thread 3 ] DEBUG Engine               - isExperimentalTiledLargeMap: false
14:59:59.546 [FXGL Background Thread 3 ] DEBUG Engine               - isFileSystemWriteAllowed: true
14:59:59.546 [FXGL Background Thread 3 ] DEBUG Engine               - isFullScreenAllowed: false
14:59:59.546 [FXGL Background Thread 3 ] DEBUG Engine               - isFullScreenFromStart: false
14:59:59.546 [FXGL Background Thread 3 ] DEBUG Engine               - isGameMenuEnabled: true
14:59:59.547 [FXGL Background Thread 3 ] DEBUG Engine               - isIOS: false
14:59:59.547 [FXGL Background Thread 3 ] DEBUG Engine               - isIntroEnabled: false
14:59:59.547 [FXGL Background Thread 3 ] DEBUG Engine               - isLinux: false
14:59:59.547 [FXGL Background Thread 3 ] DEBUG Engine               - isMac: false
14:59:59.547 [FXGL Background Thread 3 ] DEBUG Engine               - isMainMenuEnabled: true
14:59:59.547 [FXGL Background Thread 3 ] DEBUG Engine               - isManualResizeEnabled: false
14:59:59.547 [FXGL Background Thread 3 ] DEBUG Engine               - isMobile: false
14:59:59.547 [FXGL Background Thread 3 ] DEBUG Engine               - isNative: false
14:59:59.547 [FXGL Background Thread 3 ] DEBUG Engine               - isPauseMusicWhenMinimized: true
14:59:59.547 [FXGL Background Thread 3 ] DEBUG Engine               - isPreserveResizeRatio: false
14:59:59.547 [FXGL Background Thread 3 ] DEBUG Engine               - isProfilingEnabled: false
14:59:59.547 [FXGL Background Thread 3 ] DEBUG Engine               - isScaleAffectedOnResize: true
14:59:59.547 [FXGL Background Thread 3 ] DEBUG Engine               - isSingleStep: false
14:59:59.547 [FXGL Background Thread 3 ] DEBUG Engine               - isUserProfileEnabled: false
14:59:59.547 [FXGL Background Thread 3 ] DEBUG Engine               - isWindows: true
14:59:59.547 [FXGL Background Thread 3 ] DEBUG Engine               - language: ObjectProperty [value: ENGLISH]
14:59:59.547 [FXGL Background Thread 3 ] DEBUG Engine               - menuKey: ESCAPE
14:59:59.547 [FXGL Background Thread 3 ] DEBUG Engine               - mouseSensitivity: 0.2
14:59:59.547 [FXGL Background Thread 3 ] DEBUG Engine               - notificationViewClass: class com.almasb.fxgl.notification.view.XboxNotificationView
14:59:59.547 [FXGL Background Thread 3 ] DEBUG Engine               - pixelsPerMeter: 50.0
14:59:59.547 [FXGL Background Thread 3 ] DEBUG Engine               - platform: WINDOWS
14:59:59.547 [FXGL Background Thread 3 ] DEBUG Engine               - prefHeightProperty: ReadOnlyDoubleProperty [value: 1007.0]
14:59:59.547 [FXGL Background Thread 3 ] DEBUG Engine               - prefWidthProperty: ReadOnlyDoubleProperty [value: 1316.0]
14:59:59.547 [FXGL Background Thread 3 ] DEBUG Engine               - profileDir: profiles/
14:59:59.547 [FXGL Background Thread 3 ] DEBUG Engine               - profileName: StringProperty [value: DEFAULT]
14:59:59.548 [FXGL Background Thread 3 ] DEBUG Engine               - randomSeed: -1
14:59:59.548 [FXGL Background Thread 3 ] DEBUG Engine               - runtimeInfo: RuntimeInfo(platform=WINDOWS, version=21.1, build=27.03.2024 07.52)
14:59:59.548 [FXGL Background Thread 3 ] DEBUG Engine               - saveFileExt: sav
14:59:59.548 [FXGL Background Thread 3 ] DEBUG Engine               - scaledHeightProp$fxgl: DoubleProperty [bound, value: 1007.0]
14:59:59.548 [FXGL Background Thread 3 ] DEBUG Engine               - scaledWidthProp$fxgl: DoubleProperty [bound, value: 1316.0]
14:59:59.548 [FXGL Background Thread 3 ] DEBUG Engine               - sceneFactory: edu.sustech.xiangqi.XiangQiApp$1@452515ec
14:59:59.548 [FXGL Background Thread 3 ] DEBUG Engine               - secondsIn24h: 60
14:59:59.548 [FXGL Background Thread 3 ] DEBUG Engine               - soundMenuBack: menu/back.wav
14:59:59.548 [FXGL Background Thread 3 ] DEBUG Engine               - soundMenuPress: menu/press.wav
14:59:59.548 [FXGL Background Thread 3 ] DEBUG Engine               - soundMenuSelect: menu/select.wav
14:59:59.548 [FXGL Background Thread 3 ] DEBUG Engine               - soundNotification: core/notification.wav
14:59:59.548 [FXGL Background Thread 3 ] DEBUG Engine               - stageStyle: DECORATED
14:59:59.548 [FXGL Background Thread 3 ] DEBUG Engine               - supportedLanguages: [ENGLISH, FRENCH, GERMAN, HUNGARIAN, RUSSIAN]
14:59:59.548 [FXGL Background Thread 3 ] DEBUG Engine               - ticksPerSecond: -1
14:59:59.548 [FXGL Background Thread 3 ] DEBUG Engine               - title: 中国象棋 1.0
14:59:59.548 [FXGL Background Thread 3 ] DEBUG Engine               - urlGithub: https://github.com/AlmasB/FXGL
14:59:59.549 [FXGL Background Thread 3 ] DEBUG Engine               - urlLeaderboard: http://fxgl-top.herokuapp.com/
14:59:59.549 [FXGL Background Thread 3 ] DEBUG Engine               - urlPOM: https://raw.githubusercontent.com/AlmasB/FXGL/release/README.md
14:59:59.549 [FXGL Background Thread 3 ] DEBUG Engine               - userAppClass: class edu.sustech.xiangqi.XiangQiApp
14:59:59.549 [FXGL Background Thread 3 ] DEBUG Engine               - version: 1.0
14:59:59.549 [FXGL Background Thread 3 ] DEBUG Engine               - versionCheckDays: 7
14:59:59.549 [FXGL Background Thread 3 ] DEBUG Engine               - width: 1316
14:59:59.549 [FXGL Background Thread 3 ] DEBUG Engine               - Logging services
14:59:59.549 [FXGL Background Thread 3 ] DEBUG Engine               - class com.almasb.fxgl.app.services.FXGLAssetLoaderService
14:59:59.549 [FXGL Background Thread 3 ] DEBUG Engine               - class com.almasb.fxgl.app.FXGLApplication$GameApplicationService
14:59:59.549 [FXGL Background Thread 3 ] DEBUG Engine               - class com.almasb.fxgl.app.services.FXGLDialogService
14:59:59.549 [FXGL Background Thread 3 ] DEBUG Engine               - class com.almasb.fxgl.app.services.IOTaskExecutorService
14:59:59.549 [FXGL Background Thread 3 ] DEBUG Engine               - class com.almasb.fxgl.io.FileSystemService
14:59:59.549 [FXGL Background Thread 3 ] DEBUG Engine               - class com.almasb.fxgl.localization.LocalizationService
14:59:59.549 [FXGL Background Thread 3 ] DEBUG Engine               - class com.almasb.fxgl.app.services.SystemBundleService
14:59:59.549 [FXGL Background Thread 3 ] DEBUG Engine               - class com.almasb.fxgl.profile.SaveLoadService
14:59:59.549 [FXGL Background Thread 3 ] DEBUG Engine               - class com.almasb.fxgl.ui.FXGLUIFactoryServiceProvider
14:59:59.549 [FXGL Background Thread 3 ] DEBUG Engine               - class com.almasb.fxgl.ui.FXGLDialogFactoryServiceProvider
14:59:59.549 [FXGL Background Thread 3 ] DEBUG Engine               - class com.almasb.fxgl.audio.AudioPlayer
14:59:59.549 [FXGL Background Thread 3 ] DEBUG Engine               - class com.almasb.fxgl.notification.impl.NotificationServiceProvider
14:59:59.549 [FXGL Background Thread 3 ] DEBUG Engine               - class com.almasb.fxgl.achievement.AchievementService
14:59:59.549 [FXGL Background Thread 3 ] DEBUG Engine               - class com.almasb.fxgl.cutscene.CutsceneService
14:59:59.549 [FXGL Background Thread 3 ] DEBUG Engine               - class com.almasb.fxgl.minigames.MiniGameService
14:59:59.549 [FXGL Background Thread 3 ] DEBUG Engine               - class com.almasb.fxgl.net.NetService
14:59:59.549 [FXGL Background Thread 3 ] DEBUG Engine               - class com.almasb.fxgl.app.services.UpdaterService
14:59:59.549 [FXGL Background Thread 3 ] DEBUG Engine               - class com.almasb.fxgl.dev.DevService
15:00:00.126 [JavaFX Application Thread] DEBUG Menu                 - fireNewGame()
15:00:00.126 [JavaFX Application Thread] DEBUG GameApplicationServi - Starting new game
15:00:00.126 [JavaFX Application Thread] DEBUG PrimaryStageWindow   - Pop state: MainMenuScene
15:00:00.126 [JavaFX Application Thread] DEBUG Input                - Clearing active input actions
15:00:00.127 [JavaFX Application Thread] DEBUG GameApplicationServi - Removing overlay from MainMenuScene and adding to FXGLMainMenuDummyScene
15:00:00.127 [JavaFX Application Thread] DEBUG PrimaryStageWindow   - FXGLMainMenuDummyScene <- MainMenuScene
15:00:00.127 [JavaFX Application Thread] DEBUG Input                - Clearing active input actions
15:00:00.140 [JavaFX Application Thread] DEBUG GameApplicationServi - Removing overlay from FXGLMainMenuDummyScene and adding to FXGLLoadingScene
15:00:00.140 [JavaFX Application Thread] DEBUG PrimaryStageWindow   - FXGLMainMenuDummyScene -> FXGLLoadingScene
15:00:00.140 [JavaFX Application Thread] DEBUG GameApplicationServi - Clearing previous game
15:00:00.140 [JavaFX Application Thread] DEBUG GameScene            - Clearing game scene
15:00:00.140 [JavaFX Application Thread] DEBUG GameWorld            - Clearing game world
15:00:00.140 [JavaFX Application Thread] DEBUG PhysicsWorld         - Clearing physics world
15:00:00.159 [FXGL Background Thread 2 ] DEBUG FXGLApplication      - Initializing game
15:00:00.239 [FXGL Background Thread 2 ] DEBUG FXGLAssetLoaderServi - Loading from file system: file:/E:/G2/java/final_project/team_project_1124/javaA-xiangqi-project-main/target/classes/assets/textures/%e8%83%8c%e6%99%af.jpg
15:00:00.365 [FXGL Background Thread 2 ] DEBUG FXGLAssetLoaderServi - Loading from file system: file:/E:/G2/java/final_project/team_project_1124/javaA-xiangqi-project-main/target/classes/assets/textures/ChessBoard.png
15:00:00.398 [FXGL Background Thread 2 ] DEBUG FXGLAssetLoaderServi - Loading from file system: file:/E:/G2/java/final_project/team_project_1124/javaA-xiangqi-project-main/target/classes/assets/textures/BlackChariot.png
15:00:00.426 [FXGL Background Thread 2 ] DEBUG FXGLAssetLoaderServi - Loading from file system: file:/E:/G2/java/final_project/team_project_1124/javaA-xiangqi-project-main/target/classes/assets/textures/BlackHorse.png
15:00:00.429 [FXGL Background Thread 2 ] DEBUG FXGLAssetLoaderServi - Loading from file system: file:/E:/G2/java/final_project/team_project_1124/javaA-xiangqi-project-main/target/classes/assets/textures/BlackElephant.png
15:00:00.433 [FXGL Background Thread 2 ] DEBUG FXGLAssetLoaderServi - Loading from file system: file:/E:/G2/java/final_project/team_project_1124/javaA-xiangqi-project-main/target/classes/assets/textures/BlackAdvisor.png
15:00:00.435 [FXGL Background Thread 2 ] DEBUG FXGLAssetLoaderServi - Loading from file system: file:/E:/G2/java/final_project/team_project_1124/javaA-xiangqi-project-main/target/classes/assets/textures/BlackGeneral.png
15:00:00.442 [FXGL Background Thread 2 ] DEBUG FXGLAssetLoaderServi - Loading from file system: file:/E:/G2/java/final_project/team_project_1124/javaA-xiangqi-project-main/target/classes/assets/textures/BlackCannon.png
15:00:00.446 [FXGL Background Thread 2 ] DEBUG FXGLAssetLoaderServi - Loading from file system: file:/E:/G2/java/final_project/team_project_1124/javaA-xiangqi-project-main/target/classes/assets/textures/BlackSoldier.png
15:00:00.452 [FXGL Background Thread 2 ] DEBUG FXGLAssetLoaderServi - Loading from file system: file:/E:/G2/java/final_project/team_project_1124/javaA-xiangqi-project-main/target/classes/assets/textures/RedSoldier.png
15:00:00.456 [FXGL Background Thread 2 ] DEBUG FXGLAssetLoaderServi - Loading from file system: file:/E:/G2/java/final_project/team_project_1124/javaA-xiangqi-project-main/target/classes/assets/textures/RedCannon.png
15:00:00.460 [FXGL Background Thread 2 ] DEBUG FXGLAssetLoaderServi - Loading from file system: file:/E:/G2/java/final_project/team_project_1124/javaA-xiangqi-project-main/target/classes/assets/textures/RedChariot.png
15:00:00.462 [FXGL Background Thread 2 ] DEBUG FXGLAssetLoaderServi - Loading from file system: file:/E:/G2/java/final_project/team_project_1124/javaA-xiangqi-project-main/target/classes/assets/textures/RedHorse.png
15:00:00.465 [FXGL Background Thread 2 ] DEBUG FXGLAssetLoaderServi - Loading from file system: file:/E:/G2/java/final_project/team_project_1124/javaA-xiangqi-project-main/target/classes/assets/textures/RedElephant.png
15:00:00.467 [FXGL Background Thread 2 ] DEBUG FXGLAssetLoaderServi - Loading from file system: file:/E:/G2/java/final_project/team_project_1124/javaA-xiangqi-project-main/target/classes/assets/textures/RedAdvisor.png
15:00:00.469 [FXGL Background Thread 2 ] DEBUG FXGLAssetLoaderServi - Loading from file system: file:/E:/G2/java/final_project/team_project_1124/javaA-xiangqi-project-main/target/classes/assets/textures/RedGeneral.png
15:00:00.478 [FXGL Background Thread 2 ] INFO  FXGLApplication      - Game initialization took: 0.319 sec
15:00:00.478 [JavaFX Application Thread] DEBUG Input                - Clearing active input actions
15:00:00.485 [JavaFX Application Thread] DEBUG GameApplicationServi - Removing overlay from FXGLLoadingScene and adding to GameScene
15:00:00.485 [JavaFX Application Thread] DEBUG PrimaryStageWindow   - FXGLLoadingScene -> GameScene
15:00:01.143 [JavaFX Application Thread] DEBUG FXGLAssetLoaderServi - Loading from file system: file:/E:/G2/java/final_project/team_project_1124/javaA-xiangqi-project-main/target/classes/assets/textures/%e9%80%89%e4%b8%ad.png
15:00:17.548 [JavaFX Application Thread] DEBUG AudioPlayer          - Playing music com.almasb.fxgl.audio.Music@22856a12
15:00:17.592 [JavaFX Application Thread] DEBUG AudioPlayer          - Playing music com.almasb.fxgl.audio.Music@22856a12
15:00:19.857 [JavaFX Application Thread] DEBUG PrimaryStageWindow   - Push state: InGameMenuScene
15:00:19.857 [JavaFX Application Thread] DEBUG Input                - Clearing active input actions
15:00:19.861 [JavaFX Application Thread] DEBUG GameApplicationServi - Removing overlay from GameScene and adding to InGameMenuScene
15:00:19.863 [JavaFX Application Thread] DEBUG PrimaryStageWindow   - GameScene -> InGameMenuScene
15:00:20.826 [JavaFX Application Thread] DEBUG Menu                 - fireExitToMainMenu()
15:00:20.829 [JavaFX Application Thread] DEBUG PrimaryStageWindow   - Push state: DialogSubScene
15:00:20.830 [JavaFX Application Thread] DEBUG Input                - Clearing active input actions
15:00:20.830 [JavaFX Application Thread] DEBUG GameApplicationServi - Removing overlay from InGameMenuScene and adding to DialogSubScene
15:00:20.830 [JavaFX Application Thread] DEBUG PrimaryStageWindow   - InGameMenuScene -> DialogSubScene
15:00:21.669 [JavaFX Application Thread] DEBUG PrimaryStageWindow   - Pop state: DialogSubScene
15:00:21.669 [JavaFX Application Thread] DEBUG Input                - Clearing active input actions
15:00:21.670 [JavaFX Application Thread] DEBUG GameApplicationServi - Removing overlay from DialogSubScene and adding to InGameMenuScene
15:00:21.670 [JavaFX Application Thread] DEBUG PrimaryStageWindow   - InGameMenuScene <- DialogSubScene
15:00:21.670 [JavaFX Application Thread] DEBUG PrimaryStageWindow   - Pop state: InGameMenuScene
15:00:21.670 [JavaFX Application Thread] DEBUG Input                - Clearing active input actions
15:00:21.670 [JavaFX Application Thread] DEBUG GameApplicationServi - Removing overlay from InGameMenuScene and adding to GameScene
15:00:21.670 [JavaFX Application Thread] DEBUG PrimaryStageWindow   - GameScene <- InGameMenuScene
15:00:21.670 [JavaFX Application Thread] DEBUG Input                - Clearing active input actions
15:00:21.675 [JavaFX Application Thread] DEBUG GameApplicationServi - Removing overlay from GameScene and adding to FXGLMainMenuDummyScene
15:00:21.675 [JavaFX Application Thread] DEBUG PrimaryStageWindow   - GameScene -> FXGLMainMenuDummyScene
15:00:21.675 [JavaFX Application Thread] DEBUG PrimaryStageWindow   - Push state: MainMenuScene
15:00:21.675 [JavaFX Application Thread] DEBUG Input                - Clearing active input actions
15:00:21.675 [JavaFX Application Thread] DEBUG GameApplicationServi - Removing overlay from FXGLMainMenuDummyScene and adding to MainMenuScene
15:00:21.675 [JavaFX Application Thread] DEBUG PrimaryStageWindow   - FXGLMainMenuDummyScene -> MainMenuScene
15:00:21.676 [JavaFX Application Thread] DEBUG AudioPlayer          - Playing music com.almasb.fxgl.audio.Music@22856a12
15:01:12.803 [JavaFX Application Thread] DEBUG AudioPlayer          - Playing music com.almasb.fxgl.audio.Music@22856a12
15:01:12.853 [JavaFX Application Thread] DEBUG AudioPlayer          - Playing music com.almasb.fxgl.audio.Music@22856a12
15:01:13.274 [JavaFX Application Thread] DEBUG AudioPlayer          - Playing music com.almasb.fxgl.audio.Music@22856a12
15:01:13.455 [JavaFX Application Thread] DEBUG AudioPlayer          - Playing music com.almasb.fxgl.audio.Music@22856a12
15:01:13.937 [JavaFX Application Thread] DEBUG AudioPlayer          - Playing music com.almasb.fxgl.audio.Music@22856a12
15:01:14.100 [JavaFX Application Thread] DEBUG AudioPlayer          - Playing music com.almasb.fxgl.audio.Music@22856a12
15:01:14.251 [JavaFX Application Thread] DEBUG AudioPlayer          - Playing music com.almasb.fxgl.audio.Music@22856a12
15:01:17.453 [JavaFX Application Thread] DEBUG AudioPlayer          - Playing music com.almasb.fxgl.audio.Music@22856a12
15:01:18.130 [JavaFX Application Thread] DEBUG AudioPlayer          - Playing music com.almasb.fxgl.audio.Music@22856a12
15:01:18.640 [JavaFX Application Thread] DEBUG AudioPlayer          - Playing music com.almasb.fxgl.audio.Music@22856a12
15:01:19.405 [JavaFX Application Thread] DEBUG AudioPlayer          - Playing music com.almasb.fxgl.audio.Music@22856a12
15:01:19.651 [JavaFX Application Thread] DEBUG AudioPlayer          - Playing music com.almasb.fxgl.audio.Music@22856a12
15:01:19.811 [JavaFX Application Thread] DEBUG AudioPlayer          - Playing music com.almasb.fxgl.audio.Music@22856a12
15:01:20.219 [JavaFX Application Thread] DEBUG AudioPlayer          - Playing music com.almasb.fxgl.audio.Music@22856a12
15:01:20.475 [JavaFX Application Thread] DEBUG Menu                 - fireNewGame()
15:01:20.475 [JavaFX Application Thread] DEBUG GameApplicationServi - Starting new game
15:01:20.475 [JavaFX Application Thread] DEBUG PrimaryStageWindow   - Pop state: MainMenuScene
15:01:20.475 [JavaFX Application Thread] DEBUG Input                - Clearing active input actions
15:01:20.476 [JavaFX Application Thread] DEBUG GameApplicationServi - Removing overlay from MainMenuScene and adding to FXGLMainMenuDummyScene
15:01:20.476 [JavaFX Application Thread] DEBUG PrimaryStageWindow   - FXGLMainMenuDummyScene <- MainMenuScene
15:01:20.476 [JavaFX Application Thread] DEBUG Input                - Clearing active input actions
15:01:20.479 [JavaFX Application Thread] DEBUG GameApplicationServi - Removing overlay from FXGLMainMenuDummyScene and adding to FXGLLoadingScene
15:01:20.480 [JavaFX Application Thread] DEBUG PrimaryStageWindow   - FXGLMainMenuDummyScene -> FXGLLoadingScene
15:01:20.480 [JavaFX Application Thread] DEBUG GameApplicationServi - Clearing previous game
15:01:20.480 [JavaFX Application Thread] DEBUG GameScene            - Clearing game scene
15:01:20.480 [JavaFX Application Thread] DEBUG GameWorld            - Clearing game world
15:01:20.480 [JavaFX Application Thread] DEBUG PhysicsWorld         - Clearing physics world
15:01:20.483 [FXGL Background Thread 5 ] DEBUG FXGLApplication      - Initializing game
15:01:20.526 [FXGL Background Thread 5 ] INFO  FXGLApplication      - Game initialization took: 0.044 sec
15:01:20.527 [JavaFX Application Thread] DEBUG Input                - Clearing active input actions
15:01:20.530 [JavaFX Application Thread] DEBUG GameApplicationServi - Removing overlay from FXGLLoadingScene and adding to GameScene
15:01:20.530 [JavaFX Application Thread] DEBUG PrimaryStageWindow   - FXGLLoadingScene -> GameScene
15:01:23.159 [JavaFX Application Thread] DEBUG AudioPlayer          - Playing music com.almasb.fxgl.audio.Music@22856a12
15:01:23.741 [JavaFX Application Thread] DEBUG AudioPlayer          - Playing music com.almasb.fxgl.audio.Music@22856a12
15:01:26.505 [JavaFX Application Thread] DEBUG AudioPlayer          - Playing music com.almasb.fxgl.audio.Music@22856a12
15:01:27.191 [JavaFX Application Thread] DEBUG AudioPlayer          - Playing music com.almasb.fxgl.audio.Music@22856a12
15:01:27.774 [JavaFX Application Thread] DEBUG AudioPlayer          - Playing music com.almasb.fxgl.audio.Music@22856a12
15:01:31.322 [JavaFX Application Thread] DEBUG AudioPlayer          - Playing music com.almasb.fxgl.audio.Music@22856a12
15:01:32.848 [JavaFX Application Thread] DEBUG AudioPlayer          - Playing music com.almasb.fxgl.audio.Music@22856a12
15:01:35.299 [JavaFX Application Thread] DEBUG AudioPlayer          - Playing music com.almasb.fxgl.audio.Music@22856a12
15:01:35.720 [JavaFX Application Thread] DEBUG AudioPlayer          - Playing music com.almasb.fxgl.audio.Music@22856a12
15:01:36.364 [JavaFX Application Thread] DEBUG AudioPlayer          - Playing music com.almasb.fxgl.audio.Music@22856a12
15:01:37.116 [JavaFX Application Thread] DEBUG AudioPlayer          - Playing music com.almasb.fxgl.audio.Music@22856a12
15:01:37.764 [JavaFX Application Thread] DEBUG AudioPlayer          - Playing music com.almasb.fxgl.audio.Music@22856a12
15:01:38.333 [JavaFX Application Thread] DEBUG AudioPlayer          - Playing music com.almasb.fxgl.audio.Music@22856a12
15:01:40.028 [JavaFX Application Thread] DEBUG AudioPlayer          - Playing music com.almasb.fxgl.audio.Music@22856a12
15:01:41.436 [JavaFX Application Thread] DEBUG AudioPlayer          - Playing music com.almasb.fxgl.audio.Music@22856a12
15:01:42.336 [JavaFX Application Thread] DEBUG AudioPlayer          - Playing music com.almasb.fxgl.audio.Music@22856a12
15:01:49.585 [JavaFX Application Thread] DEBUG AudioPlayer          - Playing music com.almasb.fxgl.audio.Music@22856a12
15:01:50.174 [JavaFX Application Thread] DEBUG PrimaryStageWindow   - Push state: DialogSubScene
15:01:50.175 [JavaFX Application Thread] DEBUG Input                - Clearing active input actions
15:01:50.175 [JavaFX Application Thread] DEBUG GameApplicationServi - Removing overlay from GameScene and adding to DialogSubScene
15:01:50.175 [JavaFX Application Thread] DEBUG PrimaryStageWindow   - GameScene -> DialogSubScene
15:01:50.883 [JavaFX Application Thread] DEBUG PrimaryStageWindow   - Pop state: DialogSubScene
15:01:50.883 [JavaFX Application Thread] DEBUG Input                - Clearing active input actions
15:01:50.884 [JavaFX Application Thread] DEBUG GameApplicationServi - Removing overlay from DialogSubScene and adding to GameScene
15:01:50.884 [JavaFX Application Thread] DEBUG PrimaryStageWindow   - GameScene <- DialogSubScene
15:01:50.896 [JavaFX Application Thread] DEBUG PrimaryStageWindow   - Push state: DialogSubScene
15:01:50.897 [JavaFX Application Thread] DEBUG Input                - Clearing active input actions
15:01:50.897 [JavaFX Application Thread] DEBUG GameApplicationServi - Removing overlay from GameScene and adding to DialogSubScene
15:01:50.897 [JavaFX Application Thread] DEBUG PrimaryStageWindow   - GameScene -> DialogSubScene
15:01:51.795 [JavaFX Application Thread] DEBUG PrimaryStageWindow   - Pop state: DialogSubScene
15:01:51.795 [JavaFX Application Thread] DEBUG Input                - Clearing active input actions
15:01:51.795 [JavaFX Application Thread] DEBUG GameApplicationServi - Removing overlay from DialogSubScene and adding to GameScene
15:01:51.796 [JavaFX Application Thread] DEBUG PrimaryStageWindow   - GameScene <- DialogSubScene
15:01:52.064 [JavaFX Application Thread] DEBUG AudioPlayer          - Playing music com.almasb.fxgl.audio.Music@22856a12
15:01:52.641 [JavaFX Application Thread] DEBUG PrimaryStageWindow   - Push state: DialogSubScene
15:01:52.641 [JavaFX Application Thread] DEBUG Input                - Clearing active input actions
15:01:52.643 [JavaFX Application Thread] DEBUG GameApplicationServi - Removing overlay from GameScene and adding to DialogSubScene
15:01:52.643 [JavaFX Application Thread] DEBUG PrimaryStageWindow   - GameScene -> DialogSubScene
15:01:53.353 [JavaFX Application Thread] DEBUG PrimaryStageWindow   - Pop state: DialogSubScene
15:01:53.353 [JavaFX Application Thread] DEBUG Input                - Clearing active input actions
15:01:53.353 [JavaFX Application Thread] DEBUG GameApplicationServi - Removing overlay from DialogSubScene and adding to GameScene
15:01:53.353 [JavaFX Application Thread] DEBUG PrimaryStageWindow   - GameScene <- DialogSubScene
15:01:59.129 [JavaFX Application Thread] DEBUG AudioPlayer          - Playing music com.almasb.fxgl.audio.Music@22856a12
15:01:59.247 [JavaFX Application Thread] DEBUG AudioPlayer          - Playing music com.almasb.fxgl.audio.Music@22856a12
15:01:59.366 [JavaFX Application Thread] DEBUG PrimaryStageWindow   - Push state: InGameMenuScene
15:01:59.366 [JavaFX Application Thread] DEBUG Input                - Clearing active input actions
15:01:59.370 [JavaFX Application Thread] DEBUG GameApplicationServi - Removing overlay from GameScene and adding to InGameMenuScene
15:01:59.370 [JavaFX Application Thread] DEBUG PrimaryStageWindow   - GameScene -> InGameMenuScene
15:02:00.691 [JavaFX Application Thread] DEBUG Menu                 - fireExitToMainMenu()
15:02:00.692 [JavaFX Application Thread] DEBUG PrimaryStageWindow   - Push state: DialogSubScene
15:02:00.692 [JavaFX Application Thread] DEBUG Input                - Clearing active input actions
15:02:00.692 [JavaFX Application Thread] DEBUG GameApplicationServi - Removing overlay from InGameMenuScene and adding to DialogSubScene
15:02:00.692 [JavaFX Application Thread] DEBUG PrimaryStageWindow   - InGameMenuScene -> DialogSubScene
15:02:01.286 [JavaFX Application Thread] DEBUG PrimaryStageWindow   - Pop state: DialogSubScene
15:02:01.286 [JavaFX Application Thread] DEBUG Input                - Clearing active input actions
15:02:01.287 [JavaFX Application Thread] DEBUG GameApplicationServi - Removing overlay from DialogSubScene and adding to InGameMenuScene
15:02:01.287 [JavaFX Application Thread] DEBUG PrimaryStageWindow   - InGameMenuScene <- DialogSubScene
15:02:01.287 [JavaFX Application Thread] DEBUG PrimaryStageWindow   - Pop state: InGameMenuScene
15:02:01.287 [JavaFX Application Thread] DEBUG Input                - Clearing active input actions
15:02:01.287 [JavaFX Application Thread] DEBUG GameApplicationServi - Removing overlay from InGameMenuScene and adding to GameScene
15:02:01.287 [JavaFX Application Thread] DEBUG PrimaryStageWindow   - GameScene <- InGameMenuScene
15:02:01.287 [JavaFX Application Thread] DEBUG Input                - Clearing active input actions
15:02:01.290 [JavaFX Application Thread] DEBUG GameApplicationServi - Removing overlay from GameScene and adding to FXGLMainMenuDummyScene
15:02:01.290 [JavaFX Application Thread] DEBUG PrimaryStageWindow   - GameScene -> FXGLMainMenuDummyScene
15:02:01.290 [JavaFX Application Thread] DEBUG PrimaryStageWindow   - Push state: MainMenuScene
15:02:01.290 [JavaFX Application Thread] DEBUG Input                - Clearing active input actions
15:02:01.290 [JavaFX Application Thread] DEBUG GameApplicationServi - Removing overlay from FXGLMainMenuDummyScene and adding to MainMenuScene
15:02:01.290 [JavaFX Application Thread] DEBUG PrimaryStageWindow   - FXGLMainMenuDummyScene -> MainMenuScene
15:02:01.290 [JavaFX Application Thread] DEBUG AudioPlayer          - Playing music com.almasb.fxgl.audio.Music@22856a12
15:02:02.178 [JavaFX Application Thread] DEBUG AudioPlayer          - Playing music com.almasb.fxgl.audio.Music@22856a12
15:02:03.758 [JavaFX Application Thread] DEBUG AudioPlayer          - Playing music com.almasb.fxgl.audio.Music@22856a12
15:02:03.822 [JavaFX Application Thread] DEBUG AudioPlayer          - Playing music com.almasb.fxgl.audio.Music@22856a12
15:03:36.897 [JavaFX Application Thread] DEBUG AudioPlayer          - Playing music com.almasb.fxgl.audio.Music@22856a12
15:03:36.967 [JavaFX Application Thread] DEBUG AudioPlayer          - Playing music com.almasb.fxgl.audio.Music@22856a12
15:03:37.172 [JavaFX Application Thread] DEBUG AudioPlayer          - Playing music com.almasb.fxgl.audio.Music@22856a12
15:03:37.203 [JavaFX Application Thread] DEBUG AudioPlayer          - Playing music com.almasb.fxgl.audio.Music@22856a12
15:03:38.296 [JavaFX Application Thread] DEBUG FXGLApplication      - Exiting FXGL
15:03:38.297 [JavaFX Application Thread] DEBUG LoopRunner           - Stopping loop
15:03:38.297 [JavaFX Application Thread] DEBUG SystemBundleService  - Saving FXGL system data
15:03:38.300 [JavaFX Application Thread] DEBUG FileSystemAccess     - Writing to: E:\G2\java\final_project\team_project_1124\javaA-xiangqi-project-main\system\fxgl.bundle
15:03:38.301 [JavaFX Application Thread] DEBUG Async                - Shutting down background threads
15:03:38.301 [JavaFX Application Thread] DEBUG PrimaryStageWindow   - Closing main window
15:03:38.359 [JavaFX Application Thread] DEBUG Logger               - Closing Logger
