17:55:05.939 [main                     ] DEBUG Logger               - Configured Logger
17:55:05.955 [main                     ] DEBUG GameApplication      - Logging settings
Title: 中国象棋 1.0
Version: 1.0
Width: 1316
Height: 1007
Fullscreen: false
Intro: false
Profiling: false
Single step:false
App Mode: DEVELOPER
Menu Key: ESCAPE
Stage Style: DECORATED
Scene Factory: class edu.sustech.xiangqi.XiangQiApp$1

17:55:06.682 [JavaFX Application Thread] DEBUG FXGLApplication      - Initializing FXGL
17:55:06.686 [JavaFX Application Thread] INFO  Engine               - FXGL-21.1 (27.03.2024 07.52) on WINDOWS (J:23.0.2 FX:21.0.1)
17:55:06.686 [JavaFX Application Thread] DEBUG Engine               - JRE Vendor Name: Amazon.com Inc.
17:55:06.686 [JavaFX Application Thread] DEBUG Engine               - Running on OS: Windows 11 version 10.0
17:55:06.686 [JavaFX Application Thread] DEBUG Engine               - Architecture: amd64
17:55:06.686 [JavaFX Application Thread] INFO  Engine               - Source code and latest versions at: https://github.com/AlmasB/FXGL
17:55:06.686 [JavaFX Application Thread] INFO  Engine               -       Ask questions and discuss at: https://github.com/AlmasB/FXGL/discussions
17:55:06.687 [JavaFX Application Thread] INFO  Engine               -              Join the FXGL chat at: https://gitter.im/AlmasB/FXGL
17:55:06.774 [JavaFX Application Thread] DEBUG PrimaryStageWindow   - Creating a JavaFX scene
17:55:06.817 [JavaFX Application Thread] DEBUG PrimaryStageWindow   - Target settings size: 1316.0 x 1007.0
17:55:06.818 [JavaFX Application Thread] DEBUG PrimaryStageWindow   - Scaled scene size:    1316.0 x 1007.0
17:55:06.818 [JavaFX Application Thread] DEBUG PrimaryStageWindow   - Scaled ratio: (1.0, 1.0)
17:55:06.819 [JavaFX Application Thread] DEBUG PrimaryStageWindow   - Set initial scene to FXGLStartupScene
17:55:06.821 [JavaFX Application Thread] DEBUG PrimaryStageWindow   - Opening main window
17:55:06.918 [JavaFX Application Thread] DEBUG PrimaryStageWindow   - Window border size: (14.6666259765625, 37.6666259765625)
17:55:06.918 [JavaFX Application Thread] DEBUG PrimaryStageWindow   - Scaled size: 1316.0 x 1007.0
17:55:06.918 [JavaFX Application Thread] DEBUG PrimaryStageWindow   - Scaled ratio: (1.0, 1.0)
17:55:06.918 [JavaFX Application Thread] DEBUG PrimaryStageWindow   - Scene size: 1316.0 x 1007.0
17:55:06.919 [JavaFX Application Thread] DEBUG PrimaryStageWindow   - Stage size: 1330.6666259765625 x 1044.6666259765625
17:55:06.924 [FXGL Background Thread 1 ] DEBUG Engine               - Initializing environment variables
17:55:06.994 [FXGL Background Thread 1 ] DEBUG FXGLAssetLoaderServi - User app class for loading assets: class edu.sustech.xiangqi.XiangQiApp
17:55:06.995 [FXGL Background Thread 1 ] DEBUG GameApplicationServi - Applying CSS: fxgl_dark.css
17:55:06.995 [FXGL Background Thread 1 ] DEBUG FXGLAssetLoaderServi - Loading from file system: jar:file:/C:/Users/%e5%b0%b9%e7%8e%ba%e9%aa%85/.m2/repository/com/github/almasb/fxgl/21.1/fxgl-21.1.jar!/fxglassets/ui/css/fxgl_dark.css
17:55:07.035 [FXGL Background Thread 1 ] DEBUG GameApplicationServi - Initializing application scenes
17:55:07.125 [FXGL Background Thread 1 ] DEBUG GameWorld            - Game world initialized
17:55:07.198 [FXGL Background Thread 1 ] DEBUG PhysicsWorld         - Physics world initialized: appHeight=1007, physics.ppm=50.0
17:55:07.198 [FXGL Background Thread 1 ] DEBUG PhysicsWorld         - Using strategy: BRUTE_FORCE
17:55:07.202 [FXGL Background Thread 1 ] DEBUG GameScene            - Game scene initialized: 1316x1007
17:55:07.216 [FXGL Background Thread 1 ] DEBUG FXGLAssetLoaderServi - Loading from file system: file:/E:/G2/java/final_project/team_project_1124/javaA-xiangqi-project-main/target/classes/assets/ui/fonts/HYPixel11pxU-2.ttf
17:55:07.272 [FXGL Background Thread 1 ] DEBUG FXGLAssetLoaderServi - Loading from file system: file:/E:/G2/java/final_project/team_project_1124/javaA-xiangqi-project-main/target/classes/assets/textures/Button1.png
17:55:07.295 [FXGL Background Thread 1 ] DEBUG FXGLAssetLoaderServi - Loading from file system: file:/E:/G2/java/final_project/team_project_1124/javaA-xiangqi-project-main/target/classes/assets/textures/Press.png
17:55:07.362 [FXGL Background Thread 1 ] DEBUG GameApplicationServi - Application scenes initialized
17:55:07.372 [FXGL Background Thread 1 ] DEBUG SystemBundleService  - Loading FXGL system data
17:55:07.376 [FXGL Background Thread 1 ] DEBUG FileSystemAccess     - Reading from: E:\G2\java\final_project\team_project_1124\javaA-xiangqi-project-main\system\fxgl.bundle
17:55:07.384 [FXGL Background Thread 1 ] DEBUG SystemBundleService  - Bundle FXGL: {}
17:55:07.384 [FXGL Background Thread 1 ] DEBUG UpdaterService       - Checking for updates
17:55:07.390 [FXGL Background Thread 4 ] DEBUG FXGLApplication      - Loading fonts
17:55:07.391 [FXGL Background Thread 1 ] DEBUG FXGLApplication      - Loading default localization
17:55:07.391 [FXGL Background Thread 4 ] DEBUG FXGLAssetLoaderServi - Loading from file system: jar:file:/C:/Users/%e5%b0%b9%e7%8e%ba%e9%aa%85/.m2/repository/com/github/almasb/fxgl/21.1/fxgl-21.1.jar!/fxglassets/ui/fonts/VarelaRound-Regular.ttf
17:55:07.392 [FXGL Background Thread 1 ] DEBUG FXGLAssetLoaderServi - Loading from file system: jar:file:/C:/Users/%e5%b0%b9%e7%8e%ba%e9%aa%85/.m2/repository/com/github/almasb/fxgl/21.1/fxgl-21.1.jar!/fxglassets/languages/english.lang
17:55:07.396 [FXGL Background Thread 4 ] DEBUG FXGLAssetLoaderServi - Loading from file system: jar:file:/C:/Users/%e5%b0%b9%e7%8e%ba%e9%aa%85/.m2/repository/com/github/almasb/fxgl/21.1/fxgl-21.1.jar!/fxglassets/ui/fonts/Abel-Regular.ttf
17:55:07.401 [FXGL Background Thread 4 ] DEBUG FXGLAssetLoaderServi - Loading from file system: jar:file:/C:/Users/%e5%b0%b9%e7%8e%ba%e9%aa%85/.m2/repository/com/github/almasb/fxgl/21.1/fxgl-21.1.jar!/fxglassets/ui/fonts/TerminalLandMono-Regular.otf
17:55:07.406 [FXGL Background Thread 4 ] DEBUG FXGLAssetLoaderServi - Loading from file system: jar:file:/C:/Users/%e5%b0%b9%e7%8e%ba%e9%aa%85/.m2/repository/com/github/almasb/fxgl/21.1/fxgl-21.1.jar!/fxglassets/ui/fonts/Courier-Prime.ttf
17:55:07.414 [JavaFX Application Thread] DEBUG FXGLApplication      - Registering font factories with UI factory
17:55:07.439 [FXGL Background Thread 1 ] INFO  FXGLApplication      - FXGL initialization took: 0.514 sec
17:55:07.445 [JavaFX Application Thread] DEBUG Input                - Registered new binding: Click - LMB
17:55:07.447 [JavaFX Application Thread] DEBUG FXGLAssetLoaderServi - Loading from file system: jar:file:/C:/Users/%e5%b0%b9%e7%8e%ba%e9%aa%85/.m2/repository/com/github/almasb/fxgl/21.1/fxgl-21.1.jar!/fxglassets/textures/fxgl_icon.png
17:55:07.478 [JavaFX Application Thread] DEBUG FXGLAssetLoaderServi - Loading from file system: jar:file:/C:/Users/%e5%b0%b9%e7%8e%ba%e9%aa%85/.m2/repository/com/github/almasb/fxgl/21.1/fxgl-21.1.jar!/fxglassets/textures/fxgl_default_cursor.png
17:55:07.492 [JavaFX Application Thread] DEBUG Input                - Registered new binding: Screenshot - CTRL+8
17:55:07.493 [JavaFX Application Thread] DEBUG Input                - Registered new binding: System info dump - CTRL+9
17:55:07.494 [JavaFX Application Thread] DEBUG Input                - Registered new binding: Restart - CTRL+R
17:55:07.495 [JavaFX Application Thread] DEBUG Input                - Registered new binding: Toggle Debug Camera - CTRL+7
17:55:07.502 [JavaFX Application Thread] DEBUG LoopRunner           - Starting loop
17:55:07.502 [JavaFX Application Thread] DEBUG LoopRunner           - Initializing JavaFX AnimationTimerLoop
17:55:07.508 [JavaFX Application Thread] DEBUG Input                - Clearing active input actions
17:55:07.515 [JavaFX Application Thread] DEBUG GameApplicationServi - Removing overlay from FXGLStartupScene and adding to FXGLMainMenuDummyScene
17:55:07.515 [JavaFX Application Thread] DEBUG PrimaryStageWindow   - FXGLStartupScene -> FXGLMainMenuDummyScene
17:55:07.515 [JavaFX Application Thread] DEBUG PrimaryStageWindow   - Push state: MainMenuScene
17:55:07.516 [JavaFX Application Thread] DEBUG Input                - Clearing active input actions
17:55:07.525 [JavaFX Application Thread] DEBUG GameApplicationServi - Removing overlay from FXGLMainMenuDummyScene and adding to MainMenuScene
17:55:07.525 [JavaFX Application Thread] DEBUG PrimaryStageWindow   - FXGLMainMenuDummyScene -> MainMenuScene
17:55:08.299 [JavaFX Application Thread] DEBUG FXGLAssetLoaderServi - Loading from file system: file:/E:/G2/java/final_project/team_project_1124/javaA-xiangqi-project-main/target/classes/assets/music/%e6%8c%89%e9%92%ae%e9%9f%b3%e6%95%881.mp3
17:55:08.765 [JavaFX Application Thread] DEBUG AudioPlayer          - Playing music com.almasb.fxgl.audio.Music@4fe7dd0e
17:55:10.141 [JavaFX Application Thread] DEBUG AudioPlayer          - Playing music com.almasb.fxgl.audio.Music@4fe7dd0e
17:55:10.389 [FXGL Background Thread 3 ] DEBUG Engine               - Logging environment variables
17:55:10.389 [FXGL Background Thread 3 ] DEBUG Engine               - achievements: []
17:55:10.389 [FXGL Background Thread 3 ] DEBUG Engine               - actualHeight: 1007.0
17:55:10.389 [FXGL Background Thread 3 ] DEBUG Engine               - actualHeightProperty: ReadOnlyDoubleProperty [value: 1007.0]
17:55:10.389 [FXGL Background Thread 3 ] DEBUG Engine               - actualWidth: 1316.0
17:55:10.389 [FXGL Background Thread 3 ] DEBUG Engine               - actualWidthProperty: ReadOnlyDoubleProperty [value: 1316.0]
17:55:10.389 [FXGL Background Thread 3 ] DEBUG Engine               - appIcon: fxgl_icon.png
17:55:10.389 [FXGL Background Thread 3 ] DEBUG Engine               - applicationMode: DEVELOPER
17:55:10.389 [FXGL Background Thread 3 ] DEBUG Engine               - cSSList: [fxgl_dark.css]
17:55:10.389 [FXGL Background Thread 3 ] DEBUG Engine               - collisionDetectionStrategy: BRUTE_FORCE
17:55:10.389 [FXGL Background Thread 3 ] DEBUG Engine               - configClass: Optional.empty
17:55:10.389 [FXGL Background Thread 3 ] DEBUG Engine               - credits: []
17:55:10.390 [FXGL Background Thread 3 ] DEBUG Engine               - defaultCursor: CursorInfo(imageName=fxgl_default_cursor.png, hotspotX=7.0, hotspotY=6.0)
17:55:10.391 [FXGL Background Thread 3 ] DEBUG Engine               - devBBoxColorProperty: ObjectProperty [value: 0xff0000ff]
17:55:10.391 [FXGL Background Thread 3 ] DEBUG Engine               - devEnableDebugCameraProperty: BooleanProperty [value: false]
17:55:10.391 [FXGL Background Thread 3 ] DEBUG Engine               - devSensorColorProperty: ObjectProperty [value: 0xffff00ff]
17:55:10.391 [FXGL Background Thread 3 ] DEBUG Engine               - devShowBBoxProperty: BooleanProperty [value: false]
17:55:10.391 [FXGL Background Thread 3 ] DEBUG Engine               - devShowPositionProperty: BooleanProperty [value: false]
17:55:10.391 [FXGL Background Thread 3 ] DEBUG Engine               - enabledMenuItems: []
17:55:10.391 [FXGL Background Thread 3 ] DEBUG Engine               - engineServices: [class com.almasb.fxgl.app.services.FXGLAssetLoaderService, class com.almasb.fxgl.app.FXGLApplication$GameApplicationService, class com.almasb.fxgl.app.services.FXGLDialogService, class com.almasb.fxgl.app.services.IOTaskExecutorService, class com.almasb.fxgl.io.FileSystemService, class com.almasb.fxgl.localization.LocalizationService, class com.almasb.fxgl.app.services.SystemBundleService, class com.almasb.fxgl.profile.SaveLoadService, class com.almasb.fxgl.ui.FXGLUIFactoryServiceProvider, class com.almasb.fxgl.ui.FXGLDialogFactoryServiceProvider, class com.almasb.fxgl.audio.AudioPlayer, class com.almasb.fxgl.notification.impl.NotificationServiceProvider, class com.almasb.fxgl.achievement.AchievementService, class com.almasb.fxgl.cutscene.CutsceneService, class com.almasb.fxgl.minigames.MiniGameService, class com.almasb.fxgl.net.NetService, class com.almasb.fxgl.app.services.UpdaterService, class com.almasb.fxgl.dev.DevService]
17:55:10.391 [FXGL Background Thread 3 ] DEBUG Engine               - fontGame: Abel-Regular.ttf
17:55:10.391 [FXGL Background Thread 3 ] DEBUG Engine               - fontMono: TerminalLandMono-Regular.otf
17:55:10.391 [FXGL Background Thread 3 ] DEBUG Engine               - fontSizeScaleUI: 1.0
17:55:10.391 [FXGL Background Thread 3 ] DEBUG Engine               - fontText: Courier-Prime.ttf
17:55:10.391 [FXGL Background Thread 3 ] DEBUG Engine               - fontUI: VarelaRound-Regular.ttf
17:55:10.391 [FXGL Background Thread 3 ] DEBUG Engine               - fullScreen: BooleanProperty [value: false]
17:55:10.391 [FXGL Background Thread 3 ] DEBUG Engine               - gameDifficulty: MEDIUM
17:55:10.391 [FXGL Background Thread 3 ] DEBUG Engine               - gameDifficultyProperty: ObjectProperty [value: MEDIUM]
17:55:10.391 [FXGL Background Thread 3 ] DEBUG Engine               - globalMusicVolume: 0.5
17:55:10.391 [FXGL Background Thread 3 ] DEBUG Engine               - globalMusicVolumeProperty: DoubleProperty [value: 0.5]
17:55:10.391 [FXGL Background Thread 3 ] DEBUG Engine               - globalSoundVolume: 0.5
17:55:10.391 [FXGL Background Thread 3 ] DEBUG Engine               - globalSoundVolumeProperty: DoubleProperty [value: 0.5]
17:55:10.391 [FXGL Background Thread 3 ] DEBUG Engine               - height: 1007
17:55:10.391 [FXGL Background Thread 3 ] DEBUG Engine               - is3D: false
17:55:10.391 [FXGL Background Thread 3 ] DEBUG Engine               - isAndroid: false
17:55:10.391 [FXGL Background Thread 3 ] DEBUG Engine               - isBrowser: false
17:55:10.391 [FXGL Background Thread 3 ] DEBUG Engine               - isClickFeedbackEnabled: false
17:55:10.391 [FXGL Background Thread 3 ] DEBUG Engine               - isCloseConfirmation: false
17:55:10.391 [FXGL Background Thread 3 ] DEBUG Engine               - isDesktop: true
17:55:10.392 [FXGL Background Thread 3 ] DEBUG Engine               - isDeveloperMenuEnabled: false
17:55:10.392 [FXGL Background Thread 3 ] DEBUG Engine               - isEmbedded: false
17:55:10.392 [FXGL Background Thread 3 ] DEBUG Engine               - isEntityPreloadEnabled: true
17:55:10.392 [FXGL Background Thread 3 ] DEBUG Engine               - isExperimentalTiledLargeMap: false
17:55:10.392 [FXGL Background Thread 3 ] DEBUG Engine               - isFileSystemWriteAllowed: true
17:55:10.392 [FXGL Background Thread 3 ] DEBUG Engine               - isFullScreenAllowed: false
17:55:10.392 [FXGL Background Thread 3 ] DEBUG Engine               - isFullScreenFromStart: false
17:55:10.392 [FXGL Background Thread 3 ] DEBUG Engine               - isGameMenuEnabled: true
17:55:10.392 [FXGL Background Thread 3 ] DEBUG Engine               - isIOS: false
17:55:10.392 [FXGL Background Thread 3 ] DEBUG Engine               - isIntroEnabled: false
17:55:10.392 [FXGL Background Thread 3 ] DEBUG Engine               - isLinux: false
17:55:10.392 [FXGL Background Thread 3 ] DEBUG Engine               - isMac: false
17:55:10.392 [FXGL Background Thread 3 ] DEBUG Engine               - isMainMenuEnabled: true
17:55:10.392 [FXGL Background Thread 3 ] DEBUG Engine               - isManualResizeEnabled: false
17:55:10.392 [FXGL Background Thread 3 ] DEBUG Engine               - isMobile: false
17:55:10.392 [FXGL Background Thread 3 ] DEBUG Engine               - isNative: false
17:55:10.392 [FXGL Background Thread 3 ] DEBUG Engine               - isPauseMusicWhenMinimized: true
17:55:10.392 [FXGL Background Thread 3 ] DEBUG Engine               - isPreserveResizeRatio: false
17:55:10.392 [FXGL Background Thread 3 ] DEBUG Engine               - isProfilingEnabled: false
17:55:10.392 [FXGL Background Thread 3 ] DEBUG Engine               - isScaleAffectedOnResize: true
17:55:10.392 [FXGL Background Thread 3 ] DEBUG Engine               - isSingleStep: false
17:55:10.392 [FXGL Background Thread 3 ] DEBUG Engine               - isUserProfileEnabled: false
17:55:10.392 [FXGL Background Thread 3 ] DEBUG Engine               - isWindows: true
17:55:10.392 [FXGL Background Thread 3 ] DEBUG Engine               - language: ObjectProperty [value: ENGLISH]
17:55:10.392 [FXGL Background Thread 3 ] DEBUG Engine               - menuKey: ESCAPE
17:55:10.392 [FXGL Background Thread 3 ] DEBUG Engine               - mouseSensitivity: 0.2
17:55:10.392 [FXGL Background Thread 3 ] DEBUG Engine               - notificationViewClass: class com.almasb.fxgl.notification.view.XboxNotificationView
17:55:10.392 [FXGL Background Thread 3 ] DEBUG Engine               - pixelsPerMeter: 50.0
17:55:10.392 [FXGL Background Thread 3 ] DEBUG Engine               - platform: WINDOWS
17:55:10.392 [FXGL Background Thread 3 ] DEBUG Engine               - prefHeightProperty: ReadOnlyDoubleProperty [value: 1007.0]
17:55:10.392 [FXGL Background Thread 3 ] DEBUG Engine               - prefWidthProperty: ReadOnlyDoubleProperty [value: 1316.0]
17:55:10.392 [FXGL Background Thread 3 ] DEBUG Engine               - profileDir: profiles/
17:55:10.392 [FXGL Background Thread 3 ] DEBUG Engine               - profileName: StringProperty [value: DEFAULT]
17:55:10.393 [FXGL Background Thread 3 ] DEBUG Engine               - randomSeed: -1
17:55:10.393 [FXGL Background Thread 3 ] DEBUG Engine               - runtimeInfo: RuntimeInfo(platform=WINDOWS, version=21.1, build=27.03.2024 07.52)
17:55:10.393 [FXGL Background Thread 3 ] DEBUG Engine               - saveFileExt: sav
17:55:10.393 [FXGL Background Thread 3 ] DEBUG Engine               - scaledHeightProp$fxgl: DoubleProperty [bound, value: 1007.0]
17:55:10.393 [FXGL Background Thread 3 ] DEBUG Engine               - scaledWidthProp$fxgl: DoubleProperty [bound, value: 1316.0]
17:55:10.393 [FXGL Background Thread 3 ] DEBUG Engine               - sceneFactory: edu.sustech.xiangqi.XiangQiApp$1@7671be80
17:55:10.393 [FXGL Background Thread 3 ] DEBUG Engine               - secondsIn24h: 60
17:55:10.393 [FXGL Background Thread 3 ] DEBUG Engine               - soundMenuBack: menu/back.wav
17:55:10.393 [FXGL Background Thread 3 ] DEBUG Engine               - soundMenuPress: menu/press.wav
17:55:10.393 [FXGL Background Thread 3 ] DEBUG Engine               - soundMenuSelect: menu/select.wav
17:55:10.393 [FXGL Background Thread 3 ] DEBUG Engine               - soundNotification: core/notification.wav
17:55:10.393 [FXGL Background Thread 3 ] DEBUG Engine               - stageStyle: DECORATED
17:55:10.393 [FXGL Background Thread 3 ] DEBUG Engine               - supportedLanguages: [ENGLISH, FRENCH, GERMAN, HUNGARIAN, RUSSIAN]
17:55:10.393 [FXGL Background Thread 3 ] DEBUG Engine               - ticksPerSecond: -1
17:55:10.393 [FXGL Background Thread 3 ] DEBUG Engine               - title: 中国象棋 1.0
17:55:10.393 [FXGL Background Thread 3 ] DEBUG Engine               - urlGithub: https://github.com/AlmasB/FXGL
17:55:10.393 [FXGL Background Thread 3 ] DEBUG Engine               - urlLeaderboard: http://fxgl-top.herokuapp.com/
17:55:10.393 [FXGL Background Thread 3 ] DEBUG Engine               - urlPOM: https://raw.githubusercontent.com/AlmasB/FXGL/release/README.md
17:55:10.393 [FXGL Background Thread 3 ] DEBUG Engine               - userAppClass: class edu.sustech.xiangqi.XiangQiApp
17:55:10.393 [FXGL Background Thread 3 ] DEBUG Engine               - version: 1.0
17:55:10.393 [FXGL Background Thread 3 ] DEBUG Engine               - versionCheckDays: 7
17:55:10.393 [FXGL Background Thread 3 ] DEBUG Engine               - width: 1316
17:55:10.393 [FXGL Background Thread 3 ] DEBUG Engine               - Logging services
17:55:10.393 [FXGL Background Thread 3 ] DEBUG Engine               - class com.almasb.fxgl.app.services.FXGLAssetLoaderService
17:55:10.393 [FXGL Background Thread 3 ] DEBUG Engine               - class com.almasb.fxgl.app.FXGLApplication$GameApplicationService
17:55:10.393 [FXGL Background Thread 3 ] DEBUG Engine               - class com.almasb.fxgl.app.services.FXGLDialogService
17:55:10.393 [FXGL Background Thread 3 ] DEBUG Engine               - class com.almasb.fxgl.app.services.IOTaskExecutorService
17:55:10.393 [FXGL Background Thread 3 ] DEBUG Engine               - class com.almasb.fxgl.io.FileSystemService
17:55:10.393 [FXGL Background Thread 3 ] DEBUG Engine               - class com.almasb.fxgl.localization.LocalizationService
17:55:10.393 [FXGL Background Thread 3 ] DEBUG Engine               - class com.almasb.fxgl.app.services.SystemBundleService
17:55:10.393 [FXGL Background Thread 3 ] DEBUG Engine               - class com.almasb.fxgl.profile.SaveLoadService
17:55:10.393 [FXGL Background Thread 3 ] DEBUG Engine               - class com.almasb.fxgl.ui.FXGLUIFactoryServiceProvider
17:55:10.393 [FXGL Background Thread 3 ] DEBUG Engine               - class com.almasb.fxgl.ui.FXGLDialogFactoryServiceProvider
17:55:10.393 [FXGL Background Thread 3 ] DEBUG Engine               - class com.almasb.fxgl.audio.AudioPlayer
17:55:10.393 [FXGL Background Thread 3 ] DEBUG Engine               - class com.almasb.fxgl.notification.impl.NotificationServiceProvider
17:55:10.393 [FXGL Background Thread 3 ] DEBUG Engine               - class com.almasb.fxgl.achievement.AchievementService
17:55:10.393 [FXGL Background Thread 3 ] DEBUG Engine               - class com.almasb.fxgl.cutscene.CutsceneService
17:55:10.393 [FXGL Background Thread 3 ] DEBUG Engine               - class com.almasb.fxgl.minigames.MiniGameService
17:55:10.393 [FXGL Background Thread 3 ] DEBUG Engine               - class com.almasb.fxgl.net.NetService
17:55:10.394 [FXGL Background Thread 3 ] DEBUG Engine               - class com.almasb.fxgl.app.services.UpdaterService
17:55:10.394 [FXGL Background Thread 3 ] DEBUG Engine               - class com.almasb.fxgl.dev.DevService
17:55:10.888 [JavaFX Application Thread] DEBUG AudioPlayer          - Playing music com.almasb.fxgl.audio.Music@4fe7dd0e
17:55:11.690 [JavaFX Application Thread] DEBUG AudioPlayer          - Playing music com.almasb.fxgl.audio.Music@4fe7dd0e
17:55:11.968 [JavaFX Application Thread] DEBUG AudioPlayer          - Playing music com.almasb.fxgl.audio.Music@4fe7dd0e
17:55:12.443 [JavaFX Application Thread] DEBUG AudioPlayer          - Playing music com.almasb.fxgl.audio.Music@4fe7dd0e
17:55:12.837 [JavaFX Application Thread] DEBUG AudioPlayer          - Playing music com.almasb.fxgl.audio.Music@4fe7dd0e
17:55:26.925 [JavaFX Application Thread] DEBUG AudioPlayer          - Playing music com.almasb.fxgl.audio.Music@4fe7dd0e
17:55:27.402 [JavaFX Application Thread] DEBUG GameApplicationServi - Starting new game
17:55:27.402 [JavaFX Application Thread] DEBUG PrimaryStageWindow   - Pop state: MainMenuScene
17:55:27.402 [JavaFX Application Thread] DEBUG Input                - Clearing active input actions
17:55:27.402 [JavaFX Application Thread] DEBUG GameApplicationServi - Removing overlay from MainMenuScene and adding to FXGLMainMenuDummyScene
17:55:27.402 [JavaFX Application Thread] DEBUG PrimaryStageWindow   - FXGLMainMenuDummyScene <- MainMenuScene
17:55:27.403 [JavaFX Application Thread] DEBUG Input                - Clearing active input actions
17:55:27.406 [JavaFX Application Thread] DEBUG GameApplicationServi - Removing overlay from FXGLMainMenuDummyScene and adding to FXGLLoadingScene
17:55:27.406 [JavaFX Application Thread] DEBUG PrimaryStageWindow   - FXGLMainMenuDummyScene -> FXGLLoadingScene
17:55:27.406 [JavaFX Application Thread] DEBUG GameApplicationServi - Clearing previous game
17:55:27.406 [JavaFX Application Thread] DEBUG GameScene            - Clearing game scene
17:55:27.406 [JavaFX Application Thread] DEBUG GameWorld            - Clearing game world
17:55:27.406 [JavaFX Application Thread] DEBUG PhysicsWorld         - Clearing physics world
17:55:27.407 [FXGL Background Thread 2 ] DEBUG FXGLApplication      - Initializing game
17:55:27.417 [FXGL Background Thread 2 ] DEBUG FXGLAssetLoaderServi - Loading from file system: file:/E:/G2/java/final_project/team_project_1124/javaA-xiangqi-project-main/target/classes/assets/textures/%e8%83%8c%e6%99%af.jpg
17:55:27.522 [FXGL Background Thread 2 ] DEBUG FXGLAssetLoaderServi - Loading from file system: file:/E:/G2/java/final_project/team_project_1124/javaA-xiangqi-project-main/target/classes/assets/textures/ChessBoard.png
17:55:27.543 [FXGL Background Thread 2 ] DEBUG FXGLAssetLoaderServi - Loading from file system: file:/E:/G2/java/final_project/team_project_1124/javaA-xiangqi-project-main/target/classes/assets/textures/BlackChariot.png
17:55:27.560 [FXGL Background Thread 2 ] DEBUG FXGLAssetLoaderServi - Loading from file system: file:/E:/G2/java/final_project/team_project_1124/javaA-xiangqi-project-main/target/classes/assets/textures/BlackHorse.png
17:55:27.562 [FXGL Background Thread 2 ] DEBUG FXGLAssetLoaderServi - Loading from file system: file:/E:/G2/java/final_project/team_project_1124/javaA-xiangqi-project-main/target/classes/assets/textures/BlackElephant.png
17:55:27.564 [FXGL Background Thread 2 ] DEBUG FXGLAssetLoaderServi - Loading from file system: file:/E:/G2/java/final_project/team_project_1124/javaA-xiangqi-project-main/target/classes/assets/textures/BlackAdvisor.png
17:55:27.567 [FXGL Background Thread 2 ] DEBUG FXGLAssetLoaderServi - Loading from file system: file:/E:/G2/java/final_project/team_project_1124/javaA-xiangqi-project-main/target/classes/assets/textures/BlackGeneral.png
17:55:27.570 [FXGL Background Thread 2 ] DEBUG FXGLAssetLoaderServi - Loading from file system: file:/E:/G2/java/final_project/team_project_1124/javaA-xiangqi-project-main/target/classes/assets/textures/BlackCannon.png
17:55:27.573 [FXGL Background Thread 2 ] DEBUG FXGLAssetLoaderServi - Loading from file system: file:/E:/G2/java/final_project/team_project_1124/javaA-xiangqi-project-main/target/classes/assets/textures/BlackSoldier.png
17:55:27.577 [FXGL Background Thread 2 ] DEBUG FXGLAssetLoaderServi - Loading from file system: file:/E:/G2/java/final_project/team_project_1124/javaA-xiangqi-project-main/target/classes/assets/textures/RedSoldier.png
17:55:27.581 [FXGL Background Thread 2 ] DEBUG FXGLAssetLoaderServi - Loading from file system: file:/E:/G2/java/final_project/team_project_1124/javaA-xiangqi-project-main/target/classes/assets/textures/RedCannon.png
17:55:27.585 [FXGL Background Thread 2 ] DEBUG FXGLAssetLoaderServi - Loading from file system: file:/E:/G2/java/final_project/team_project_1124/javaA-xiangqi-project-main/target/classes/assets/textures/RedChariot.png
17:55:27.587 [FXGL Background Thread 2 ] DEBUG FXGLAssetLoaderServi - Loading from file system: file:/E:/G2/java/final_project/team_project_1124/javaA-xiangqi-project-main/target/classes/assets/textures/RedHorse.png
17:55:27.589 [FXGL Background Thread 2 ] DEBUG FXGLAssetLoaderServi - Loading from file system: file:/E:/G2/java/final_project/team_project_1124/javaA-xiangqi-project-main/target/classes/assets/textures/RedElephant.png
17:55:27.591 [FXGL Background Thread 2 ] DEBUG FXGLAssetLoaderServi - Loading from file system: file:/E:/G2/java/final_project/team_project_1124/javaA-xiangqi-project-main/target/classes/assets/textures/RedAdvisor.png
17:55:27.593 [FXGL Background Thread 2 ] DEBUG FXGLAssetLoaderServi - Loading from file system: file:/E:/G2/java/final_project/team_project_1124/javaA-xiangqi-project-main/target/classes/assets/textures/RedGeneral.png
17:55:27.600 [FXGL Background Thread 2 ] INFO  FXGLApplication      - Game initialization took: 0.192 sec
17:55:27.617 [JavaFX Application Thread] DEBUG Input                - Clearing active input actions
17:55:27.621 [JavaFX Application Thread] DEBUG GameApplicationServi - Removing overlay from FXGLLoadingScene and adding to GameScene
17:55:27.622 [JavaFX Application Thread] DEBUG PrimaryStageWindow   - FXGLLoadingScene -> GameScene
17:55:27.714 [JavaFX Application Thread] DEBUG PrimaryStageWindow   - Push state: DialogSubScene
17:55:27.714 [JavaFX Application Thread] DEBUG Input                - Clearing active input actions
17:55:27.715 [JavaFX Application Thread] DEBUG GameApplicationServi - Removing overlay from GameScene and adding to DialogSubScene
17:55:27.715 [JavaFX Application Thread] DEBUG PrimaryStageWindow   - GameScene -> DialogSubScene
17:55:29.710 [JavaFX Application Thread] DEBUG PrimaryStageWindow   - Pop state: DialogSubScene
17:55:29.710 [JavaFX Application Thread] DEBUG Input                - Clearing active input actions
17:55:29.710 [JavaFX Application Thread] DEBUG GameApplicationServi - Removing overlay from DialogSubScene and adding to GameScene
17:55:29.711 [JavaFX Application Thread] DEBUG PrimaryStageWindow   - GameScene <- DialogSubScene
17:55:29.997 [JavaFX Application Thread] DEBUG AudioPlayer          - Playing music com.almasb.fxgl.audio.Music@4fe7dd0e
17:55:30.066 [JavaFX Application Thread] DEBUG AudioPlayer          - Playing music com.almasb.fxgl.audio.Music@4fe7dd0e
17:55:33.600 [JavaFX Application Thread] DEBUG AudioPlayer          - Playing music com.almasb.fxgl.audio.Music@4fe7dd0e
17:55:33.623 [JavaFX Application Thread] DEBUG AudioPlayer          - Playing music com.almasb.fxgl.audio.Music@4fe7dd0e
17:55:35.911 [JavaFX Application Thread] DEBUG FXGLAssetLoaderServi - Loading from file system: file:/E:/G2/java/final_project/team_project_1124/javaA-xiangqi-project-main/target/classes/assets/textures/%e9%80%89%e4%b8%ad.png
17:55:36.640 [JavaFX Application Thread] DEBUG AudioPlayer          - Playing music com.almasb.fxgl.audio.Music@4fe7dd0e
17:55:36.938 [JavaFX Application Thread] DEBUG AudioPlayer          - Playing music com.almasb.fxgl.audio.Music@4fe7dd0e
17:55:37.121 [JavaFX Application Thread] DEBUG AudioPlayer          - Playing music com.almasb.fxgl.audio.Music@4fe7dd0e
17:55:37.374 [JavaFX Application Thread] DEBUG AudioPlayer          - Playing music com.almasb.fxgl.audio.Music@4fe7dd0e
17:55:37.707 [JavaFX Application Thread] DEBUG PrimaryStageWindow   - Push state: DialogSubScene
17:55:37.707 [JavaFX Application Thread] DEBUG Input                - Clearing active input actions
17:55:37.707 [JavaFX Application Thread] DEBUG GameApplicationServi - Removing overlay from GameScene and adding to DialogSubScene
17:55:37.707 [JavaFX Application Thread] DEBUG PrimaryStageWindow   - GameScene -> DialogSubScene
17:55:38.028 [JavaFX Application Thread] DEBUG AudioPlayer          - Playing music com.almasb.fxgl.audio.Music@4fe7dd0e
17:55:41.696 [JavaFX Application Thread] DEBUG PrimaryStageWindow   - Pop state: DialogSubScene
17:55:41.696 [JavaFX Application Thread] DEBUG Input                - Clearing active input actions
17:55:41.696 [JavaFX Application Thread] DEBUG GameApplicationServi - Removing overlay from DialogSubScene and adding to GameScene
17:55:41.696 [JavaFX Application Thread] DEBUG PrimaryStageWindow   - GameScene <- DialogSubScene
17:55:44.071 [JavaFX Application Thread] DEBUG AudioPlayer          - Playing music com.almasb.fxgl.audio.Music@4fe7dd0e
17:55:48.503 [JavaFX Application Thread] DEBUG AudioPlayer          - Playing music com.almasb.fxgl.audio.Music@4fe7dd0e
17:55:48.553 [JavaFX Application Thread] DEBUG AudioPlayer          - Playing music com.almasb.fxgl.audio.Music@4fe7dd0e
17:55:48.945 [JavaFX Application Thread] DEBUG AudioPlayer          - Playing music com.almasb.fxgl.audio.Music@4fe7dd0e
17:55:49.205 [JavaFX Application Thread] DEBUG PrimaryStageWindow   - Push state: DialogSubScene
17:55:49.205 [JavaFX Application Thread] DEBUG Input                - Clearing active input actions
17:55:49.205 [JavaFX Application Thread] DEBUG GameApplicationServi - Removing overlay from GameScene and adding to DialogSubScene
17:55:49.205 [JavaFX Application Thread] DEBUG PrimaryStageWindow   - GameScene -> DialogSubScene
17:55:53.425 [JavaFX Application Thread] DEBUG PrimaryStageWindow   - Pop state: DialogSubScene
17:55:53.425 [JavaFX Application Thread] DEBUG Input                - Clearing active input actions
17:55:53.425 [JavaFX Application Thread] DEBUG GameApplicationServi - Removing overlay from DialogSubScene and adding to GameScene
17:55:53.425 [JavaFX Application Thread] DEBUG PrimaryStageWindow   - GameScene <- DialogSubScene
17:55:54.117 [JavaFX Application Thread] DEBUG AudioPlayer          - Playing music com.almasb.fxgl.audio.Music@4fe7dd0e
17:55:55.280 [JavaFX Application Thread] DEBUG AudioPlayer          - Playing music com.almasb.fxgl.audio.Music@4fe7dd0e
17:55:55.284 [JavaFX Application Thread] DEBUG AudioPlayer          - Playing music com.almasb.fxgl.audio.Music@4fe7dd0e
17:55:55.849 [JavaFX Application Thread] DEBUG PrimaryStageWindow   - Push state: DialogSubScene
17:55:55.849 [JavaFX Application Thread] DEBUG Input                - Clearing active input actions
17:55:55.849 [JavaFX Application Thread] DEBUG GameApplicationServi - Removing overlay from GameScene and adding to DialogSubScene
17:55:55.850 [JavaFX Application Thread] DEBUG PrimaryStageWindow   - GameScene -> DialogSubScene
17:55:56.500 [JavaFX Application Thread] DEBUG AudioPlayer          - Playing music com.almasb.fxgl.audio.Music@4fe7dd0e
17:56:01.534 [JavaFX Application Thread] DEBUG PrimaryStageWindow   - Pop state: DialogSubScene
17:56:01.534 [JavaFX Application Thread] DEBUG Input                - Clearing active input actions
17:56:01.534 [JavaFX Application Thread] DEBUG GameApplicationServi - Removing overlay from DialogSubScene and adding to GameScene
17:56:01.534 [JavaFX Application Thread] DEBUG PrimaryStageWindow   - GameScene <- DialogSubScene
17:56:05.518 [JavaFX Application Thread] DEBUG AudioPlayer          - Playing music com.almasb.fxgl.audio.Music@4fe7dd0e
17:56:05.567 [JavaFX Application Thread] DEBUG AudioPlayer          - Playing music com.almasb.fxgl.audio.Music@4fe7dd0e
17:56:09.464 [JavaFX Application Thread] DEBUG AudioPlayer          - Playing music com.almasb.fxgl.audio.Music@4fe7dd0e
17:56:09.467 [JavaFX Application Thread] DEBUG AudioPlayer          - Playing music com.almasb.fxgl.audio.Music@4fe7dd0e
17:56:09.771 [JavaFX Application Thread] DEBUG AudioPlayer          - Playing music com.almasb.fxgl.audio.Music@4fe7dd0e
17:56:09.842 [JavaFX Application Thread] DEBUG AudioPlayer          - Playing music com.almasb.fxgl.audio.Music@4fe7dd0e
17:56:11.177 [JavaFX Application Thread] DEBUG AudioPlayer          - Playing music com.almasb.fxgl.audio.Music@4fe7dd0e
17:56:11.992 [JavaFX Application Thread] DEBUG AudioPlayer          - Playing music com.almasb.fxgl.audio.Music@4fe7dd0e
17:56:12.091 [JavaFX Application Thread] DEBUG AudioPlayer          - Playing music com.almasb.fxgl.audio.Music@4fe7dd0e
17:56:12.160 [JavaFX Application Thread] DEBUG AudioPlayer          - Playing music com.almasb.fxgl.audio.Music@4fe7dd0e
17:56:12.229 [JavaFX Application Thread] DEBUG AudioPlayer          - Playing music com.almasb.fxgl.audio.Music@4fe7dd0e
17:56:12.415 [JavaFX Application Thread] DEBUG AudioPlayer          - Playing music com.almasb.fxgl.audio.Music@4fe7dd0e
17:56:12.712 [JavaFX Application Thread] DEBUG AudioPlayer          - Playing music com.almasb.fxgl.audio.Music@4fe7dd0e
17:56:13.593 [JavaFX Application Thread] DEBUG PrimaryStageWindow   - Push state: DialogSubScene
17:56:13.593 [JavaFX Application Thread] DEBUG Input                - Clearing active input actions
17:56:13.593 [JavaFX Application Thread] DEBUG GameApplicationServi - Removing overlay from GameScene and adding to DialogSubScene
17:56:13.594 [JavaFX Application Thread] DEBUG PrimaryStageWindow   - GameScene -> DialogSubScene
17:56:13.894 [JavaFX Application Thread] DEBUG AudioPlayer          - Playing music com.almasb.fxgl.audio.Music@4fe7dd0e
17:56:13.952 [JavaFX Application Thread] DEBUG AudioPlayer          - Playing music com.almasb.fxgl.audio.Music@4fe7dd0e
17:56:14.527 [JavaFX Application Thread] DEBUG PrimaryStageWindow   - Pop state: DialogSubScene
17:56:14.527 [JavaFX Application Thread] DEBUG Input                - Clearing active input actions
17:56:14.527 [JavaFX Application Thread] DEBUG GameApplicationServi - Removing overlay from DialogSubScene and adding to GameScene
17:56:14.527 [JavaFX Application Thread] DEBUG PrimaryStageWindow   - GameScene <- DialogSubScene
17:56:14.851 [JavaFX Application Thread] DEBUG AudioPlayer          - Playing music com.almasb.fxgl.audio.Music@4fe7dd0e
17:56:14.887 [JavaFX Application Thread] DEBUG AudioPlayer          - Playing music com.almasb.fxgl.audio.Music@4fe7dd0e
17:56:15.319 [JavaFX Application Thread] DEBUG PrimaryStageWindow   - Push state: DialogSubScene
17:56:15.319 [JavaFX Application Thread] DEBUG Input                - Clearing active input actions
17:56:15.320 [JavaFX Application Thread] DEBUG GameApplicationServi - Removing overlay from GameScene and adding to DialogSubScene
17:56:15.320 [JavaFX Application Thread] DEBUG PrimaryStageWindow   - GameScene -> DialogSubScene
17:56:16.353 [JavaFX Application Thread] DEBUG PrimaryStageWindow   - Pop state: DialogSubScene
17:56:16.353 [JavaFX Application Thread] DEBUG Input                - Clearing active input actions
17:56:16.353 [JavaFX Application Thread] DEBUG GameApplicationServi - Removing overlay from DialogSubScene and adding to GameScene
17:56:16.353 [JavaFX Application Thread] DEBUG PrimaryStageWindow   - GameScene <- DialogSubScene
17:56:16.734 [JavaFX Application Thread] DEBUG AudioPlayer          - Playing music com.almasb.fxgl.audio.Music@4fe7dd0e
17:56:20.619 [JavaFX Application Thread] DEBUG AudioPlayer          - Playing music com.almasb.fxgl.audio.Music@4fe7dd0e
17:56:31.130 [JavaFX Application Thread] DEBUG AudioPlayer          - Playing music com.almasb.fxgl.audio.Music@4fe7dd0e
17:58:45.094 [JavaFX Application Thread] DEBUG FXGLApplication      - Exiting FXGL
17:58:45.095 [JavaFX Application Thread] DEBUG LoopRunner           - Stopping loop
17:58:45.095 [JavaFX Application Thread] DEBUG SystemBundleService  - Saving FXGL system data
17:58:45.096 [JavaFX Application Thread] DEBUG FileSystemAccess     - Writing to: E:\G2\java\final_project\team_project_1124\javaA-xiangqi-project-main\system\fxgl.bundle
17:58:45.097 [JavaFX Application Thread] DEBUG Async                - Shutting down background threads
17:58:45.097 [JavaFX Application Thread] DEBUG PrimaryStageWindow   - Closing main window
17:58:45.106 [JavaFX Application Thread] DEBUG Logger               - Closing Logger
