16:35:30.396 [main                     ] DEBUG Logger               - Configured Logger
16:35:30.415 [main                     ] DEBUG GameApplication      - Logging settings
Title: 中国象棋 1.0
Version: 1.0
Width: 1316
Height: 1007
Fullscreen: false
Intro: false
Profiling: false
Single step:false
App Mode: DEVELOPER
Menu Key: ESCAPE
Stage Style: DECORATED
Scene Factory: class edu.sustech.xiangqi.XiangQiApp$1

16:35:31.191 [JavaFX Application Thread] DEBUG FXGLApplication      - Initializing FXGL
16:35:31.193 [JavaFX Application Thread] INFO  Engine               - FXGL-21.1 (27.03.2024 07.52) on WINDOWS (J:23.0.2 FX:21.0.1)
16:35:31.193 [JavaFX Application Thread] DEBUG Engine               - JRE Vendor Name: Amazon.com Inc.
16:35:31.193 [JavaFX Application Thread] DEBUG Engine               - Running on OS: Windows 11 version 10.0
16:35:31.193 [JavaFX Application Thread] DEBUG Engine               - Architecture: amd64
16:35:31.193 [JavaFX Application Thread] INFO  Engine               - Source code and latest versions at: https://github.com/AlmasB/FXGL
16:35:31.193 [JavaFX Application Thread] INFO  Engine               -       Ask questions and discuss at: https://github.com/AlmasB/FXGL/discussions
16:35:31.193 [JavaFX Application Thread] INFO  Engine               -              Join the FXGL chat at: https://gitter.im/AlmasB/FXGL
16:35:31.255 [JavaFX Application Thread] DEBUG PrimaryStageWindow   - Creating a JavaFX scene
16:35:31.288 [JavaFX Application Thread] DEBUG PrimaryStageWindow   - Target settings size: 1316.0 x 1007.0
16:35:31.288 [JavaFX Application Thread] DEBUG PrimaryStageWindow   - Scaled scene size:    1316.0 x 1007.0
16:35:31.288 [JavaFX Application Thread] DEBUG PrimaryStageWindow   - Scaled ratio: (1.0, 1.0)
16:35:31.289 [JavaFX Application Thread] DEBUG PrimaryStageWindow   - Set initial scene to FXGLStartupScene
16:35:31.290 [JavaFX Application Thread] DEBUG PrimaryStageWindow   - Opening main window
16:35:31.369 [JavaFX Application Thread] DEBUG PrimaryStageWindow   - Window border size: (14.6666259765625, 37.6666259765625)
16:35:31.369 [JavaFX Application Thread] DEBUG PrimaryStageWindow   - Scaled size: 1316.0 x 1007.0
16:35:31.370 [JavaFX Application Thread] DEBUG PrimaryStageWindow   - Scaled ratio: (1.0, 1.0)
16:35:31.370 [JavaFX Application Thread] DEBUG PrimaryStageWindow   - Scene size: 1316.0 x 1007.0
16:35:31.370 [JavaFX Application Thread] DEBUG PrimaryStageWindow   - Stage size: 1330.6666259765625 x 1044.6666259765625
16:35:31.375 [FXGL Background Thread 1 ] DEBUG Engine               - Initializing environment variables
16:35:31.437 [FXGL Background Thread 1 ] DEBUG FXGLAssetLoaderServi - User app class for loading assets: class edu.sustech.xiangqi.XiangQiApp
16:35:31.437 [FXGL Background Thread 1 ] DEBUG GameApplicationServi - Applying CSS: fxgl_dark.css
16:35:31.438 [FXGL Background Thread 1 ] DEBUG FXGLAssetLoaderServi - Loading from file system: jar:file:/C:/Users/%e5%b0%b9%e7%8e%ba%e9%aa%85/.m2/repository/com/github/almasb/fxgl/21.1/fxgl-21.1.jar!/fxglassets/ui/css/fxgl_dark.css
16:35:31.473 [FXGL Background Thread 1 ] DEBUG GameApplicationServi - Initializing application scenes
16:35:31.543 [FXGL Background Thread 1 ] DEBUG GameWorld            - Game world initialized
16:35:31.599 [FXGL Background Thread 1 ] DEBUG PhysicsWorld         - Physics world initialized: appHeight=1007, physics.ppm=50.0
16:35:31.599 [FXGL Background Thread 1 ] DEBUG PhysicsWorld         - Using strategy: BRUTE_FORCE
16:35:31.602 [FXGL Background Thread 1 ] DEBUG GameScene            - Game scene initialized: 1316x1007
16:35:31.606 [FXGL Background Thread 1 ] DEBUG FXGLAssetLoaderServi - Loading from file system: file:/E:/G2/java/final_project/team_project_1124/javaA-xiangqi-project-main/target/classes/assets/music/Whisper%20Records%20-%20%e5%8f%a4%e3%81%ae%e6%a3%ae.mp3
16:35:31.948 [FXGL Background Thread 1 ] DEBUG AudioPlayer          - Playing music com.almasb.fxgl.audio.Music@6bbfb800
16:35:31.955 [FXGL Background Thread 1 ] DEBUG FXGLAssetLoaderServi - Loading from file system: file:/E:/G2/java/final_project/team_project_1124/javaA-xiangqi-project-main/target/classes/assets/textures/Button1.png
16:35:31.972 [FXGL Background Thread 1 ] DEBUG FXGLAssetLoaderServi - Loading from file system: file:/E:/G2/java/final_project/team_project_1124/javaA-xiangqi-project-main/target/classes/assets/textures/Press.png
16:35:31.977 [FXGL Background Thread 1 ] DEBUG FXGLAssetLoaderServi - Loading from file system: file:/E:/G2/java/final_project/team_project_1124/javaA-xiangqi-project-main/target/classes/assets/sounds/%e6%8c%89%e9%92%ae%e9%9f%b3%e6%95%881.mp3
16:35:31.983 [FXGL Background Thread 1 ] DEBUG FXGLAssetLoaderServi - Loading from file system: file:/E:/G2/java/final_project/team_project_1124/javaA-xiangqi-project-main/target/classes/assets/ui/fonts/HYPixel11pxU-2.ttf
16:35:32.067 [FXGL Background Thread 1 ] DEBUG GameApplicationServi - Application scenes initialized
16:35:32.076 [FXGL Background Thread 1 ] DEBUG SystemBundleService  - Loading FXGL system data
16:35:32.080 [FXGL Background Thread 1 ] DEBUG FileSystemAccess     - Reading from: E:\G2\java\final_project\team_project_1124\javaA-xiangqi-project-main\system\fxgl.bundle
16:35:32.085 [FXGL Background Thread 1 ] DEBUG SystemBundleService  - Bundle FXGL: {}
16:35:32.085 [FXGL Background Thread 1 ] DEBUG UpdaterService       - Checking for updates
16:35:32.088 [FXGL Background Thread 4 ] DEBUG FXGLApplication      - Loading fonts
16:35:32.088 [FXGL Background Thread 4 ] DEBUG FXGLAssetLoaderServi - Loading from file system: jar:file:/C:/Users/%e5%b0%b9%e7%8e%ba%e9%aa%85/.m2/repository/com/github/almasb/fxgl/21.1/fxgl-21.1.jar!/fxglassets/ui/fonts/VarelaRound-Regular.ttf
16:35:32.092 [FXGL Background Thread 1 ] DEBUG FXGLApplication      - Loading default localization
16:35:32.093 [FXGL Background Thread 1 ] DEBUG FXGLAssetLoaderServi - Loading from file system: jar:file:/C:/Users/%e5%b0%b9%e7%8e%ba%e9%aa%85/.m2/repository/com/github/almasb/fxgl/21.1/fxgl-21.1.jar!/fxglassets/languages/english.lang
16:35:32.096 [FXGL Background Thread 4 ] DEBUG FXGLAssetLoaderServi - Loading from file system: jar:file:/C:/Users/%e5%b0%b9%e7%8e%ba%e9%aa%85/.m2/repository/com/github/almasb/fxgl/21.1/fxgl-21.1.jar!/fxglassets/ui/fonts/Abel-Regular.ttf
16:35:32.099 [FXGL Background Thread 4 ] DEBUG FXGLAssetLoaderServi - Loading from file system: jar:file:/C:/Users/%e5%b0%b9%e7%8e%ba%e9%aa%85/.m2/repository/com/github/almasb/fxgl/21.1/fxgl-21.1.jar!/fxglassets/ui/fonts/TerminalLandMono-Regular.otf
16:35:32.101 [FXGL Background Thread 4 ] DEBUG FXGLAssetLoaderServi - Loading from file system: jar:file:/C:/Users/%e5%b0%b9%e7%8e%ba%e9%aa%85/.m2/repository/com/github/almasb/fxgl/21.1/fxgl-21.1.jar!/fxglassets/ui/fonts/Courier-Prime.ttf
16:35:32.106 [JavaFX Application Thread] DEBUG FXGLApplication      - Registering font factories with UI factory
16:35:32.127 [FXGL Background Thread 1 ] INFO  FXGLApplication      - FXGL initialization took: 0.752 sec
16:35:32.134 [JavaFX Application Thread] DEBUG Input                - Registered new binding: Click - LMB
16:35:32.134 [JavaFX Application Thread] DEBUG FXGLAssetLoaderServi - Loading from file system: jar:file:/C:/Users/%e5%b0%b9%e7%8e%ba%e9%aa%85/.m2/repository/com/github/almasb/fxgl/21.1/fxgl-21.1.jar!/fxglassets/textures/fxgl_icon.png
16:35:32.159 [JavaFX Application Thread] DEBUG FXGLAssetLoaderServi - Loading from file system: jar:file:/C:/Users/%e5%b0%b9%e7%8e%ba%e9%aa%85/.m2/repository/com/github/almasb/fxgl/21.1/fxgl-21.1.jar!/fxglassets/textures/fxgl_default_cursor.png
16:35:32.164 [JavaFX Application Thread] DEBUG Input                - Registered new binding: Screenshot - CTRL+8
16:35:32.165 [JavaFX Application Thread] DEBUG Input                - Registered new binding: System info dump - CTRL+9
16:35:32.165 [JavaFX Application Thread] DEBUG Input                - Registered new binding: Restart - CTRL+R
16:35:32.165 [JavaFX Application Thread] DEBUG Input                - Registered new binding: Toggle Debug Camera - CTRL+7
16:35:32.168 [JavaFX Application Thread] DEBUG LoopRunner           - Starting loop
16:35:32.168 [JavaFX Application Thread] DEBUG LoopRunner           - Initializing JavaFX AnimationTimerLoop
16:35:32.177 [JavaFX Application Thread] DEBUG Input                - Clearing active input actions
16:35:32.193 [JavaFX Application Thread] DEBUG GameApplicationServi - Removing overlay from FXGLStartupScene and adding to FXGLMainMenuDummyScene
16:35:32.194 [JavaFX Application Thread] DEBUG PrimaryStageWindow   - FXGLStartupScene -> FXGLMainMenuDummyScene
16:35:32.194 [JavaFX Application Thread] DEBUG PrimaryStageWindow   - Push state: MainMenuScene
16:35:32.194 [JavaFX Application Thread] DEBUG Input                - Clearing active input actions
16:35:32.201 [JavaFX Application Thread] DEBUG GameApplicationServi - Removing overlay from FXGLMainMenuDummyScene and adding to MainMenuScene
16:35:32.201 [JavaFX Application Thread] DEBUG PrimaryStageWindow   - FXGLMainMenuDummyScene -> MainMenuScene
16:35:35.088 [FXGL Background Thread 3 ] DEBUG Engine               - Logging environment variables
16:35:35.088 [FXGL Background Thread 3 ] DEBUG Engine               - achievements: []
16:35:35.088 [FXGL Background Thread 3 ] DEBUG Engine               - actualHeight: 1007.0
16:35:35.088 [FXGL Background Thread 3 ] DEBUG Engine               - actualHeightProperty: ReadOnlyDoubleProperty [value: 995.666748046875]
16:35:35.088 [FXGL Background Thread 3 ] DEBUG Engine               - actualWidth: 1316.0
16:35:35.088 [FXGL Background Thread 3 ] DEBUG Engine               - actualWidthProperty: ReadOnlyDoubleProperty [value: 1706.666748046875]
16:35:35.088 [FXGL Background Thread 3 ] DEBUG Engine               - appIcon: fxgl_icon.png
16:35:35.088 [FXGL Background Thread 3 ] DEBUG Engine               - applicationMode: DEVELOPER
16:35:35.088 [FXGL Background Thread 3 ] DEBUG Engine               - cSSList: [fxgl_dark.css]
16:35:35.088 [FXGL Background Thread 3 ] DEBUG Engine               - collisionDetectionStrategy: BRUTE_FORCE
16:35:35.089 [FXGL Background Thread 3 ] DEBUG Engine               - configClass: Optional.empty
16:35:35.089 [FXGL Background Thread 3 ] DEBUG Engine               - credits: []
16:35:35.089 [FXGL Background Thread 3 ] DEBUG Engine               - defaultCursor: CursorInfo(imageName=fxgl_default_cursor.png, hotspotX=7.0, hotspotY=6.0)
16:35:35.089 [FXGL Background Thread 3 ] DEBUG Engine               - devBBoxColorProperty: ObjectProperty [value: 0xff0000ff]
16:35:35.089 [FXGL Background Thread 3 ] DEBUG Engine               - devEnableDebugCameraProperty: BooleanProperty [value: false]
16:35:35.090 [FXGL Background Thread 3 ] DEBUG Engine               - devSensorColorProperty: ObjectProperty [value: 0xffff00ff]
16:35:35.090 [FXGL Background Thread 3 ] DEBUG Engine               - devShowBBoxProperty: BooleanProperty [value: false]
16:35:35.090 [FXGL Background Thread 3 ] DEBUG Engine               - devShowPositionProperty: BooleanProperty [value: false]
16:35:35.090 [FXGL Background Thread 3 ] DEBUG Engine               - enabledMenuItems: []
16:35:35.090 [FXGL Background Thread 3 ] DEBUG Engine               - engineServices: [class com.almasb.fxgl.app.services.FXGLAssetLoaderService, class com.almasb.fxgl.app.FXGLApplication$GameApplicationService, class com.almasb.fxgl.app.services.FXGLDialogService, class com.almasb.fxgl.app.services.IOTaskExecutorService, class com.almasb.fxgl.io.FileSystemService, class com.almasb.fxgl.localization.LocalizationService, class com.almasb.fxgl.app.services.SystemBundleService, class com.almasb.fxgl.profile.SaveLoadService, class com.almasb.fxgl.ui.FXGLUIFactoryServiceProvider, class com.almasb.fxgl.ui.FXGLDialogFactoryServiceProvider, class com.almasb.fxgl.audio.AudioPlayer, class com.almasb.fxgl.notification.impl.NotificationServiceProvider, class com.almasb.fxgl.achievement.AchievementService, class com.almasb.fxgl.cutscene.CutsceneService, class com.almasb.fxgl.minigames.MiniGameService, class com.almasb.fxgl.net.NetService, class com.almasb.fxgl.app.services.UpdaterService, class com.almasb.fxgl.dev.DevService]
16:35:35.090 [FXGL Background Thread 3 ] DEBUG Engine               - fontGame: Abel-Regular.ttf
16:35:35.090 [FXGL Background Thread 3 ] DEBUG Engine               - fontMono: TerminalLandMono-Regular.otf
16:35:35.090 [FXGL Background Thread 3 ] DEBUG Engine               - fontSizeScaleUI: 1.0
16:35:35.090 [FXGL Background Thread 3 ] DEBUG Engine               - fontText: Courier-Prime.ttf
16:35:35.090 [FXGL Background Thread 3 ] DEBUG Engine               - fontUI: VarelaRound-Regular.ttf
16:35:35.090 [FXGL Background Thread 3 ] DEBUG Engine               - fullScreen: BooleanProperty [value: false]
16:35:35.090 [FXGL Background Thread 3 ] DEBUG Engine               - gameDifficulty: MEDIUM
16:35:35.090 [FXGL Background Thread 3 ] DEBUG Engine               - gameDifficultyProperty: ObjectProperty [value: MEDIUM]
16:35:35.090 [FXGL Background Thread 3 ] DEBUG Engine               - globalMusicVolume: 0.5
16:35:35.090 [FXGL Background Thread 3 ] DEBUG Engine               - globalMusicVolumeProperty: DoubleProperty [value: 0.5]
16:35:35.090 [FXGL Background Thread 3 ] DEBUG Engine               - globalSoundVolume: 0.5
16:35:35.090 [FXGL Background Thread 3 ] DEBUG Engine               - globalSoundVolumeProperty: DoubleProperty [value: 0.5]
16:35:35.090 [FXGL Background Thread 3 ] DEBUG Engine               - height: 1007
16:35:35.090 [FXGL Background Thread 3 ] DEBUG Engine               - is3D: false
16:35:35.090 [FXGL Background Thread 3 ] DEBUG Engine               - isAndroid: false
16:35:35.090 [FXGL Background Thread 3 ] DEBUG Engine               - isBrowser: false
16:35:35.090 [FXGL Background Thread 3 ] DEBUG Engine               - isClickFeedbackEnabled: false
16:35:35.092 [FXGL Background Thread 3 ] DEBUG Engine               - isCloseConfirmation: false
16:35:35.092 [FXGL Background Thread 3 ] DEBUG Engine               - isDesktop: true
16:35:35.092 [FXGL Background Thread 3 ] DEBUG Engine               - isDeveloperMenuEnabled: false
16:35:35.092 [FXGL Background Thread 3 ] DEBUG Engine               - isEmbedded: false
16:35:35.092 [FXGL Background Thread 3 ] DEBUG Engine               - isEntityPreloadEnabled: true
16:35:35.092 [FXGL Background Thread 3 ] DEBUG Engine               - isExperimentalTiledLargeMap: false
16:35:35.092 [FXGL Background Thread 3 ] DEBUG Engine               - isFileSystemWriteAllowed: true
16:35:35.092 [FXGL Background Thread 3 ] DEBUG Engine               - isFullScreenAllowed: false
16:35:35.092 [FXGL Background Thread 3 ] DEBUG Engine               - isFullScreenFromStart: false
16:35:35.092 [FXGL Background Thread 3 ] DEBUG Engine               - isGameMenuEnabled: true
16:35:35.092 [FXGL Background Thread 3 ] DEBUG Engine               - isIOS: false
16:35:35.092 [FXGL Background Thread 3 ] DEBUG Engine               - isIntroEnabled: false
16:35:35.092 [FXGL Background Thread 3 ] DEBUG Engine               - isLinux: false
16:35:35.092 [FXGL Background Thread 3 ] DEBUG Engine               - isMac: false
16:35:35.092 [FXGL Background Thread 3 ] DEBUG Engine               - isMainMenuEnabled: true
16:35:35.092 [FXGL Background Thread 3 ] DEBUG Engine               - isManualResizeEnabled: true
16:35:35.092 [FXGL Background Thread 3 ] DEBUG Engine               - isMobile: false
16:35:35.092 [FXGL Background Thread 3 ] DEBUG Engine               - isNative: false
16:35:35.092 [FXGL Background Thread 3 ] DEBUG Engine               - isPauseMusicWhenMinimized: true
16:35:35.092 [FXGL Background Thread 3 ] DEBUG Engine               - isPreserveResizeRatio: true
16:35:35.092 [FXGL Background Thread 3 ] DEBUG Engine               - isProfilingEnabled: false
16:35:35.092 [FXGL Background Thread 3 ] DEBUG Engine               - isScaleAffectedOnResize: true
16:35:35.092 [FXGL Background Thread 3 ] DEBUG Engine               - isSingleStep: false
16:35:35.092 [FXGL Background Thread 3 ] DEBUG Engine               - isUserProfileEnabled: false
16:35:35.092 [FXGL Background Thread 3 ] DEBUG Engine               - isWindows: true
16:35:35.092 [FXGL Background Thread 3 ] DEBUG Engine               - language: ObjectProperty [value: ENGLISH]
16:35:35.092 [FXGL Background Thread 3 ] DEBUG Engine               - menuKey: ESCAPE
16:35:35.092 [FXGL Background Thread 3 ] DEBUG Engine               - mouseSensitivity: 0.2
16:35:35.093 [FXGL Background Thread 3 ] DEBUG Engine               - notificationViewClass: class com.almasb.fxgl.notification.view.XboxNotificationView
16:35:35.093 [FXGL Background Thread 3 ] DEBUG Engine               - pixelsPerMeter: 50.0
16:35:35.093 [FXGL Background Thread 3 ] DEBUG Engine               - platform: WINDOWS
16:35:35.093 [FXGL Background Thread 3 ] DEBUG Engine               - prefHeightProperty: ReadOnlyDoubleProperty [value: 1007.0]
16:35:35.093 [FXGL Background Thread 3 ] DEBUG Engine               - prefWidthProperty: ReadOnlyDoubleProperty [value: 1316.0]
16:35:35.093 [FXGL Background Thread 3 ] DEBUG Engine               - profileDir: profiles/
16:35:35.093 [FXGL Background Thread 3 ] DEBUG Engine               - profileName: StringProperty [value: DEFAULT]
16:35:35.093 [FXGL Background Thread 3 ] DEBUG Engine               - randomSeed: -1
16:35:35.093 [FXGL Background Thread 3 ] DEBUG Engine               - runtimeInfo: RuntimeInfo(platform=WINDOWS, version=21.1, build=27.03.2024 07.52)
16:35:35.093 [FXGL Background Thread 3 ] DEBUG Engine               - saveFileExt: sav
16:35:35.093 [FXGL Background Thread 3 ] DEBUG Engine               - scaledHeightProp$fxgl: DoubleProperty [bound, value: 995.666748046875]
16:35:35.093 [FXGL Background Thread 3 ] DEBUG Engine               - scaledWidthProp$fxgl: DoubleProperty [bound, value: 1706.666748046875]
16:35:35.093 [FXGL Background Thread 3 ] DEBUG Engine               - sceneFactory: edu.sustech.xiangqi.XiangQiApp$1@72afbf88
16:35:35.093 [FXGL Background Thread 3 ] DEBUG Engine               - secondsIn24h: 60
16:35:35.093 [FXGL Background Thread 3 ] DEBUG Engine               - soundMenuBack: menu/back.wav
16:35:35.093 [FXGL Background Thread 3 ] DEBUG Engine               - soundMenuPress: menu/press.wav
16:35:35.093 [FXGL Background Thread 3 ] DEBUG Engine               - soundMenuSelect: menu/select.wav
16:35:35.093 [FXGL Background Thread 3 ] DEBUG Engine               - soundNotification: core/notification.wav
16:35:35.093 [FXGL Background Thread 3 ] DEBUG Engine               - stageStyle: DECORATED
16:35:35.093 [FXGL Background Thread 3 ] DEBUG Engine               - supportedLanguages: [ENGLISH, FRENCH, GERMAN, HUNGARIAN, RUSSIAN]
16:35:35.093 [FXGL Background Thread 3 ] DEBUG Engine               - ticksPerSecond: -1
16:35:35.093 [FXGL Background Thread 3 ] DEBUG Engine               - title: 中国象棋 1.0
16:35:35.093 [FXGL Background Thread 3 ] DEBUG Engine               - urlGithub: https://github.com/AlmasB/FXGL
16:35:35.093 [FXGL Background Thread 3 ] DEBUG Engine               - urlLeaderboard: http://fxgl-top.herokuapp.com/
16:35:35.093 [FXGL Background Thread 3 ] DEBUG Engine               - urlPOM: https://raw.githubusercontent.com/AlmasB/FXGL/release/README.md
16:35:35.093 [FXGL Background Thread 3 ] DEBUG Engine               - userAppClass: class edu.sustech.xiangqi.XiangQiApp
16:35:35.093 [FXGL Background Thread 3 ] DEBUG Engine               - version: 1.0
16:35:35.093 [FXGL Background Thread 3 ] DEBUG Engine               - versionCheckDays: 7
16:35:35.094 [FXGL Background Thread 3 ] DEBUG Engine               - width: 1316
16:35:35.094 [FXGL Background Thread 3 ] DEBUG Engine               - Logging services
16:35:35.094 [FXGL Background Thread 3 ] DEBUG Engine               - class com.almasb.fxgl.app.services.FXGLAssetLoaderService
16:35:35.094 [FXGL Background Thread 3 ] DEBUG Engine               - class com.almasb.fxgl.app.FXGLApplication$GameApplicationService
16:35:35.094 [FXGL Background Thread 3 ] DEBUG Engine               - class com.almasb.fxgl.app.services.FXGLDialogService
16:35:35.094 [FXGL Background Thread 3 ] DEBUG Engine               - class com.almasb.fxgl.app.services.IOTaskExecutorService
16:35:35.094 [FXGL Background Thread 3 ] DEBUG Engine               - class com.almasb.fxgl.io.FileSystemService
16:35:35.094 [FXGL Background Thread 3 ] DEBUG Engine               - class com.almasb.fxgl.localization.LocalizationService
16:35:35.094 [FXGL Background Thread 3 ] DEBUG Engine               - class com.almasb.fxgl.app.services.SystemBundleService
16:35:35.094 [FXGL Background Thread 3 ] DEBUG Engine               - class com.almasb.fxgl.profile.SaveLoadService
16:35:35.094 [FXGL Background Thread 3 ] DEBUG Engine               - class com.almasb.fxgl.ui.FXGLUIFactoryServiceProvider
16:35:35.094 [FXGL Background Thread 3 ] DEBUG Engine               - class com.almasb.fxgl.ui.FXGLDialogFactoryServiceProvider
16:35:35.094 [FXGL Background Thread 3 ] DEBUG Engine               - class com.almasb.fxgl.audio.AudioPlayer
16:35:35.094 [FXGL Background Thread 3 ] DEBUG Engine               - class com.almasb.fxgl.notification.impl.NotificationServiceProvider
16:35:35.094 [FXGL Background Thread 3 ] DEBUG Engine               - class com.almasb.fxgl.achievement.AchievementService
16:35:35.094 [FXGL Background Thread 3 ] DEBUG Engine               - class com.almasb.fxgl.cutscene.CutsceneService
16:35:35.094 [FXGL Background Thread 3 ] DEBUG Engine               - class com.almasb.fxgl.minigames.MiniGameService
16:35:35.094 [FXGL Background Thread 3 ] DEBUG Engine               - class com.almasb.fxgl.net.NetService
16:35:35.094 [FXGL Background Thread 3 ] DEBUG Engine               - class com.almasb.fxgl.app.services.UpdaterService
16:35:35.094 [FXGL Background Thread 3 ] DEBUG Engine               - class com.almasb.fxgl.dev.DevService
16:35:36.776 [JavaFX Application Thread] DEBUG FXGLApplication      - Exiting FXGL
16:35:36.776 [JavaFX Application Thread] DEBUG LoopRunner           - Stopping loop
16:35:36.776 [JavaFX Application Thread] DEBUG SystemBundleService  - Saving FXGL system data
16:35:36.778 [JavaFX Application Thread] DEBUG FileSystemAccess     - Writing to: E:\G2\java\final_project\team_project_1124\javaA-xiangqi-project-main\system\fxgl.bundle
16:35:36.779 [JavaFX Application Thread] DEBUG Async                - Shutting down background threads
16:35:36.779 [JavaFX Application Thread] DEBUG PrimaryStageWindow   - Closing main window
16:35:36.792 [JavaFX Application Thread] DEBUG Logger               - Closing Logger
