10:55:21.722 [main                     ] DEBUG Logger               - Configured Logger
10:55:21.738 [main                     ] DEBUG GameApplication      - Logging settings
Title: 中国象棋 1.0
Version: 1.0
Width: 1316
Height: 1007
Fullscreen: false
Intro: false
Profiling: false
Single step:false
App Mode: DEVELOPER
Menu Key: ESCAPE
Stage Style: DECORATED
Scene Factory: class edu.sustech.xiangqi.XiangQiApp$1

10:55:22.253 [JavaFX Application Thread] DEBUG FXGLApplication      - Initializing FXGL
10:55:22.257 [JavaFX Application Thread] INFO  Engine               - FXGL-21.1 (27.03.2024 07.52) on WINDOWS (J:23.0.2 FX:21.0.1)
10:55:22.257 [JavaFX Application Thread] DEBUG Engine               - JRE Vendor Name: Amazon.com Inc.
10:55:22.257 [JavaFX Application Thread] DEBUG Engine               - Running on OS: Windows 11 version 10.0
10:55:22.257 [JavaFX Application Thread] DEBUG Engine               - Architecture: amd64
10:55:22.257 [JavaFX Application Thread] INFO  Engine               - Source code and latest versions at: https://github.com/AlmasB/FXGL
10:55:22.257 [JavaFX Application Thread] INFO  Engine               -       Ask questions and discuss at: https://github.com/AlmasB/FXGL/discussions
10:55:22.257 [JavaFX Application Thread] INFO  Engine               -              Join the FXGL chat at: https://gitter.im/AlmasB/FXGL
10:55:22.363 [JavaFX Application Thread] DEBUG PrimaryStageWindow   - Creating a JavaFX scene
10:55:22.415 [JavaFX Application Thread] DEBUG PrimaryStageWindow   - Target settings size: 1316.0 x 1007.0
10:55:22.415 [JavaFX Application Thread] DEBUG PrimaryStageWindow   - Scaled scene size:    1316.0 x 1007.0
10:55:22.415 [JavaFX Application Thread] DEBUG PrimaryStageWindow   - Scaled ratio: (1.0, 1.0)
10:55:22.416 [JavaFX Application Thread] DEBUG PrimaryStageWindow   - Set initial scene to FXGLStartupScene
10:55:22.418 [JavaFX Application Thread] DEBUG PrimaryStageWindow   - Opening main window
10:55:22.591 [JavaFX Application Thread] DEBUG PrimaryStageWindow   - Window border size: (14.6666259765625, 37.6666259765625)
10:55:22.591 [JavaFX Application Thread] DEBUG PrimaryStageWindow   - Scaled size: 1316.0 x 1007.0
10:55:22.591 [JavaFX Application Thread] DEBUG PrimaryStageWindow   - Scaled ratio: (1.0, 1.0)
10:55:22.591 [JavaFX Application Thread] DEBUG PrimaryStageWindow   - Scene size: 1316.0 x 1007.0
10:55:22.591 [JavaFX Application Thread] DEBUG PrimaryStageWindow   - Stage size: 1330.6666259765625 x 1044.6666259765625
10:55:22.599 [FXGL Background Thread 1 ] DEBUG Engine               - Initializing environment variables
10:55:22.746 [FXGL Background Thread 1 ] DEBUG FXGLAssetLoaderServi - User app class for loading assets: class edu.sustech.xiangqi.XiangQiApp
10:55:22.746 [FXGL Background Thread 1 ] DEBUG GameApplicationServi - Applying CSS: fxgl_dark.css
10:55:22.746 [FXGL Background Thread 1 ] DEBUG FXGLAssetLoaderServi - Loading from file system: jar:file:/C:/Users/%e5%b0%b9%e7%8e%ba%e9%aa%85/.m2/repository/com/github/almasb/fxgl/21.1/fxgl-21.1.jar!/fxglassets/ui/css/fxgl_dark.css
10:55:22.816 [FXGL Background Thread 1 ] DEBUG GameApplicationServi - Initializing application scenes
10:55:23.058 [FXGL Background Thread 1 ] DEBUG GameWorld            - Game world initialized
10:55:23.114 [FXGL Background Thread 1 ] DEBUG PhysicsWorld         - Physics world initialized: appHeight=1007, physics.ppm=50.0
10:55:23.114 [FXGL Background Thread 1 ] DEBUG PhysicsWorld         - Using strategy: BRUTE_FORCE
10:55:23.121 [FXGL Background Thread 1 ] DEBUG GameScene            - Game scene initialized: 1316x1007
10:55:23.134 [FXGL Background Thread 1 ] DEBUG FXGLAssetLoaderServi - Loading from file system: file:/E:/G2/java/final_project/team_project_1124/javaA-xiangqi-project-main/target/classes/assets/ui/fonts/HYPixel11pxU-2.ttf
10:55:23.186 [FXGL Background Thread 1 ] DEBUG FXGLAssetLoaderServi - Loading from file system: file:/E:/G2/java/final_project/team_project_1124/javaA-xiangqi-project-main/target/classes/assets/textures/Button1.png
10:55:23.204 [FXGL Background Thread 1 ] DEBUG FXGLAssetLoaderServi - Loading from file system: file:/E:/G2/java/final_project/team_project_1124/javaA-xiangqi-project-main/target/classes/assets/textures/Press.png
10:55:23.248 [FXGL Background Thread 1 ] DEBUG GameApplicationServi - Application scenes initialized
10:55:23.257 [FXGL Background Thread 1 ] DEBUG SystemBundleService  - Loading FXGL system data
10:55:23.260 [FXGL Background Thread 1 ] DEBUG FileSystemAccess     - Reading from: E:\G2\java\final_project\team_project_1124\javaA-xiangqi-project-main\system\fxgl.bundle
10:55:23.264 [FXGL Background Thread 1 ] DEBUG SystemBundleService  - Bundle FXGL: {}
10:55:23.264 [FXGL Background Thread 1 ] DEBUG UpdaterService       - Checking for updates
10:55:23.271 [FXGL Background Thread 4 ] DEBUG FXGLApplication      - Loading fonts
10:55:23.271 [FXGL Background Thread 4 ] DEBUG FXGLAssetLoaderServi - Loading from file system: jar:file:/C:/Users/%e5%b0%b9%e7%8e%ba%e9%aa%85/.m2/repository/com/github/almasb/fxgl/21.1/fxgl-21.1.jar!/fxglassets/ui/fonts/VarelaRound-Regular.ttf
10:55:23.272 [FXGL Background Thread 1 ] DEBUG FXGLApplication      - Loading default localization
10:55:23.272 [FXGL Background Thread 1 ] DEBUG FXGLAssetLoaderServi - Loading from file system: jar:file:/C:/Users/%e5%b0%b9%e7%8e%ba%e9%aa%85/.m2/repository/com/github/almasb/fxgl/21.1/fxgl-21.1.jar!/fxglassets/languages/english.lang
10:55:23.277 [FXGL Background Thread 4 ] DEBUG FXGLAssetLoaderServi - Loading from file system: jar:file:/C:/Users/%e5%b0%b9%e7%8e%ba%e9%aa%85/.m2/repository/com/github/almasb/fxgl/21.1/fxgl-21.1.jar!/fxglassets/ui/fonts/Abel-Regular.ttf
10:55:23.282 [FXGL Background Thread 4 ] DEBUG FXGLAssetLoaderServi - Loading from file system: jar:file:/C:/Users/%e5%b0%b9%e7%8e%ba%e9%aa%85/.m2/repository/com/github/almasb/fxgl/21.1/fxgl-21.1.jar!/fxglassets/ui/fonts/TerminalLandMono-Regular.otf
10:55:23.284 [FXGL Background Thread 4 ] DEBUG FXGLAssetLoaderServi - Loading from file system: jar:file:/C:/Users/%e5%b0%b9%e7%8e%ba%e9%aa%85/.m2/repository/com/github/almasb/fxgl/21.1/fxgl-21.1.jar!/fxglassets/ui/fonts/Courier-Prime.ttf
10:55:23.307 [JavaFX Application Thread] DEBUG FXGLApplication      - Registering font factories with UI factory
10:55:23.348 [FXGL Background Thread 1 ] INFO  FXGLApplication      - FXGL initialization took: 0.749 sec
10:55:23.431 [JavaFX Application Thread] DEBUG Input                - Registered new binding: Click - LMB
10:55:23.431 [JavaFX Application Thread] DEBUG FXGLAssetLoaderServi - Loading from file system: jar:file:/C:/Users/%e5%b0%b9%e7%8e%ba%e9%aa%85/.m2/repository/com/github/almasb/fxgl/21.1/fxgl-21.1.jar!/fxglassets/textures/fxgl_icon.png
10:55:23.479 [JavaFX Application Thread] DEBUG FXGLAssetLoaderServi - Loading from file system: jar:file:/C:/Users/%e5%b0%b9%e7%8e%ba%e9%aa%85/.m2/repository/com/github/almasb/fxgl/21.1/fxgl-21.1.jar!/fxglassets/textures/fxgl_default_cursor.png
10:55:23.501 [JavaFX Application Thread] DEBUG Input                - Registered new binding: Screenshot - CTRL+8
10:55:23.502 [JavaFX Application Thread] DEBUG Input                - Registered new binding: System info dump - CTRL+9
10:55:23.503 [JavaFX Application Thread] DEBUG Input                - Registered new binding: Restart - CTRL+R
10:55:23.504 [JavaFX Application Thread] DEBUG Input                - Registered new binding: Toggle Debug Camera - CTRL+7
10:55:23.509 [JavaFX Application Thread] DEBUG LoopRunner           - Starting loop
10:55:23.509 [JavaFX Application Thread] DEBUG LoopRunner           - Initializing JavaFX AnimationTimerLoop
10:55:23.515 [JavaFX Application Thread] DEBUG Input                - Clearing active input actions
10:55:23.534 [JavaFX Application Thread] DEBUG GameApplicationServi - Removing overlay from FXGLStartupScene and adding to FXGLMainMenuDummyScene
10:55:23.534 [JavaFX Application Thread] DEBUG PrimaryStageWindow   - FXGLStartupScene -> FXGLMainMenuDummyScene
10:55:23.534 [JavaFX Application Thread] DEBUG PrimaryStageWindow   - Push state: MainMenuScene
10:55:23.537 [JavaFX Application Thread] DEBUG Input                - Clearing active input actions
10:55:23.567 [JavaFX Application Thread] DEBUG GameApplicationServi - Removing overlay from FXGLMainMenuDummyScene and adding to MainMenuScene
10:55:23.569 [JavaFX Application Thread] DEBUG PrimaryStageWindow   - FXGLMainMenuDummyScene -> MainMenuScene
10:55:23.632 [JavaFX Application Thread] DEBUG FXGLAssetLoaderServi - Loading from file system: file:/E:/G2/java/final_project/team_project_1124/javaA-xiangqi-project-main/target/classes/assets/music/%e6%8c%89%e9%92%ae%e9%9f%b3%e6%95%881.mp3
10:55:24.119 [JavaFX Application Thread] DEBUG AudioPlayer          - Playing music com.almasb.fxgl.audio.Music@3ada5932
10:55:24.288 [JavaFX Application Thread] DEBUG AudioPlayer          - Playing music com.almasb.fxgl.audio.Music@3ada5932
10:55:24.791 [JavaFX Application Thread] DEBUG Menu                 - fireNewGame()
10:55:24.792 [JavaFX Application Thread] DEBUG GameApplicationServi - Starting new game
10:55:24.792 [JavaFX Application Thread] DEBUG PrimaryStageWindow   - Pop state: MainMenuScene
10:55:24.792 [JavaFX Application Thread] DEBUG Input                - Clearing active input actions
10:55:24.792 [JavaFX Application Thread] DEBUG GameApplicationServi - Removing overlay from MainMenuScene and adding to FXGLMainMenuDummyScene
10:55:24.793 [JavaFX Application Thread] DEBUG PrimaryStageWindow   - FXGLMainMenuDummyScene <- MainMenuScene
10:55:24.793 [JavaFX Application Thread] DEBUG Input                - Clearing active input actions
10:55:24.812 [JavaFX Application Thread] DEBUG GameApplicationServi - Removing overlay from FXGLMainMenuDummyScene and adding to FXGLLoadingScene
10:55:24.812 [JavaFX Application Thread] DEBUG PrimaryStageWindow   - FXGLMainMenuDummyScene -> FXGLLoadingScene
10:55:24.813 [JavaFX Application Thread] DEBUG GameApplicationServi - Clearing previous game
10:55:24.813 [JavaFX Application Thread] DEBUG GameScene            - Clearing game scene
10:55:24.813 [JavaFX Application Thread] DEBUG GameWorld            - Clearing game world
10:55:24.813 [JavaFX Application Thread] DEBUG PhysicsWorld         - Clearing physics world
10:55:24.852 [FXGL Background Thread 2 ] DEBUG FXGLApplication      - Initializing game
10:55:25.073 [FXGL Background Thread 2 ] DEBUG FXGLAssetLoaderServi - Loading from file system: file:/E:/G2/java/final_project/team_project_1124/javaA-xiangqi-project-main/target/classes/assets/textures/%e8%83%8c%e6%99%af.jpg
10:55:25.410 [FXGL Background Thread 2 ] DEBUG FXGLAssetLoaderServi - Loading from file system: file:/E:/G2/java/final_project/team_project_1124/javaA-xiangqi-project-main/target/classes/assets/textures/ChessBoard.png
10:55:25.440 [FXGL Background Thread 2 ] DEBUG FXGLAssetLoaderServi - Loading from file system: file:/E:/G2/java/final_project/team_project_1124/javaA-xiangqi-project-main/target/classes/assets/textures/BlackChariot.png
10:55:25.485 [FXGL Background Thread 2 ] DEBUG FXGLAssetLoaderServi - Loading from file system: file:/E:/G2/java/final_project/team_project_1124/javaA-xiangqi-project-main/target/classes/assets/textures/BlackHorse.png
10:55:25.490 [FXGL Background Thread 2 ] DEBUG FXGLAssetLoaderServi - Loading from file system: file:/E:/G2/java/final_project/team_project_1124/javaA-xiangqi-project-main/target/classes/assets/textures/BlackElephant.png
10:55:25.495 [FXGL Background Thread 2 ] DEBUG FXGLAssetLoaderServi - Loading from file system: file:/E:/G2/java/final_project/team_project_1124/javaA-xiangqi-project-main/target/classes/assets/textures/BlackAdvisor.png
10:55:25.499 [FXGL Background Thread 2 ] DEBUG FXGLAssetLoaderServi - Loading from file system: file:/E:/G2/java/final_project/team_project_1124/javaA-xiangqi-project-main/target/classes/assets/textures/BlackGeneral.png
10:55:25.507 [FXGL Background Thread 2 ] DEBUG FXGLAssetLoaderServi - Loading from file system: file:/E:/G2/java/final_project/team_project_1124/javaA-xiangqi-project-main/target/classes/assets/textures/BlackCannon.png
10:55:25.514 [FXGL Background Thread 2 ] DEBUG FXGLAssetLoaderServi - Loading from file system: file:/E:/G2/java/final_project/team_project_1124/javaA-xiangqi-project-main/target/classes/assets/textures/BlackSoldier.png
10:55:25.521 [FXGL Background Thread 2 ] DEBUG FXGLAssetLoaderServi - Loading from file system: file:/E:/G2/java/final_project/team_project_1124/javaA-xiangqi-project-main/target/classes/assets/textures/RedSoldier.png
10:55:25.528 [FXGL Background Thread 2 ] DEBUG FXGLAssetLoaderServi - Loading from file system: file:/E:/G2/java/final_project/team_project_1124/javaA-xiangqi-project-main/target/classes/assets/textures/RedCannon.png
10:55:25.533 [FXGL Background Thread 2 ] DEBUG FXGLAssetLoaderServi - Loading from file system: file:/E:/G2/java/final_project/team_project_1124/javaA-xiangqi-project-main/target/classes/assets/textures/RedChariot.png
10:55:25.537 [FXGL Background Thread 2 ] DEBUG FXGLAssetLoaderServi - Loading from file system: file:/E:/G2/java/final_project/team_project_1124/javaA-xiangqi-project-main/target/classes/assets/textures/RedHorse.png
10:55:25.542 [FXGL Background Thread 2 ] DEBUG FXGLAssetLoaderServi - Loading from file system: file:/E:/G2/java/final_project/team_project_1124/javaA-xiangqi-project-main/target/classes/assets/textures/RedElephant.png
10:55:25.547 [FXGL Background Thread 2 ] DEBUG FXGLAssetLoaderServi - Loading from file system: file:/E:/G2/java/final_project/team_project_1124/javaA-xiangqi-project-main/target/classes/assets/textures/RedAdvisor.png
10:55:25.551 [FXGL Background Thread 2 ] DEBUG FXGLAssetLoaderServi - Loading from file system: file:/E:/G2/java/final_project/team_project_1124/javaA-xiangqi-project-main/target/classes/assets/textures/RedGeneral.png
10:55:25.567 [FXGL Background Thread 2 ] INFO  FXGLApplication      - Game initialization took: 0.715 sec
10:55:25.568 [JavaFX Application Thread] DEBUG Input                - Clearing active input actions
10:55:25.575 [JavaFX Application Thread] DEBUG GameApplicationServi - Removing overlay from FXGLLoadingScene and adding to GameScene
10:55:25.576 [JavaFX Application Thread] DEBUG PrimaryStageWindow   - FXGLLoadingScene -> GameScene
10:55:26.270 [FXGL Background Thread 3 ] DEBUG Engine               - Logging environment variables
10:55:26.271 [FXGL Background Thread 3 ] DEBUG Engine               - achievements: []
10:55:26.271 [FXGL Background Thread 3 ] DEBUG Engine               - actualHeight: 1007.0
10:55:26.271 [FXGL Background Thread 3 ] DEBUG Engine               - actualHeightProperty: ReadOnlyDoubleProperty [value: 1007.0]
10:55:26.271 [FXGL Background Thread 3 ] DEBUG Engine               - actualWidth: 1316.0
10:55:26.271 [FXGL Background Thread 3 ] DEBUG Engine               - actualWidthProperty: ReadOnlyDoubleProperty [value: 1316.0]
10:55:26.271 [FXGL Background Thread 3 ] DEBUG Engine               - appIcon: fxgl_icon.png
10:55:26.271 [FXGL Background Thread 3 ] DEBUG Engine               - applicationMode: DEVELOPER
10:55:26.272 [FXGL Background Thread 3 ] DEBUG Engine               - cSSList: [fxgl_dark.css]
10:55:26.272 [FXGL Background Thread 3 ] DEBUG Engine               - collisionDetectionStrategy: BRUTE_FORCE
10:55:26.272 [FXGL Background Thread 3 ] DEBUG Engine               - configClass: Optional.empty
10:55:26.272 [FXGL Background Thread 3 ] DEBUG Engine               - credits: []
10:55:26.274 [FXGL Background Thread 3 ] DEBUG Engine               - defaultCursor: CursorInfo(imageName=fxgl_default_cursor.png, hotspotX=7.0, hotspotY=6.0)
10:55:26.274 [FXGL Background Thread 3 ] DEBUG Engine               - devBBoxColorProperty: ObjectProperty [value: 0xff0000ff]
10:55:26.274 [FXGL Background Thread 3 ] DEBUG Engine               - devEnableDebugCameraProperty: BooleanProperty [value: false]
10:55:26.274 [FXGL Background Thread 3 ] DEBUG Engine               - devSensorColorProperty: ObjectProperty [value: 0xffff00ff]
10:55:26.274 [FXGL Background Thread 3 ] DEBUG Engine               - devShowBBoxProperty: BooleanProperty [value: false]
10:55:26.274 [FXGL Background Thread 3 ] DEBUG Engine               - devShowPositionProperty: BooleanProperty [value: false]
10:55:26.274 [FXGL Background Thread 3 ] DEBUG Engine               - enabledMenuItems: []
10:55:26.274 [FXGL Background Thread 3 ] DEBUG Engine               - engineServices: [class com.almasb.fxgl.app.services.FXGLAssetLoaderService, class com.almasb.fxgl.app.FXGLApplication$GameApplicationService, class com.almasb.fxgl.app.services.FXGLDialogService, class com.almasb.fxgl.app.services.IOTaskExecutorService, class com.almasb.fxgl.io.FileSystemService, class com.almasb.fxgl.localization.LocalizationService, class com.almasb.fxgl.app.services.SystemBundleService, class com.almasb.fxgl.profile.SaveLoadService, class com.almasb.fxgl.ui.FXGLUIFactoryServiceProvider, class com.almasb.fxgl.ui.FXGLDialogFactoryServiceProvider, class com.almasb.fxgl.audio.AudioPlayer, class com.almasb.fxgl.notification.impl.NotificationServiceProvider, class com.almasb.fxgl.achievement.AchievementService, class com.almasb.fxgl.cutscene.CutsceneService, class com.almasb.fxgl.minigames.MiniGameService, class com.almasb.fxgl.net.NetService, class com.almasb.fxgl.app.services.UpdaterService, class com.almasb.fxgl.dev.DevService]
10:55:26.275 [FXGL Background Thread 3 ] DEBUG Engine               - fontGame: Abel-Regular.ttf
10:55:26.275 [FXGL Background Thread 3 ] DEBUG Engine               - fontMono: TerminalLandMono-Regular.otf
10:55:26.276 [FXGL Background Thread 3 ] DEBUG Engine               - fontSizeScaleUI: 1.0
10:55:26.276 [FXGL Background Thread 3 ] DEBUG Engine               - fontText: Courier-Prime.ttf
10:55:26.276 [FXGL Background Thread 3 ] DEBUG Engine               - fontUI: VarelaRound-Regular.ttf
10:55:26.276 [FXGL Background Thread 3 ] DEBUG Engine               - fullScreen: BooleanProperty [value: false]
10:55:26.276 [FXGL Background Thread 3 ] DEBUG Engine               - gameDifficulty: MEDIUM
10:55:26.276 [FXGL Background Thread 3 ] DEBUG Engine               - gameDifficultyProperty: ObjectProperty [value: MEDIUM]
10:55:26.276 [FXGL Background Thread 3 ] DEBUG Engine               - globalMusicVolume: 0.5
10:55:26.276 [FXGL Background Thread 3 ] DEBUG Engine               - globalMusicVolumeProperty: DoubleProperty [value: 0.5]
10:55:26.276 [FXGL Background Thread 3 ] DEBUG Engine               - globalSoundVolume: 0.5
10:55:26.276 [FXGL Background Thread 3 ] DEBUG Engine               - globalSoundVolumeProperty: DoubleProperty [value: 0.5]
10:55:26.276 [FXGL Background Thread 3 ] DEBUG Engine               - height: 1007
10:55:26.276 [FXGL Background Thread 3 ] DEBUG Engine               - is3D: false
10:55:26.276 [FXGL Background Thread 3 ] DEBUG Engine               - isAndroid: false
10:55:26.279 [FXGL Background Thread 3 ] DEBUG Engine               - isBrowser: false
10:55:26.279 [FXGL Background Thread 3 ] DEBUG Engine               - isClickFeedbackEnabled: false
10:55:26.279 [FXGL Background Thread 3 ] DEBUG Engine               - isCloseConfirmation: false
10:55:26.279 [FXGL Background Thread 3 ] DEBUG Engine               - isDesktop: true
10:55:26.279 [FXGL Background Thread 3 ] DEBUG Engine               - isDeveloperMenuEnabled: false
10:55:26.279 [FXGL Background Thread 3 ] DEBUG Engine               - isEmbedded: false
10:55:26.279 [FXGL Background Thread 3 ] DEBUG Engine               - isEntityPreloadEnabled: true
10:55:26.279 [FXGL Background Thread 3 ] DEBUG Engine               - isExperimentalTiledLargeMap: false
10:55:26.279 [FXGL Background Thread 3 ] DEBUG Engine               - isFileSystemWriteAllowed: true
10:55:26.280 [FXGL Background Thread 3 ] DEBUG Engine               - isFullScreenAllowed: false
10:55:26.280 [FXGL Background Thread 3 ] DEBUG Engine               - isFullScreenFromStart: false
10:55:26.280 [FXGL Background Thread 3 ] DEBUG Engine               - isGameMenuEnabled: true
10:55:26.280 [FXGL Background Thread 3 ] DEBUG Engine               - isIOS: false
10:55:26.280 [FXGL Background Thread 3 ] DEBUG Engine               - isIntroEnabled: false
10:55:26.280 [FXGL Background Thread 3 ] DEBUG Engine               - isLinux: false
10:55:26.280 [FXGL Background Thread 3 ] DEBUG Engine               - isMac: false
10:55:26.281 [FXGL Background Thread 3 ] DEBUG Engine               - isMainMenuEnabled: true
10:55:26.281 [FXGL Background Thread 3 ] DEBUG Engine               - isManualResizeEnabled: false
10:55:26.281 [FXGL Background Thread 3 ] DEBUG Engine               - isMobile: false
10:55:26.281 [FXGL Background Thread 3 ] DEBUG Engine               - isNative: false
10:55:26.281 [FXGL Background Thread 3 ] DEBUG Engine               - isPauseMusicWhenMinimized: true
10:55:26.281 [FXGL Background Thread 3 ] DEBUG Engine               - isPreserveResizeRatio: false
10:55:26.281 [FXGL Background Thread 3 ] DEBUG Engine               - isProfilingEnabled: false
10:55:26.281 [FXGL Background Thread 3 ] DEBUG Engine               - isScaleAffectedOnResize: true
10:55:26.281 [FXGL Background Thread 3 ] DEBUG Engine               - isSingleStep: false
10:55:26.281 [FXGL Background Thread 3 ] DEBUG Engine               - isUserProfileEnabled: false
10:55:26.281 [FXGL Background Thread 3 ] DEBUG Engine               - isWindows: true
10:55:26.281 [FXGL Background Thread 3 ] DEBUG Engine               - language: ObjectProperty [value: ENGLISH]
10:55:26.281 [FXGL Background Thread 3 ] DEBUG Engine               - menuKey: ESCAPE
10:55:26.281 [FXGL Background Thread 3 ] DEBUG Engine               - mouseSensitivity: 0.2
10:55:26.281 [FXGL Background Thread 3 ] DEBUG Engine               - notificationViewClass: class com.almasb.fxgl.notification.view.XboxNotificationView
10:55:26.281 [FXGL Background Thread 3 ] DEBUG Engine               - pixelsPerMeter: 50.0
10:55:26.281 [FXGL Background Thread 3 ] DEBUG Engine               - platform: WINDOWS
10:55:26.281 [FXGL Background Thread 3 ] DEBUG Engine               - prefHeightProperty: ReadOnlyDoubleProperty [value: 1007.0]
10:55:26.281 [FXGL Background Thread 3 ] DEBUG Engine               - prefWidthProperty: ReadOnlyDoubleProperty [value: 1316.0]
10:55:26.281 [FXGL Background Thread 3 ] DEBUG Engine               - profileDir: profiles/
10:55:26.281 [FXGL Background Thread 3 ] DEBUG Engine               - profileName: StringProperty [value: DEFAULT]
10:55:26.281 [FXGL Background Thread 3 ] DEBUG Engine               - randomSeed: -1
10:55:26.281 [FXGL Background Thread 3 ] DEBUG Engine               - runtimeInfo: RuntimeInfo(platform=WINDOWS, version=21.1, build=27.03.2024 07.52)
10:55:26.281 [FXGL Background Thread 3 ] DEBUG Engine               - saveFileExt: sav
10:55:26.281 [FXGL Background Thread 3 ] DEBUG Engine               - scaledHeightProp$fxgl: DoubleProperty [bound, value: 1007.0]
10:55:26.281 [FXGL Background Thread 3 ] DEBUG Engine               - scaledWidthProp$fxgl: DoubleProperty [bound, value: 1316.0]
10:55:26.281 [FXGL Background Thread 3 ] DEBUG Engine               - sceneFactory: edu.sustech.xiangqi.XiangQiApp$1@31ab8b52
10:55:26.281 [FXGL Background Thread 3 ] DEBUG Engine               - secondsIn24h: 60
10:55:26.281 [FXGL Background Thread 3 ] DEBUG Engine               - soundMenuBack: menu/back.wav
10:55:26.281 [FXGL Background Thread 3 ] DEBUG Engine               - soundMenuPress: menu/press.wav
10:55:26.281 [FXGL Background Thread 3 ] DEBUG Engine               - soundMenuSelect: menu/select.wav
10:55:26.281 [FXGL Background Thread 3 ] DEBUG Engine               - soundNotification: core/notification.wav
10:55:26.281 [FXGL Background Thread 3 ] DEBUG Engine               - stageStyle: DECORATED
10:55:26.281 [FXGL Background Thread 3 ] DEBUG Engine               - supportedLanguages: [ENGLISH, FRENCH, GERMAN, HUNGARIAN, RUSSIAN]
10:55:26.282 [FXGL Background Thread 3 ] DEBUG Engine               - ticksPerSecond: -1
10:55:26.282 [FXGL Background Thread 3 ] DEBUG Engine               - title: 中国象棋 1.0
10:55:26.282 [FXGL Background Thread 3 ] DEBUG Engine               - urlGithub: https://github.com/AlmasB/FXGL
10:55:26.282 [FXGL Background Thread 3 ] DEBUG Engine               - urlLeaderboard: http://fxgl-top.herokuapp.com/
10:55:26.282 [FXGL Background Thread 3 ] DEBUG Engine               - urlPOM: https://raw.githubusercontent.com/AlmasB/FXGL/release/README.md
10:55:26.282 [FXGL Background Thread 3 ] DEBUG Engine               - userAppClass: class edu.sustech.xiangqi.XiangQiApp
10:55:26.282 [FXGL Background Thread 3 ] DEBUG Engine               - version: 1.0
10:55:26.282 [FXGL Background Thread 3 ] DEBUG Engine               - versionCheckDays: 7
10:55:26.283 [FXGL Background Thread 3 ] DEBUG Engine               - width: 1316
10:55:26.283 [FXGL Background Thread 3 ] DEBUG Engine               - Logging services
10:55:26.283 [FXGL Background Thread 3 ] DEBUG Engine               - class com.almasb.fxgl.app.services.FXGLAssetLoaderService
10:55:26.283 [FXGL Background Thread 3 ] DEBUG Engine               - class com.almasb.fxgl.app.FXGLApplication$GameApplicationService
10:55:26.283 [FXGL Background Thread 3 ] DEBUG Engine               - class com.almasb.fxgl.app.services.FXGLDialogService
10:55:26.283 [FXGL Background Thread 3 ] DEBUG Engine               - class com.almasb.fxgl.app.services.IOTaskExecutorService
10:55:26.283 [FXGL Background Thread 3 ] DEBUG Engine               - class com.almasb.fxgl.io.FileSystemService
10:55:26.284 [FXGL Background Thread 3 ] DEBUG Engine               - class com.almasb.fxgl.localization.LocalizationService
10:55:26.284 [FXGL Background Thread 3 ] DEBUG Engine               - class com.almasb.fxgl.app.services.SystemBundleService
10:55:26.284 [FXGL Background Thread 3 ] DEBUG Engine               - class com.almasb.fxgl.profile.SaveLoadService
10:55:26.284 [FXGL Background Thread 3 ] DEBUG Engine               - class com.almasb.fxgl.ui.FXGLUIFactoryServiceProvider
10:55:26.284 [FXGL Background Thread 3 ] DEBUG Engine               - class com.almasb.fxgl.ui.FXGLDialogFactoryServiceProvider
10:55:26.284 [FXGL Background Thread 3 ] DEBUG Engine               - class com.almasb.fxgl.audio.AudioPlayer
10:55:26.284 [FXGL Background Thread 3 ] DEBUG Engine               - class com.almasb.fxgl.notification.impl.NotificationServiceProvider
10:55:26.284 [FXGL Background Thread 3 ] DEBUG Engine               - class com.almasb.fxgl.achievement.AchievementService
10:55:26.284 [FXGL Background Thread 3 ] DEBUG Engine               - class com.almasb.fxgl.cutscene.CutsceneService
10:55:26.284 [FXGL Background Thread 3 ] DEBUG Engine               - class com.almasb.fxgl.minigames.MiniGameService
10:55:26.284 [FXGL Background Thread 3 ] DEBUG Engine               - class com.almasb.fxgl.net.NetService
10:55:26.284 [FXGL Background Thread 3 ] DEBUG Engine               - class com.almasb.fxgl.app.services.UpdaterService
10:55:26.284 [FXGL Background Thread 3 ] DEBUG Engine               - class com.almasb.fxgl.dev.DevService
10:55:26.363 [JavaFX Application Thread] DEBUG FXGLAssetLoaderServi - Loading from file system: file:/E:/G2/java/final_project/team_project_1124/javaA-xiangqi-project-main/target/classes/assets/textures/%e9%80%89%e4%b8%ad.png
10:55:31.823 [JavaFX Application Thread] DEBUG AudioPlayer          - Playing music com.almasb.fxgl.audio.Music@3ada5932
10:55:32.386 [JavaFX Application Thread] DEBUG AudioPlayer          - Playing music com.almasb.fxgl.audio.Music@3ada5932
10:55:32.749 [JavaFX Application Thread] DEBUG PrimaryStageWindow   - Push state: DialogSubScene
10:55:32.749 [JavaFX Application Thread] DEBUG Input                - Clearing active input actions
10:55:32.753 [JavaFX Application Thread] DEBUG GameApplicationServi - Removing overlay from GameScene and adding to DialogSubScene
10:55:32.753 [JavaFX Application Thread] DEBUG PrimaryStageWindow   - GameScene -> DialogSubScene
10:55:33.467 [JavaFX Application Thread] DEBUG PrimaryStageWindow   - Pop state: DialogSubScene
10:55:33.467 [JavaFX Application Thread] DEBUG Input                - Clearing active input actions
10:55:33.467 [JavaFX Application Thread] DEBUG GameApplicationServi - Removing overlay from DialogSubScene and adding to GameScene
10:55:33.467 [JavaFX Application Thread] DEBUG PrimaryStageWindow   - GameScene <- DialogSubScene
10:55:33.484 [JavaFX Application Thread] DEBUG PrimaryStageWindow   - Push state: DialogSubScene
10:55:33.484 [JavaFX Application Thread] DEBUG Input                - Clearing active input actions
10:55:33.485 [JavaFX Application Thread] DEBUG GameApplicationServi - Removing overlay from GameScene and adding to DialogSubScene
10:55:33.485 [JavaFX Application Thread] DEBUG PrimaryStageWindow   - GameScene -> DialogSubScene
10:55:34.250 [JavaFX Application Thread] DEBUG PrimaryStageWindow   - Pop state: DialogSubScene
10:55:34.250 [JavaFX Application Thread] DEBUG Input                - Clearing active input actions
10:55:34.251 [JavaFX Application Thread] DEBUG GameApplicationServi - Removing overlay from DialogSubScene and adding to GameScene
10:55:34.251 [JavaFX Application Thread] DEBUG PrimaryStageWindow   - GameScene <- DialogSubScene
10:55:34.469 [JavaFX Application Thread] DEBUG AudioPlayer          - Playing music com.almasb.fxgl.audio.Music@3ada5932
10:55:35.250 [JavaFX Application Thread] DEBUG AudioPlayer          - Playing music com.almasb.fxgl.audio.Music@3ada5932
10:55:37.623 [JavaFX Application Thread] DEBUG PrimaryStageWindow   - Push state: InGameMenuScene
10:55:37.623 [JavaFX Application Thread] DEBUG Input                - Clearing active input actions
10:55:37.626 [JavaFX Application Thread] DEBUG GameApplicationServi - Removing overlay from GameScene and adding to InGameMenuScene
10:55:37.626 [JavaFX Application Thread] DEBUG PrimaryStageWindow   - GameScene -> InGameMenuScene
10:55:39.387 [JavaFX Application Thread] DEBUG Menu                 - fireExitToMainMenu()
10:55:39.391 [JavaFX Application Thread] DEBUG PrimaryStageWindow   - Push state: DialogSubScene
10:55:39.391 [JavaFX Application Thread] DEBUG Input                - Clearing active input actions
10:55:39.393 [JavaFX Application Thread] DEBUG GameApplicationServi - Removing overlay from InGameMenuScene and adding to DialogSubScene
10:55:39.393 [JavaFX Application Thread] DEBUG PrimaryStageWindow   - InGameMenuScene -> DialogSubScene
10:55:39.957 [JavaFX Application Thread] DEBUG PrimaryStageWindow   - Pop state: DialogSubScene
10:55:39.957 [JavaFX Application Thread] DEBUG Input                - Clearing active input actions
10:55:39.958 [JavaFX Application Thread] DEBUG GameApplicationServi - Removing overlay from DialogSubScene and adding to InGameMenuScene
10:55:39.958 [JavaFX Application Thread] DEBUG PrimaryStageWindow   - InGameMenuScene <- DialogSubScene
10:55:39.958 [JavaFX Application Thread] DEBUG PrimaryStageWindow   - Pop state: InGameMenuScene
10:55:39.958 [JavaFX Application Thread] DEBUG Input                - Clearing active input actions
10:55:39.958 [JavaFX Application Thread] DEBUG GameApplicationServi - Removing overlay from InGameMenuScene and adding to GameScene
10:55:39.958 [JavaFX Application Thread] DEBUG PrimaryStageWindow   - GameScene <- InGameMenuScene
10:55:39.958 [JavaFX Application Thread] DEBUG Input                - Clearing active input actions
10:55:39.967 [JavaFX Application Thread] DEBUG GameApplicationServi - Removing overlay from GameScene and adding to FXGLMainMenuDummyScene
10:55:39.967 [JavaFX Application Thread] DEBUG PrimaryStageWindow   - GameScene -> FXGLMainMenuDummyScene
10:55:39.967 [JavaFX Application Thread] DEBUG PrimaryStageWindow   - Push state: MainMenuScene
10:55:39.967 [JavaFX Application Thread] DEBUG Input                - Clearing active input actions
10:55:39.967 [JavaFX Application Thread] DEBUG GameApplicationServi - Removing overlay from FXGLMainMenuDummyScene and adding to MainMenuScene
10:55:39.967 [JavaFX Application Thread] DEBUG PrimaryStageWindow   - FXGLMainMenuDummyScene -> MainMenuScene
10:55:39.968 [JavaFX Application Thread] DEBUG AudioPlayer          - Playing music com.almasb.fxgl.audio.Music@3ada5932
10:55:40.225 [JavaFX Application Thread] DEBUG AudioPlayer          - Playing music com.almasb.fxgl.audio.Music@3ada5932
10:55:40.452 [JavaFX Application Thread] DEBUG Menu                 - fireNewGame()
10:55:40.452 [JavaFX Application Thread] DEBUG GameApplicationServi - Starting new game
10:55:40.452 [JavaFX Application Thread] DEBUG PrimaryStageWindow   - Pop state: MainMenuScene
10:55:40.452 [JavaFX Application Thread] DEBUG Input                - Clearing active input actions
10:55:40.452 [JavaFX Application Thread] DEBUG GameApplicationServi - Removing overlay from MainMenuScene and adding to FXGLMainMenuDummyScene
10:55:40.452 [JavaFX Application Thread] DEBUG PrimaryStageWindow   - FXGLMainMenuDummyScene <- MainMenuScene
10:55:40.452 [JavaFX Application Thread] DEBUG Input                - Clearing active input actions
10:55:40.456 [JavaFX Application Thread] DEBUG GameApplicationServi - Removing overlay from FXGLMainMenuDummyScene and adding to FXGLLoadingScene
10:55:40.456 [JavaFX Application Thread] DEBUG PrimaryStageWindow   - FXGLMainMenuDummyScene -> FXGLLoadingScene
10:55:40.456 [JavaFX Application Thread] DEBUG GameApplicationServi - Clearing previous game
10:55:40.456 [JavaFX Application Thread] DEBUG GameScene            - Clearing game scene
10:55:40.456 [JavaFX Application Thread] DEBUG GameWorld            - Clearing game world
10:55:40.457 [JavaFX Application Thread] DEBUG PhysicsWorld         - Clearing physics world
10:55:40.457 [FXGL Background Thread 2 ] DEBUG FXGLApplication      - Initializing game
10:55:40.467 [FXGL Background Thread 2 ] INFO  FXGLApplication      - Game initialization took: 0.009 sec
10:55:40.469 [JavaFX Application Thread] DEBUG Input                - Clearing active input actions
10:55:40.474 [JavaFX Application Thread] DEBUG GameApplicationServi - Removing overlay from FXGLLoadingScene and adding to GameScene
10:55:40.474 [JavaFX Application Thread] DEBUG PrimaryStageWindow   - FXGLLoadingScene -> GameScene
10:55:46.755 [JavaFX Application Thread] DEBUG AudioPlayer          - Playing music com.almasb.fxgl.audio.Music@3ada5932
10:55:46.936 [JavaFX Application Thread] DEBUG AudioPlayer          - Playing music com.almasb.fxgl.audio.Music@3ada5932
10:55:47.213 [JavaFX Application Thread] DEBUG PrimaryStageWindow   - Push state: DialogSubScene
10:55:47.215 [JavaFX Application Thread] DEBUG Input                - Clearing active input actions
10:55:47.215 [JavaFX Application Thread] DEBUG GameApplicationServi - Removing overlay from GameScene and adding to DialogSubScene
10:55:47.216 [JavaFX Application Thread] DEBUG PrimaryStageWindow   - GameScene -> DialogSubScene
10:55:47.770 [JavaFX Application Thread] DEBUG PrimaryStageWindow   - Pop state: DialogSubScene
10:55:47.770 [JavaFX Application Thread] DEBUG Input                - Clearing active input actions
10:55:47.770 [JavaFX Application Thread] DEBUG GameApplicationServi - Removing overlay from DialogSubScene and adding to GameScene
10:55:47.770 [JavaFX Application Thread] DEBUG PrimaryStageWindow   - GameScene <- DialogSubScene
10:55:47.773 [JavaFX Application Thread] DEBUG PrimaryStageWindow   - Push state: DialogSubScene
10:55:47.773 [JavaFX Application Thread] DEBUG Input                - Clearing active input actions
10:55:47.774 [JavaFX Application Thread] DEBUG GameApplicationServi - Removing overlay from GameScene and adding to DialogSubScene
10:55:47.774 [JavaFX Application Thread] DEBUG PrimaryStageWindow   - GameScene -> DialogSubScene
10:55:48.255 [JavaFX Application Thread] DEBUG PrimaryStageWindow   - Pop state: DialogSubScene
10:55:48.255 [JavaFX Application Thread] DEBUG Input                - Clearing active input actions
10:55:48.255 [JavaFX Application Thread] DEBUG GameApplicationServi - Removing overlay from DialogSubScene and adding to GameScene
10:55:48.255 [JavaFX Application Thread] DEBUG PrimaryStageWindow   - GameScene <- DialogSubScene
10:55:49.042 [JavaFX Application Thread] DEBUG PrimaryStageWindow   - Push state: InGameMenuScene
10:55:49.043 [JavaFX Application Thread] DEBUG Input                - Clearing active input actions
10:55:49.051 [JavaFX Application Thread] DEBUG GameApplicationServi - Removing overlay from GameScene and adding to InGameMenuScene
10:55:49.051 [JavaFX Application Thread] DEBUG PrimaryStageWindow   - GameScene -> InGameMenuScene
10:55:49.761 [JavaFX Application Thread] DEBUG Menu                 - fireExitToMainMenu()
10:55:49.761 [JavaFX Application Thread] DEBUG PrimaryStageWindow   - Push state: DialogSubScene
10:55:49.761 [JavaFX Application Thread] DEBUG Input                - Clearing active input actions
10:55:49.762 [JavaFX Application Thread] DEBUG GameApplicationServi - Removing overlay from InGameMenuScene and adding to DialogSubScene
10:55:49.763 [JavaFX Application Thread] DEBUG PrimaryStageWindow   - InGameMenuScene -> DialogSubScene
10:55:50.344 [JavaFX Application Thread] DEBUG PrimaryStageWindow   - Pop state: DialogSubScene
10:55:50.344 [JavaFX Application Thread] DEBUG Input                - Clearing active input actions
10:55:50.344 [JavaFX Application Thread] DEBUG GameApplicationServi - Removing overlay from DialogSubScene and adding to InGameMenuScene
10:55:50.344 [JavaFX Application Thread] DEBUG PrimaryStageWindow   - InGameMenuScene <- DialogSubScene
10:55:50.344 [JavaFX Application Thread] DEBUG PrimaryStageWindow   - Pop state: InGameMenuScene
10:55:50.344 [JavaFX Application Thread] DEBUG Input                - Clearing active input actions
10:55:50.344 [JavaFX Application Thread] DEBUG GameApplicationServi - Removing overlay from InGameMenuScene and adding to GameScene
10:55:50.344 [JavaFX Application Thread] DEBUG PrimaryStageWindow   - GameScene <- InGameMenuScene
10:55:50.344 [JavaFX Application Thread] DEBUG Input                - Clearing active input actions
10:55:50.346 [JavaFX Application Thread] DEBUG GameApplicationServi - Removing overlay from GameScene and adding to FXGLMainMenuDummyScene
10:55:50.346 [JavaFX Application Thread] DEBUG PrimaryStageWindow   - GameScene -> FXGLMainMenuDummyScene
10:55:50.346 [JavaFX Application Thread] DEBUG PrimaryStageWindow   - Push state: MainMenuScene
10:55:50.346 [JavaFX Application Thread] DEBUG Input                - Clearing active input actions
10:55:50.346 [JavaFX Application Thread] DEBUG GameApplicationServi - Removing overlay from FXGLMainMenuDummyScene and adding to MainMenuScene
10:55:50.346 [JavaFX Application Thread] DEBUG PrimaryStageWindow   - FXGLMainMenuDummyScene -> MainMenuScene
10:55:50.685 [JavaFX Application Thread] DEBUG AudioPlayer          - Playing music com.almasb.fxgl.audio.Music@3ada5932
10:55:51.287 [JavaFX Application Thread] DEBUG PrimaryStageWindow   - Push state: DialogSubScene
10:55:51.287 [JavaFX Application Thread] DEBUG Input                - Clearing active input actions
10:55:51.288 [JavaFX Application Thread] DEBUG GameApplicationServi - Removing overlay from MainMenuScene and adding to DialogSubScene
10:55:51.288 [JavaFX Application Thread] DEBUG PrimaryStageWindow   - MainMenuScene -> DialogSubScene
10:55:51.905 [JavaFX Application Thread] DEBUG PrimaryStageWindow   - Pop state: DialogSubScene
10:55:51.905 [JavaFX Application Thread] DEBUG Input                - Clearing active input actions
10:55:51.905 [JavaFX Application Thread] DEBUG GameApplicationServi - Removing overlay from DialogSubScene and adding to MainMenuScene
10:55:51.905 [JavaFX Application Thread] DEBUG PrimaryStageWindow   - MainMenuScene <- DialogSubScene
10:55:51.908 [JavaFX Application Thread] DEBUG GameApplicationServi - Starting new game
10:55:51.908 [JavaFX Application Thread] DEBUG PrimaryStageWindow   - Pop state: MainMenuScene
10:55:51.908 [JavaFX Application Thread] DEBUG Input                - Clearing active input actions
10:55:51.908 [JavaFX Application Thread] DEBUG GameApplicationServi - Removing overlay from MainMenuScene and adding to FXGLMainMenuDummyScene
10:55:51.908 [JavaFX Application Thread] DEBUG PrimaryStageWindow   - FXGLMainMenuDummyScene <- MainMenuScene
10:55:51.908 [JavaFX Application Thread] DEBUG Input                - Clearing active input actions
10:55:51.911 [JavaFX Application Thread] DEBUG GameApplicationServi - Removing overlay from FXGLMainMenuDummyScene and adding to FXGLLoadingScene
10:55:51.912 [JavaFX Application Thread] DEBUG PrimaryStageWindow   - FXGLMainMenuDummyScene -> FXGLLoadingScene
10:55:51.912 [JavaFX Application Thread] DEBUG GameApplicationServi - Clearing previous game
10:55:51.912 [JavaFX Application Thread] DEBUG GameScene            - Clearing game scene
10:55:51.912 [JavaFX Application Thread] DEBUG GameWorld            - Clearing game world
10:55:51.913 [JavaFX Application Thread] DEBUG PhysicsWorld         - Clearing physics world
10:55:51.913 [FXGL Background Thread 2 ] DEBUG FXGLApplication      - Initializing game
10:55:51.927 [FXGL Background Thread 2 ] INFO  FXGLApplication      - Game initialization took: 0.014 sec
10:55:51.932 [JavaFX Application Thread] DEBUG Input                - Clearing active input actions
10:55:51.934 [JavaFX Application Thread] DEBUG GameApplicationServi - Removing overlay from FXGLLoadingScene and adding to GameScene
10:55:51.934 [JavaFX Application Thread] DEBUG PrimaryStageWindow   - FXGLLoadingScene -> GameScene
10:55:52.706 [JavaFX Application Thread] DEBUG PrimaryStageWindow   - Push state: InGameMenuScene
10:55:52.707 [JavaFX Application Thread] DEBUG Input                - Clearing active input actions
10:55:52.710 [JavaFX Application Thread] DEBUG GameApplicationServi - Removing overlay from GameScene and adding to InGameMenuScene
10:55:52.710 [JavaFX Application Thread] DEBUG PrimaryStageWindow   - GameScene -> InGameMenuScene
10:55:53.484 [JavaFX Application Thread] DEBUG Menu                 - fireExitToMainMenu()
10:55:53.485 [JavaFX Application Thread] DEBUG PrimaryStageWindow   - Push state: DialogSubScene
10:55:53.485 [JavaFX Application Thread] DEBUG Input                - Clearing active input actions
10:55:53.485 [JavaFX Application Thread] DEBUG GameApplicationServi - Removing overlay from InGameMenuScene and adding to DialogSubScene
10:55:53.485 [JavaFX Application Thread] DEBUG PrimaryStageWindow   - InGameMenuScene -> DialogSubScene
10:55:54.045 [JavaFX Application Thread] DEBUG PrimaryStageWindow   - Pop state: DialogSubScene
10:55:54.045 [JavaFX Application Thread] DEBUG Input                - Clearing active input actions
10:55:54.045 [JavaFX Application Thread] DEBUG GameApplicationServi - Removing overlay from DialogSubScene and adding to InGameMenuScene
10:55:54.045 [JavaFX Application Thread] DEBUG PrimaryStageWindow   - InGameMenuScene <- DialogSubScene
10:55:54.045 [JavaFX Application Thread] DEBUG PrimaryStageWindow   - Pop state: InGameMenuScene
10:55:54.045 [JavaFX Application Thread] DEBUG Input                - Clearing active input actions
10:55:54.046 [JavaFX Application Thread] DEBUG GameApplicationServi - Removing overlay from InGameMenuScene and adding to GameScene
10:55:54.046 [JavaFX Application Thread] DEBUG PrimaryStageWindow   - GameScene <- InGameMenuScene
10:55:54.046 [JavaFX Application Thread] DEBUG Input                - Clearing active input actions
10:55:54.049 [JavaFX Application Thread] DEBUG GameApplicationServi - Removing overlay from GameScene and adding to FXGLMainMenuDummyScene
10:55:54.049 [JavaFX Application Thread] DEBUG PrimaryStageWindow   - GameScene -> FXGLMainMenuDummyScene
10:55:54.049 [JavaFX Application Thread] DEBUG PrimaryStageWindow   - Push state: MainMenuScene
10:55:54.049 [JavaFX Application Thread] DEBUG Input                - Clearing active input actions
10:55:54.049 [JavaFX Application Thread] DEBUG GameApplicationServi - Removing overlay from FXGLMainMenuDummyScene and adding to MainMenuScene
10:55:54.049 [JavaFX Application Thread] DEBUG PrimaryStageWindow   - FXGLMainMenuDummyScene -> MainMenuScene
10:55:54.049 [JavaFX Application Thread] DEBUG AudioPlayer          - Playing music com.almasb.fxgl.audio.Music@3ada5932
10:55:54.443 [JavaFX Application Thread] DEBUG AudioPlayer          - Playing music com.almasb.fxgl.audio.Music@3ada5932
10:55:54.774 [JavaFX Application Thread] DEBUG PrimaryStageWindow   - Push state: DialogSubScene
10:55:54.775 [JavaFX Application Thread] DEBUG Input                - Clearing active input actions
10:55:54.775 [JavaFX Application Thread] DEBUG GameApplicationServi - Removing overlay from MainMenuScene and adding to DialogSubScene
10:55:54.775 [JavaFX Application Thread] DEBUG PrimaryStageWindow   - MainMenuScene -> DialogSubScene
10:55:55.807 [JavaFX Application Thread] DEBUG PrimaryStageWindow   - Pop state: DialogSubScene
10:55:55.807 [JavaFX Application Thread] DEBUG Input                - Clearing active input actions
10:55:55.807 [JavaFX Application Thread] DEBUG GameApplicationServi - Removing overlay from DialogSubScene and adding to MainMenuScene
10:55:55.807 [JavaFX Application Thread] DEBUG PrimaryStageWindow   - MainMenuScene <- DialogSubScene
10:55:55.810 [JavaFX Application Thread] DEBUG GameApplicationServi - Starting new game
10:55:55.810 [JavaFX Application Thread] DEBUG PrimaryStageWindow   - Pop state: MainMenuScene
10:55:55.810 [JavaFX Application Thread] DEBUG Input                - Clearing active input actions
10:55:55.810 [JavaFX Application Thread] DEBUG GameApplicationServi - Removing overlay from MainMenuScene and adding to FXGLMainMenuDummyScene
10:55:55.810 [JavaFX Application Thread] DEBUG PrimaryStageWindow   - FXGLMainMenuDummyScene <- MainMenuScene
10:55:55.810 [JavaFX Application Thread] DEBUG Input                - Clearing active input actions
10:55:55.813 [JavaFX Application Thread] DEBUG GameApplicationServi - Removing overlay from FXGLMainMenuDummyScene and adding to FXGLLoadingScene
10:55:55.813 [JavaFX Application Thread] DEBUG PrimaryStageWindow   - FXGLMainMenuDummyScene -> FXGLLoadingScene
10:55:55.813 [JavaFX Application Thread] DEBUG GameApplicationServi - Clearing previous game
10:55:55.813 [JavaFX Application Thread] DEBUG GameScene            - Clearing game scene
10:55:55.813 [JavaFX Application Thread] DEBUG GameWorld            - Clearing game world
10:55:55.814 [JavaFX Application Thread] DEBUG PhysicsWorld         - Clearing physics world
10:55:55.815 [FXGL Background Thread 2 ] DEBUG FXGLApplication      - Initializing game
10:55:55.830 [FXGL Background Thread 2 ] INFO  FXGLApplication      - Game initialization took: 0.016 sec
10:55:55.840 [JavaFX Application Thread] DEBUG Input                - Clearing active input actions
10:55:55.843 [JavaFX Application Thread] DEBUG GameApplicationServi - Removing overlay from FXGLLoadingScene and adding to GameScene
10:55:55.845 [JavaFX Application Thread] DEBUG PrimaryStageWindow   - FXGLLoadingScene -> GameScene
10:55:56.351 [JavaFX Application Thread] DEBUG PrimaryStageWindow   - Push state: InGameMenuScene
10:55:56.351 [JavaFX Application Thread] DEBUG Input                - Clearing active input actions
10:55:56.352 [JavaFX Application Thread] DEBUG GameApplicationServi - Removing overlay from GameScene and adding to InGameMenuScene
10:55:56.352 [JavaFX Application Thread] DEBUG PrimaryStageWindow   - GameScene -> InGameMenuScene
10:55:57.012 [JavaFX Application Thread] DEBUG Menu                 - fireExitToMainMenu()
10:55:57.012 [JavaFX Application Thread] DEBUG PrimaryStageWindow   - Push state: DialogSubScene
10:55:57.012 [JavaFX Application Thread] DEBUG Input                - Clearing active input actions
10:55:57.013 [JavaFX Application Thread] DEBUG GameApplicationServi - Removing overlay from InGameMenuScene and adding to DialogSubScene
10:55:57.013 [JavaFX Application Thread] DEBUG PrimaryStageWindow   - InGameMenuScene -> DialogSubScene
10:55:57.579 [JavaFX Application Thread] DEBUG PrimaryStageWindow   - Pop state: DialogSubScene
10:55:57.579 [JavaFX Application Thread] DEBUG Input                - Clearing active input actions
10:55:57.579 [JavaFX Application Thread] DEBUG GameApplicationServi - Removing overlay from DialogSubScene and adding to InGameMenuScene
10:55:57.579 [JavaFX Application Thread] DEBUG PrimaryStageWindow   - InGameMenuScene <- DialogSubScene
10:55:57.579 [JavaFX Application Thread] DEBUG PrimaryStageWindow   - Pop state: InGameMenuScene
10:55:57.579 [JavaFX Application Thread] DEBUG Input                - Clearing active input actions
10:55:57.581 [JavaFX Application Thread] DEBUG GameApplicationServi - Removing overlay from InGameMenuScene and adding to GameScene
10:55:57.581 [JavaFX Application Thread] DEBUG PrimaryStageWindow   - GameScene <- InGameMenuScene
10:55:57.581 [JavaFX Application Thread] DEBUG Input                - Clearing active input actions
10:55:57.582 [JavaFX Application Thread] DEBUG GameApplicationServi - Removing overlay from GameScene and adding to FXGLMainMenuDummyScene
10:55:57.582 [JavaFX Application Thread] DEBUG PrimaryStageWindow   - GameScene -> FXGLMainMenuDummyScene
10:55:57.582 [JavaFX Application Thread] DEBUG PrimaryStageWindow   - Push state: MainMenuScene
10:55:57.582 [JavaFX Application Thread] DEBUG Input                - Clearing active input actions
10:55:57.582 [JavaFX Application Thread] DEBUG GameApplicationServi - Removing overlay from FXGLMainMenuDummyScene and adding to MainMenuScene
10:55:57.582 [JavaFX Application Thread] DEBUG PrimaryStageWindow   - FXGLMainMenuDummyScene -> MainMenuScene
10:55:57.616 [JavaFX Application Thread] DEBUG AudioPlayer          - Playing music com.almasb.fxgl.audio.Music@3ada5932
10:55:57.808 [JavaFX Application Thread] DEBUG AudioPlayer          - Playing music com.almasb.fxgl.audio.Music@3ada5932
10:55:58.262 [JavaFX Application Thread] DEBUG PrimaryStageWindow   - Push state: DialogSubScene
10:55:58.262 [JavaFX Application Thread] DEBUG Input                - Clearing active input actions
10:55:58.263 [JavaFX Application Thread] DEBUG GameApplicationServi - Removing overlay from MainMenuScene and adding to DialogSubScene
10:55:58.263 [JavaFX Application Thread] DEBUG PrimaryStageWindow   - MainMenuScene -> DialogSubScene
10:55:58.612 [JavaFX Application Thread] DEBUG PrimaryStageWindow   - Pop state: DialogSubScene
10:55:58.612 [JavaFX Application Thread] DEBUG Input                - Clearing active input actions
10:55:58.613 [JavaFX Application Thread] DEBUG GameApplicationServi - Removing overlay from DialogSubScene and adding to MainMenuScene
10:55:58.613 [JavaFX Application Thread] DEBUG PrimaryStageWindow   - MainMenuScene <- DialogSubScene
10:55:58.617 [JavaFX Application Thread] DEBUG GameApplicationServi - Starting new game
10:55:58.617 [JavaFX Application Thread] DEBUG PrimaryStageWindow   - Pop state: MainMenuScene
10:55:58.617 [JavaFX Application Thread] DEBUG Input                - Clearing active input actions
10:55:58.617 [JavaFX Application Thread] DEBUG GameApplicationServi - Removing overlay from MainMenuScene and adding to FXGLMainMenuDummyScene
10:55:58.617 [JavaFX Application Thread] DEBUG PrimaryStageWindow   - FXGLMainMenuDummyScene <- MainMenuScene
10:55:58.617 [JavaFX Application Thread] DEBUG Input                - Clearing active input actions
10:55:58.621 [JavaFX Application Thread] DEBUG GameApplicationServi - Removing overlay from FXGLMainMenuDummyScene and adding to FXGLLoadingScene
10:55:58.621 [JavaFX Application Thread] DEBUG PrimaryStageWindow   - FXGLMainMenuDummyScene -> FXGLLoadingScene
10:55:58.621 [JavaFX Application Thread] DEBUG GameApplicationServi - Clearing previous game
10:55:58.621 [JavaFX Application Thread] DEBUG GameScene            - Clearing game scene
10:55:58.621 [JavaFX Application Thread] DEBUG GameWorld            - Clearing game world
10:55:58.622 [JavaFX Application Thread] DEBUG PhysicsWorld         - Clearing physics world
10:55:58.622 [FXGL Background Thread 2 ] DEBUG FXGLApplication      - Initializing game
10:55:58.631 [FXGL Background Thread 2 ] INFO  FXGLApplication      - Game initialization took: 0.010 sec
10:55:58.632 [JavaFX Application Thread] DEBUG Input                - Clearing active input actions
10:55:58.635 [JavaFX Application Thread] DEBUG GameApplicationServi - Removing overlay from FXGLLoadingScene and adding to GameScene
10:55:58.637 [JavaFX Application Thread] DEBUG PrimaryStageWindow   - FXGLLoadingScene -> GameScene
10:55:59.174 [JavaFX Application Thread] DEBUG PrimaryStageWindow   - Push state: InGameMenuScene
10:55:59.174 [JavaFX Application Thread] DEBUG Input                - Clearing active input actions
10:55:59.175 [JavaFX Application Thread] DEBUG GameApplicationServi - Removing overlay from GameScene and adding to InGameMenuScene
10:55:59.175 [JavaFX Application Thread] DEBUG PrimaryStageWindow   - GameScene -> InGameMenuScene
10:55:59.806 [JavaFX Application Thread] DEBUG Menu                 - fireExitToMainMenu()
10:55:59.807 [JavaFX Application Thread] DEBUG PrimaryStageWindow   - Push state: DialogSubScene
10:55:59.807 [JavaFX Application Thread] DEBUG Input                - Clearing active input actions
10:55:59.808 [JavaFX Application Thread] DEBUG GameApplicationServi - Removing overlay from InGameMenuScene and adding to DialogSubScene
10:55:59.808 [JavaFX Application Thread] DEBUG PrimaryStageWindow   - InGameMenuScene -> DialogSubScene
10:56:00.306 [JavaFX Application Thread] DEBUG PrimaryStageWindow   - Pop state: DialogSubScene
10:56:00.306 [JavaFX Application Thread] DEBUG Input                - Clearing active input actions
10:56:00.306 [JavaFX Application Thread] DEBUG GameApplicationServi - Removing overlay from DialogSubScene and adding to InGameMenuScene
10:56:00.306 [JavaFX Application Thread] DEBUG PrimaryStageWindow   - InGameMenuScene <- DialogSubScene
10:56:00.306 [JavaFX Application Thread] DEBUG PrimaryStageWindow   - Pop state: InGameMenuScene
10:56:00.306 [JavaFX Application Thread] DEBUG Input                - Clearing active input actions
10:56:00.307 [JavaFX Application Thread] DEBUG GameApplicationServi - Removing overlay from InGameMenuScene and adding to GameScene
10:56:00.307 [JavaFX Application Thread] DEBUG PrimaryStageWindow   - GameScene <- InGameMenuScene
10:56:00.307 [JavaFX Application Thread] DEBUG Input                - Clearing active input actions
10:56:00.309 [JavaFX Application Thread] DEBUG GameApplicationServi - Removing overlay from GameScene and adding to FXGLMainMenuDummyScene
10:56:00.309 [JavaFX Application Thread] DEBUG PrimaryStageWindow   - GameScene -> FXGLMainMenuDummyScene
10:56:00.309 [JavaFX Application Thread] DEBUG PrimaryStageWindow   - Push state: MainMenuScene
10:56:00.309 [JavaFX Application Thread] DEBUG Input                - Clearing active input actions
10:56:00.309 [JavaFX Application Thread] DEBUG GameApplicationServi - Removing overlay from FXGLMainMenuDummyScene and adding to MainMenuScene
10:56:00.309 [JavaFX Application Thread] DEBUG PrimaryStageWindow   - FXGLMainMenuDummyScene -> MainMenuScene
10:56:00.310 [JavaFX Application Thread] DEBUG AudioPlayer          - Playing music com.almasb.fxgl.audio.Music@3ada5932
10:56:00.685 [JavaFX Application Thread] DEBUG AudioPlayer          - Playing music com.almasb.fxgl.audio.Music@3ada5932
10:56:00.862 [JavaFX Application Thread] DEBUG AudioPlayer          - Playing music com.almasb.fxgl.audio.Music@3ada5932
10:56:01.191 [JavaFX Application Thread] DEBUG PrimaryStageWindow   - Push state: DialogSubScene
10:56:01.191 [JavaFX Application Thread] DEBUG Input                - Clearing active input actions
10:56:01.192 [JavaFX Application Thread] DEBUG GameApplicationServi - Removing overlay from MainMenuScene and adding to DialogSubScene
10:56:01.192 [JavaFX Application Thread] DEBUG PrimaryStageWindow   - MainMenuScene -> DialogSubScene
10:56:03.724 [JavaFX Application Thread] DEBUG FXGLApplication      - Exiting FXGL
10:56:03.724 [JavaFX Application Thread] DEBUG LoopRunner           - Stopping loop
10:56:03.724 [JavaFX Application Thread] DEBUG SystemBundleService  - Saving FXGL system data
10:56:03.726 [JavaFX Application Thread] DEBUG FileSystemAccess     - Writing to: E:\G2\java\final_project\team_project_1124\javaA-xiangqi-project-main\system\fxgl.bundle
10:56:03.727 [JavaFX Application Thread] DEBUG Async                - Shutting down background threads
10:56:03.727 [JavaFX Application Thread] DEBUG PrimaryStageWindow   - Closing main window
10:56:03.787 [JavaFX Application Thread] DEBUG Logger               - Closing Logger
