00:41:00.519 [main                     ] DEBUG Logger               - Configured Logger
00:41:00.529 [main                     ] DEBUG GameApplication      - Logging settings
Title: 中国象棋 1.0
Version: 1.0
Width: 1216
Height: 937
Fullscreen: false
Intro: false
Profiling: false
Single step:false
App Mode: DEVELOPER
Menu Key: ESCAPE
Stage Style: DECORATED
Scene Factory: class edu.sustech.xiangqi.XiangQiApp$1

00:41:01.062 [JavaFX Application Thread] DEBUG FXGLApplication      - Initializing FXGL
00:41:01.066 [JavaFX Application Thread] INFO  Engine               - FXGL-21.1 (27.03.2024 07.52) on WINDOWS (J:23.0.2 FX:21.0.1)
00:41:01.066 [JavaFX Application Thread] DEBUG Engine               - JRE Vendor Name: Amazon.com Inc.
00:41:01.066 [JavaFX Application Thread] DEBUG Engine               - Running on OS: Windows 11 version 10.0
00:41:01.066 [JavaFX Application Thread] DEBUG Engine               - Architecture: amd64
00:41:01.066 [JavaFX Application Thread] INFO  Engine               - Source code and latest versions at: https://github.com/AlmasB/FXGL
00:41:01.066 [JavaFX Application Thread] INFO  Engine               -       Ask questions and discuss at: https://github.com/AlmasB/FXGL/discussions
00:41:01.066 [JavaFX Application Thread] INFO  Engine               -              Join the FXGL chat at: https://gitter.im/AlmasB/FXGL
00:41:01.150 [JavaFX Application Thread] DEBUG PrimaryStageWindow   - Creating a JavaFX scene
00:41:01.189 [JavaFX Application Thread] DEBUG PrimaryStageWindow   - Target settings size: 1216.0 x 937.0
00:41:01.189 [JavaFX Application Thread] DEBUG PrimaryStageWindow   - Scaled scene size:    1216.0 x 937.0
00:41:01.189 [JavaFX Application Thread] DEBUG PrimaryStageWindow   - Scaled ratio: (1.0, 1.0)
00:41:01.190 [JavaFX Application Thread] DEBUG PrimaryStageWindow   - Set initial scene to FXGLStartupScene
00:41:01.192 [JavaFX Application Thread] DEBUG PrimaryStageWindow   - Opening main window
00:41:01.276 [JavaFX Application Thread] DEBUG PrimaryStageWindow   - Window border size: (14.6666259765625, 37.66668701171875)
00:41:01.276 [JavaFX Application Thread] DEBUG PrimaryStageWindow   - Scaled size: 1216.0 x 937.0
00:41:01.276 [JavaFX Application Thread] DEBUG PrimaryStageWindow   - Scaled ratio: (1.0, 1.0)
00:41:01.276 [JavaFX Application Thread] DEBUG PrimaryStageWindow   - Scene size: 1216.0 x 937.0
00:41:01.276 [JavaFX Application Thread] DEBUG PrimaryStageWindow   - Stage size: 1230.6666259765625 x 974.6666870117188
00:41:01.283 [FXGL Background Thread 1 ] DEBUG Engine               - Initializing environment variables
00:41:01.341 [FXGL Background Thread 1 ] DEBUG FXGLAssetLoaderServi - User app class for loading assets: class edu.sustech.xiangqi.XiangQiApp
00:41:01.342 [FXGL Background Thread 1 ] DEBUG GameApplicationServi - Applying CSS: fxgl_dark.css
00:41:01.343 [FXGL Background Thread 1 ] DEBUG FXGLAssetLoaderServi - Loading from file system: jar:file:/C:/Users/%e5%b0%b9%e7%8e%ba%e9%aa%85/.m2/repository/com/github/almasb/fxgl/21.1/fxgl-21.1.jar!/fxglassets/ui/css/fxgl_dark.css
00:41:01.374 [FXGL Background Thread 1 ] DEBUG GameApplicationServi - Initializing application scenes
00:41:01.457 [FXGL Background Thread 1 ] DEBUG GameWorld            - Game world initialized
00:41:01.500 [FXGL Background Thread 1 ] DEBUG PhysicsWorld         - Physics world initialized: appHeight=937, physics.ppm=50.0
00:41:01.500 [FXGL Background Thread 1 ] DEBUG PhysicsWorld         - Using strategy: BRUTE_FORCE
00:41:01.502 [FXGL Background Thread 1 ] DEBUG GameScene            - Game scene initialized: 1216x937
00:41:01.511 [FXGL Background Thread 1 ] DEBUG FXGLAssetLoaderServi - Loading from file system: file:/E:/G2/java/final_project/team_project_1124/javaA-xiangqi-project-main/target/classes/assets/ui/fonts/HYPixel11pxU-2.ttf
00:41:01.545 [FXGL Background Thread 1 ] DEBUG FXGLAssetLoaderServi - Loading from file system: file:/E:/G2/java/final_project/team_project_1124/javaA-xiangqi-project-main/target/classes/assets/textures/Button1.png
00:41:01.594 [FXGL Background Thread 1 ] DEBUG GameApplicationServi - Application scenes initialized
00:41:01.603 [FXGL Background Thread 1 ] DEBUG SystemBundleService  - Loading FXGL system data
00:41:01.606 [FXGL Background Thread 1 ] DEBUG FileSystemAccess     - Reading from: E:\G2\java\final_project\team_project_1124\javaA-xiangqi-project-main\system\fxgl.bundle
00:41:01.610 [FXGL Background Thread 1 ] DEBUG SystemBundleService  - Bundle FXGL: {}
00:41:01.610 [FXGL Background Thread 1 ] DEBUG UpdaterService       - Checking for updates
00:41:01.614 [FXGL Background Thread 4 ] DEBUG FXGLApplication      - Loading fonts
00:41:01.614 [FXGL Background Thread 1 ] DEBUG FXGLApplication      - Loading default localization
00:41:01.614 [FXGL Background Thread 4 ] DEBUG FXGLAssetLoaderServi - Loading from file system: jar:file:/C:/Users/%e5%b0%b9%e7%8e%ba%e9%aa%85/.m2/repository/com/github/almasb/fxgl/21.1/fxgl-21.1.jar!/fxglassets/ui/fonts/VarelaRound-Regular.ttf
00:41:01.614 [FXGL Background Thread 1 ] DEBUG FXGLAssetLoaderServi - Loading from file system: jar:file:/C:/Users/%e5%b0%b9%e7%8e%ba%e9%aa%85/.m2/repository/com/github/almasb/fxgl/21.1/fxgl-21.1.jar!/fxglassets/languages/english.lang
00:41:01.618 [FXGL Background Thread 4 ] DEBUG FXGLAssetLoaderServi - Loading from file system: jar:file:/C:/Users/%e5%b0%b9%e7%8e%ba%e9%aa%85/.m2/repository/com/github/almasb/fxgl/21.1/fxgl-21.1.jar!/fxglassets/ui/fonts/Abel-Regular.ttf
00:41:01.621 [FXGL Background Thread 4 ] DEBUG FXGLAssetLoaderServi - Loading from file system: jar:file:/C:/Users/%e5%b0%b9%e7%8e%ba%e9%aa%85/.m2/repository/com/github/almasb/fxgl/21.1/fxgl-21.1.jar!/fxglassets/ui/fonts/TerminalLandMono-Regular.otf
00:41:01.625 [FXGL Background Thread 4 ] DEBUG FXGLAssetLoaderServi - Loading from file system: jar:file:/C:/Users/%e5%b0%b9%e7%8e%ba%e9%aa%85/.m2/repository/com/github/almasb/fxgl/21.1/fxgl-21.1.jar!/fxglassets/ui/fonts/Courier-Prime.ttf
00:41:01.630 [JavaFX Application Thread] DEBUG FXGLApplication      - Registering font factories with UI factory
00:41:01.635 [FXGL Background Thread 1 ] INFO  FXGLApplication      - FXGL initialization took: 0.352 sec
00:41:01.641 [JavaFX Application Thread] DEBUG Input                - Registered new binding: Click - LMB
00:41:01.641 [JavaFX Application Thread] DEBUG FXGLAssetLoaderServi - Loading from file system: jar:file:/C:/Users/%e5%b0%b9%e7%8e%ba%e9%aa%85/.m2/repository/com/github/almasb/fxgl/21.1/fxgl-21.1.jar!/fxglassets/textures/fxgl_icon.png
00:41:01.661 [JavaFX Application Thread] DEBUG FXGLAssetLoaderServi - Loading from file system: jar:file:/C:/Users/%e5%b0%b9%e7%8e%ba%e9%aa%85/.m2/repository/com/github/almasb/fxgl/21.1/fxgl-21.1.jar!/fxglassets/textures/fxgl_default_cursor.png
00:41:01.669 [JavaFX Application Thread] DEBUG Input                - Registered new binding: Screenshot - CTRL+8
00:41:01.670 [JavaFX Application Thread] DEBUG Input                - Registered new binding: System info dump - CTRL+9
00:41:01.670 [JavaFX Application Thread] DEBUG Input                - Registered new binding: Restart - CTRL+R
00:41:01.671 [JavaFX Application Thread] DEBUG Input                - Registered new binding: Toggle Debug Camera - CTRL+7
00:41:01.675 [JavaFX Application Thread] DEBUG LoopRunner           - Starting loop
00:41:01.675 [JavaFX Application Thread] DEBUG LoopRunner           - Initializing JavaFX AnimationTimerLoop
00:41:01.678 [JavaFX Application Thread] DEBUG Input                - Clearing active input actions
00:41:01.684 [JavaFX Application Thread] DEBUG GameApplicationServi - Removing overlay from FXGLStartupScene and adding to FXGLMainMenuDummyScene
00:41:01.685 [JavaFX Application Thread] DEBUG PrimaryStageWindow   - FXGLStartupScene -> FXGLMainMenuDummyScene
00:41:01.685 [JavaFX Application Thread] DEBUG PrimaryStageWindow   - Push state: MainMenuScene
00:41:01.686 [JavaFX Application Thread] DEBUG Input                - Clearing active input actions
00:41:01.692 [JavaFX Application Thread] DEBUG GameApplicationServi - Removing overlay from FXGLMainMenuDummyScene and adding to MainMenuScene
00:41:01.692 [JavaFX Application Thread] DEBUG PrimaryStageWindow   - FXGLMainMenuDummyScene -> MainMenuScene
00:41:01.710 [JavaFX Application Thread] DEBUG FXGLAssetLoaderServi - Loading from file system: file:/E:/G2/java/final_project/team_project_1124/javaA-xiangqi-project-main/target/classes/assets/music/%e6%8c%89%e9%92%ae%e9%9f%b3%e6%95%881.mp3
00:41:01.952 [JavaFX Application Thread] DEBUG AudioPlayer          - Playing music com.almasb.fxgl.audio.Music@6ccb0a60
00:41:02.592 [JavaFX Application Thread] DEBUG FXGLAssetLoaderServi - Loading from file system: file:/E:/G2/java/final_project/team_project_1124/javaA-xiangqi-project-main/target/classes/assets/textures/Press.png
00:41:02.594 [JavaFX Application Thread] DEBUG AudioPlayer          - Playing music com.almasb.fxgl.audio.Music@6ccb0a60
00:41:02.677 [JavaFX Application Thread] DEBUG Menu                 - fireNewGame()
00:41:02.677 [JavaFX Application Thread] DEBUG GameApplicationServi - Starting new game
00:41:02.677 [JavaFX Application Thread] DEBUG PrimaryStageWindow   - Pop state: MainMenuScene
00:41:02.677 [JavaFX Application Thread] DEBUG Input                - Clearing active input actions
00:41:02.677 [JavaFX Application Thread] DEBUG GameApplicationServi - Removing overlay from MainMenuScene and adding to FXGLMainMenuDummyScene
00:41:02.678 [JavaFX Application Thread] DEBUG PrimaryStageWindow   - FXGLMainMenuDummyScene <- MainMenuScene
00:41:02.678 [JavaFX Application Thread] DEBUG Input                - Clearing active input actions
00:41:02.682 [JavaFX Application Thread] DEBUG GameApplicationServi - Removing overlay from FXGLMainMenuDummyScene and adding to FXGLLoadingScene
00:41:02.682 [JavaFX Application Thread] DEBUG PrimaryStageWindow   - FXGLMainMenuDummyScene -> FXGLLoadingScene
00:41:02.682 [JavaFX Application Thread] DEBUG GameApplicationServi - Clearing previous game
00:41:02.682 [JavaFX Application Thread] DEBUG GameScene            - Clearing game scene
00:41:02.682 [JavaFX Application Thread] DEBUG GameWorld            - Clearing game world
00:41:02.682 [JavaFX Application Thread] DEBUG PhysicsWorld         - Clearing physics world
00:41:02.686 [FXGL Background Thread 1 ] DEBUG FXGLApplication      - Initializing game
00:41:02.697 [FXGL Background Thread 1 ] DEBUG FXGLAssetLoaderServi - Loading from file system: file:/E:/G2/java/final_project/team_project_1124/javaA-xiangqi-project-main/target/classes/assets/textures/%e8%83%8c%e6%99%af.jpg
00:41:02.772 [FXGL Background Thread 1 ] DEBUG FXGLAssetLoaderServi - Loading from file system: file:/E:/G2/java/final_project/team_project_1124/javaA-xiangqi-project-main/target/classes/assets/textures/ChessBoard.png
00:41:02.817 [FXGL Background Thread 1 ] DEBUG FXGLAssetLoaderServi - Loading from file system: file:/E:/G2/java/final_project/team_project_1124/javaA-xiangqi-project-main/target/classes/assets/textures/BlackChariot.png
00:41:02.833 [FXGL Background Thread 1 ] DEBUG FXGLAssetLoaderServi - Loading from file system: file:/E:/G2/java/final_project/team_project_1124/javaA-xiangqi-project-main/target/classes/assets/textures/BlackHorse.png
00:41:02.835 [FXGL Background Thread 1 ] DEBUG FXGLAssetLoaderServi - Loading from file system: file:/E:/G2/java/final_project/team_project_1124/javaA-xiangqi-project-main/target/classes/assets/textures/BlackElephant.png
00:41:02.837 [FXGL Background Thread 1 ] DEBUG FXGLAssetLoaderServi - Loading from file system: file:/E:/G2/java/final_project/team_project_1124/javaA-xiangqi-project-main/target/classes/assets/textures/BlackAdvisor.png
00:41:02.839 [FXGL Background Thread 1 ] DEBUG FXGLAssetLoaderServi - Loading from file system: file:/E:/G2/java/final_project/team_project_1124/javaA-xiangqi-project-main/target/classes/assets/textures/BlackGeneral.png
00:41:02.844 [FXGL Background Thread 1 ] DEBUG FXGLAssetLoaderServi - Loading from file system: file:/E:/G2/java/final_project/team_project_1124/javaA-xiangqi-project-main/target/classes/assets/textures/BlackCannon.png
00:41:02.846 [FXGL Background Thread 1 ] DEBUG FXGLAssetLoaderServi - Loading from file system: file:/E:/G2/java/final_project/team_project_1124/javaA-xiangqi-project-main/target/classes/assets/textures/BlackSoldier.png
00:41:02.850 [FXGL Background Thread 1 ] DEBUG FXGLAssetLoaderServi - Loading from file system: file:/E:/G2/java/final_project/team_project_1124/javaA-xiangqi-project-main/target/classes/assets/textures/RedSoldier.png
00:41:02.854 [FXGL Background Thread 1 ] DEBUG FXGLAssetLoaderServi - Loading from file system: file:/E:/G2/java/final_project/team_project_1124/javaA-xiangqi-project-main/target/classes/assets/textures/RedCannon.png
00:41:02.856 [FXGL Background Thread 1 ] DEBUG FXGLAssetLoaderServi - Loading from file system: file:/E:/G2/java/final_project/team_project_1124/javaA-xiangqi-project-main/target/classes/assets/textures/RedChariot.png
00:41:02.857 [FXGL Background Thread 1 ] DEBUG FXGLAssetLoaderServi - Loading from file system: file:/E:/G2/java/final_project/team_project_1124/javaA-xiangqi-project-main/target/classes/assets/textures/RedHorse.png
00:41:02.870 [FXGL Background Thread 1 ] DEBUG FXGLAssetLoaderServi - Loading from file system: file:/E:/G2/java/final_project/team_project_1124/javaA-xiangqi-project-main/target/classes/assets/textures/RedElephant.png
00:41:02.871 [FXGL Background Thread 1 ] DEBUG FXGLAssetLoaderServi - Loading from file system: file:/E:/G2/java/final_project/team_project_1124/javaA-xiangqi-project-main/target/classes/assets/textures/RedAdvisor.png
00:41:02.874 [FXGL Background Thread 1 ] DEBUG FXGLAssetLoaderServi - Loading from file system: file:/E:/G2/java/final_project/team_project_1124/javaA-xiangqi-project-main/target/classes/assets/textures/RedGeneral.png
00:41:02.880 [FXGL Background Thread 1 ] INFO  FXGLApplication      - Game initialization took: 0.194 sec
00:41:02.880 [JavaFX Application Thread] DEBUG Input                - Clearing active input actions
00:41:02.883 [JavaFX Application Thread] DEBUG GameApplicationServi - Removing overlay from FXGLLoadingScene and adding to GameScene
00:41:02.883 [JavaFX Application Thread] DEBUG PrimaryStageWindow   - FXGLLoadingScene -> GameScene
00:41:03.545 [JavaFX Application Thread] DEBUG FXGLAssetLoaderServi - Loading from file system: file:/E:/G2/java/final_project/team_project_1124/javaA-xiangqi-project-main/target/classes/assets/textures/%e9%80%89%e4%b8%ad.png
00:41:04.615 [FXGL Background Thread 3 ] DEBUG Engine               - Logging environment variables
00:41:04.617 [FXGL Background Thread 3 ] DEBUG Engine               - achievements: []
00:41:04.617 [FXGL Background Thread 3 ] DEBUG Engine               - actualHeight: 937.0
00:41:04.617 [FXGL Background Thread 3 ] DEBUG Engine               - actualHeightProperty: ReadOnlyDoubleProperty [value: 937.0]
00:41:04.617 [FXGL Background Thread 3 ] DEBUG Engine               - actualWidth: 1216.0
00:41:04.617 [FXGL Background Thread 3 ] DEBUG Engine               - actualWidthProperty: ReadOnlyDoubleProperty [value: 1216.0]
00:41:04.618 [FXGL Background Thread 3 ] DEBUG Engine               - appIcon: fxgl_icon.png
00:41:04.618 [FXGL Background Thread 3 ] DEBUG Engine               - applicationMode: DEVELOPER
00:41:04.618 [FXGL Background Thread 3 ] DEBUG Engine               - cSSList: [fxgl_dark.css]
00:41:04.618 [FXGL Background Thread 3 ] DEBUG Engine               - collisionDetectionStrategy: BRUTE_FORCE
00:41:04.618 [FXGL Background Thread 3 ] DEBUG Engine               - configClass: Optional.empty
00:41:04.618 [FXGL Background Thread 3 ] DEBUG Engine               - credits: []
00:41:04.618 [FXGL Background Thread 3 ] DEBUG Engine               - defaultCursor: CursorInfo(imageName=fxgl_default_cursor.png, hotspotX=7.0, hotspotY=6.0)
00:41:04.618 [FXGL Background Thread 3 ] DEBUG Engine               - devBBoxColorProperty: ObjectProperty [value: 0xff0000ff]
00:41:04.618 [FXGL Background Thread 3 ] DEBUG Engine               - devEnableDebugCameraProperty: BooleanProperty [value: false]
00:41:04.618 [FXGL Background Thread 3 ] DEBUG Engine               - devSensorColorProperty: ObjectProperty [value: 0xffff00ff]
00:41:04.618 [FXGL Background Thread 3 ] DEBUG Engine               - devShowBBoxProperty: BooleanProperty [value: false]
00:41:04.618 [FXGL Background Thread 3 ] DEBUG Engine               - devShowPositionProperty: BooleanProperty [value: false]
00:41:04.618 [FXGL Background Thread 3 ] DEBUG Engine               - enabledMenuItems: []
00:41:04.619 [FXGL Background Thread 3 ] DEBUG Engine               - engineServices: [class com.almasb.fxgl.app.services.FXGLAssetLoaderService, class com.almasb.fxgl.app.FXGLApplication$GameApplicationService, class com.almasb.fxgl.app.services.FXGLDialogService, class com.almasb.fxgl.app.services.IOTaskExecutorService, class com.almasb.fxgl.io.FileSystemService, class com.almasb.fxgl.localization.LocalizationService, class com.almasb.fxgl.app.services.SystemBundleService, class com.almasb.fxgl.profile.SaveLoadService, class com.almasb.fxgl.ui.FXGLUIFactoryServiceProvider, class com.almasb.fxgl.ui.FXGLDialogFactoryServiceProvider, class com.almasb.fxgl.audio.AudioPlayer, class com.almasb.fxgl.notification.impl.NotificationServiceProvider, class com.almasb.fxgl.achievement.AchievementService, class com.almasb.fxgl.cutscene.CutsceneService, class com.almasb.fxgl.minigames.MiniGameService, class com.almasb.fxgl.net.NetService, class com.almasb.fxgl.app.services.UpdaterService, class com.almasb.fxgl.dev.DevService]
00:41:04.619 [FXGL Background Thread 3 ] DEBUG Engine               - fontGame: Abel-Regular.ttf
00:41:04.620 [FXGL Background Thread 3 ] DEBUG Engine               - fontMono: TerminalLandMono-Regular.otf
00:41:04.620 [FXGL Background Thread 3 ] DEBUG Engine               - fontSizeScaleUI: 1.0
00:41:04.620 [FXGL Background Thread 3 ] DEBUG Engine               - fontText: Courier-Prime.ttf
00:41:04.620 [FXGL Background Thread 3 ] DEBUG Engine               - fontUI: VarelaRound-Regular.ttf
00:41:04.620 [FXGL Background Thread 3 ] DEBUG Engine               - fullScreen: BooleanProperty [value: false]
00:41:04.620 [FXGL Background Thread 3 ] DEBUG Engine               - gameDifficulty: MEDIUM
00:41:04.621 [FXGL Background Thread 3 ] DEBUG Engine               - gameDifficultyProperty: ObjectProperty [value: MEDIUM]
00:41:04.621 [FXGL Background Thread 3 ] DEBUG Engine               - globalMusicVolume: 0.5
00:41:04.621 [FXGL Background Thread 3 ] DEBUG Engine               - globalMusicVolumeProperty: DoubleProperty [value: 0.5]
00:41:04.621 [FXGL Background Thread 3 ] DEBUG Engine               - globalSoundVolume: 0.5
00:41:04.621 [FXGL Background Thread 3 ] DEBUG Engine               - globalSoundVolumeProperty: DoubleProperty [value: 0.5]
00:41:04.621 [FXGL Background Thread 3 ] DEBUG Engine               - height: 937
00:41:04.621 [FXGL Background Thread 3 ] DEBUG Engine               - is3D: false
00:41:04.621 [FXGL Background Thread 3 ] DEBUG Engine               - isAndroid: false
00:41:04.621 [FXGL Background Thread 3 ] DEBUG Engine               - isBrowser: false
00:41:04.621 [FXGL Background Thread 3 ] DEBUG Engine               - isClickFeedbackEnabled: false
00:41:04.621 [FXGL Background Thread 3 ] DEBUG Engine               - isCloseConfirmation: false
00:41:04.621 [FXGL Background Thread 3 ] DEBUG Engine               - isDesktop: true
00:41:04.621 [FXGL Background Thread 3 ] DEBUG Engine               - isDeveloperMenuEnabled: false
00:41:04.621 [FXGL Background Thread 3 ] DEBUG Engine               - isEmbedded: false
00:41:04.621 [FXGL Background Thread 3 ] DEBUG Engine               - isEntityPreloadEnabled: true
00:41:04.621 [FXGL Background Thread 3 ] DEBUG Engine               - isExperimentalTiledLargeMap: false
00:41:04.621 [FXGL Background Thread 3 ] DEBUG Engine               - isFileSystemWriteAllowed: true
00:41:04.621 [FXGL Background Thread 3 ] DEBUG Engine               - isFullScreenAllowed: false
00:41:04.621 [FXGL Background Thread 3 ] DEBUG Engine               - isFullScreenFromStart: false
00:41:04.621 [FXGL Background Thread 3 ] DEBUG Engine               - isGameMenuEnabled: true
00:41:04.621 [FXGL Background Thread 3 ] DEBUG Engine               - isIOS: false
00:41:04.622 [FXGL Background Thread 3 ] DEBUG Engine               - isIntroEnabled: false
00:41:04.622 [FXGL Background Thread 3 ] DEBUG Engine               - isLinux: false
00:41:04.622 [FXGL Background Thread 3 ] DEBUG Engine               - isMac: false
00:41:04.622 [FXGL Background Thread 3 ] DEBUG Engine               - isMainMenuEnabled: true
00:41:04.622 [FXGL Background Thread 3 ] DEBUG Engine               - isManualResizeEnabled: false
00:41:04.622 [FXGL Background Thread 3 ] DEBUG Engine               - isMobile: false
00:41:04.622 [FXGL Background Thread 3 ] DEBUG Engine               - isNative: false
00:41:04.622 [FXGL Background Thread 3 ] DEBUG Engine               - isPauseMusicWhenMinimized: true
00:41:04.622 [FXGL Background Thread 3 ] DEBUG Engine               - isPreserveResizeRatio: false
00:41:04.622 [FXGL Background Thread 3 ] DEBUG Engine               - isProfilingEnabled: false
00:41:04.622 [FXGL Background Thread 3 ] DEBUG Engine               - isScaleAffectedOnResize: true
00:41:04.622 [FXGL Background Thread 3 ] DEBUG Engine               - isSingleStep: false
00:41:04.622 [FXGL Background Thread 3 ] DEBUG Engine               - isUserProfileEnabled: false
00:41:04.622 [FXGL Background Thread 3 ] DEBUG Engine               - isWindows: true
00:41:04.622 [FXGL Background Thread 3 ] DEBUG Engine               - language: ObjectProperty [value: ENGLISH]
00:41:04.622 [FXGL Background Thread 3 ] DEBUG Engine               - menuKey: ESCAPE
00:41:04.622 [FXGL Background Thread 3 ] DEBUG Engine               - mouseSensitivity: 0.2
00:41:04.622 [FXGL Background Thread 3 ] DEBUG Engine               - notificationViewClass: class com.almasb.fxgl.notification.view.XboxNotificationView
00:41:04.622 [FXGL Background Thread 3 ] DEBUG Engine               - pixelsPerMeter: 50.0
00:41:04.622 [FXGL Background Thread 3 ] DEBUG Engine               - platform: WINDOWS
00:41:04.622 [FXGL Background Thread 3 ] DEBUG Engine               - prefHeightProperty: ReadOnlyDoubleProperty [value: 937.0]
00:41:04.622 [FXGL Background Thread 3 ] DEBUG Engine               - prefWidthProperty: ReadOnlyDoubleProperty [value: 1216.0]
00:41:04.622 [FXGL Background Thread 3 ] DEBUG Engine               - profileDir: profiles/
00:41:04.622 [FXGL Background Thread 3 ] DEBUG Engine               - profileName: StringProperty [value: DEFAULT]
00:41:04.622 [FXGL Background Thread 3 ] DEBUG Engine               - randomSeed: -1
00:41:04.622 [FXGL Background Thread 3 ] DEBUG Engine               - runtimeInfo: RuntimeInfo(platform=WINDOWS, version=21.1, build=27.03.2024 07.52)
00:41:04.622 [FXGL Background Thread 3 ] DEBUG Engine               - saveFileExt: sav
00:41:04.622 [FXGL Background Thread 3 ] DEBUG Engine               - scaledHeightProp$fxgl: DoubleProperty [bound, value: 937.0]
00:41:04.622 [FXGL Background Thread 3 ] DEBUG Engine               - scaledWidthProp$fxgl: DoubleProperty [bound, value: 1216.0]
00:41:04.622 [FXGL Background Thread 3 ] DEBUG Engine               - sceneFactory: edu.sustech.xiangqi.XiangQiApp$1@28cb6607
00:41:04.622 [FXGL Background Thread 3 ] DEBUG Engine               - secondsIn24h: 60
00:41:04.623 [FXGL Background Thread 3 ] DEBUG Engine               - soundMenuBack: menu/back.wav
00:41:04.623 [FXGL Background Thread 3 ] DEBUG Engine               - soundMenuPress: menu/press.wav
00:41:04.623 [FXGL Background Thread 3 ] DEBUG Engine               - soundMenuSelect: menu/select.wav
00:41:04.623 [FXGL Background Thread 3 ] DEBUG Engine               - soundNotification: core/notification.wav
00:41:04.623 [FXGL Background Thread 3 ] DEBUG Engine               - stageStyle: DECORATED
00:41:04.623 [FXGL Background Thread 3 ] DEBUG Engine               - supportedLanguages: [ENGLISH, FRENCH, GERMAN, HUNGARIAN, RUSSIAN]
00:41:04.623 [FXGL Background Thread 3 ] DEBUG Engine               - ticksPerSecond: -1
00:41:04.623 [FXGL Background Thread 3 ] DEBUG Engine               - title: 中国象棋 1.0
00:41:04.623 [FXGL Background Thread 3 ] DEBUG Engine               - urlGithub: https://github.com/AlmasB/FXGL
00:41:04.623 [FXGL Background Thread 3 ] DEBUG Engine               - urlLeaderboard: http://fxgl-top.herokuapp.com/
00:41:04.623 [FXGL Background Thread 3 ] DEBUG Engine               - urlPOM: https://raw.githubusercontent.com/AlmasB/FXGL/release/README.md
00:41:04.623 [FXGL Background Thread 3 ] DEBUG Engine               - userAppClass: class edu.sustech.xiangqi.XiangQiApp
00:41:04.623 [FXGL Background Thread 3 ] DEBUG Engine               - version: 1.0
00:41:04.623 [FXGL Background Thread 3 ] DEBUG Engine               - versionCheckDays: 7
00:41:04.623 [FXGL Background Thread 3 ] DEBUG Engine               - width: 1216
00:41:04.623 [FXGL Background Thread 3 ] DEBUG Engine               - Logging services
00:41:04.623 [FXGL Background Thread 3 ] DEBUG Engine               - class com.almasb.fxgl.app.services.FXGLAssetLoaderService
00:41:04.623 [FXGL Background Thread 3 ] DEBUG Engine               - class com.almasb.fxgl.app.FXGLApplication$GameApplicationService
00:41:04.623 [FXGL Background Thread 3 ] DEBUG Engine               - class com.almasb.fxgl.app.services.FXGLDialogService
00:41:04.623 [FXGL Background Thread 3 ] DEBUG Engine               - class com.almasb.fxgl.app.services.IOTaskExecutorService
00:41:04.623 [FXGL Background Thread 3 ] DEBUG Engine               - class com.almasb.fxgl.io.FileSystemService
00:41:04.623 [FXGL Background Thread 3 ] DEBUG Engine               - class com.almasb.fxgl.localization.LocalizationService
00:41:04.623 [FXGL Background Thread 3 ] DEBUG Engine               - class com.almasb.fxgl.app.services.SystemBundleService
00:41:04.623 [FXGL Background Thread 3 ] DEBUG Engine               - class com.almasb.fxgl.profile.SaveLoadService
00:41:04.623 [FXGL Background Thread 3 ] DEBUG Engine               - class com.almasb.fxgl.ui.FXGLUIFactoryServiceProvider
00:41:04.623 [FXGL Background Thread 3 ] DEBUG Engine               - class com.almasb.fxgl.ui.FXGLDialogFactoryServiceProvider
00:41:04.623 [FXGL Background Thread 3 ] DEBUG Engine               - class com.almasb.fxgl.audio.AudioPlayer
00:41:04.623 [FXGL Background Thread 3 ] DEBUG Engine               - class com.almasb.fxgl.notification.impl.NotificationServiceProvider
00:41:04.623 [FXGL Background Thread 3 ] DEBUG Engine               - class com.almasb.fxgl.achievement.AchievementService
00:41:04.623 [FXGL Background Thread 3 ] DEBUG Engine               - class com.almasb.fxgl.cutscene.CutsceneService
00:41:04.623 [FXGL Background Thread 3 ] DEBUG Engine               - class com.almasb.fxgl.minigames.MiniGameService
00:41:04.623 [FXGL Background Thread 3 ] DEBUG Engine               - class com.almasb.fxgl.net.NetService
00:41:04.623 [FXGL Background Thread 3 ] DEBUG Engine               - class com.almasb.fxgl.app.services.UpdaterService
00:41:04.623 [FXGL Background Thread 3 ] DEBUG Engine               - class com.almasb.fxgl.dev.DevService
00:41:10.744 [JavaFX Application Thread] DEBUG AudioPlayer          - Playing music com.almasb.fxgl.audio.Music@6ccb0a60
00:41:23.099 [JavaFX Application Thread] DEBUG AudioPlayer          - Playing music com.almasb.fxgl.audio.Music@6ccb0a60
00:41:24.341 [JavaFX Application Thread] DEBUG AudioPlayer          - Playing music com.almasb.fxgl.audio.Music@6ccb0a60
00:41:24.474 [JavaFX Application Thread] DEBUG AudioPlayer          - Playing music com.almasb.fxgl.audio.Music@6ccb0a60
00:41:24.558 [JavaFX Application Thread] DEBUG AudioPlayer          - Playing music com.almasb.fxgl.audio.Music@6ccb0a60
00:41:25.586 [JavaFX Application Thread] DEBUG AudioPlayer          - Playing music com.almasb.fxgl.audio.Music@6ccb0a60
00:41:25.993 [JavaFX Application Thread] DEBUG AudioPlayer          - Playing music com.almasb.fxgl.audio.Music@6ccb0a60
00:41:26.549 [JavaFX Application Thread] DEBUG AudioPlayer          - Playing music com.almasb.fxgl.audio.Music@6ccb0a60
00:41:26.802 [JavaFX Application Thread] DEBUG AudioPlayer          - Playing music com.almasb.fxgl.audio.Music@6ccb0a60
00:41:27.159 [JavaFX Application Thread] DEBUG AudioPlayer          - Playing music com.almasb.fxgl.audio.Music@6ccb0a60
00:41:30.318 [JavaFX Application Thread] DEBUG AudioPlayer          - Playing music com.almasb.fxgl.audio.Music@6ccb0a60
00:41:32.671 [JavaFX Application Thread] DEBUG AudioPlayer          - Playing music com.almasb.fxgl.audio.Music@6ccb0a60
00:41:32.694 [JavaFX Application Thread] DEBUG AudioPlayer          - Playing music com.almasb.fxgl.audio.Music@6ccb0a60
00:41:33.302 [JavaFX Application Thread] DEBUG AudioPlayer          - Playing music com.almasb.fxgl.audio.Music@6ccb0a60
00:41:33.422 [JavaFX Application Thread] DEBUG AudioPlayer          - Playing music com.almasb.fxgl.audio.Music@6ccb0a60
00:41:35.201 [JavaFX Application Thread] DEBUG AudioPlayer          - Playing music com.almasb.fxgl.audio.Music@6ccb0a60
00:41:35.522 [JavaFX Application Thread] DEBUG AudioPlayer          - Playing music com.almasb.fxgl.audio.Music@6ccb0a60
00:41:35.620 [JavaFX Application Thread] DEBUG PrimaryStageWindow   - Push state: InGameMenuScene
00:41:35.620 [JavaFX Application Thread] DEBUG Input                - Clearing active input actions
00:41:35.623 [JavaFX Application Thread] DEBUG GameApplicationServi - Removing overlay from GameScene and adding to InGameMenuScene
00:41:35.623 [JavaFX Application Thread] DEBUG PrimaryStageWindow   - GameScene -> InGameMenuScene
00:41:38.438 [JavaFX Application Thread] DEBUG Menu                 - fireResume()
00:41:38.438 [JavaFX Application Thread] DEBUG PrimaryStageWindow   - Pop state: InGameMenuScene
00:41:38.438 [JavaFX Application Thread] DEBUG Input                - Clearing active input actions
00:41:38.439 [JavaFX Application Thread] DEBUG GameApplicationServi - Removing overlay from InGameMenuScene and adding to GameScene
00:41:38.439 [JavaFX Application Thread] DEBUG PrimaryStageWindow   - GameScene <- InGameMenuScene
00:41:39.952 [JavaFX Application Thread] DEBUG AudioPlayer          - Playing music com.almasb.fxgl.audio.Music@6ccb0a60
00:41:40.041 [JavaFX Application Thread] DEBUG AudioPlayer          - Playing music com.almasb.fxgl.audio.Music@6ccb0a60
00:41:40.141 [JavaFX Application Thread] DEBUG AudioPlayer          - Playing music com.almasb.fxgl.audio.Music@6ccb0a60
00:41:40.397 [JavaFX Application Thread] DEBUG AudioPlayer          - Playing music com.almasb.fxgl.audio.Music@6ccb0a60
00:41:42.884 [JavaFX Application Thread] DEBUG AudioPlayer          - Playing music com.almasb.fxgl.audio.Music@6ccb0a60
00:41:44.093 [JavaFX Application Thread] DEBUG AudioPlayer          - Playing music com.almasb.fxgl.audio.Music@6ccb0a60
00:41:44.889 [FXGL Background Thread 2 ] WARN  UpdaterService       - Failed to find updates: java.net.ConnectException: Connection timed out: connect
00:41:44.989 [JavaFX Application Thread] DEBUG PrimaryStageWindow   - Push state: InGameMenuScene
00:41:44.989 [JavaFX Application Thread] DEBUG Input                - Clearing active input actions
00:41:44.991 [JavaFX Application Thread] DEBUG GameApplicationServi - Removing overlay from GameScene and adding to InGameMenuScene
00:41:44.991 [JavaFX Application Thread] DEBUG PrimaryStageWindow   - GameScene -> InGameMenuScene
00:41:46.011 [JavaFX Application Thread] DEBUG Menu                 - fireExitToMainMenu()
00:41:46.016 [JavaFX Application Thread] DEBUG PrimaryStageWindow   - Push state: DialogSubScene
00:41:46.016 [JavaFX Application Thread] DEBUG Input                - Clearing active input actions
00:41:46.016 [JavaFX Application Thread] DEBUG GameApplicationServi - Removing overlay from InGameMenuScene and adding to DialogSubScene
00:41:46.016 [JavaFX Application Thread] DEBUG PrimaryStageWindow   - InGameMenuScene -> DialogSubScene
00:41:46.803 [JavaFX Application Thread] DEBUG PrimaryStageWindow   - Pop state: DialogSubScene
00:41:46.803 [JavaFX Application Thread] DEBUG Input                - Clearing active input actions
00:41:46.803 [JavaFX Application Thread] DEBUG GameApplicationServi - Removing overlay from DialogSubScene and adding to InGameMenuScene
00:41:46.803 [JavaFX Application Thread] DEBUG PrimaryStageWindow   - InGameMenuScene <- DialogSubScene
00:41:46.803 [JavaFX Application Thread] DEBUG PrimaryStageWindow   - Pop state: InGameMenuScene
00:41:46.803 [JavaFX Application Thread] DEBUG Input                - Clearing active input actions
00:41:46.803 [JavaFX Application Thread] DEBUG GameApplicationServi - Removing overlay from InGameMenuScene and adding to GameScene
00:41:46.803 [JavaFX Application Thread] DEBUG PrimaryStageWindow   - GameScene <- InGameMenuScene
00:41:46.803 [JavaFX Application Thread] DEBUG Input                - Clearing active input actions
00:41:46.806 [JavaFX Application Thread] DEBUG GameApplicationServi - Removing overlay from GameScene and adding to FXGLMainMenuDummyScene
00:41:46.806 [JavaFX Application Thread] DEBUG PrimaryStageWindow   - GameScene -> FXGLMainMenuDummyScene
00:41:46.806 [JavaFX Application Thread] DEBUG PrimaryStageWindow   - Push state: MainMenuScene
00:41:46.806 [JavaFX Application Thread] DEBUG Input                - Clearing active input actions
00:41:46.807 [JavaFX Application Thread] DEBUG GameApplicationServi - Removing overlay from FXGLMainMenuDummyScene and adding to MainMenuScene
00:41:46.807 [JavaFX Application Thread] DEBUG PrimaryStageWindow   - FXGLMainMenuDummyScene -> MainMenuScene
00:41:46.807 [JavaFX Application Thread] DEBUG AudioPlayer          - Playing music com.almasb.fxgl.audio.Music@6ccb0a60
00:41:50.614 [JavaFX Application Thread] DEBUG AudioPlayer          - Playing music com.almasb.fxgl.audio.Music@6ccb0a60
00:41:50.766 [JavaFX Application Thread] DEBUG Menu                 - fireNewGame()
00:41:50.766 [JavaFX Application Thread] DEBUG GameApplicationServi - Starting new game
00:41:50.766 [JavaFX Application Thread] DEBUG PrimaryStageWindow   - Pop state: MainMenuScene
00:41:50.766 [JavaFX Application Thread] DEBUG Input                - Clearing active input actions
00:41:50.767 [JavaFX Application Thread] DEBUG GameApplicationServi - Removing overlay from MainMenuScene and adding to FXGLMainMenuDummyScene
00:41:50.767 [JavaFX Application Thread] DEBUG PrimaryStageWindow   - FXGLMainMenuDummyScene <- MainMenuScene
00:41:50.767 [JavaFX Application Thread] DEBUG Input                - Clearing active input actions
00:41:50.768 [JavaFX Application Thread] DEBUG GameApplicationServi - Removing overlay from FXGLMainMenuDummyScene and adding to FXGLLoadingScene
00:41:50.768 [JavaFX Application Thread] DEBUG PrimaryStageWindow   - FXGLMainMenuDummyScene -> FXGLLoadingScene
00:41:50.768 [JavaFX Application Thread] DEBUG GameApplicationServi - Clearing previous game
00:41:50.768 [JavaFX Application Thread] DEBUG GameScene            - Clearing game scene
00:41:50.768 [JavaFX Application Thread] DEBUG GameWorld            - Clearing game world
00:41:50.769 [JavaFX Application Thread] DEBUG PhysicsWorld         - Clearing physics world
00:41:50.769 [FXGL Background Thread 2 ] DEBUG FXGLApplication      - Initializing game
00:41:50.777 [FXGL Background Thread 2 ] INFO  FXGLApplication      - Game initialization took: 0.008 sec
00:41:50.777 [JavaFX Application Thread] DEBUG Input                - Clearing active input actions
00:41:50.779 [JavaFX Application Thread] DEBUG GameApplicationServi - Removing overlay from FXGLLoadingScene and adding to GameScene
00:41:50.779 [JavaFX Application Thread] DEBUG PrimaryStageWindow   - FXGLLoadingScene -> GameScene
00:41:52.252 [JavaFX Application Thread] DEBUG FXGLApplication      - Exiting FXGL
00:41:52.252 [JavaFX Application Thread] DEBUG LoopRunner           - Stopping loop
00:41:52.252 [JavaFX Application Thread] DEBUG SystemBundleService  - Saving FXGL system data
00:41:52.254 [JavaFX Application Thread] DEBUG FileSystemAccess     - Writing to: E:\G2\java\final_project\team_project_1124\javaA-xiangqi-project-main\system\fxgl.bundle
00:41:52.255 [JavaFX Application Thread] DEBUG Async                - Shutting down background threads
00:41:52.255 [JavaFX Application Thread] DEBUG PrimaryStageWindow   - Closing main window
00:41:52.268 [JavaFX Application Thread] DEBUG Logger               - Closing Logger
