21:29:41.611 [main                     ] DEBUG Logger               - Configured Logger
21:29:41.625 [main                     ] DEBUG GameApplication      - Logging settings
Title: 中国象棋 1.0
Version: 1.0
Width: 1316
Height: 1007
Fullscreen: false
Intro: false
Profiling: false
Single step:false
App Mode: DEVELOPER
Menu Key: ESCAPE
Stage Style: DECORATED
Scene Factory: class edu.sustech.xiangqi.XiangQiApp$1

21:29:42.063 [JavaFX Application Thread] DEBUG FXGLApplication      - Initializing FXGL
21:29:42.066 [JavaFX Application Thread] INFO  Engine               - FXGL-21.1 (27.03.2024 07.52) on WINDOWS (J:23.0.2 FX:21.0.1)
21:29:42.067 [JavaFX Application Thread] DEBUG Engine               - JRE Vendor Name: Amazon.com Inc.
21:29:42.067 [JavaFX Application Thread] DEBUG Engine               - Running on OS: Windows 11 version 10.0
21:29:42.067 [JavaFX Application Thread] DEBUG Engine               - Architecture: amd64
21:29:42.067 [JavaFX Application Thread] INFO  Engine               - Source code and latest versions at: https://github.com/AlmasB/FXGL
21:29:42.067 [JavaFX Application Thread] INFO  Engine               -       Ask questions and discuss at: https://github.com/AlmasB/FXGL/discussions
21:29:42.067 [JavaFX Application Thread] INFO  Engine               -              Join the FXGL chat at: https://gitter.im/AlmasB/FXGL
21:29:42.129 [JavaFX Application Thread] DEBUG PrimaryStageWindow   - Creating a JavaFX scene
21:29:42.159 [JavaFX Application Thread] DEBUG PrimaryStageWindow   - Target settings size: 1316.0 x 1007.0
21:29:42.159 [JavaFX Application Thread] DEBUG PrimaryStageWindow   - Scaled scene size:    1316.0 x 1007.0
21:29:42.159 [JavaFX Application Thread] DEBUG PrimaryStageWindow   - Scaled ratio: (1.0, 1.0)
21:29:42.159 [JavaFX Application Thread] DEBUG PrimaryStageWindow   - Set initial scene to FXGLStartupScene
21:29:42.161 [JavaFX Application Thread] DEBUG PrimaryStageWindow   - Opening main window
21:29:42.236 [JavaFX Application Thread] DEBUG PrimaryStageWindow   - Window border size: (14.6666259765625, 37.6666259765625)
21:29:42.236 [JavaFX Application Thread] DEBUG PrimaryStageWindow   - Scaled size: 1316.0 x 1007.0
21:29:42.236 [JavaFX Application Thread] DEBUG PrimaryStageWindow   - Scaled ratio: (1.0, 1.0)
21:29:42.236 [JavaFX Application Thread] DEBUG PrimaryStageWindow   - Scene size: 1316.0 x 1007.0
21:29:42.236 [JavaFX Application Thread] DEBUG PrimaryStageWindow   - Stage size: 1330.6666259765625 x 1044.6666259765625
21:29:42.242 [FXGL Background Thread 1 ] DEBUG Engine               - Initializing environment variables
21:29:42.301 [FXGL Background Thread 1 ] DEBUG FXGLAssetLoaderServi - User app class for loading assets: class edu.sustech.xiangqi.XiangQiApp
21:29:42.301 [FXGL Background Thread 1 ] DEBUG GameApplicationServi - Applying CSS: fxgl_dark.css
21:29:42.301 [FXGL Background Thread 1 ] DEBUG FXGLAssetLoaderServi - Loading from file system: jar:file:/C:/Users/%e5%b0%b9%e7%8e%ba%e9%aa%85/.m2/repository/com/github/almasb/fxgl/21.1/fxgl-21.1.jar!/fxglassets/ui/css/fxgl_dark.css
21:29:42.336 [FXGL Background Thread 1 ] DEBUG GameApplicationServi - Initializing application scenes
21:29:42.396 [FXGL Background Thread 1 ] DEBUG GameWorld            - Game world initialized
21:29:42.443 [FXGL Background Thread 1 ] DEBUG PhysicsWorld         - Physics world initialized: appHeight=1007, physics.ppm=50.0
21:29:42.443 [FXGL Background Thread 1 ] DEBUG PhysicsWorld         - Using strategy: BRUTE_FORCE
21:29:42.446 [FXGL Background Thread 1 ] DEBUG GameScene            - Game scene initialized: 1316x1007
21:29:42.451 [FXGL Background Thread 1 ] DEBUG FXGLAssetLoaderServi - Loading from file system: file:/E:/G2/java/final_project/team_project_1124/javaA-xiangqi-project-main/target/classes/assets/music/Whisper%20Records%20-%20%e5%8f%a4%e3%81%ae%e6%a3%ae.mp3
21:29:42.703 [FXGL Background Thread 1 ] DEBUG AudioPlayer          - Playing music com.almasb.fxgl.audio.Music@135e67ea
21:29:42.709 [FXGL Background Thread 1 ] DEBUG FXGLAssetLoaderServi - Loading from file system: file:/E:/G2/java/final_project/team_project_1124/javaA-xiangqi-project-main/target/classes/assets/textures/Button1.png
21:29:42.725 [FXGL Background Thread 1 ] DEBUG FXGLAssetLoaderServi - Loading from file system: file:/E:/G2/java/final_project/team_project_1124/javaA-xiangqi-project-main/target/classes/assets/textures/Press.png
21:29:42.728 [FXGL Background Thread 1 ] DEBUG FXGLAssetLoaderServi - Loading from file system: file:/E:/G2/java/final_project/team_project_1124/javaA-xiangqi-project-main/target/classes/assets/sounds/%e6%8c%89%e9%92%ae%e9%9f%b3%e6%95%881.mp3
21:29:42.733 [FXGL Background Thread 1 ] DEBUG FXGLAssetLoaderServi - Loading from file system: file:/E:/G2/java/final_project/team_project_1124/javaA-xiangqi-project-main/target/classes/assets/ui/fonts/HYPixel11pxU-2.ttf
21:29:42.802 [FXGL Background Thread 1 ] DEBUG GameApplicationServi - Application scenes initialized
21:29:42.811 [FXGL Background Thread 1 ] DEBUG SystemBundleService  - Loading FXGL system data
21:29:42.813 [FXGL Background Thread 1 ] DEBUG FileSystemAccess     - Reading from: E:\G2\java\final_project\team_project_1124\javaA-xiangqi-project-main\system\fxgl.bundle
21:29:42.819 [FXGL Background Thread 1 ] DEBUG SystemBundleService  - Bundle FXGL: {}
21:29:42.819 [FXGL Background Thread 1 ] DEBUG UpdaterService       - Checking for updates
21:29:42.823 [FXGL Background Thread 4 ] DEBUG FXGLApplication      - Loading fonts
21:29:42.823 [FXGL Background Thread 4 ] DEBUG FXGLAssetLoaderServi - Loading from file system: jar:file:/C:/Users/%e5%b0%b9%e7%8e%ba%e9%aa%85/.m2/repository/com/github/almasb/fxgl/21.1/fxgl-21.1.jar!/fxglassets/ui/fonts/VarelaRound-Regular.ttf
21:29:42.824 [FXGL Background Thread 1 ] DEBUG FXGLApplication      - Loading default localization
21:29:42.824 [FXGL Background Thread 1 ] DEBUG FXGLAssetLoaderServi - Loading from file system: jar:file:/C:/Users/%e5%b0%b9%e7%8e%ba%e9%aa%85/.m2/repository/com/github/almasb/fxgl/21.1/fxgl-21.1.jar!/fxglassets/languages/english.lang
21:29:42.827 [FXGL Background Thread 4 ] DEBUG FXGLAssetLoaderServi - Loading from file system: jar:file:/C:/Users/%e5%b0%b9%e7%8e%ba%e9%aa%85/.m2/repository/com/github/almasb/fxgl/21.1/fxgl-21.1.jar!/fxglassets/ui/fonts/Abel-Regular.ttf
21:29:42.830 [FXGL Background Thread 4 ] DEBUG FXGLAssetLoaderServi - Loading from file system: jar:file:/C:/Users/%e5%b0%b9%e7%8e%ba%e9%aa%85/.m2/repository/com/github/almasb/fxgl/21.1/fxgl-21.1.jar!/fxglassets/ui/fonts/TerminalLandMono-Regular.otf
21:29:42.831 [FXGL Background Thread 4 ] DEBUG FXGLAssetLoaderServi - Loading from file system: jar:file:/C:/Users/%e5%b0%b9%e7%8e%ba%e9%aa%85/.m2/repository/com/github/almasb/fxgl/21.1/fxgl-21.1.jar!/fxglassets/ui/fonts/Courier-Prime.ttf
21:29:42.835 [JavaFX Application Thread] DEBUG FXGLApplication      - Registering font factories with UI factory
21:29:42.853 [FXGL Background Thread 1 ] INFO  FXGLApplication      - FXGL initialization took: 0.611 sec
21:29:42.857 [JavaFX Application Thread] DEBUG Input                - Registered new binding: Click - LMB
21:29:42.858 [JavaFX Application Thread] DEBUG FXGLAssetLoaderServi - Loading from file system: jar:file:/C:/Users/%e5%b0%b9%e7%8e%ba%e9%aa%85/.m2/repository/com/github/almasb/fxgl/21.1/fxgl-21.1.jar!/fxglassets/textures/fxgl_icon.png
21:29:42.875 [JavaFX Application Thread] DEBUG FXGLAssetLoaderServi - Loading from file system: jar:file:/C:/Users/%e5%b0%b9%e7%8e%ba%e9%aa%85/.m2/repository/com/github/almasb/fxgl/21.1/fxgl-21.1.jar!/fxglassets/textures/fxgl_default_cursor.png
21:29:42.879 [JavaFX Application Thread] DEBUG Input                - Registered new binding: Screenshot - CTRL+8
21:29:42.880 [JavaFX Application Thread] DEBUG Input                - Registered new binding: System info dump - CTRL+9
21:29:42.880 [JavaFX Application Thread] DEBUG Input                - Registered new binding: Restart - CTRL+R
21:29:42.880 [JavaFX Application Thread] DEBUG Input                - Registered new binding: Toggle Debug Camera - CTRL+7
21:29:42.887 [JavaFX Application Thread] DEBUG LoopRunner           - Starting loop
21:29:42.887 [JavaFX Application Thread] DEBUG LoopRunner           - Initializing JavaFX AnimationTimerLoop
21:29:42.890 [JavaFX Application Thread] DEBUG Input                - Clearing active input actions
21:29:42.899 [JavaFX Application Thread] DEBUG GameApplicationServi - Removing overlay from FXGLStartupScene and adding to FXGLMainMenuDummyScene
21:29:42.900 [JavaFX Application Thread] DEBUG PrimaryStageWindow   - FXGLStartupScene -> FXGLMainMenuDummyScene
21:29:42.900 [JavaFX Application Thread] DEBUG PrimaryStageWindow   - Push state: MainMenuScene
21:29:42.900 [JavaFX Application Thread] DEBUG Input                - Clearing active input actions
21:29:42.906 [JavaFX Application Thread] DEBUG GameApplicationServi - Removing overlay from FXGLMainMenuDummyScene and adding to MainMenuScene
21:29:42.906 [JavaFX Application Thread] DEBUG PrimaryStageWindow   - FXGLMainMenuDummyScene -> MainMenuScene
21:29:43.442 [JavaFX Application Thread] WARN  FXGLAssetLoaderServi - Asset "/assets/music/按钮音效1.mp3" was not found!
21:29:43.443 [JavaFX Application Thread] WARN  FXGLAssetLoaderServi - Failed to load MUSIC
21:29:43.444 [JavaFX Application Thread] DEBUG AudioPlayer          - Playing music com.almasb.fxgl.audio.Music@66b6d9de
21:29:44.406 [JavaFX Application Thread] WARN  FXGLAssetLoaderServi - Asset "/assets/music/按钮音效1.mp3" was not found!
21:29:44.406 [JavaFX Application Thread] WARN  FXGLAssetLoaderServi - Failed to load MUSIC
21:29:44.406 [JavaFX Application Thread] DEBUG AudioPlayer          - Playing music com.almasb.fxgl.audio.Music@373161bc
21:29:45.030 [JavaFX Application Thread] WARN  FXGLAssetLoaderServi - Asset "/assets/music/按钮音效1.mp3" was not found!
21:29:45.030 [JavaFX Application Thread] WARN  FXGLAssetLoaderServi - Failed to load MUSIC
21:29:45.030 [JavaFX Application Thread] DEBUG AudioPlayer          - Playing music com.almasb.fxgl.audio.Music@12b13120
21:29:45.823 [FXGL Background Thread 3 ] DEBUG Engine               - Logging environment variables
21:29:45.823 [FXGL Background Thread 3 ] DEBUG Engine               - achievements: []
21:29:45.823 [FXGL Background Thread 3 ] DEBUG Engine               - actualHeight: 1007.0
21:29:45.823 [FXGL Background Thread 3 ] DEBUG Engine               - actualHeightProperty: ReadOnlyDoubleProperty [value: 1007.0]
21:29:45.823 [FXGL Background Thread 3 ] DEBUG Engine               - actualWidth: 1316.0
21:29:45.823 [FXGL Background Thread 3 ] DEBUG Engine               - actualWidthProperty: ReadOnlyDoubleProperty [value: 1316.0]
21:29:45.823 [FXGL Background Thread 3 ] DEBUG Engine               - appIcon: fxgl_icon.png
21:29:45.823 [FXGL Background Thread 3 ] DEBUG Engine               - applicationMode: DEVELOPER
21:29:45.823 [FXGL Background Thread 3 ] DEBUG Engine               - cSSList: [fxgl_dark.css]
21:29:45.823 [FXGL Background Thread 3 ] DEBUG Engine               - collisionDetectionStrategy: BRUTE_FORCE
21:29:45.823 [FXGL Background Thread 3 ] DEBUG Engine               - configClass: Optional.empty
21:29:45.823 [FXGL Background Thread 3 ] DEBUG Engine               - credits: []
21:29:45.825 [FXGL Background Thread 3 ] DEBUG Engine               - defaultCursor: CursorInfo(imageName=fxgl_default_cursor.png, hotspotX=7.0, hotspotY=6.0)
21:29:45.825 [FXGL Background Thread 3 ] DEBUG Engine               - devBBoxColorProperty: ObjectProperty [value: 0xff0000ff]
21:29:45.825 [FXGL Background Thread 3 ] DEBUG Engine               - devEnableDebugCameraProperty: BooleanProperty [value: false]
21:29:45.825 [FXGL Background Thread 3 ] DEBUG Engine               - devSensorColorProperty: ObjectProperty [value: 0xffff00ff]
21:29:45.825 [FXGL Background Thread 3 ] DEBUG Engine               - devShowBBoxProperty: BooleanProperty [value: false]
21:29:45.825 [FXGL Background Thread 3 ] DEBUG Engine               - devShowPositionProperty: BooleanProperty [value: false]
21:29:45.825 [FXGL Background Thread 3 ] DEBUG Engine               - enabledMenuItems: []
21:29:45.825 [FXGL Background Thread 3 ] DEBUG Engine               - engineServices: [class com.almasb.fxgl.app.services.FXGLAssetLoaderService, class com.almasb.fxgl.app.FXGLApplication$GameApplicationService, class com.almasb.fxgl.app.services.FXGLDialogService, class com.almasb.fxgl.app.services.IOTaskExecutorService, class com.almasb.fxgl.io.FileSystemService, class com.almasb.fxgl.localization.LocalizationService, class com.almasb.fxgl.app.services.SystemBundleService, class com.almasb.fxgl.profile.SaveLoadService, class com.almasb.fxgl.ui.FXGLUIFactoryServiceProvider, class com.almasb.fxgl.ui.FXGLDialogFactoryServiceProvider, class com.almasb.fxgl.audio.AudioPlayer, class com.almasb.fxgl.notification.impl.NotificationServiceProvider, class com.almasb.fxgl.achievement.AchievementService, class com.almasb.fxgl.cutscene.CutsceneService, class com.almasb.fxgl.minigames.MiniGameService, class com.almasb.fxgl.net.NetService, class com.almasb.fxgl.app.services.UpdaterService, class com.almasb.fxgl.dev.DevService]
21:29:45.825 [FXGL Background Thread 3 ] DEBUG Engine               - fontGame: Abel-Regular.ttf
21:29:45.825 [FXGL Background Thread 3 ] DEBUG Engine               - fontMono: TerminalLandMono-Regular.otf
21:29:45.825 [FXGL Background Thread 3 ] DEBUG Engine               - fontSizeScaleUI: 1.0
21:29:45.826 [FXGL Background Thread 3 ] DEBUG Engine               - fontText: Courier-Prime.ttf
21:29:45.826 [FXGL Background Thread 3 ] DEBUG Engine               - fontUI: VarelaRound-Regular.ttf
21:29:45.826 [FXGL Background Thread 3 ] DEBUG Engine               - fullScreen: BooleanProperty [value: false]
21:29:45.826 [FXGL Background Thread 3 ] DEBUG Engine               - gameDifficulty: MEDIUM
21:29:45.826 [FXGL Background Thread 3 ] DEBUG Engine               - gameDifficultyProperty: ObjectProperty [value: MEDIUM]
21:29:45.826 [FXGL Background Thread 3 ] DEBUG Engine               - globalMusicVolume: 0.5
21:29:45.826 [FXGL Background Thread 3 ] DEBUG Engine               - globalMusicVolumeProperty: DoubleProperty [value: 0.5]
21:29:45.826 [FXGL Background Thread 3 ] DEBUG Engine               - globalSoundVolume: 0.5
21:29:45.826 [FXGL Background Thread 3 ] DEBUG Engine               - globalSoundVolumeProperty: DoubleProperty [value: 0.5]
21:29:45.826 [FXGL Background Thread 3 ] DEBUG Engine               - height: 1007
21:29:45.826 [FXGL Background Thread 3 ] DEBUG Engine               - is3D: false
21:29:45.826 [FXGL Background Thread 3 ] DEBUG Engine               - isAndroid: false
21:29:45.826 [FXGL Background Thread 3 ] DEBUG Engine               - isBrowser: false
21:29:45.826 [FXGL Background Thread 3 ] DEBUG Engine               - isClickFeedbackEnabled: false
21:29:45.826 [FXGL Background Thread 3 ] DEBUG Engine               - isCloseConfirmation: false
21:29:45.826 [FXGL Background Thread 3 ] DEBUG Engine               - isDesktop: true
21:29:45.826 [FXGL Background Thread 3 ] DEBUG Engine               - isDeveloperMenuEnabled: false
21:29:45.826 [FXGL Background Thread 3 ] DEBUG Engine               - isEmbedded: false
21:29:45.826 [FXGL Background Thread 3 ] DEBUG Engine               - isEntityPreloadEnabled: true
21:29:45.826 [FXGL Background Thread 3 ] DEBUG Engine               - isExperimentalTiledLargeMap: false
21:29:45.826 [FXGL Background Thread 3 ] DEBUG Engine               - isFileSystemWriteAllowed: true
21:29:45.826 [FXGL Background Thread 3 ] DEBUG Engine               - isFullScreenAllowed: false
21:29:45.826 [FXGL Background Thread 3 ] DEBUG Engine               - isFullScreenFromStart: false
21:29:45.826 [FXGL Background Thread 3 ] DEBUG Engine               - isGameMenuEnabled: true
21:29:45.826 [FXGL Background Thread 3 ] DEBUG Engine               - isIOS: false
21:29:45.826 [FXGL Background Thread 3 ] DEBUG Engine               - isIntroEnabled: false
21:29:45.826 [FXGL Background Thread 3 ] DEBUG Engine               - isLinux: false
21:29:45.826 [FXGL Background Thread 3 ] DEBUG Engine               - isMac: false
21:29:45.826 [FXGL Background Thread 3 ] DEBUG Engine               - isMainMenuEnabled: true
21:29:45.826 [FXGL Background Thread 3 ] DEBUG Engine               - isManualResizeEnabled: true
21:29:45.827 [FXGL Background Thread 3 ] DEBUG Engine               - isMobile: false
21:29:45.827 [FXGL Background Thread 3 ] DEBUG Engine               - isNative: false
21:29:45.827 [FXGL Background Thread 3 ] DEBUG Engine               - isPauseMusicWhenMinimized: true
21:29:45.827 [FXGL Background Thread 3 ] DEBUG Engine               - isPreserveResizeRatio: true
21:29:45.827 [FXGL Background Thread 3 ] DEBUG Engine               - isProfilingEnabled: false
21:29:45.827 [FXGL Background Thread 3 ] DEBUG Engine               - isScaleAffectedOnResize: true
21:29:45.827 [FXGL Background Thread 3 ] DEBUG Engine               - isSingleStep: false
21:29:45.827 [FXGL Background Thread 3 ] DEBUG Engine               - isUserProfileEnabled: false
21:29:45.827 [FXGL Background Thread 3 ] DEBUG Engine               - isWindows: true
21:29:45.827 [FXGL Background Thread 3 ] DEBUG Engine               - language: ObjectProperty [value: ENGLISH]
21:29:45.827 [FXGL Background Thread 3 ] DEBUG Engine               - menuKey: ESCAPE
21:29:45.827 [FXGL Background Thread 3 ] DEBUG Engine               - mouseSensitivity: 0.2
21:29:45.827 [FXGL Background Thread 3 ] DEBUG Engine               - notificationViewClass: class com.almasb.fxgl.notification.view.XboxNotificationView
21:29:45.827 [FXGL Background Thread 3 ] DEBUG Engine               - pixelsPerMeter: 50.0
21:29:45.827 [FXGL Background Thread 3 ] DEBUG Engine               - platform: WINDOWS
21:29:45.827 [FXGL Background Thread 3 ] DEBUG Engine               - prefHeightProperty: ReadOnlyDoubleProperty [value: 1007.0]
21:29:45.827 [FXGL Background Thread 3 ] DEBUG Engine               - prefWidthProperty: ReadOnlyDoubleProperty [value: 1316.0]
21:29:45.827 [FXGL Background Thread 3 ] DEBUG Engine               - profileDir: profiles/
21:29:45.827 [FXGL Background Thread 3 ] DEBUG Engine               - profileName: StringProperty [value: DEFAULT]
21:29:45.827 [FXGL Background Thread 3 ] DEBUG Engine               - randomSeed: -1
21:29:45.827 [FXGL Background Thread 3 ] DEBUG Engine               - runtimeInfo: RuntimeInfo(platform=WINDOWS, version=21.1, build=27.03.2024 07.52)
21:29:45.827 [FXGL Background Thread 3 ] DEBUG Engine               - saveFileExt: sav
21:29:45.827 [FXGL Background Thread 3 ] DEBUG Engine               - scaledHeightProp$fxgl: DoubleProperty [bound, value: 1007.0]
21:29:45.827 [FXGL Background Thread 3 ] DEBUG Engine               - scaledWidthProp$fxgl: DoubleProperty [bound, value: 1316.0]
21:29:45.827 [FXGL Background Thread 3 ] DEBUG Engine               - sceneFactory: edu.sustech.xiangqi.XiangQiApp$1@7780d867
21:29:45.827 [FXGL Background Thread 3 ] DEBUG Engine               - secondsIn24h: 60
21:29:45.827 [FXGL Background Thread 3 ] DEBUG Engine               - soundMenuBack: menu/back.wav
21:29:45.827 [FXGL Background Thread 3 ] DEBUG Engine               - soundMenuPress: menu/press.wav
21:29:45.827 [FXGL Background Thread 3 ] DEBUG Engine               - soundMenuSelect: menu/select.wav
21:29:45.827 [FXGL Background Thread 3 ] DEBUG Engine               - soundNotification: core/notification.wav
21:29:45.827 [FXGL Background Thread 3 ] DEBUG Engine               - stageStyle: DECORATED
21:29:45.827 [FXGL Background Thread 3 ] DEBUG Engine               - supportedLanguages: [ENGLISH, FRENCH, GERMAN, HUNGARIAN, RUSSIAN]
21:29:45.827 [FXGL Background Thread 3 ] DEBUG Engine               - ticksPerSecond: -1
21:29:45.828 [FXGL Background Thread 3 ] DEBUG Engine               - title: 中国象棋 1.0
21:29:45.828 [FXGL Background Thread 3 ] DEBUG Engine               - urlGithub: https://github.com/AlmasB/FXGL
21:29:45.828 [FXGL Background Thread 3 ] DEBUG Engine               - urlLeaderboard: http://fxgl-top.herokuapp.com/
21:29:45.828 [FXGL Background Thread 3 ] DEBUG Engine               - urlPOM: https://raw.githubusercontent.com/AlmasB/FXGL/release/README.md
21:29:45.828 [FXGL Background Thread 3 ] DEBUG Engine               - userAppClass: class edu.sustech.xiangqi.XiangQiApp
21:29:45.828 [FXGL Background Thread 3 ] DEBUG Engine               - version: 1.0
21:29:45.828 [FXGL Background Thread 3 ] DEBUG Engine               - versionCheckDays: 7
21:29:45.828 [FXGL Background Thread 3 ] DEBUG Engine               - width: 1316
21:29:45.828 [FXGL Background Thread 3 ] DEBUG Engine               - Logging services
21:29:45.828 [FXGL Background Thread 3 ] DEBUG Engine               - class com.almasb.fxgl.app.services.FXGLAssetLoaderService
21:29:45.828 [FXGL Background Thread 3 ] DEBUG Engine               - class com.almasb.fxgl.app.FXGLApplication$GameApplicationService
21:29:45.828 [FXGL Background Thread 3 ] DEBUG Engine               - class com.almasb.fxgl.app.services.FXGLDialogService
21:29:45.828 [FXGL Background Thread 3 ] DEBUG Engine               - class com.almasb.fxgl.app.services.IOTaskExecutorService
21:29:45.828 [FXGL Background Thread 3 ] DEBUG Engine               - class com.almasb.fxgl.io.FileSystemService
21:29:45.828 [FXGL Background Thread 3 ] DEBUG Engine               - class com.almasb.fxgl.localization.LocalizationService
21:29:45.828 [FXGL Background Thread 3 ] DEBUG Engine               - class com.almasb.fxgl.app.services.SystemBundleService
21:29:45.828 [FXGL Background Thread 3 ] DEBUG Engine               - class com.almasb.fxgl.profile.SaveLoadService
21:29:45.828 [FXGL Background Thread 3 ] DEBUG Engine               - class com.almasb.fxgl.ui.FXGLUIFactoryServiceProvider
21:29:45.828 [FXGL Background Thread 3 ] DEBUG Engine               - class com.almasb.fxgl.ui.FXGLDialogFactoryServiceProvider
21:29:45.828 [FXGL Background Thread 3 ] DEBUG Engine               - class com.almasb.fxgl.audio.AudioPlayer
21:29:45.828 [FXGL Background Thread 3 ] DEBUG Engine               - class com.almasb.fxgl.notification.impl.NotificationServiceProvider
21:29:45.828 [FXGL Background Thread 3 ] DEBUG Engine               - class com.almasb.fxgl.achievement.AchievementService
21:29:45.828 [FXGL Background Thread 3 ] DEBUG Engine               - class com.almasb.fxgl.cutscene.CutsceneService
21:29:45.828 [FXGL Background Thread 3 ] DEBUG Engine               - class com.almasb.fxgl.minigames.MiniGameService
21:29:45.828 [FXGL Background Thread 3 ] DEBUG Engine               - class com.almasb.fxgl.net.NetService
21:29:45.828 [FXGL Background Thread 3 ] DEBUG Engine               - class com.almasb.fxgl.app.services.UpdaterService
21:29:45.828 [FXGL Background Thread 3 ] DEBUG Engine               - class com.almasb.fxgl.dev.DevService
21:29:48.655 [JavaFX Application Thread] WARN  FXGLAssetLoaderServi - Asset "/assets/music/按钮音效1.mp3" was not found!
21:29:48.655 [JavaFX Application Thread] WARN  FXGLAssetLoaderServi - Failed to load MUSIC
21:29:48.655 [JavaFX Application Thread] DEBUG AudioPlayer          - Playing music com.almasb.fxgl.audio.Music@fd85047
21:29:50.951 [JavaFX Application Thread] WARN  FXGLAssetLoaderServi - Asset "/assets/music/按钮音效1.mp3" was not found!
21:29:50.951 [JavaFX Application Thread] WARN  FXGLAssetLoaderServi - Failed to load MUSIC
21:29:50.951 [JavaFX Application Thread] DEBUG AudioPlayer          - Playing music com.almasb.fxgl.audio.Music@cce4e76
21:29:51.396 [JavaFX Application Thread] WARN  FXGLAssetLoaderServi - Asset "/assets/music/按钮音效1.mp3" was not found!
21:29:51.396 [JavaFX Application Thread] WARN  FXGLAssetLoaderServi - Failed to load MUSIC
21:29:51.396 [JavaFX Application Thread] DEBUG AudioPlayer          - Playing music com.almasb.fxgl.audio.Music@b43ff89
21:29:51.807 [JavaFX Application Thread] WARN  FXGLAssetLoaderServi - Asset "/assets/music/按钮音效1.mp3" was not found!
21:29:51.807 [JavaFX Application Thread] WARN  FXGLAssetLoaderServi - Failed to load MUSIC
21:29:51.807 [JavaFX Application Thread] DEBUG AudioPlayer          - Playing music com.almasb.fxgl.audio.Music@479fd70f
21:29:52.215 [JavaFX Application Thread] WARN  FXGLAssetLoaderServi - Asset "/assets/music/按钮音效1.mp3" was not found!
21:29:52.215 [JavaFX Application Thread] WARN  FXGLAssetLoaderServi - Failed to load MUSIC
21:29:52.215 [JavaFX Application Thread] DEBUG AudioPlayer          - Playing music com.almasb.fxgl.audio.Music@34ec091a
21:29:54.854 [JavaFX Application Thread] WARN  FXGLAssetLoaderServi - Asset "/assets/music/按钮音效1.mp3" was not found!
21:29:54.854 [JavaFX Application Thread] WARN  FXGLAssetLoaderServi - Failed to load MUSIC
21:29:54.854 [JavaFX Application Thread] DEBUG AudioPlayer          - Playing music com.almasb.fxgl.audio.Music@78e66d87
21:29:56.100 [JavaFX Application Thread] WARN  FXGLAssetLoaderServi - Asset "/assets/music/按钮音效1.mp3" was not found!
21:29:56.100 [JavaFX Application Thread] WARN  FXGLAssetLoaderServi - Failed to load MUSIC
21:29:56.100 [JavaFX Application Thread] DEBUG AudioPlayer          - Playing music com.almasb.fxgl.audio.Music@6616ddaa
21:29:56.964 [JavaFX Application Thread] DEBUG Menu                 - fireNewGame()
21:29:56.964 [JavaFX Application Thread] DEBUG GameApplicationServi - Starting new game
21:29:56.964 [JavaFX Application Thread] DEBUG PrimaryStageWindow   - Pop state: MainMenuScene
21:29:56.964 [JavaFX Application Thread] DEBUG Input                - Clearing active input actions
21:29:56.964 [JavaFX Application Thread] DEBUG GameApplicationServi - Removing overlay from MainMenuScene and adding to FXGLMainMenuDummyScene
21:29:56.964 [JavaFX Application Thread] DEBUG PrimaryStageWindow   - FXGLMainMenuDummyScene <- MainMenuScene
21:29:56.965 [JavaFX Application Thread] DEBUG Input                - Clearing active input actions
21:29:56.967 [JavaFX Application Thread] DEBUG GameApplicationServi - Removing overlay from FXGLMainMenuDummyScene and adding to FXGLLoadingScene
21:29:56.967 [JavaFX Application Thread] DEBUG PrimaryStageWindow   - FXGLMainMenuDummyScene -> FXGLLoadingScene
21:29:56.967 [JavaFX Application Thread] DEBUG GameApplicationServi - Clearing previous game
21:29:56.967 [JavaFX Application Thread] DEBUG GameScene            - Clearing game scene
21:29:56.967 [JavaFX Application Thread] DEBUG GameWorld            - Clearing game world
21:29:56.967 [JavaFX Application Thread] DEBUG PhysicsWorld         - Clearing physics world
21:29:56.971 [FXGL Background Thread 2 ] DEBUG FXGLApplication      - Initializing game
21:29:56.982 [FXGL Background Thread 2 ] DEBUG FXGLAssetLoaderServi - Loading from file system: file:/E:/G2/java/final_project/team_project_1124/javaA-xiangqi-project-main/target/classes/assets/textures/%e8%83%8c%e6%99%af.jpg
21:29:57.036 [FXGL Background Thread 2 ] DEBUG FXGLAssetLoaderServi - Loading from file system: file:/E:/G2/java/final_project/team_project_1124/javaA-xiangqi-project-main/target/classes/assets/textures/ChessBoard.png
21:29:57.080 [FXGL Background Thread 2 ] DEBUG FXGLAssetLoaderServi - Loading from file system: file:/E:/G2/java/final_project/team_project_1124/javaA-xiangqi-project-main/target/classes/assets/textures/RedGeneral.png
21:29:57.085 [FXGL Background Thread 2 ] DEBUG FXGLAssetLoaderServi - Loading from file system: file:/E:/G2/java/final_project/team_project_1124/javaA-xiangqi-project-main/target/classes/assets/textures/RedAdvisor.png
21:29:57.086 [FXGL Background Thread 2 ] DEBUG FXGLAssetLoaderServi - Loading from file system: file:/E:/G2/java/final_project/team_project_1124/javaA-xiangqi-project-main/target/classes/assets/textures/RedElephant.png
21:29:57.087 [FXGL Background Thread 2 ] DEBUG FXGLAssetLoaderServi - Loading from file system: file:/E:/G2/java/final_project/team_project_1124/javaA-xiangqi-project-main/target/classes/assets/textures/RedHorse.png
21:29:57.088 [FXGL Background Thread 2 ] DEBUG FXGLAssetLoaderServi - Loading from file system: file:/E:/G2/java/final_project/team_project_1124/javaA-xiangqi-project-main/target/classes/assets/textures/RedChariot.png
21:29:57.089 [FXGL Background Thread 2 ] DEBUG FXGLAssetLoaderServi - Loading from file system: file:/E:/G2/java/final_project/team_project_1124/javaA-xiangqi-project-main/target/classes/assets/textures/RedCannon.png
21:29:57.090 [FXGL Background Thread 2 ] DEBUG FXGLAssetLoaderServi - Loading from file system: file:/E:/G2/java/final_project/team_project_1124/javaA-xiangqi-project-main/target/classes/assets/textures/RedSoldier.png
21:29:57.091 [FXGL Background Thread 2 ] DEBUG FXGLAssetLoaderServi - Loading from file system: file:/E:/G2/java/final_project/team_project_1124/javaA-xiangqi-project-main/target/classes/assets/textures/BlackGeneral.png
21:29:57.092 [FXGL Background Thread 2 ] DEBUG FXGLAssetLoaderServi - Loading from file system: file:/E:/G2/java/final_project/team_project_1124/javaA-xiangqi-project-main/target/classes/assets/textures/BlackAdvisor.png
21:29:57.093 [FXGL Background Thread 2 ] DEBUG FXGLAssetLoaderServi - Loading from file system: file:/E:/G2/java/final_project/team_project_1124/javaA-xiangqi-project-main/target/classes/assets/textures/BlackElephant.png
21:29:57.093 [FXGL Background Thread 2 ] DEBUG FXGLAssetLoaderServi - Loading from file system: file:/E:/G2/java/final_project/team_project_1124/javaA-xiangqi-project-main/target/classes/assets/textures/BlackHorse.png
21:29:57.094 [FXGL Background Thread 2 ] DEBUG FXGLAssetLoaderServi - Loading from file system: file:/E:/G2/java/final_project/team_project_1124/javaA-xiangqi-project-main/target/classes/assets/textures/BlackChariot.png
21:29:57.095 [FXGL Background Thread 2 ] DEBUG FXGLAssetLoaderServi - Loading from file system: file:/E:/G2/java/final_project/team_project_1124/javaA-xiangqi-project-main/target/classes/assets/textures/BlackCannon.png
21:29:57.096 [FXGL Background Thread 2 ] DEBUG FXGLAssetLoaderServi - Loading from file system: file:/E:/G2/java/final_project/team_project_1124/javaA-xiangqi-project-main/target/classes/assets/textures/BlackSoldier.png
21:29:57.099 [FXGL Background Thread 2 ] INFO  FXGLApplication      - Game initialization took: 0.127 sec
21:29:57.102 [JavaFX Application Thread] DEBUG Input                - Clearing active input actions
21:29:57.105 [JavaFX Application Thread] DEBUG GameApplicationServi - Removing overlay from FXGLLoadingScene and adding to GameScene
21:29:57.106 [JavaFX Application Thread] DEBUG PrimaryStageWindow   - FXGLLoadingScene -> GameScene
21:29:58.113 [JavaFX Application Thread] DEBUG FXGLAssetLoaderServi - Loading from file system: file:/E:/G2/java/final_project/team_project_1124/javaA-xiangqi-project-main/target/classes/assets/music/button.mp3
21:29:58.115 [JavaFX Application Thread] DEBUG AudioPlayer          - Playing music com.almasb.fxgl.audio.Music@7739210b
21:29:58.762 [JavaFX Application Thread] DEBUG AudioPlayer          - Playing music com.almasb.fxgl.audio.Music@7739210b
21:29:59.147 [JavaFX Application Thread] DEBUG AudioPlayer          - Playing music com.almasb.fxgl.audio.Music@7739210b
21:29:59.468 [JavaFX Application Thread] DEBUG AudioPlayer          - Playing music com.almasb.fxgl.audio.Music@7739210b
21:30:00.357 [JavaFX Application Thread] DEBUG AudioPlayer          - Playing music com.almasb.fxgl.audio.Music@7739210b
21:30:00.620 [JavaFX Application Thread] DEBUG AudioPlayer          - Playing music com.almasb.fxgl.audio.Music@7739210b
21:30:00.876 [JavaFX Application Thread] DEBUG AudioPlayer          - Playing music com.almasb.fxgl.audio.Music@7739210b
21:30:01.064 [JavaFX Application Thread] DEBUG AudioPlayer          - Playing music com.almasb.fxgl.audio.Music@7739210b
21:30:01.229 [JavaFX Application Thread] DEBUG AudioPlayer          - Playing music com.almasb.fxgl.audio.Music@7739210b
21:30:01.373 [JavaFX Application Thread] DEBUG AudioPlayer          - Playing music com.almasb.fxgl.audio.Music@7739210b
21:30:01.510 [JavaFX Application Thread] DEBUG AudioPlayer          - Playing music com.almasb.fxgl.audio.Music@7739210b
21:30:01.666 [JavaFX Application Thread] DEBUG AudioPlayer          - Playing music com.almasb.fxgl.audio.Music@7739210b
21:30:02.092 [JavaFX Application Thread] DEBUG AudioPlayer          - Playing music com.almasb.fxgl.audio.Music@7739210b
21:30:02.393 [JavaFX Application Thread] DEBUG AudioPlayer          - Playing music com.almasb.fxgl.audio.Music@7739210b
21:30:02.877 [JavaFX Application Thread] DEBUG AudioPlayer          - Playing music com.almasb.fxgl.audio.Music@7739210b
21:30:03.275 [JavaFX Application Thread] DEBUG AudioPlayer          - Playing music com.almasb.fxgl.audio.Music@7739210b
21:30:03.707 [JavaFX Application Thread] DEBUG AudioPlayer          - Playing music com.almasb.fxgl.audio.Music@7739210b
21:30:04.422 [JavaFX Application Thread] DEBUG AudioPlayer          - Playing music com.almasb.fxgl.audio.Music@7739210b
21:30:04.787 [JavaFX Application Thread] DEBUG AudioPlayer          - Playing music com.almasb.fxgl.audio.Music@7739210b
21:30:05.200 [JavaFX Application Thread] WARN  FXGLAssetLoaderServi - Asset "/assets/music/按钮音效1.mp3" was not found!
21:30:05.202 [JavaFX Application Thread] WARN  FXGLAssetLoaderServi - Failed to load MUSIC
21:30:05.202 [JavaFX Application Thread] DEBUG AudioPlayer          - Playing music com.almasb.fxgl.audio.Music@501465e4
21:30:05.459 [JavaFX Application Thread] DEBUG PrimaryStageWindow   - Push state: DialogSubScene
21:30:05.459 [JavaFX Application Thread] DEBUG Input                - Clearing active input actions
21:30:05.459 [JavaFX Application Thread] DEBUG GameApplicationServi - Removing overlay from GameScene and adding to DialogSubScene
21:30:05.459 [JavaFX Application Thread] DEBUG PrimaryStageWindow   - GameScene -> DialogSubScene
21:30:06.297 [JavaFX Application Thread] DEBUG PrimaryStageWindow   - Pop state: DialogSubScene
21:30:06.297 [JavaFX Application Thread] DEBUG Input                - Clearing active input actions
21:30:06.297 [JavaFX Application Thread] DEBUG GameApplicationServi - Removing overlay from DialogSubScene and adding to GameScene
21:30:06.297 [JavaFX Application Thread] DEBUG PrimaryStageWindow   - GameScene <- DialogSubScene
21:30:07.190 [JavaFX Application Thread] DEBUG FXGLApplication      - Exiting FXGL
21:30:07.190 [JavaFX Application Thread] DEBUG LoopRunner           - Stopping loop
21:30:07.190 [JavaFX Application Thread] DEBUG SystemBundleService  - Saving FXGL system data
21:30:07.191 [JavaFX Application Thread] DEBUG FileSystemAccess     - Writing to: E:\G2\java\final_project\team_project_1124\javaA-xiangqi-project-main\system\fxgl.bundle
21:30:07.192 [JavaFX Application Thread] DEBUG Async                - Shutting down background threads
21:30:07.192 [JavaFX Application Thread] DEBUG PrimaryStageWindow   - Closing main window
21:30:07.206 [JavaFX Application Thread] DEBUG Logger               - Closing Logger
