19:13:26.671 [main                     ] DEBUG Logger               - Configured Logger
19:13:26.683 [main                     ] DEBUG GameApplication      - Logging settings
Title: 中国象棋 1.0
Version: 1.0
Width: 1316
Height: 1007
Fullscreen: false
Intro: false
Profiling: false
Single step:false
App Mode: DEVELOPER
Menu Key: ESCAPE
Stage Style: DECORATED
Scene Factory: class edu.sustech.xiangqi.XiangQiApp$1

19:13:27.214 [JavaFX Application Thread] DEBUG FXGLApplication      - Initializing FXGL
19:13:27.217 [JavaFX Application Thread] INFO  Engine               - FXGL-21.1 (27.03.2024 07.52) on WINDOWS (J:23.0.2 FX:21.0.1)
19:13:27.217 [JavaFX Application Thread] DEBUG Engine               - JRE Vendor Name: Amazon.com Inc.
19:13:27.217 [JavaFX Application Thread] DEBUG Engine               - Running on OS: Windows 11 version 10.0
19:13:27.217 [JavaFX Application Thread] DEBUG Engine               - Architecture: amd64
19:13:27.217 [JavaFX Application Thread] INFO  Engine               - Source code and latest versions at: https://github.com/AlmasB/FXGL
19:13:27.217 [JavaFX Application Thread] INFO  Engine               -       Ask questions and discuss at: https://github.com/AlmasB/FXGL/discussions
19:13:27.217 [JavaFX Application Thread] INFO  Engine               -              Join the FXGL chat at: https://gitter.im/AlmasB/FXGL
19:13:27.280 [JavaFX Application Thread] DEBUG PrimaryStageWindow   - Creating a JavaFX scene
19:13:27.307 [JavaFX Application Thread] DEBUG PrimaryStageWindow   - Target settings size: 1316.0 x 1007.0
19:13:27.308 [JavaFX Application Thread] DEBUG PrimaryStageWindow   - Scaled scene size:    1316.0 x 1007.0
19:13:27.308 [JavaFX Application Thread] DEBUG PrimaryStageWindow   - Scaled ratio: (1.0, 1.0)
19:13:27.308 [JavaFX Application Thread] DEBUG PrimaryStageWindow   - Set initial scene to FXGLStartupScene
19:13:27.310 [JavaFX Application Thread] DEBUG PrimaryStageWindow   - Opening main window
19:13:27.376 [JavaFX Application Thread] DEBUG PrimaryStageWindow   - Window border size: (14.6666259765625, 37.6666259765625)
19:13:27.377 [JavaFX Application Thread] DEBUG PrimaryStageWindow   - Scaled size: 1316.0 x 1007.0
19:13:27.377 [JavaFX Application Thread] DEBUG PrimaryStageWindow   - Scaled ratio: (1.0, 1.0)
19:13:27.377 [JavaFX Application Thread] DEBUG PrimaryStageWindow   - Scene size: 1316.0 x 1007.0
19:13:27.377 [JavaFX Application Thread] DEBUG PrimaryStageWindow   - Stage size: 1330.6666259765625 x 1044.6666259765625
19:13:27.381 [FXGL Background Thread 1 ] DEBUG Engine               - Initializing environment variables
19:13:27.432 [FXGL Background Thread 1 ] DEBUG FXGLAssetLoaderServi - User app class for loading assets: class edu.sustech.xiangqi.XiangQiApp
19:13:27.432 [FXGL Background Thread 1 ] DEBUG GameApplicationServi - Applying CSS: fxgl_dark.css
19:13:27.432 [FXGL Background Thread 1 ] DEBUG FXGLAssetLoaderServi - Loading from file system: jar:file:/C:/Users/%e5%b0%b9%e7%8e%ba%e9%aa%85/.m2/repository/com/github/almasb/fxgl/21.1/fxgl-21.1.jar!/fxglassets/ui/css/fxgl_dark.css
19:13:27.458 [FXGL Background Thread 1 ] DEBUG GameApplicationServi - Initializing application scenes
19:13:27.512 [FXGL Background Thread 1 ] DEBUG GameWorld            - Game world initialized
19:13:27.553 [FXGL Background Thread 1 ] DEBUG PhysicsWorld         - Physics world initialized: appHeight=1007, physics.ppm=50.0
19:13:27.553 [FXGL Background Thread 1 ] DEBUG PhysicsWorld         - Using strategy: BRUTE_FORCE
19:13:27.556 [FXGL Background Thread 1 ] DEBUG GameScene            - Game scene initialized: 1316x1007
19:13:27.562 [FXGL Background Thread 1 ] DEBUG FXGLAssetLoaderServi - Loading from file system: file:/E:/G2/java/final_project/team_project_1124/javaA-xiangqi-project-main/target/classes/assets/ui/fonts/HYPixel11pxU-2.ttf
19:13:27.593 [FXGL Background Thread 1 ] DEBUG FXGLAssetLoaderServi - Loading from file system: file:/E:/G2/java/final_project/team_project_1124/javaA-xiangqi-project-main/target/classes/assets/textures/Button1.png
19:13:27.608 [FXGL Background Thread 1 ] DEBUG FXGLAssetLoaderServi - Loading from file system: file:/E:/G2/java/final_project/team_project_1124/javaA-xiangqi-project-main/target/classes/assets/textures/Press.png
19:13:27.633 [FXGL Background Thread 1 ] DEBUG GameApplicationServi - Application scenes initialized
19:13:27.638 [FXGL Background Thread 1 ] DEBUG SystemBundleService  - Loading FXGL system data
19:13:27.641 [FXGL Background Thread 1 ] DEBUG FileSystemAccess     - Reading from: E:\G2\java\final_project\team_project_1124\javaA-xiangqi-project-main\system\fxgl.bundle
19:13:27.646 [FXGL Background Thread 1 ] DEBUG SystemBundleService  - Bundle FXGL: {}
19:13:27.646 [FXGL Background Thread 1 ] DEBUG UpdaterService       - Checking for updates
19:13:27.649 [FXGL Background Thread 4 ] DEBUG FXGLApplication      - Loading fonts
19:13:27.650 [FXGL Background Thread 4 ] DEBUG FXGLAssetLoaderServi - Loading from file system: jar:file:/C:/Users/%e5%b0%b9%e7%8e%ba%e9%aa%85/.m2/repository/com/github/almasb/fxgl/21.1/fxgl-21.1.jar!/fxglassets/ui/fonts/VarelaRound-Regular.ttf
19:13:27.650 [FXGL Background Thread 1 ] DEBUG FXGLApplication      - Loading default localization
19:13:27.650 [FXGL Background Thread 1 ] DEBUG FXGLAssetLoaderServi - Loading from file system: jar:file:/C:/Users/%e5%b0%b9%e7%8e%ba%e9%aa%85/.m2/repository/com/github/almasb/fxgl/21.1/fxgl-21.1.jar!/fxglassets/languages/english.lang
19:13:27.653 [FXGL Background Thread 4 ] DEBUG FXGLAssetLoaderServi - Loading from file system: jar:file:/C:/Users/%e5%b0%b9%e7%8e%ba%e9%aa%85/.m2/repository/com/github/almasb/fxgl/21.1/fxgl-21.1.jar!/fxglassets/ui/fonts/Abel-Regular.ttf
19:13:27.656 [FXGL Background Thread 4 ] DEBUG FXGLAssetLoaderServi - Loading from file system: jar:file:/C:/Users/%e5%b0%b9%e7%8e%ba%e9%aa%85/.m2/repository/com/github/almasb/fxgl/21.1/fxgl-21.1.jar!/fxglassets/ui/fonts/TerminalLandMono-Regular.otf
19:13:27.658 [FXGL Background Thread 4 ] DEBUG FXGLAssetLoaderServi - Loading from file system: jar:file:/C:/Users/%e5%b0%b9%e7%8e%ba%e9%aa%85/.m2/repository/com/github/almasb/fxgl/21.1/fxgl-21.1.jar!/fxglassets/ui/fonts/Courier-Prime.ttf
19:13:27.664 [JavaFX Application Thread] DEBUG FXGLApplication      - Registering font factories with UI factory
19:13:27.673 [FXGL Background Thread 1 ] INFO  FXGLApplication      - FXGL initialization took: 0.292 sec
19:13:27.679 [JavaFX Application Thread] DEBUG Input                - Registered new binding: Click - LMB
19:13:27.680 [JavaFX Application Thread] DEBUG FXGLAssetLoaderServi - Loading from file system: jar:file:/C:/Users/%e5%b0%b9%e7%8e%ba%e9%aa%85/.m2/repository/com/github/almasb/fxgl/21.1/fxgl-21.1.jar!/fxglassets/textures/fxgl_icon.png
19:13:27.697 [JavaFX Application Thread] DEBUG FXGLAssetLoaderServi - Loading from file system: jar:file:/C:/Users/%e5%b0%b9%e7%8e%ba%e9%aa%85/.m2/repository/com/github/almasb/fxgl/21.1/fxgl-21.1.jar!/fxglassets/textures/fxgl_default_cursor.png
19:13:27.706 [JavaFX Application Thread] DEBUG Input                - Registered new binding: Screenshot - CTRL+8
19:13:27.707 [JavaFX Application Thread] DEBUG Input                - Registered new binding: System info dump - CTRL+9
19:13:27.707 [JavaFX Application Thread] DEBUG Input                - Registered new binding: Restart - CTRL+R
19:13:27.708 [JavaFX Application Thread] DEBUG Input                - Registered new binding: Toggle Debug Camera - CTRL+7
19:13:27.712 [JavaFX Application Thread] DEBUG LoopRunner           - Starting loop
19:13:27.712 [JavaFX Application Thread] DEBUG LoopRunner           - Initializing JavaFX AnimationTimerLoop
19:13:27.714 [JavaFX Application Thread] DEBUG Input                - Clearing active input actions
19:13:27.722 [JavaFX Application Thread] DEBUG GameApplicationServi - Removing overlay from FXGLStartupScene and adding to FXGLMainMenuDummyScene
19:13:27.722 [JavaFX Application Thread] DEBUG PrimaryStageWindow   - FXGLStartupScene -> FXGLMainMenuDummyScene
19:13:27.722 [JavaFX Application Thread] DEBUG PrimaryStageWindow   - Push state: MainMenuScene
19:13:27.723 [JavaFX Application Thread] DEBUG Input                - Clearing active input actions
19:13:27.728 [JavaFX Application Thread] DEBUG GameApplicationServi - Removing overlay from FXGLMainMenuDummyScene and adding to MainMenuScene
19:13:27.728 [JavaFX Application Thread] DEBUG PrimaryStageWindow   - FXGLMainMenuDummyScene -> MainMenuScene
19:13:28.175 [JavaFX Application Thread] DEBUG FXGLAssetLoaderServi - Loading from file system: file:/E:/G2/java/final_project/team_project_1124/javaA-xiangqi-project-main/target/classes/assets/music/%e6%8c%89%e9%92%ae%e9%9f%b3%e6%95%881.mp3
19:13:28.456 [JavaFX Application Thread] DEBUG AudioPlayer          - Playing music com.almasb.fxgl.audio.Music@64a856c0
19:13:29.659 [JavaFX Application Thread] DEBUG AudioPlayer          - Playing music com.almasb.fxgl.audio.Music@64a856c0
19:13:30.321 [JavaFX Application Thread] DEBUG AudioPlayer          - Playing music com.almasb.fxgl.audio.Music@64a856c0
19:13:30.649 [FXGL Background Thread 3 ] DEBUG Engine               - Logging environment variables
19:13:30.649 [FXGL Background Thread 3 ] DEBUG Engine               - achievements: []
19:13:30.649 [FXGL Background Thread 3 ] DEBUG Engine               - actualHeight: 1007.0
19:13:30.649 [FXGL Background Thread 3 ] DEBUG Engine               - actualHeightProperty: ReadOnlyDoubleProperty [value: 1007.0]
19:13:30.649 [FXGL Background Thread 3 ] DEBUG Engine               - actualWidth: 1316.0
19:13:30.649 [FXGL Background Thread 3 ] DEBUG Engine               - actualWidthProperty: ReadOnlyDoubleProperty [value: 1316.0]
19:13:30.649 [FXGL Background Thread 3 ] DEBUG Engine               - appIcon: fxgl_icon.png
19:13:30.650 [FXGL Background Thread 3 ] DEBUG Engine               - applicationMode: DEVELOPER
19:13:30.650 [FXGL Background Thread 3 ] DEBUG Engine               - cSSList: [fxgl_dark.css]
19:13:30.650 [FXGL Background Thread 3 ] DEBUG Engine               - collisionDetectionStrategy: BRUTE_FORCE
19:13:30.650 [FXGL Background Thread 3 ] DEBUG Engine               - configClass: Optional.empty
19:13:30.650 [FXGL Background Thread 3 ] DEBUG Engine               - credits: []
19:13:30.651 [FXGL Background Thread 3 ] DEBUG Engine               - defaultCursor: CursorInfo(imageName=fxgl_default_cursor.png, hotspotX=7.0, hotspotY=6.0)
19:13:30.651 [FXGL Background Thread 3 ] DEBUG Engine               - devBBoxColorProperty: ObjectProperty [value: 0xff0000ff]
19:13:30.651 [FXGL Background Thread 3 ] DEBUG Engine               - devEnableDebugCameraProperty: BooleanProperty [value: false]
19:13:30.651 [FXGL Background Thread 3 ] DEBUG Engine               - devSensorColorProperty: ObjectProperty [value: 0xffff00ff]
19:13:30.651 [FXGL Background Thread 3 ] DEBUG Engine               - devShowBBoxProperty: BooleanProperty [value: false]
19:13:30.651 [FXGL Background Thread 3 ] DEBUG Engine               - devShowPositionProperty: BooleanProperty [value: false]
19:13:30.651 [FXGL Background Thread 3 ] DEBUG Engine               - enabledMenuItems: []
19:13:30.651 [FXGL Background Thread 3 ] DEBUG Engine               - engineServices: [class com.almasb.fxgl.app.services.FXGLAssetLoaderService, class com.almasb.fxgl.app.FXGLApplication$GameApplicationService, class com.almasb.fxgl.app.services.FXGLDialogService, class com.almasb.fxgl.app.services.IOTaskExecutorService, class com.almasb.fxgl.io.FileSystemService, class com.almasb.fxgl.localization.LocalizationService, class com.almasb.fxgl.app.services.SystemBundleService, class com.almasb.fxgl.profile.SaveLoadService, class com.almasb.fxgl.ui.FXGLUIFactoryServiceProvider, class com.almasb.fxgl.ui.FXGLDialogFactoryServiceProvider, class com.almasb.fxgl.audio.AudioPlayer, class com.almasb.fxgl.notification.impl.NotificationServiceProvider, class com.almasb.fxgl.achievement.AchievementService, class com.almasb.fxgl.cutscene.CutsceneService, class com.almasb.fxgl.minigames.MiniGameService, class com.almasb.fxgl.net.NetService, class com.almasb.fxgl.app.services.UpdaterService, class com.almasb.fxgl.dev.DevService]
19:13:30.651 [FXGL Background Thread 3 ] DEBUG Engine               - fontGame: Abel-Regular.ttf
19:13:30.651 [FXGL Background Thread 3 ] DEBUG Engine               - fontMono: TerminalLandMono-Regular.otf
19:13:30.652 [FXGL Background Thread 3 ] DEBUG Engine               - fontSizeScaleUI: 1.0
19:13:30.652 [FXGL Background Thread 3 ] DEBUG Engine               - fontText: Courier-Prime.ttf
19:13:30.652 [FXGL Background Thread 3 ] DEBUG Engine               - fontUI: VarelaRound-Regular.ttf
19:13:30.652 [FXGL Background Thread 3 ] DEBUG Engine               - fullScreen: BooleanProperty [value: false]
19:13:30.652 [FXGL Background Thread 3 ] DEBUG Engine               - gameDifficulty: MEDIUM
19:13:30.652 [FXGL Background Thread 3 ] DEBUG Engine               - gameDifficultyProperty: ObjectProperty [value: MEDIUM]
19:13:30.652 [FXGL Background Thread 3 ] DEBUG Engine               - globalMusicVolume: 0.5
19:13:30.652 [FXGL Background Thread 3 ] DEBUG Engine               - globalMusicVolumeProperty: DoubleProperty [value: 0.5]
19:13:30.652 [FXGL Background Thread 3 ] DEBUG Engine               - globalSoundVolume: 0.5
19:13:30.652 [FXGL Background Thread 3 ] DEBUG Engine               - globalSoundVolumeProperty: DoubleProperty [value: 0.5]
19:13:30.652 [FXGL Background Thread 3 ] DEBUG Engine               - height: 1007
19:13:30.652 [FXGL Background Thread 3 ] DEBUG Engine               - is3D: false
19:13:30.652 [FXGL Background Thread 3 ] DEBUG Engine               - isAndroid: false
19:13:30.653 [FXGL Background Thread 3 ] DEBUG Engine               - isBrowser: false
19:13:30.653 [FXGL Background Thread 3 ] DEBUG Engine               - isClickFeedbackEnabled: false
19:13:30.653 [FXGL Background Thread 3 ] DEBUG Engine               - isCloseConfirmation: false
19:13:30.653 [FXGL Background Thread 3 ] DEBUG Engine               - isDesktop: true
19:13:30.653 [FXGL Background Thread 3 ] DEBUG Engine               - isDeveloperMenuEnabled: false
19:13:30.653 [FXGL Background Thread 3 ] DEBUG Engine               - isEmbedded: false
19:13:30.653 [FXGL Background Thread 3 ] DEBUG Engine               - isEntityPreloadEnabled: true
19:13:30.653 [FXGL Background Thread 3 ] DEBUG Engine               - isExperimentalTiledLargeMap: false
19:13:30.653 [FXGL Background Thread 3 ] DEBUG Engine               - isFileSystemWriteAllowed: true
19:13:30.653 [FXGL Background Thread 3 ] DEBUG Engine               - isFullScreenAllowed: false
19:13:30.653 [FXGL Background Thread 3 ] DEBUG Engine               - isFullScreenFromStart: false
19:13:30.653 [FXGL Background Thread 3 ] DEBUG Engine               - isGameMenuEnabled: true
19:13:30.653 [FXGL Background Thread 3 ] DEBUG Engine               - isIOS: false
19:13:30.653 [FXGL Background Thread 3 ] DEBUG Engine               - isIntroEnabled: false
19:13:30.653 [FXGL Background Thread 3 ] DEBUG Engine               - isLinux: false
19:13:30.653 [FXGL Background Thread 3 ] DEBUG Engine               - isMac: false
19:13:30.653 [FXGL Background Thread 3 ] DEBUG Engine               - isMainMenuEnabled: true
19:13:30.654 [FXGL Background Thread 3 ] DEBUG Engine               - isManualResizeEnabled: false
19:13:30.654 [FXGL Background Thread 3 ] DEBUG Engine               - isMobile: false
19:13:30.654 [FXGL Background Thread 3 ] DEBUG Engine               - isNative: false
19:13:30.654 [FXGL Background Thread 3 ] DEBUG Engine               - isPauseMusicWhenMinimized: true
19:13:30.654 [FXGL Background Thread 3 ] DEBUG Engine               - isPreserveResizeRatio: false
19:13:30.654 [FXGL Background Thread 3 ] DEBUG Engine               - isProfilingEnabled: false
19:13:30.654 [FXGL Background Thread 3 ] DEBUG Engine               - isScaleAffectedOnResize: true
19:13:30.655 [FXGL Background Thread 3 ] DEBUG Engine               - isSingleStep: false
19:13:30.655 [FXGL Background Thread 3 ] DEBUG Engine               - isUserProfileEnabled: false
19:13:30.655 [FXGL Background Thread 3 ] DEBUG Engine               - isWindows: true
19:13:30.655 [FXGL Background Thread 3 ] DEBUG Engine               - language: ObjectProperty [value: ENGLISH]
19:13:30.655 [FXGL Background Thread 3 ] DEBUG Engine               - menuKey: ESCAPE
19:13:30.655 [FXGL Background Thread 3 ] DEBUG Engine               - mouseSensitivity: 0.2
19:13:30.655 [FXGL Background Thread 3 ] DEBUG Engine               - notificationViewClass: class com.almasb.fxgl.notification.view.XboxNotificationView
19:13:30.655 [FXGL Background Thread 3 ] DEBUG Engine               - pixelsPerMeter: 50.0
19:13:30.655 [FXGL Background Thread 3 ] DEBUG Engine               - platform: WINDOWS
19:13:30.656 [FXGL Background Thread 3 ] DEBUG Engine               - prefHeightProperty: ReadOnlyDoubleProperty [value: 1007.0]
19:13:30.656 [FXGL Background Thread 3 ] DEBUG Engine               - prefWidthProperty: ReadOnlyDoubleProperty [value: 1316.0]
19:13:30.656 [FXGL Background Thread 3 ] DEBUG Engine               - profileDir: profiles/
19:13:30.656 [FXGL Background Thread 3 ] DEBUG Engine               - profileName: StringProperty [value: DEFAULT]
19:13:30.656 [FXGL Background Thread 3 ] DEBUG Engine               - randomSeed: -1
19:13:30.656 [FXGL Background Thread 3 ] DEBUG Engine               - runtimeInfo: RuntimeInfo(platform=WINDOWS, version=21.1, build=27.03.2024 07.52)
19:13:30.656 [FXGL Background Thread 3 ] DEBUG Engine               - saveFileExt: sav
19:13:30.656 [FXGL Background Thread 3 ] DEBUG Engine               - scaledHeightProp$fxgl: DoubleProperty [bound, value: 1007.0]
19:13:30.656 [FXGL Background Thread 3 ] DEBUG Engine               - scaledWidthProp$fxgl: DoubleProperty [bound, value: 1316.0]
19:13:30.656 [FXGL Background Thread 3 ] DEBUG Engine               - sceneFactory: edu.sustech.xiangqi.XiangQiApp$1@6e84adcc
19:13:30.656 [FXGL Background Thread 3 ] DEBUG Engine               - secondsIn24h: 60
19:13:30.656 [FXGL Background Thread 3 ] DEBUG Engine               - soundMenuBack: menu/back.wav
19:13:30.657 [FXGL Background Thread 3 ] DEBUG Engine               - soundMenuPress: menu/press.wav
19:13:30.657 [FXGL Background Thread 3 ] DEBUG Engine               - soundMenuSelect: menu/select.wav
19:13:30.657 [FXGL Background Thread 3 ] DEBUG Engine               - soundNotification: core/notification.wav
19:13:30.657 [FXGL Background Thread 3 ] DEBUG Engine               - stageStyle: DECORATED
19:13:30.657 [FXGL Background Thread 3 ] DEBUG Engine               - supportedLanguages: [ENGLISH, FRENCH, GERMAN, HUNGARIAN, RUSSIAN]
19:13:30.657 [FXGL Background Thread 3 ] DEBUG Engine               - ticksPerSecond: -1
19:13:30.657 [FXGL Background Thread 3 ] DEBUG Engine               - title: 中国象棋 1.0
19:13:30.657 [FXGL Background Thread 3 ] DEBUG Engine               - urlGithub: https://github.com/AlmasB/FXGL
19:13:30.657 [FXGL Background Thread 3 ] DEBUG Engine               - urlLeaderboard: http://fxgl-top.herokuapp.com/
19:13:30.657 [FXGL Background Thread 3 ] DEBUG Engine               - urlPOM: https://raw.githubusercontent.com/AlmasB/FXGL/release/README.md
19:13:30.657 [FXGL Background Thread 3 ] DEBUG Engine               - userAppClass: class edu.sustech.xiangqi.XiangQiApp
19:13:30.657 [FXGL Background Thread 3 ] DEBUG Engine               - version: 1.0
19:13:30.657 [FXGL Background Thread 3 ] DEBUG Engine               - versionCheckDays: 7
19:13:30.657 [FXGL Background Thread 3 ] DEBUG Engine               - width: 1316
19:13:30.657 [FXGL Background Thread 3 ] DEBUG Engine               - Logging services
19:13:30.657 [FXGL Background Thread 3 ] DEBUG Engine               - class com.almasb.fxgl.app.services.FXGLAssetLoaderService
19:13:30.657 [FXGL Background Thread 3 ] DEBUG Engine               - class com.almasb.fxgl.app.FXGLApplication$GameApplicationService
19:13:30.657 [FXGL Background Thread 3 ] DEBUG Engine               - class com.almasb.fxgl.app.services.FXGLDialogService
19:13:30.657 [FXGL Background Thread 3 ] DEBUG Engine               - class com.almasb.fxgl.app.services.IOTaskExecutorService
19:13:30.657 [FXGL Background Thread 3 ] DEBUG Engine               - class com.almasb.fxgl.io.FileSystemService
19:13:30.657 [FXGL Background Thread 3 ] DEBUG Engine               - class com.almasb.fxgl.localization.LocalizationService
19:13:30.657 [FXGL Background Thread 3 ] DEBUG Engine               - class com.almasb.fxgl.app.services.SystemBundleService
19:13:30.657 [FXGL Background Thread 3 ] DEBUG Engine               - class com.almasb.fxgl.profile.SaveLoadService
19:13:30.657 [FXGL Background Thread 3 ] DEBUG Engine               - class com.almasb.fxgl.ui.FXGLUIFactoryServiceProvider
19:13:30.657 [FXGL Background Thread 3 ] DEBUG Engine               - class com.almasb.fxgl.ui.FXGLDialogFactoryServiceProvider
19:13:30.657 [FXGL Background Thread 3 ] DEBUG Engine               - class com.almasb.fxgl.audio.AudioPlayer
19:13:30.657 [FXGL Background Thread 3 ] DEBUG Engine               - class com.almasb.fxgl.notification.impl.NotificationServiceProvider
19:13:30.657 [FXGL Background Thread 3 ] DEBUG Engine               - class com.almasb.fxgl.achievement.AchievementService
19:13:30.657 [FXGL Background Thread 3 ] DEBUG Engine               - class com.almasb.fxgl.cutscene.CutsceneService
19:13:30.657 [FXGL Background Thread 3 ] DEBUG Engine               - class com.almasb.fxgl.minigames.MiniGameService
19:13:30.657 [FXGL Background Thread 3 ] DEBUG Engine               - class com.almasb.fxgl.net.NetService
19:13:30.657 [FXGL Background Thread 3 ] DEBUG Engine               - class com.almasb.fxgl.app.services.UpdaterService
19:13:30.657 [FXGL Background Thread 3 ] DEBUG Engine               - class com.almasb.fxgl.dev.DevService
19:13:30.779 [JavaFX Application Thread] DEBUG AudioPlayer          - Playing music com.almasb.fxgl.audio.Music@64a856c0
19:13:30.995 [JavaFX Application Thread] DEBUG Menu                 - fireNewGame()
19:13:30.995 [JavaFX Application Thread] DEBUG GameApplicationServi - Starting new game
19:13:30.995 [JavaFX Application Thread] DEBUG PrimaryStageWindow   - Pop state: MainMenuScene
19:13:30.995 [JavaFX Application Thread] DEBUG Input                - Clearing active input actions
19:13:30.995 [JavaFX Application Thread] DEBUG GameApplicationServi - Removing overlay from MainMenuScene and adding to FXGLMainMenuDummyScene
19:13:30.996 [JavaFX Application Thread] DEBUG PrimaryStageWindow   - FXGLMainMenuDummyScene <- MainMenuScene
19:13:30.996 [JavaFX Application Thread] DEBUG Input                - Clearing active input actions
19:13:30.997 [JavaFX Application Thread] DEBUG GameApplicationServi - Removing overlay from FXGLMainMenuDummyScene and adding to FXGLLoadingScene
19:13:30.997 [JavaFX Application Thread] DEBUG PrimaryStageWindow   - FXGLMainMenuDummyScene -> FXGLLoadingScene
19:13:30.997 [JavaFX Application Thread] DEBUG GameApplicationServi - Clearing previous game
19:13:30.997 [JavaFX Application Thread] DEBUG GameScene            - Clearing game scene
19:13:30.997 [JavaFX Application Thread] DEBUG GameWorld            - Clearing game world
19:13:30.998 [JavaFX Application Thread] DEBUG PhysicsWorld         - Clearing physics world
19:13:31.000 [FXGL Background Thread 2 ] DEBUG FXGLApplication      - Initializing game
19:13:31.017 [FXGL Background Thread 2 ] DEBUG FXGLAssetLoaderServi - Loading from file system: file:/E:/G2/java/final_project/team_project_1124/javaA-xiangqi-project-main/target/classes/assets/textures/%e8%83%8c%e6%99%af.jpg
19:13:31.084 [FXGL Background Thread 2 ] DEBUG FXGLAssetLoaderServi - Loading from file system: file:/E:/G2/java/final_project/team_project_1124/javaA-xiangqi-project-main/target/classes/assets/textures/ChessBoard.png
19:13:31.106 [FXGL Background Thread 2 ] DEBUG FXGLAssetLoaderServi - Loading from file system: file:/E:/G2/java/final_project/team_project_1124/javaA-xiangqi-project-main/target/classes/assets/textures/BlackChariot.png
19:13:31.121 [FXGL Background Thread 2 ] DEBUG FXGLAssetLoaderServi - Loading from file system: file:/E:/G2/java/final_project/team_project_1124/javaA-xiangqi-project-main/target/classes/assets/textures/BlackHorse.png
19:13:31.122 [FXGL Background Thread 2 ] DEBUG FXGLAssetLoaderServi - Loading from file system: file:/E:/G2/java/final_project/team_project_1124/javaA-xiangqi-project-main/target/classes/assets/textures/BlackElephant.png
19:13:31.124 [FXGL Background Thread 2 ] DEBUG FXGLAssetLoaderServi - Loading from file system: file:/E:/G2/java/final_project/team_project_1124/javaA-xiangqi-project-main/target/classes/assets/textures/BlackAdvisor.png
19:13:31.125 [FXGL Background Thread 2 ] DEBUG FXGLAssetLoaderServi - Loading from file system: file:/E:/G2/java/final_project/team_project_1124/javaA-xiangqi-project-main/target/classes/assets/textures/BlackGeneral.png
19:13:31.128 [FXGL Background Thread 2 ] DEBUG FXGLAssetLoaderServi - Loading from file system: file:/E:/G2/java/final_project/team_project_1124/javaA-xiangqi-project-main/target/classes/assets/textures/BlackCannon.png
19:13:31.130 [FXGL Background Thread 2 ] DEBUG FXGLAssetLoaderServi - Loading from file system: file:/E:/G2/java/final_project/team_project_1124/javaA-xiangqi-project-main/target/classes/assets/textures/BlackSoldier.png
19:13:31.133 [FXGL Background Thread 2 ] DEBUG FXGLAssetLoaderServi - Loading from file system: file:/E:/G2/java/final_project/team_project_1124/javaA-xiangqi-project-main/target/classes/assets/textures/RedSoldier.png
19:13:31.135 [FXGL Background Thread 2 ] DEBUG FXGLAssetLoaderServi - Loading from file system: file:/E:/G2/java/final_project/team_project_1124/javaA-xiangqi-project-main/target/classes/assets/textures/RedCannon.png
19:13:31.137 [FXGL Background Thread 2 ] DEBUG FXGLAssetLoaderServi - Loading from file system: file:/E:/G2/java/final_project/team_project_1124/javaA-xiangqi-project-main/target/classes/assets/textures/RedChariot.png
19:13:31.138 [FXGL Background Thread 2 ] DEBUG FXGLAssetLoaderServi - Loading from file system: file:/E:/G2/java/final_project/team_project_1124/javaA-xiangqi-project-main/target/classes/assets/textures/RedHorse.png
19:13:31.139 [FXGL Background Thread 2 ] DEBUG FXGLAssetLoaderServi - Loading from file system: file:/E:/G2/java/final_project/team_project_1124/javaA-xiangqi-project-main/target/classes/assets/textures/RedElephant.png
19:13:31.140 [FXGL Background Thread 2 ] DEBUG FXGLAssetLoaderServi - Loading from file system: file:/E:/G2/java/final_project/team_project_1124/javaA-xiangqi-project-main/target/classes/assets/textures/RedAdvisor.png
19:13:31.141 [FXGL Background Thread 2 ] DEBUG FXGLAssetLoaderServi - Loading from file system: file:/E:/G2/java/final_project/team_project_1124/javaA-xiangqi-project-main/target/classes/assets/textures/RedGeneral.png
19:13:31.153 [FXGL Background Thread 2 ] INFO  FXGLApplication      - Game initialization took: 0.153 sec
19:13:31.153 [JavaFX Application Thread] DEBUG Input                - Clearing active input actions
19:13:31.158 [JavaFX Application Thread] DEBUG GameApplicationServi - Removing overlay from FXGLLoadingScene and adding to GameScene
19:13:31.158 [JavaFX Application Thread] DEBUG PrimaryStageWindow   - FXGLLoadingScene -> GameScene
19:13:31.754 [JavaFX Application Thread] DEBUG AudioPlayer          - Playing music com.almasb.fxgl.audio.Music@64a856c0
19:13:39.641 [JavaFX Application Thread] DEBUG PrimaryStageWindow   - Push state: InGameMenuScene
19:13:39.641 [JavaFX Application Thread] DEBUG Input                - Clearing active input actions
19:13:39.642 [JavaFX Application Thread] DEBUG GameApplicationServi - Removing overlay from GameScene and adding to InGameMenuScene
19:13:39.642 [JavaFX Application Thread] DEBUG PrimaryStageWindow   - GameScene -> InGameMenuScene
19:13:40.071 [JavaFX Application Thread] DEBUG AudioPlayer          - Playing music com.almasb.fxgl.audio.Music@64a856c0
19:13:40.210 [JavaFX Application Thread] DEBUG AudioPlayer          - Playing music com.almasb.fxgl.audio.Music@64a856c0
19:13:40.668 [JavaFX Application Thread] DEBUG Menu                 - fireExitToMainMenu()
19:13:40.672 [JavaFX Application Thread] DEBUG PrimaryStageWindow   - Push state: DialogSubScene
19:13:40.672 [JavaFX Application Thread] DEBUG Input                - Clearing active input actions
19:13:40.672 [JavaFX Application Thread] DEBUG GameApplicationServi - Removing overlay from InGameMenuScene and adding to DialogSubScene
19:13:40.672 [JavaFX Application Thread] DEBUG PrimaryStageWindow   - InGameMenuScene -> DialogSubScene
19:13:41.204 [JavaFX Application Thread] DEBUG PrimaryStageWindow   - Pop state: DialogSubScene
19:13:41.204 [JavaFX Application Thread] DEBUG Input                - Clearing active input actions
19:13:41.205 [JavaFX Application Thread] DEBUG GameApplicationServi - Removing overlay from DialogSubScene and adding to InGameMenuScene
19:13:41.205 [JavaFX Application Thread] DEBUG PrimaryStageWindow   - InGameMenuScene <- DialogSubScene
19:13:41.205 [JavaFX Application Thread] DEBUG PrimaryStageWindow   - Pop state: InGameMenuScene
19:13:41.205 [JavaFX Application Thread] DEBUG Input                - Clearing active input actions
19:13:41.205 [JavaFX Application Thread] DEBUG GameApplicationServi - Removing overlay from InGameMenuScene and adding to GameScene
19:13:41.205 [JavaFX Application Thread] DEBUG PrimaryStageWindow   - GameScene <- InGameMenuScene
19:13:41.205 [JavaFX Application Thread] DEBUG Input                - Clearing active input actions
19:13:41.206 [JavaFX Application Thread] DEBUG GameApplicationServi - Removing overlay from GameScene and adding to FXGLMainMenuDummyScene
19:13:41.206 [JavaFX Application Thread] DEBUG PrimaryStageWindow   - GameScene -> FXGLMainMenuDummyScene
19:13:41.206 [JavaFX Application Thread] DEBUG PrimaryStageWindow   - Push state: MainMenuScene
19:13:41.206 [JavaFX Application Thread] DEBUG Input                - Clearing active input actions
19:13:41.207 [JavaFX Application Thread] DEBUG GameApplicationServi - Removing overlay from FXGLMainMenuDummyScene and adding to MainMenuScene
19:13:41.207 [JavaFX Application Thread] DEBUG PrimaryStageWindow   - FXGLMainMenuDummyScene -> MainMenuScene
19:13:41.207 [JavaFX Application Thread] DEBUG AudioPlayer          - Playing music com.almasb.fxgl.audio.Music@64a856c0
19:13:42.356 [JavaFX Application Thread] DEBUG AudioPlayer          - Playing music com.almasb.fxgl.audio.Music@64a856c0
19:13:42.732 [JavaFX Application Thread] DEBUG AudioPlayer          - Playing music com.almasb.fxgl.audio.Music@64a856c0
19:13:43.446 [JavaFX Application Thread] DEBUG Menu                 - fireNewGame()
19:13:43.446 [JavaFX Application Thread] DEBUG GameApplicationServi - Starting new game
19:13:43.446 [JavaFX Application Thread] DEBUG PrimaryStageWindow   - Pop state: MainMenuScene
19:13:43.446 [JavaFX Application Thread] DEBUG Input                - Clearing active input actions
19:13:43.446 [JavaFX Application Thread] DEBUG GameApplicationServi - Removing overlay from MainMenuScene and adding to FXGLMainMenuDummyScene
19:13:43.446 [JavaFX Application Thread] DEBUG PrimaryStageWindow   - FXGLMainMenuDummyScene <- MainMenuScene
19:13:43.446 [JavaFX Application Thread] DEBUG Input                - Clearing active input actions
19:13:43.448 [JavaFX Application Thread] DEBUG GameApplicationServi - Removing overlay from FXGLMainMenuDummyScene and adding to FXGLLoadingScene
19:13:43.448 [JavaFX Application Thread] DEBUG PrimaryStageWindow   - FXGLMainMenuDummyScene -> FXGLLoadingScene
19:13:43.448 [JavaFX Application Thread] DEBUG GameApplicationServi - Clearing previous game
19:13:43.448 [JavaFX Application Thread] DEBUG GameScene            - Clearing game scene
19:13:43.448 [JavaFX Application Thread] DEBUG GameWorld            - Clearing game world
19:13:43.451 [JavaFX Application Thread] DEBUG PhysicsWorld         - Clearing physics world
19:13:43.451 [FXGL Background Thread 2 ] DEBUG FXGLApplication      - Initializing game
19:13:43.456 [FXGL Background Thread 2 ] INFO  FXGLApplication      - Game initialization took: 0.005 sec
19:13:43.456 [JavaFX Application Thread] DEBUG Input                - Clearing active input actions
19:13:43.460 [JavaFX Application Thread] DEBUG GameApplicationServi - Removing overlay from FXGLLoadingScene and adding to GameScene
19:13:43.460 [JavaFX Application Thread] DEBUG PrimaryStageWindow   - FXGLLoadingScene -> GameScene
19:13:57.612 [JavaFX Application Thread] DEBUG AudioPlayer          - Playing music com.almasb.fxgl.audio.Music@64a856c0
19:13:57.676 [JavaFX Application Thread] DEBUG AudioPlayer          - Playing music com.almasb.fxgl.audio.Music@64a856c0
19:13:58.147 [JavaFX Application Thread] DEBUG AudioPlayer          - Playing music com.almasb.fxgl.audio.Music@64a856c0
19:13:58.245 [JavaFX Application Thread] DEBUG AudioPlayer          - Playing music com.almasb.fxgl.audio.Music@64a856c0
19:13:58.341 [JavaFX Application Thread] DEBUG AudioPlayer          - Playing music com.almasb.fxgl.audio.Music@64a856c0
19:13:58.354 [JavaFX Application Thread] DEBUG AudioPlayer          - Playing music com.almasb.fxgl.audio.Music@64a856c0
19:13:58.563 [JavaFX Application Thread] DEBUG PrimaryStageWindow   - Push state: DialogSubScene
19:13:58.563 [JavaFX Application Thread] DEBUG Input                - Clearing active input actions
19:13:58.563 [JavaFX Application Thread] DEBUG GameApplicationServi - Removing overlay from GameScene and adding to DialogSubScene
19:13:58.563 [JavaFX Application Thread] DEBUG PrimaryStageWindow   - GameScene -> DialogSubScene
19:13:59.161 [JavaFX Application Thread] DEBUG PrimaryStageWindow   - Pop state: DialogSubScene
19:13:59.161 [JavaFX Application Thread] DEBUG Input                - Clearing active input actions
19:13:59.161 [JavaFX Application Thread] DEBUG GameApplicationServi - Removing overlay from DialogSubScene and adding to GameScene
19:13:59.161 [JavaFX Application Thread] DEBUG PrimaryStageWindow   - GameScene <- DialogSubScene
19:13:59.514 [JavaFX Application Thread] DEBUG FXGLAssetLoaderServi - Loading from file system: file:/E:/G2/java/final_project/team_project_1124/javaA-xiangqi-project-main/target/classes/assets/textures/%e9%80%89%e4%b8%ad.png
19:14:03.234 [JavaFX Application Thread] DEBUG AudioPlayer          - Playing music com.almasb.fxgl.audio.Music@64a856c0
19:14:03.275 [JavaFX Application Thread] DEBUG AudioPlayer          - Playing music com.almasb.fxgl.audio.Music@64a856c0
19:14:09.833 [JavaFX Application Thread] DEBUG AudioPlayer          - Playing music com.almasb.fxgl.audio.Music@64a856c0
19:14:09.850 [JavaFX Application Thread] DEBUG AudioPlayer          - Playing music com.almasb.fxgl.audio.Music@64a856c0
19:14:10.828 [JavaFX Application Thread] DEBUG AudioPlayer          - Playing music com.almasb.fxgl.audio.Music@64a856c0
19:14:16.025 [JavaFX Application Thread] DEBUG AudioPlayer          - Playing music com.almasb.fxgl.audio.Music@64a856c0
19:14:16.104 [JavaFX Application Thread] DEBUG AudioPlayer          - Playing music com.almasb.fxgl.audio.Music@64a856c0
19:14:17.186 [JavaFX Application Thread] DEBUG AudioPlayer          - Playing music com.almasb.fxgl.audio.Music@64a856c0
19:14:17.236 [JavaFX Application Thread] DEBUG AudioPlayer          - Playing music com.almasb.fxgl.audio.Music@64a856c0
19:14:17.296 [JavaFX Application Thread] DEBUG AudioPlayer          - Playing music com.almasb.fxgl.audio.Music@64a856c0
19:14:17.301 [JavaFX Application Thread] DEBUG AudioPlayer          - Playing music com.almasb.fxgl.audio.Music@64a856c0
19:14:17.660 [JavaFX Application Thread] DEBUG AudioPlayer          - Playing music com.almasb.fxgl.audio.Music@64a856c0
19:14:17.716 [JavaFX Application Thread] DEBUG AudioPlayer          - Playing music com.almasb.fxgl.audio.Music@64a856c0
19:14:18.043 [JavaFX Application Thread] DEBUG PrimaryStageWindow   - Push state: DialogSubScene
19:14:18.043 [JavaFX Application Thread] DEBUG Input                - Clearing active input actions
19:14:18.043 [JavaFX Application Thread] DEBUG GameApplicationServi - Removing overlay from GameScene and adding to DialogSubScene
19:14:18.043 [JavaFX Application Thread] DEBUG PrimaryStageWindow   - GameScene -> DialogSubScene
19:14:18.788 [JavaFX Application Thread] DEBUG PrimaryStageWindow   - Pop state: DialogSubScene
19:14:18.788 [JavaFX Application Thread] DEBUG Input                - Clearing active input actions
19:14:18.788 [JavaFX Application Thread] DEBUG GameApplicationServi - Removing overlay from DialogSubScene and adding to GameScene
19:14:18.788 [JavaFX Application Thread] DEBUG PrimaryStageWindow   - GameScene <- DialogSubScene
19:14:18.788 [JavaFX Application Thread] DEBUG GameApplicationServi - Starting new game
19:14:18.788 [JavaFX Application Thread] DEBUG Input                - Clearing active input actions
19:14:18.790 [JavaFX Application Thread] DEBUG GameApplicationServi - Removing overlay from GameScene and adding to FXGLLoadingScene
19:14:18.790 [JavaFX Application Thread] DEBUG PrimaryStageWindow   - GameScene -> FXGLLoadingScene
19:14:18.790 [JavaFX Application Thread] DEBUG GameApplicationServi - Clearing previous game
19:14:18.790 [JavaFX Application Thread] DEBUG GameScene            - Clearing game scene
19:14:18.790 [JavaFX Application Thread] DEBUG GameWorld            - Clearing game world
19:14:18.791 [JavaFX Application Thread] DEBUG PhysicsWorld         - Clearing physics world
19:14:18.791 [FXGL Background Thread 2 ] DEBUG FXGLApplication      - Initializing game
19:14:18.794 [FXGL Background Thread 2 ] INFO  FXGLApplication      - Game initialization took: 0.004 sec
19:14:18.794 [JavaFX Application Thread] DEBUG Input                - Clearing active input actions
19:14:18.797 [JavaFX Application Thread] DEBUG GameApplicationServi - Removing overlay from FXGLLoadingScene and adding to GameScene
19:14:18.797 [JavaFX Application Thread] DEBUG PrimaryStageWindow   - FXGLLoadingScene -> GameScene
19:14:18.956 [JavaFX Application Thread] DEBUG AudioPlayer          - Playing music com.almasb.fxgl.audio.Music@64a856c0
19:14:19.133 [JavaFX Application Thread] DEBUG AudioPlayer          - Playing music com.almasb.fxgl.audio.Music@64a856c0
19:14:20.083 [JavaFX Application Thread] DEBUG AudioPlayer          - Playing music com.almasb.fxgl.audio.Music@64a856c0
19:14:36.175 [JavaFX Application Thread] DEBUG AudioPlayer          - Playing music com.almasb.fxgl.audio.Music@64a856c0
19:14:36.243 [JavaFX Application Thread] DEBUG AudioPlayer          - Playing music com.almasb.fxgl.audio.Music@64a856c0
19:14:37.297 [JavaFX Application Thread] DEBUG AudioPlayer          - Playing music com.almasb.fxgl.audio.Music@64a856c0
19:14:37.334 [JavaFX Application Thread] DEBUG AudioPlayer          - Playing music com.almasb.fxgl.audio.Music@64a856c0
19:14:37.751 [JavaFX Application Thread] DEBUG PrimaryStageWindow   - Push state: DialogSubScene
19:14:37.752 [JavaFX Application Thread] DEBUG Input                - Clearing active input actions
19:14:37.752 [JavaFX Application Thread] DEBUG GameApplicationServi - Removing overlay from GameScene and adding to DialogSubScene
19:14:37.752 [JavaFX Application Thread] DEBUG PrimaryStageWindow   - GameScene -> DialogSubScene
19:14:38.388 [JavaFX Application Thread] DEBUG PrimaryStageWindow   - Pop state: DialogSubScene
19:14:38.388 [JavaFX Application Thread] DEBUG Input                - Clearing active input actions
19:14:38.388 [JavaFX Application Thread] DEBUG GameApplicationServi - Removing overlay from DialogSubScene and adding to GameScene
19:14:38.388 [JavaFX Application Thread] DEBUG PrimaryStageWindow   - GameScene <- DialogSubScene
19:14:38.388 [JavaFX Application Thread] DEBUG GameApplicationServi - Starting new game
19:14:38.388 [JavaFX Application Thread] DEBUG Input                - Clearing active input actions
19:14:38.390 [JavaFX Application Thread] DEBUG GameApplicationServi - Removing overlay from GameScene and adding to FXGLLoadingScene
19:14:38.390 [JavaFX Application Thread] DEBUG PrimaryStageWindow   - GameScene -> FXGLLoadingScene
19:14:38.390 [JavaFX Application Thread] DEBUG GameApplicationServi - Clearing previous game
19:14:38.390 [JavaFX Application Thread] DEBUG GameScene            - Clearing game scene
19:14:38.390 [JavaFX Application Thread] DEBUG GameWorld            - Clearing game world
19:14:38.391 [JavaFX Application Thread] DEBUG PhysicsWorld         - Clearing physics world
19:14:38.391 [FXGL Background Thread 2 ] DEBUG FXGLApplication      - Initializing game
19:14:38.394 [FXGL Background Thread 2 ] INFO  FXGLApplication      - Game initialization took: 0.003 sec
19:14:38.394 [JavaFX Application Thread] DEBUG Input                - Clearing active input actions
19:14:38.397 [JavaFX Application Thread] DEBUG GameApplicationServi - Removing overlay from FXGLLoadingScene and adding to GameScene
19:14:38.397 [JavaFX Application Thread] DEBUG PrimaryStageWindow   - FXGLLoadingScene -> GameScene
19:14:38.578 [JavaFX Application Thread] DEBUG AudioPlayer          - Playing music com.almasb.fxgl.audio.Music@64a856c0
19:14:38.630 [JavaFX Application Thread] DEBUG AudioPlayer          - Playing music com.almasb.fxgl.audio.Music@64a856c0
19:14:39.047 [JavaFX Application Thread] DEBUG AudioPlayer          - Playing music com.almasb.fxgl.audio.Music@64a856c0
19:14:40.391 [JavaFX Application Thread] DEBUG AudioPlayer          - Playing music com.almasb.fxgl.audio.Music@64a856c0
19:14:40.590 [JavaFX Application Thread] DEBUG AudioPlayer          - Playing music com.almasb.fxgl.audio.Music@64a856c0
19:14:40.794 [JavaFX Application Thread] DEBUG PrimaryStageWindow   - Push state: DialogSubScene
19:14:40.794 [JavaFX Application Thread] DEBUG Input                - Clearing active input actions
19:14:40.795 [JavaFX Application Thread] DEBUG GameApplicationServi - Removing overlay from GameScene and adding to DialogSubScene
19:14:40.795 [JavaFX Application Thread] DEBUG PrimaryStageWindow   - GameScene -> DialogSubScene
19:14:41.385 [JavaFX Application Thread] DEBUG PrimaryStageWindow   - Pop state: DialogSubScene
19:14:41.386 [JavaFX Application Thread] DEBUG Input                - Clearing active input actions
19:14:41.386 [JavaFX Application Thread] DEBUG GameApplicationServi - Removing overlay from DialogSubScene and adding to GameScene
19:14:41.386 [JavaFX Application Thread] DEBUG PrimaryStageWindow   - GameScene <- DialogSubScene
19:14:41.386 [JavaFX Application Thread] DEBUG GameApplicationServi - Starting new game
19:14:41.386 [JavaFX Application Thread] DEBUG Input                - Clearing active input actions
19:14:41.387 [JavaFX Application Thread] DEBUG GameApplicationServi - Removing overlay from GameScene and adding to FXGLLoadingScene
19:14:41.387 [JavaFX Application Thread] DEBUG PrimaryStageWindow   - GameScene -> FXGLLoadingScene
19:14:41.387 [JavaFX Application Thread] DEBUG GameApplicationServi - Clearing previous game
19:14:41.387 [JavaFX Application Thread] DEBUG GameScene            - Clearing game scene
19:14:41.387 [JavaFX Application Thread] DEBUG GameWorld            - Clearing game world
19:14:41.387 [JavaFX Application Thread] DEBUG PhysicsWorld         - Clearing physics world
19:14:41.387 [FXGL Background Thread 2 ] DEBUG FXGLApplication      - Initializing game
19:14:41.391 [FXGL Background Thread 2 ] INFO  FXGLApplication      - Game initialization took: 0.003 sec
19:14:41.391 [JavaFX Application Thread] DEBUG Input                - Clearing active input actions
19:14:41.392 [JavaFX Application Thread] DEBUG GameApplicationServi - Removing overlay from FXGLLoadingScene and adding to GameScene
19:14:41.392 [JavaFX Application Thread] DEBUG PrimaryStageWindow   - FXGLLoadingScene -> GameScene
19:14:41.717 [JavaFX Application Thread] DEBUG AudioPlayer          - Playing music com.almasb.fxgl.audio.Music@64a856c0
19:14:41.773 [JavaFX Application Thread] DEBUG AudioPlayer          - Playing music com.almasb.fxgl.audio.Music@64a856c0
19:14:42.169 [JavaFX Application Thread] DEBUG AudioPlayer          - Playing music com.almasb.fxgl.audio.Music@64a856c0
19:14:43.714 [JavaFX Application Thread] DEBUG AudioPlayer          - Playing music com.almasb.fxgl.audio.Music@64a856c0
19:14:43.994 [JavaFX Application Thread] DEBUG PrimaryStageWindow   - Push state: DialogSubScene
19:14:43.994 [JavaFX Application Thread] DEBUG Input                - Clearing active input actions
19:14:43.994 [JavaFX Application Thread] DEBUG GameApplicationServi - Removing overlay from GameScene and adding to DialogSubScene
19:14:43.994 [JavaFX Application Thread] DEBUG PrimaryStageWindow   - GameScene -> DialogSubScene
19:14:45.292 [JavaFX Application Thread] DEBUG PrimaryStageWindow   - Pop state: DialogSubScene
19:14:45.292 [JavaFX Application Thread] DEBUG Input                - Clearing active input actions
19:14:45.292 [JavaFX Application Thread] DEBUG GameApplicationServi - Removing overlay from DialogSubScene and adding to GameScene
19:14:45.292 [JavaFX Application Thread] DEBUG PrimaryStageWindow   - GameScene <- DialogSubScene
19:14:45.292 [JavaFX Application Thread] DEBUG GameApplicationServi - Starting new game
19:14:45.292 [JavaFX Application Thread] DEBUG Input                - Clearing active input actions
19:14:45.294 [JavaFX Application Thread] DEBUG GameApplicationServi - Removing overlay from GameScene and adding to FXGLLoadingScene
19:14:45.294 [JavaFX Application Thread] DEBUG PrimaryStageWindow   - GameScene -> FXGLLoadingScene
19:14:45.294 [JavaFX Application Thread] DEBUG GameApplicationServi - Clearing previous game
19:14:45.294 [JavaFX Application Thread] DEBUG GameScene            - Clearing game scene
19:14:45.294 [JavaFX Application Thread] DEBUG GameWorld            - Clearing game world
19:14:45.294 [JavaFX Application Thread] DEBUG PhysicsWorld         - Clearing physics world
19:14:45.294 [FXGL Background Thread 2 ] DEBUG FXGLApplication      - Initializing game
19:14:45.298 [FXGL Background Thread 2 ] INFO  FXGLApplication      - Game initialization took: 0.003 sec
19:14:45.298 [JavaFX Application Thread] DEBUG Input                - Clearing active input actions
19:14:45.300 [JavaFX Application Thread] DEBUG GameApplicationServi - Removing overlay from FXGLLoadingScene and adding to GameScene
19:14:45.300 [JavaFX Application Thread] DEBUG PrimaryStageWindow   - FXGLLoadingScene -> GameScene
19:14:46.302 [JavaFX Application Thread] DEBUG AudioPlayer          - Playing music com.almasb.fxgl.audio.Music@64a856c0
19:14:46.346 [JavaFX Application Thread] DEBUG AudioPlayer          - Playing music com.almasb.fxgl.audio.Music@64a856c0
19:14:46.795 [JavaFX Application Thread] DEBUG AudioPlayer          - Playing music com.almasb.fxgl.audio.Music@64a856c0
19:14:49.046 [JavaFX Application Thread] DEBUG AudioPlayer          - Playing music com.almasb.fxgl.audio.Music@64a856c0
19:14:49.709 [JavaFX Application Thread] DEBUG AudioPlayer          - Playing music com.almasb.fxgl.audio.Music@64a856c0
19:14:50.030 [JavaFX Application Thread] DEBUG AudioPlayer          - Playing music com.almasb.fxgl.audio.Music@64a856c0
19:14:51.456 [JavaFX Application Thread] DEBUG AudioPlayer          - Playing music com.almasb.fxgl.audio.Music@64a856c0
19:14:51.770 [JavaFX Application Thread] DEBUG AudioPlayer          - Playing music com.almasb.fxgl.audio.Music@64a856c0
19:14:51.937 [JavaFX Application Thread] DEBUG PrimaryStageWindow   - Push state: DialogSubScene
19:14:51.937 [JavaFX Application Thread] DEBUG Input                - Clearing active input actions
19:14:51.938 [JavaFX Application Thread] DEBUG GameApplicationServi - Removing overlay from GameScene and adding to DialogSubScene
19:14:51.938 [JavaFX Application Thread] DEBUG PrimaryStageWindow   - GameScene -> DialogSubScene
19:14:52.424 [JavaFX Application Thread] DEBUG PrimaryStageWindow   - Pop state: DialogSubScene
19:14:52.424 [JavaFX Application Thread] DEBUG Input                - Clearing active input actions
19:14:52.424 [JavaFX Application Thread] DEBUG GameApplicationServi - Removing overlay from DialogSubScene and adding to GameScene
19:14:52.424 [JavaFX Application Thread] DEBUG PrimaryStageWindow   - GameScene <- DialogSubScene
19:14:52.424 [JavaFX Application Thread] DEBUG GameApplicationServi - Starting new game
19:14:52.424 [JavaFX Application Thread] DEBUG Input                - Clearing active input actions
19:14:52.426 [JavaFX Application Thread] DEBUG GameApplicationServi - Removing overlay from GameScene and adding to FXGLLoadingScene
19:14:52.426 [JavaFX Application Thread] DEBUG PrimaryStageWindow   - GameScene -> FXGLLoadingScene
19:14:52.426 [JavaFX Application Thread] DEBUG GameApplicationServi - Clearing previous game
19:14:52.426 [JavaFX Application Thread] DEBUG GameScene            - Clearing game scene
19:14:52.426 [JavaFX Application Thread] DEBUG GameWorld            - Clearing game world
19:14:52.426 [JavaFX Application Thread] DEBUG PhysicsWorld         - Clearing physics world
19:14:52.426 [FXGL Background Thread 2 ] DEBUG FXGLApplication      - Initializing game
19:14:52.430 [FXGL Background Thread 2 ] INFO  FXGLApplication      - Game initialization took: 0.004 sec
19:14:52.430 [JavaFX Application Thread] DEBUG Input                - Clearing active input actions
19:14:52.432 [JavaFX Application Thread] DEBUG GameApplicationServi - Removing overlay from FXGLLoadingScene and adding to GameScene
19:14:52.432 [JavaFX Application Thread] DEBUG PrimaryStageWindow   - FXGLLoadingScene -> GameScene
19:14:57.019 [JavaFX Application Thread] DEBUG AudioPlayer          - Playing music com.almasb.fxgl.audio.Music@64a856c0
19:14:57.079 [JavaFX Application Thread] DEBUG AudioPlayer          - Playing music com.almasb.fxgl.audio.Music@64a856c0
19:14:57.227 [JavaFX Application Thread] DEBUG PrimaryStageWindow   - Push state: DialogSubScene
19:14:57.227 [JavaFX Application Thread] DEBUG Input                - Clearing active input actions
19:14:57.227 [JavaFX Application Thread] DEBUG GameApplicationServi - Removing overlay from GameScene and adding to DialogSubScene
19:14:57.227 [JavaFX Application Thread] DEBUG PrimaryStageWindow   - GameScene -> DialogSubScene
19:14:57.837 [JavaFX Application Thread] DEBUG PrimaryStageWindow   - Pop state: DialogSubScene
19:14:57.837 [JavaFX Application Thread] DEBUG Input                - Clearing active input actions
19:14:57.837 [JavaFX Application Thread] DEBUG GameApplicationServi - Removing overlay from DialogSubScene and adding to GameScene
19:14:57.837 [JavaFX Application Thread] DEBUG PrimaryStageWindow   - GameScene <- DialogSubScene
19:14:59.090 [JavaFX Application Thread] DEBUG AudioPlayer          - Playing music com.almasb.fxgl.audio.Music@64a856c0
19:14:59.324 [JavaFX Application Thread] DEBUG PrimaryStageWindow   - Push state: DialogSubScene
19:14:59.324 [JavaFX Application Thread] DEBUG Input                - Clearing active input actions
19:14:59.324 [JavaFX Application Thread] DEBUG GameApplicationServi - Removing overlay from GameScene and adding to DialogSubScene
19:14:59.324 [JavaFX Application Thread] DEBUG PrimaryStageWindow   - GameScene -> DialogSubScene
19:15:00.554 [JavaFX Application Thread] DEBUG PrimaryStageWindow   - Pop state: DialogSubScene
19:15:00.554 [JavaFX Application Thread] DEBUG Input                - Clearing active input actions
19:15:00.555 [JavaFX Application Thread] DEBUG GameApplicationServi - Removing overlay from DialogSubScene and adding to GameScene
19:15:00.555 [JavaFX Application Thread] DEBUG PrimaryStageWindow   - GameScene <- DialogSubScene
19:15:03.726 [JavaFX Application Thread] DEBUG AudioPlayer          - Playing music com.almasb.fxgl.audio.Music@64a856c0
19:15:03.848 [JavaFX Application Thread] DEBUG AudioPlayer          - Playing music com.almasb.fxgl.audio.Music@64a856c0
19:15:04.371 [JavaFX Application Thread] DEBUG FXGLApplication      - Exiting FXGL
19:15:04.371 [JavaFX Application Thread] DEBUG LoopRunner           - Stopping loop
19:15:04.372 [JavaFX Application Thread] DEBUG SystemBundleService  - Saving FXGL system data
19:15:04.373 [JavaFX Application Thread] DEBUG FileSystemAccess     - Writing to: E:\G2\java\final_project\team_project_1124\javaA-xiangqi-project-main\system\fxgl.bundle
19:15:04.374 [JavaFX Application Thread] DEBUG Async                - Shutting down background threads
19:15:04.374 [JavaFX Application Thread] DEBUG PrimaryStageWindow   - Closing main window
19:15:04.390 [JavaFX Application Thread] DEBUG Logger               - Closing Logger
