17:56:14.529 [main                     ] DEBUG Logger               - Configured Logger
17:56:14.559 [main                     ] DEBUG GameApplication      - Logging settings
Title: 中国象棋 1.0
Version: 1.0
Width: 1316
Height: 1007
Fullscreen: false
Intro: false
Profiling: false
Single step:false
App Mode: DEVELOPER
Menu Key: ESCAPE
Stage Style: DECORATED
Scene Factory: class edu.sustech.xiangqi.XiangQiApp$1

17:56:15.341 [JavaFX Application Thread] DEBUG FXGLApplication      - Initializing FXGL
17:56:15.348 [JavaFX Application Thread] INFO  Engine               - FXGL-21.1 (27.03.2024 07.52) on WINDOWS (J:23.0.2 FX:21.0.1)
17:56:15.348 [JavaFX Application Thread] DEBUG Engine               - JRE Vendor Name: Amazon.com Inc.
17:56:15.348 [JavaFX Application Thread] DEBUG Engine               - Running on OS: Windows 11 version 10.0
17:56:15.348 [JavaFX Application Thread] DEBUG Engine               - Architecture: amd64
17:56:15.348 [JavaFX Application Thread] INFO  Engine               - Source code and latest versions at: https://github.com/AlmasB/FXGL
17:56:15.348 [JavaFX Application Thread] INFO  Engine               -       Ask questions and discuss at: https://github.com/AlmasB/FXGL/discussions
17:56:15.349 [JavaFX Application Thread] INFO  Engine               -              Join the FXGL chat at: https://gitter.im/AlmasB/FXGL
17:56:15.467 [JavaFX Application Thread] DEBUG PrimaryStageWindow   - Creating a JavaFX scene
17:56:15.525 [JavaFX Application Thread] DEBUG PrimaryStageWindow   - Target settings size: 1316.0 x 1007.0
17:56:15.525 [JavaFX Application Thread] DEBUG PrimaryStageWindow   - Scaled scene size:    1316.0 x 1007.0
17:56:15.525 [JavaFX Application Thread] DEBUG PrimaryStageWindow   - Scaled ratio: (1.0, 1.0)
17:56:15.526 [JavaFX Application Thread] DEBUG PrimaryStageWindow   - Set initial scene to FXGLStartupScene
17:56:15.529 [JavaFX Application Thread] DEBUG PrimaryStageWindow   - Opening main window
17:56:15.742 [JavaFX Application Thread] DEBUG PrimaryStageWindow   - Window border size: (14.6666259765625, 37.6666259765625)
17:56:15.742 [JavaFX Application Thread] DEBUG PrimaryStageWindow   - Scaled size: 1316.0 x 1007.0
17:56:15.742 [JavaFX Application Thread] DEBUG PrimaryStageWindow   - Scaled ratio: (1.0, 1.0)
17:56:15.742 [JavaFX Application Thread] DEBUG PrimaryStageWindow   - Scene size: 1316.0 x 1007.0
17:56:15.742 [JavaFX Application Thread] DEBUG PrimaryStageWindow   - Stage size: 1330.6666259765625 x 1044.6666259765625
17:56:15.751 [FXGL Background Thread 1 ] DEBUG Engine               - Initializing environment variables
17:56:15.863 [FXGL Background Thread 1 ] DEBUG FXGLAssetLoaderServi - User app class for loading assets: class edu.sustech.xiangqi.XiangQiApp
17:56:15.864 [FXGL Background Thread 1 ] DEBUG GameApplicationServi - Applying CSS: fxgl_dark.css
17:56:15.865 [FXGL Background Thread 1 ] DEBUG FXGLAssetLoaderServi - Loading from file system: jar:file:/C:/Users/%e5%b0%b9%e7%8e%ba%e9%aa%85/.m2/repository/com/github/almasb/fxgl/21.1/fxgl-21.1.jar!/fxglassets/ui/css/fxgl_dark.css
17:56:15.935 [FXGL Background Thread 1 ] DEBUG GameApplicationServi - Initializing application scenes
17:56:16.062 [FXGL Background Thread 1 ] DEBUG GameWorld            - Game world initialized
17:56:16.149 [FXGL Background Thread 1 ] DEBUG PhysicsWorld         - Physics world initialized: appHeight=1007, physics.ppm=50.0
17:56:16.150 [FXGL Background Thread 1 ] DEBUG PhysicsWorld         - Using strategy: BRUTE_FORCE
17:56:16.156 [FXGL Background Thread 1 ] DEBUG GameScene            - Game scene initialized: 1316x1007
17:56:16.170 [FXGL Background Thread 1 ] DEBUG FXGLAssetLoaderServi - Loading from file system: file:/E:/G2/java/final_project/team_project_1124/javaA-xiangqi-project-main/target/classes/assets/ui/fonts/HYPixel11pxU-2.ttf
17:56:16.236 [FXGL Background Thread 1 ] DEBUG FXGLAssetLoaderServi - Loading from file system: file:/E:/G2/java/final_project/team_project_1124/javaA-xiangqi-project-main/target/classes/assets/textures/Button1.png
17:56:16.266 [FXGL Background Thread 1 ] DEBUG FXGLAssetLoaderServi - Loading from file system: file:/E:/G2/java/final_project/team_project_1124/javaA-xiangqi-project-main/target/classes/assets/textures/Press.png
17:56:16.339 [FXGL Background Thread 1 ] DEBUG GameApplicationServi - Application scenes initialized
17:56:16.354 [FXGL Background Thread 1 ] DEBUG SystemBundleService  - Loading FXGL system data
17:56:16.358 [FXGL Background Thread 1 ] DEBUG FileSystemAccess     - Reading from: E:\G2\java\final_project\team_project_1124\javaA-xiangqi-project-main\system\fxgl.bundle
17:56:16.365 [FXGL Background Thread 1 ] DEBUG SystemBundleService  - Bundle FXGL: {}
17:56:16.365 [FXGL Background Thread 1 ] DEBUG UpdaterService       - Checking for updates
17:56:16.374 [FXGL Background Thread 4 ] DEBUG FXGLApplication      - Loading fonts
17:56:16.376 [FXGL Background Thread 4 ] DEBUG FXGLAssetLoaderServi - Loading from file system: jar:file:/C:/Users/%e5%b0%b9%e7%8e%ba%e9%aa%85/.m2/repository/com/github/almasb/fxgl/21.1/fxgl-21.1.jar!/fxglassets/ui/fonts/VarelaRound-Regular.ttf
17:56:16.377 [FXGL Background Thread 1 ] DEBUG FXGLApplication      - Loading default localization
17:56:16.378 [FXGL Background Thread 1 ] DEBUG FXGLAssetLoaderServi - Loading from file system: jar:file:/C:/Users/%e5%b0%b9%e7%8e%ba%e9%aa%85/.m2/repository/com/github/almasb/fxgl/21.1/fxgl-21.1.jar!/fxglassets/languages/english.lang
17:56:16.382 [FXGL Background Thread 4 ] DEBUG FXGLAssetLoaderServi - Loading from file system: jar:file:/C:/Users/%e5%b0%b9%e7%8e%ba%e9%aa%85/.m2/repository/com/github/almasb/fxgl/21.1/fxgl-21.1.jar!/fxglassets/ui/fonts/Abel-Regular.ttf
17:56:16.386 [FXGL Background Thread 4 ] DEBUG FXGLAssetLoaderServi - Loading from file system: jar:file:/C:/Users/%e5%b0%b9%e7%8e%ba%e9%aa%85/.m2/repository/com/github/almasb/fxgl/21.1/fxgl-21.1.jar!/fxglassets/ui/fonts/TerminalLandMono-Regular.otf
17:56:16.391 [FXGL Background Thread 4 ] DEBUG FXGLAssetLoaderServi - Loading from file system: jar:file:/C:/Users/%e5%b0%b9%e7%8e%ba%e9%aa%85/.m2/repository/com/github/almasb/fxgl/21.1/fxgl-21.1.jar!/fxglassets/ui/fonts/Courier-Prime.ttf
17:56:16.405 [JavaFX Application Thread] DEBUG FXGLApplication      - Registering font factories with UI factory
17:56:16.444 [FXGL Background Thread 1 ] INFO  FXGLApplication      - FXGL initialization took: 0.693 sec
17:56:16.451 [JavaFX Application Thread] DEBUG Input                - Registered new binding: Click - LMB
17:56:16.453 [JavaFX Application Thread] DEBUG FXGLAssetLoaderServi - Loading from file system: jar:file:/C:/Users/%e5%b0%b9%e7%8e%ba%e9%aa%85/.m2/repository/com/github/almasb/fxgl/21.1/fxgl-21.1.jar!/fxglassets/textures/fxgl_icon.png
17:56:16.488 [JavaFX Application Thread] DEBUG FXGLAssetLoaderServi - Loading from file system: jar:file:/C:/Users/%e5%b0%b9%e7%8e%ba%e9%aa%85/.m2/repository/com/github/almasb/fxgl/21.1/fxgl-21.1.jar!/fxglassets/textures/fxgl_default_cursor.png
17:56:16.504 [JavaFX Application Thread] DEBUG Input                - Registered new binding: Screenshot - CTRL+8
17:56:16.505 [JavaFX Application Thread] DEBUG Input                - Registered new binding: System info dump - CTRL+9
17:56:16.505 [JavaFX Application Thread] DEBUG Input                - Registered new binding: Restart - CTRL+R
17:56:16.507 [JavaFX Application Thread] DEBUG Input                - Registered new binding: Toggle Debug Camera - CTRL+7
17:56:16.512 [JavaFX Application Thread] DEBUG LoopRunner           - Starting loop
17:56:16.512 [JavaFX Application Thread] DEBUG LoopRunner           - Initializing JavaFX AnimationTimerLoop
17:56:16.517 [JavaFX Application Thread] DEBUG Input                - Clearing active input actions
17:56:16.526 [JavaFX Application Thread] DEBUG GameApplicationServi - Removing overlay from FXGLStartupScene and adding to FXGLMainMenuDummyScene
17:56:16.526 [JavaFX Application Thread] DEBUG PrimaryStageWindow   - FXGLStartupScene -> FXGLMainMenuDummyScene
17:56:16.526 [JavaFX Application Thread] DEBUG PrimaryStageWindow   - Push state: MainMenuScene
17:56:16.527 [JavaFX Application Thread] DEBUG Input                - Clearing active input actions
17:56:16.536 [JavaFX Application Thread] DEBUG GameApplicationServi - Removing overlay from FXGLMainMenuDummyScene and adding to MainMenuScene
17:56:16.537 [JavaFX Application Thread] DEBUG PrimaryStageWindow   - FXGLMainMenuDummyScene -> MainMenuScene
17:56:17.012 [JavaFX Application Thread] DEBUG FXGLAssetLoaderServi - Loading from file system: file:/E:/G2/java/final_project/team_project_1124/javaA-xiangqi-project-main/target/classes/assets/music/%e6%8c%89%e9%92%ae%e9%9f%b3%e6%95%881.mp3
17:56:17.697 [JavaFX Application Thread] DEBUG AudioPlayer          - Playing music com.almasb.fxgl.audio.Music@70083c93
17:56:17.700 [JavaFX Application Thread] DEBUG AudioPlayer          - Playing music com.almasb.fxgl.audio.Music@70083c93
17:56:17.913 [JavaFX Application Thread] DEBUG PrimaryStageWindow   - Push state: DialogSubScene
17:56:17.913 [JavaFX Application Thread] DEBUG Input                - Clearing active input actions
17:56:17.918 [JavaFX Application Thread] DEBUG GameApplicationServi - Removing overlay from MainMenuScene and adding to DialogSubScene
17:56:17.918 [JavaFX Application Thread] DEBUG PrimaryStageWindow   - MainMenuScene -> DialogSubScene
17:56:18.849 [JavaFX Application Thread] DEBUG PrimaryStageWindow   - Pop state: DialogSubScene
17:56:18.849 [JavaFX Application Thread] DEBUG Input                - Clearing active input actions
17:56:18.849 [JavaFX Application Thread] DEBUG GameApplicationServi - Removing overlay from DialogSubScene and adding to MainMenuScene
17:56:18.850 [JavaFX Application Thread] DEBUG PrimaryStageWindow   - MainMenuScene <- DialogSubScene
17:56:18.869 [JavaFX Application Thread] DEBUG GameApplicationServi - Starting new game
17:56:18.869 [JavaFX Application Thread] DEBUG PrimaryStageWindow   - Pop state: MainMenuScene
17:56:18.869 [JavaFX Application Thread] DEBUG Input                - Clearing active input actions
17:56:18.870 [JavaFX Application Thread] DEBUG GameApplicationServi - Removing overlay from MainMenuScene and adding to FXGLMainMenuDummyScene
17:56:18.870 [JavaFX Application Thread] DEBUG PrimaryStageWindow   - FXGLMainMenuDummyScene <- MainMenuScene
17:56:18.870 [JavaFX Application Thread] DEBUG Input                - Clearing active input actions
17:56:18.878 [JavaFX Application Thread] DEBUG GameApplicationServi - Removing overlay from FXGLMainMenuDummyScene and adding to FXGLLoadingScene
17:56:18.879 [JavaFX Application Thread] DEBUG PrimaryStageWindow   - FXGLMainMenuDummyScene -> FXGLLoadingScene
17:56:18.879 [JavaFX Application Thread] DEBUG GameApplicationServi - Clearing previous game
17:56:18.879 [JavaFX Application Thread] DEBUG GameScene            - Clearing game scene
17:56:18.879 [JavaFX Application Thread] DEBUG GameWorld            - Clearing game world
17:56:18.879 [JavaFX Application Thread] DEBUG PhysicsWorld         - Clearing physics world
17:56:18.896 [FXGL Background Thread 2 ] DEBUG FXGLApplication      - Initializing game
17:56:18.917 [FXGL Background Thread 2 ] DEBUG FXGLAssetLoaderServi - Loading from file system: file:/E:/G2/java/final_project/team_project_1124/javaA-xiangqi-project-main/target/classes/assets/textures/%e8%83%8c%e6%99%af.jpg
17:56:19.026 [FXGL Background Thread 2 ] DEBUG FXGLAssetLoaderServi - Loading from file system: file:/E:/G2/java/final_project/team_project_1124/javaA-xiangqi-project-main/target/classes/assets/textures/ChessBoard.png
17:56:19.094 [FXGL Background Thread 2 ] DEBUG FXGLAssetLoaderServi - Loading from file system: file:/E:/G2/java/final_project/team_project_1124/javaA-xiangqi-project-main/target/classes/assets/textures/BlackChariot.png
17:56:19.137 [FXGL Background Thread 2 ] DEBUG FXGLAssetLoaderServi - Loading from file system: file:/E:/G2/java/final_project/team_project_1124/javaA-xiangqi-project-main/target/classes/assets/textures/BlackHorse.png
17:56:19.140 [FXGL Background Thread 2 ] DEBUG FXGLAssetLoaderServi - Loading from file system: file:/E:/G2/java/final_project/team_project_1124/javaA-xiangqi-project-main/target/classes/assets/textures/BlackElephant.png
17:56:19.142 [FXGL Background Thread 2 ] DEBUG FXGLAssetLoaderServi - Loading from file system: file:/E:/G2/java/final_project/team_project_1124/javaA-xiangqi-project-main/target/classes/assets/textures/BlackAdvisor.png
17:56:19.144 [FXGL Background Thread 2 ] DEBUG FXGLAssetLoaderServi - Loading from file system: file:/E:/G2/java/final_project/team_project_1124/javaA-xiangqi-project-main/target/classes/assets/textures/BlackGeneral.png
17:56:19.149 [FXGL Background Thread 2 ] DEBUG FXGLAssetLoaderServi - Loading from file system: file:/E:/G2/java/final_project/team_project_1124/javaA-xiangqi-project-main/target/classes/assets/textures/BlackCannon.png
17:56:19.152 [FXGL Background Thread 2 ] DEBUG FXGLAssetLoaderServi - Loading from file system: file:/E:/G2/java/final_project/team_project_1124/javaA-xiangqi-project-main/target/classes/assets/textures/BlackSoldier.png
17:56:19.156 [FXGL Background Thread 2 ] DEBUG FXGLAssetLoaderServi - Loading from file system: file:/E:/G2/java/final_project/team_project_1124/javaA-xiangqi-project-main/target/classes/assets/textures/RedSoldier.png
17:56:19.161 [FXGL Background Thread 2 ] DEBUG FXGLAssetLoaderServi - Loading from file system: file:/E:/G2/java/final_project/team_project_1124/javaA-xiangqi-project-main/target/classes/assets/textures/RedCannon.png
17:56:19.163 [FXGL Background Thread 2 ] DEBUG FXGLAssetLoaderServi - Loading from file system: file:/E:/G2/java/final_project/team_project_1124/javaA-xiangqi-project-main/target/classes/assets/textures/RedChariot.png
17:56:19.165 [FXGL Background Thread 2 ] DEBUG FXGLAssetLoaderServi - Loading from file system: file:/E:/G2/java/final_project/team_project_1124/javaA-xiangqi-project-main/target/classes/assets/textures/RedHorse.png
17:56:19.167 [FXGL Background Thread 2 ] DEBUG FXGLAssetLoaderServi - Loading from file system: file:/E:/G2/java/final_project/team_project_1124/javaA-xiangqi-project-main/target/classes/assets/textures/RedElephant.png
17:56:19.169 [FXGL Background Thread 2 ] DEBUG FXGLAssetLoaderServi - Loading from file system: file:/E:/G2/java/final_project/team_project_1124/javaA-xiangqi-project-main/target/classes/assets/textures/RedAdvisor.png
17:56:19.171 [FXGL Background Thread 2 ] DEBUG FXGLAssetLoaderServi - Loading from file system: file:/E:/G2/java/final_project/team_project_1124/javaA-xiangqi-project-main/target/classes/assets/textures/RedGeneral.png
17:56:19.180 [FXGL Background Thread 2 ] INFO  FXGLApplication      - Game initialization took: 0.284 sec
17:56:19.181 [JavaFX Application Thread] DEBUG Input                - Clearing active input actions
17:56:19.186 [JavaFX Application Thread] DEBUG GameApplicationServi - Removing overlay from FXGLLoadingScene and adding to GameScene
17:56:19.186 [JavaFX Application Thread] DEBUG PrimaryStageWindow   - FXGLLoadingScene -> GameScene
17:56:19.373 [FXGL Background Thread 3 ] DEBUG Engine               - Logging environment variables
17:56:19.374 [FXGL Background Thread 3 ] DEBUG Engine               - achievements: []
17:56:19.374 [FXGL Background Thread 3 ] DEBUG Engine               - actualHeight: 1007.0
17:56:19.374 [FXGL Background Thread 3 ] DEBUG Engine               - actualHeightProperty: ReadOnlyDoubleProperty [value: 1007.0]
17:56:19.375 [FXGL Background Thread 3 ] DEBUG Engine               - actualWidth: 1316.0
17:56:19.375 [FXGL Background Thread 3 ] DEBUG Engine               - actualWidthProperty: ReadOnlyDoubleProperty [value: 1316.0]
17:56:19.375 [FXGL Background Thread 3 ] DEBUG Engine               - appIcon: fxgl_icon.png
17:56:19.375 [FXGL Background Thread 3 ] DEBUG Engine               - applicationMode: DEVELOPER
17:56:19.375 [FXGL Background Thread 3 ] DEBUG Engine               - cSSList: [fxgl_dark.css]
17:56:19.375 [FXGL Background Thread 3 ] DEBUG Engine               - collisionDetectionStrategy: BRUTE_FORCE
17:56:19.375 [FXGL Background Thread 3 ] DEBUG Engine               - configClass: Optional.empty
17:56:19.375 [FXGL Background Thread 3 ] DEBUG Engine               - credits: []
17:56:19.379 [FXGL Background Thread 3 ] DEBUG Engine               - defaultCursor: CursorInfo(imageName=fxgl_default_cursor.png, hotspotX=7.0, hotspotY=6.0)
17:56:19.379 [FXGL Background Thread 3 ] DEBUG Engine               - devBBoxColorProperty: ObjectProperty [value: 0xff0000ff]
17:56:19.379 [FXGL Background Thread 3 ] DEBUG Engine               - devEnableDebugCameraProperty: BooleanProperty [value: false]
17:56:19.379 [FXGL Background Thread 3 ] DEBUG Engine               - devSensorColorProperty: ObjectProperty [value: 0xffff00ff]
17:56:19.379 [FXGL Background Thread 3 ] DEBUG Engine               - devShowBBoxProperty: BooleanProperty [value: false]
17:56:19.380 [FXGL Background Thread 3 ] DEBUG Engine               - devShowPositionProperty: BooleanProperty [value: false]
17:56:19.380 [FXGL Background Thread 3 ] DEBUG Engine               - enabledMenuItems: []
17:56:19.380 [FXGL Background Thread 3 ] DEBUG Engine               - engineServices: [class com.almasb.fxgl.app.services.FXGLAssetLoaderService, class com.almasb.fxgl.app.FXGLApplication$GameApplicationService, class com.almasb.fxgl.app.services.FXGLDialogService, class com.almasb.fxgl.app.services.IOTaskExecutorService, class com.almasb.fxgl.io.FileSystemService, class com.almasb.fxgl.localization.LocalizationService, class com.almasb.fxgl.app.services.SystemBundleService, class com.almasb.fxgl.profile.SaveLoadService, class com.almasb.fxgl.ui.FXGLUIFactoryServiceProvider, class com.almasb.fxgl.ui.FXGLDialogFactoryServiceProvider, class com.almasb.fxgl.audio.AudioPlayer, class com.almasb.fxgl.notification.impl.NotificationServiceProvider, class com.almasb.fxgl.achievement.AchievementService, class com.almasb.fxgl.cutscene.CutsceneService, class com.almasb.fxgl.minigames.MiniGameService, class com.almasb.fxgl.net.NetService, class com.almasb.fxgl.app.services.UpdaterService, class com.almasb.fxgl.dev.DevService]
17:56:19.380 [FXGL Background Thread 3 ] DEBUG Engine               - fontGame: Abel-Regular.ttf
17:56:19.380 [FXGL Background Thread 3 ] DEBUG Engine               - fontMono: TerminalLandMono-Regular.otf
17:56:19.382 [FXGL Background Thread 3 ] DEBUG Engine               - fontSizeScaleUI: 1.0
17:56:19.382 [FXGL Background Thread 3 ] DEBUG Engine               - fontText: Courier-Prime.ttf
17:56:19.382 [FXGL Background Thread 3 ] DEBUG Engine               - fontUI: VarelaRound-Regular.ttf
17:56:19.382 [FXGL Background Thread 3 ] DEBUG Engine               - fullScreen: BooleanProperty [value: false]
17:56:19.383 [FXGL Background Thread 3 ] DEBUG Engine               - gameDifficulty: MEDIUM
17:56:19.383 [FXGL Background Thread 3 ] DEBUG Engine               - gameDifficultyProperty: ObjectProperty [value: MEDIUM]
17:56:19.383 [FXGL Background Thread 3 ] DEBUG Engine               - globalMusicVolume: 0.5
17:56:19.383 [FXGL Background Thread 3 ] DEBUG Engine               - globalMusicVolumeProperty: DoubleProperty [value: 0.5]
17:56:19.383 [FXGL Background Thread 3 ] DEBUG Engine               - globalSoundVolume: 0.5
17:56:19.383 [FXGL Background Thread 3 ] DEBUG Engine               - globalSoundVolumeProperty: DoubleProperty [value: 0.5]
17:56:19.383 [FXGL Background Thread 3 ] DEBUG Engine               - height: 1007
17:56:19.383 [FXGL Background Thread 3 ] DEBUG Engine               - is3D: false
17:56:19.383 [FXGL Background Thread 3 ] DEBUG Engine               - isAndroid: false
17:56:19.383 [FXGL Background Thread 3 ] DEBUG Engine               - isBrowser: false
17:56:19.383 [FXGL Background Thread 3 ] DEBUG Engine               - isClickFeedbackEnabled: false
17:56:19.383 [FXGL Background Thread 3 ] DEBUG Engine               - isCloseConfirmation: false
17:56:19.384 [FXGL Background Thread 3 ] DEBUG Engine               - isDesktop: true
17:56:19.384 [FXGL Background Thread 3 ] DEBUG Engine               - isDeveloperMenuEnabled: false
17:56:19.384 [FXGL Background Thread 3 ] DEBUG Engine               - isEmbedded: false
17:56:19.384 [FXGL Background Thread 3 ] DEBUG Engine               - isEntityPreloadEnabled: true
17:56:19.384 [FXGL Background Thread 3 ] DEBUG Engine               - isExperimentalTiledLargeMap: false
17:56:19.384 [FXGL Background Thread 3 ] DEBUG Engine               - isFileSystemWriteAllowed: true
17:56:19.385 [FXGL Background Thread 3 ] DEBUG Engine               - isFullScreenAllowed: false
17:56:19.385 [FXGL Background Thread 3 ] DEBUG Engine               - isFullScreenFromStart: false
17:56:19.385 [FXGL Background Thread 3 ] DEBUG Engine               - isGameMenuEnabled: true
17:56:19.385 [FXGL Background Thread 3 ] DEBUG Engine               - isIOS: false
17:56:19.385 [FXGL Background Thread 3 ] DEBUG Engine               - isIntroEnabled: false
17:56:19.385 [FXGL Background Thread 3 ] DEBUG Engine               - isLinux: false
17:56:19.385 [FXGL Background Thread 3 ] DEBUG Engine               - isMac: false
17:56:19.385 [FXGL Background Thread 3 ] DEBUG Engine               - isMainMenuEnabled: true
17:56:19.386 [FXGL Background Thread 3 ] DEBUG Engine               - isManualResizeEnabled: false
17:56:19.386 [FXGL Background Thread 3 ] DEBUG Engine               - isMobile: false
17:56:19.386 [FXGL Background Thread 3 ] DEBUG Engine               - isNative: false
17:56:19.386 [FXGL Background Thread 3 ] DEBUG Engine               - isPauseMusicWhenMinimized: true
17:56:19.386 [FXGL Background Thread 3 ] DEBUG Engine               - isPreserveResizeRatio: false
17:56:19.386 [FXGL Background Thread 3 ] DEBUG Engine               - isProfilingEnabled: false
17:56:19.386 [FXGL Background Thread 3 ] DEBUG Engine               - isScaleAffectedOnResize: true
17:56:19.386 [FXGL Background Thread 3 ] DEBUG Engine               - isSingleStep: false
17:56:19.387 [FXGL Background Thread 3 ] DEBUG Engine               - isUserProfileEnabled: false
17:56:19.387 [FXGL Background Thread 3 ] DEBUG Engine               - isWindows: true
17:56:19.387 [FXGL Background Thread 3 ] DEBUG Engine               - language: ObjectProperty [value: ENGLISH]
17:56:19.387 [FXGL Background Thread 3 ] DEBUG Engine               - menuKey: ESCAPE
17:56:19.387 [FXGL Background Thread 3 ] DEBUG Engine               - mouseSensitivity: 0.2
17:56:19.387 [FXGL Background Thread 3 ] DEBUG Engine               - notificationViewClass: class com.almasb.fxgl.notification.view.XboxNotificationView
17:56:19.387 [FXGL Background Thread 3 ] DEBUG Engine               - pixelsPerMeter: 50.0
17:56:19.387 [FXGL Background Thread 3 ] DEBUG Engine               - platform: WINDOWS
17:56:19.387 [FXGL Background Thread 3 ] DEBUG Engine               - prefHeightProperty: ReadOnlyDoubleProperty [value: 1007.0]
17:56:19.387 [FXGL Background Thread 3 ] DEBUG Engine               - prefWidthProperty: ReadOnlyDoubleProperty [value: 1316.0]
17:56:19.388 [FXGL Background Thread 3 ] DEBUG Engine               - profileDir: profiles/
17:56:19.388 [FXGL Background Thread 3 ] DEBUG Engine               - profileName: StringProperty [value: DEFAULT]
17:56:19.388 [FXGL Background Thread 3 ] DEBUG Engine               - randomSeed: -1
17:56:19.388 [FXGL Background Thread 3 ] DEBUG Engine               - runtimeInfo: RuntimeInfo(platform=WINDOWS, version=21.1, build=27.03.2024 07.52)
17:56:19.388 [FXGL Background Thread 3 ] DEBUG Engine               - saveFileExt: sav
17:56:19.388 [FXGL Background Thread 3 ] DEBUG Engine               - scaledHeightProp$fxgl: DoubleProperty [bound, value: 1007.0]
17:56:19.388 [FXGL Background Thread 3 ] DEBUG Engine               - scaledWidthProp$fxgl: DoubleProperty [bound, value: 1316.0]
17:56:19.388 [FXGL Background Thread 3 ] DEBUG Engine               - sceneFactory: edu.sustech.xiangqi.XiangQiApp$1@25ea261b
17:56:19.388 [FXGL Background Thread 3 ] DEBUG Engine               - secondsIn24h: 60
17:56:19.388 [FXGL Background Thread 3 ] DEBUG Engine               - soundMenuBack: menu/back.wav
17:56:19.388 [FXGL Background Thread 3 ] DEBUG Engine               - soundMenuPress: menu/press.wav
17:56:19.388 [FXGL Background Thread 3 ] DEBUG Engine               - soundMenuSelect: menu/select.wav
17:56:19.388 [FXGL Background Thread 3 ] DEBUG Engine               - soundNotification: core/notification.wav
17:56:19.388 [FXGL Background Thread 3 ] DEBUG Engine               - stageStyle: DECORATED
17:56:19.389 [FXGL Background Thread 3 ] DEBUG Engine               - supportedLanguages: [ENGLISH, FRENCH, GERMAN, HUNGARIAN, RUSSIAN]
17:56:19.389 [FXGL Background Thread 3 ] DEBUG Engine               - ticksPerSecond: -1
17:56:19.389 [FXGL Background Thread 3 ] DEBUG Engine               - title: 中国象棋 1.0
17:56:19.389 [FXGL Background Thread 3 ] DEBUG Engine               - urlGithub: https://github.com/AlmasB/FXGL
17:56:19.389 [FXGL Background Thread 3 ] DEBUG Engine               - urlLeaderboard: http://fxgl-top.herokuapp.com/
17:56:19.389 [FXGL Background Thread 3 ] DEBUG Engine               - urlPOM: https://raw.githubusercontent.com/AlmasB/FXGL/release/README.md
17:56:19.389 [FXGL Background Thread 3 ] DEBUG Engine               - userAppClass: class edu.sustech.xiangqi.XiangQiApp
17:56:19.389 [FXGL Background Thread 3 ] DEBUG Engine               - version: 1.0
17:56:19.389 [FXGL Background Thread 3 ] DEBUG Engine               - versionCheckDays: 7
17:56:19.389 [FXGL Background Thread 3 ] DEBUG Engine               - width: 1316
17:56:19.389 [FXGL Background Thread 3 ] DEBUG Engine               - Logging services
17:56:19.389 [FXGL Background Thread 3 ] DEBUG Engine               - class com.almasb.fxgl.app.services.FXGLAssetLoaderService
17:56:19.389 [FXGL Background Thread 3 ] DEBUG Engine               - class com.almasb.fxgl.app.FXGLApplication$GameApplicationService
17:56:19.389 [FXGL Background Thread 3 ] DEBUG Engine               - class com.almasb.fxgl.app.services.FXGLDialogService
17:56:19.389 [FXGL Background Thread 3 ] DEBUG Engine               - class com.almasb.fxgl.app.services.IOTaskExecutorService
17:56:19.389 [FXGL Background Thread 3 ] DEBUG Engine               - class com.almasb.fxgl.io.FileSystemService
17:56:19.389 [FXGL Background Thread 3 ] DEBUG Engine               - class com.almasb.fxgl.localization.LocalizationService
17:56:19.389 [FXGL Background Thread 3 ] DEBUG Engine               - class com.almasb.fxgl.app.services.SystemBundleService
17:56:19.390 [FXGL Background Thread 3 ] DEBUG Engine               - class com.almasb.fxgl.profile.SaveLoadService
17:56:19.390 [FXGL Background Thread 3 ] DEBUG Engine               - class com.almasb.fxgl.ui.FXGLUIFactoryServiceProvider
17:56:19.390 [FXGL Background Thread 3 ] DEBUG Engine               - class com.almasb.fxgl.ui.FXGLDialogFactoryServiceProvider
17:56:19.390 [FXGL Background Thread 3 ] DEBUG Engine               - class com.almasb.fxgl.audio.AudioPlayer
17:56:19.390 [FXGL Background Thread 3 ] DEBUG Engine               - class com.almasb.fxgl.notification.impl.NotificationServiceProvider
17:56:19.390 [FXGL Background Thread 3 ] DEBUG Engine               - class com.almasb.fxgl.achievement.AchievementService
17:56:19.390 [FXGL Background Thread 3 ] DEBUG Engine               - class com.almasb.fxgl.cutscene.CutsceneService
17:56:19.390 [FXGL Background Thread 3 ] DEBUG Engine               - class com.almasb.fxgl.minigames.MiniGameService
17:56:19.390 [FXGL Background Thread 3 ] DEBUG Engine               - class com.almasb.fxgl.net.NetService
17:56:19.390 [FXGL Background Thread 3 ] DEBUG Engine               - class com.almasb.fxgl.app.services.UpdaterService
17:56:19.390 [FXGL Background Thread 3 ] DEBUG Engine               - class com.almasb.fxgl.dev.DevService
17:56:21.965 [JavaFX Application Thread] DEBUG FXGLAssetLoaderServi - Loading from file system: file:/E:/G2/java/final_project/team_project_1124/javaA-xiangqi-project-main/target/classes/assets/textures/%e9%80%89%e4%b8%ad.png
17:56:26.443 [JavaFX Application Thread] DEBUG AudioPlayer          - Playing music com.almasb.fxgl.audio.Music@70083c93
17:56:26.636 [JavaFX Application Thread] DEBUG AudioPlayer          - Playing music com.almasb.fxgl.audio.Music@70083c93
17:56:26.830 [JavaFX Application Thread] DEBUG AudioPlayer          - Playing music com.almasb.fxgl.audio.Music@70083c93
17:56:27.194 [JavaFX Application Thread] DEBUG PrimaryStageWindow   - Push state: InGameMenuScene
17:56:27.194 [JavaFX Application Thread] DEBUG Input                - Clearing active input actions
17:56:27.198 [JavaFX Application Thread] DEBUG GameApplicationServi - Removing overlay from GameScene and adding to InGameMenuScene
17:56:27.198 [JavaFX Application Thread] DEBUG PrimaryStageWindow   - GameScene -> InGameMenuScene
17:56:29.896 [JavaFX Application Thread] DEBUG Menu                 - fireResume()
17:56:29.898 [JavaFX Application Thread] DEBUG PrimaryStageWindow   - Pop state: InGameMenuScene
17:56:29.898 [JavaFX Application Thread] DEBUG Input                - Clearing active input actions
17:56:29.899 [JavaFX Application Thread] DEBUG GameApplicationServi - Removing overlay from InGameMenuScene and adding to GameScene
17:56:29.899 [JavaFX Application Thread] DEBUG PrimaryStageWindow   - GameScene <- InGameMenuScene
17:56:31.926 [JavaFX Application Thread] DEBUG AudioPlayer          - Pausing music com.almasb.fxgl.audio.Music@70083c93
17:56:31.927 [JavaFX Application Thread] DEBUG LoopRunner           - Pausing loop
17:56:32.528 [JavaFX Application Thread] DEBUG LoopRunner           - Resuming loop
17:56:32.528 [JavaFX Application Thread] DEBUG AudioPlayer          - Resuming music com.almasb.fxgl.audio.Music@70083c93
17:56:46.188 [JavaFX Application Thread] DEBUG AudioPlayer          - Playing music com.almasb.fxgl.audio.Music@70083c93
17:56:46.724 [JavaFX Application Thread] DEBUG PrimaryStageWindow   - Push state: InGameMenuScene
17:56:46.725 [JavaFX Application Thread] DEBUG Input                - Clearing active input actions
17:56:46.733 [JavaFX Application Thread] DEBUG GameApplicationServi - Removing overlay from GameScene and adding to InGameMenuScene
17:56:46.733 [JavaFX Application Thread] DEBUG PrimaryStageWindow   - GameScene -> InGameMenuScene
17:56:47.827 [JavaFX Application Thread] DEBUG Menu                 - fireExitToMainMenu()
17:56:47.835 [JavaFX Application Thread] DEBUG PrimaryStageWindow   - Push state: DialogSubScene
17:56:47.835 [JavaFX Application Thread] DEBUG Input                - Clearing active input actions
17:56:47.836 [JavaFX Application Thread] DEBUG GameApplicationServi - Removing overlay from InGameMenuScene and adding to DialogSubScene
17:56:47.837 [JavaFX Application Thread] DEBUG PrimaryStageWindow   - InGameMenuScene -> DialogSubScene
17:56:48.642 [JavaFX Application Thread] DEBUG PrimaryStageWindow   - Pop state: DialogSubScene
17:56:48.642 [JavaFX Application Thread] DEBUG Input                - Clearing active input actions
17:56:48.642 [JavaFX Application Thread] DEBUG GameApplicationServi - Removing overlay from DialogSubScene and adding to InGameMenuScene
17:56:48.643 [JavaFX Application Thread] DEBUG PrimaryStageWindow   - InGameMenuScene <- DialogSubScene
17:56:48.643 [JavaFX Application Thread] DEBUG PrimaryStageWindow   - Pop state: InGameMenuScene
17:56:48.643 [JavaFX Application Thread] DEBUG Input                - Clearing active input actions
17:56:48.643 [JavaFX Application Thread] DEBUG GameApplicationServi - Removing overlay from InGameMenuScene and adding to GameScene
17:56:48.643 [JavaFX Application Thread] DEBUG PrimaryStageWindow   - GameScene <- InGameMenuScene
17:56:48.643 [JavaFX Application Thread] DEBUG Input                - Clearing active input actions
17:56:48.648 [JavaFX Application Thread] DEBUG GameApplicationServi - Removing overlay from GameScene and adding to FXGLMainMenuDummyScene
17:56:48.648 [JavaFX Application Thread] DEBUG PrimaryStageWindow   - GameScene -> FXGLMainMenuDummyScene
17:56:48.648 [JavaFX Application Thread] DEBUG PrimaryStageWindow   - Push state: MainMenuScene
17:56:48.648 [JavaFX Application Thread] DEBUG Input                - Clearing active input actions
17:56:48.649 [JavaFX Application Thread] DEBUG GameApplicationServi - Removing overlay from FXGLMainMenuDummyScene and adding to MainMenuScene
17:56:48.649 [JavaFX Application Thread] DEBUG PrimaryStageWindow   - FXGLMainMenuDummyScene -> MainMenuScene
17:56:48.649 [JavaFX Application Thread] DEBUG AudioPlayer          - Playing music com.almasb.fxgl.audio.Music@70083c93
17:56:49.017 [JavaFX Application Thread] DEBUG AudioPlayer          - Playing music com.almasb.fxgl.audio.Music@70083c93
17:56:49.489 [JavaFX Application Thread] DEBUG PrimaryStageWindow   - Push state: DialogSubScene
17:56:49.489 [JavaFX Application Thread] DEBUG Input                - Clearing active input actions
17:56:49.490 [JavaFX Application Thread] DEBUG GameApplicationServi - Removing overlay from MainMenuScene and adding to DialogSubScene
17:56:49.490 [JavaFX Application Thread] DEBUG PrimaryStageWindow   - MainMenuScene -> DialogSubScene
17:56:50.053 [JavaFX Application Thread] DEBUG PrimaryStageWindow   - Pop state: DialogSubScene
17:56:50.054 [JavaFX Application Thread] DEBUG Input                - Clearing active input actions
17:56:50.054 [JavaFX Application Thread] DEBUG GameApplicationServi - Removing overlay from DialogSubScene and adding to MainMenuScene
17:56:50.054 [JavaFX Application Thread] DEBUG PrimaryStageWindow   - MainMenuScene <- DialogSubScene
17:56:50.057 [JavaFX Application Thread] DEBUG PrimaryStageWindow   - Push state: DialogSubScene
17:56:50.057 [JavaFX Application Thread] DEBUG Input                - Clearing active input actions
17:56:50.058 [JavaFX Application Thread] DEBUG GameApplicationServi - Removing overlay from MainMenuScene and adding to DialogSubScene
17:56:50.058 [JavaFX Application Thread] DEBUG PrimaryStageWindow   - MainMenuScene -> DialogSubScene
17:56:54.134 [JavaFX Application Thread] DEBUG PrimaryStageWindow   - Pop state: DialogSubScene
17:56:54.134 [JavaFX Application Thread] DEBUG Input                - Clearing active input actions
17:56:54.135 [JavaFX Application Thread] DEBUG GameApplicationServi - Removing overlay from DialogSubScene and adding to MainMenuScene
17:56:54.135 [JavaFX Application Thread] DEBUG PrimaryStageWindow   - MainMenuScene <- DialogSubScene
17:56:54.135 [JavaFX Application Thread] DEBUG AudioPlayer          - Playing music com.almasb.fxgl.audio.Music@70083c93
17:56:54.512 [JavaFX Application Thread] DEBUG AudioPlayer          - Playing music com.almasb.fxgl.audio.Music@70083c93
17:56:58.247 [JavaFX Application Thread] DEBUG AudioPlayer          - Playing music com.almasb.fxgl.audio.Music@70083c93
17:56:58.362 [JavaFX Application Thread] DEBUG AudioPlayer          - Playing music com.almasb.fxgl.audio.Music@70083c93
17:56:58.814 [JavaFX Application Thread] DEBUG PrimaryStageWindow   - Push state: DialogSubScene
17:56:58.814 [JavaFX Application Thread] DEBUG Input                - Clearing active input actions
17:56:58.815 [JavaFX Application Thread] DEBUG GameApplicationServi - Removing overlay from MainMenuScene and adding to DialogSubScene
17:56:58.815 [JavaFX Application Thread] DEBUG PrimaryStageWindow   - MainMenuScene -> DialogSubScene
17:57:00.419 [JavaFX Application Thread] DEBUG PrimaryStageWindow   - Pop state: DialogSubScene
17:57:00.419 [JavaFX Application Thread] DEBUG Input                - Clearing active input actions
17:57:00.419 [JavaFX Application Thread] DEBUG GameApplicationServi - Removing overlay from DialogSubScene and adding to MainMenuScene
17:57:00.419 [JavaFX Application Thread] DEBUG PrimaryStageWindow   - MainMenuScene <- DialogSubScene
17:57:00.422 [JavaFX Application Thread] DEBUG GameApplicationServi - Starting new game
17:57:00.422 [JavaFX Application Thread] DEBUG PrimaryStageWindow   - Pop state: MainMenuScene
17:57:00.422 [JavaFX Application Thread] DEBUG Input                - Clearing active input actions
17:57:00.422 [JavaFX Application Thread] DEBUG GameApplicationServi - Removing overlay from MainMenuScene and adding to FXGLMainMenuDummyScene
17:57:00.422 [JavaFX Application Thread] DEBUG PrimaryStageWindow   - FXGLMainMenuDummyScene <- MainMenuScene
17:57:00.422 [JavaFX Application Thread] DEBUG Input                - Clearing active input actions
17:57:00.427 [JavaFX Application Thread] DEBUG GameApplicationServi - Removing overlay from FXGLMainMenuDummyScene and adding to FXGLLoadingScene
17:57:00.428 [JavaFX Application Thread] DEBUG PrimaryStageWindow   - FXGLMainMenuDummyScene -> FXGLLoadingScene
17:57:00.428 [JavaFX Application Thread] DEBUG GameApplicationServi - Clearing previous game
17:57:00.428 [JavaFX Application Thread] DEBUG GameScene            - Clearing game scene
17:57:00.428 [JavaFX Application Thread] DEBUG GameWorld            - Clearing game world
17:57:00.430 [JavaFX Application Thread] DEBUG PhysicsWorld         - Clearing physics world
17:57:00.430 [FXGL Background Thread 2 ] DEBUG FXGLApplication      - Initializing game
17:57:00.442 [FXGL Background Thread 2 ] INFO  FXGLApplication      - Game initialization took: 0.012 sec
17:57:00.444 [JavaFX Application Thread] DEBUG Input                - Clearing active input actions
17:57:00.448 [JavaFX Application Thread] DEBUG GameApplicationServi - Removing overlay from FXGLLoadingScene and adding to GameScene
17:57:00.449 [JavaFX Application Thread] DEBUG PrimaryStageWindow   - FXGLLoadingScene -> GameScene
17:57:10.443 [JavaFX Application Thread] DEBUG PrimaryStageWindow   - Push state: InGameMenuScene
17:57:10.443 [JavaFX Application Thread] DEBUG Input                - Clearing active input actions
17:57:10.446 [JavaFX Application Thread] DEBUG GameApplicationServi - Removing overlay from GameScene and adding to InGameMenuScene
17:57:10.446 [JavaFX Application Thread] DEBUG PrimaryStageWindow   - GameScene -> InGameMenuScene
17:57:11.456 [JavaFX Application Thread] DEBUG Menu                 - fireExitToMainMenu()
17:57:11.457 [JavaFX Application Thread] DEBUG PrimaryStageWindow   - Push state: DialogSubScene
17:57:11.457 [JavaFX Application Thread] DEBUG Input                - Clearing active input actions
17:57:11.458 [JavaFX Application Thread] DEBUG GameApplicationServi - Removing overlay from InGameMenuScene and adding to DialogSubScene
17:57:11.458 [JavaFX Application Thread] DEBUG PrimaryStageWindow   - InGameMenuScene -> DialogSubScene
17:57:12.537 [JavaFX Application Thread] DEBUG PrimaryStageWindow   - Pop state: DialogSubScene
17:57:12.537 [JavaFX Application Thread] DEBUG Input                - Clearing active input actions
17:57:12.538 [JavaFX Application Thread] DEBUG GameApplicationServi - Removing overlay from DialogSubScene and adding to InGameMenuScene
17:57:12.538 [JavaFX Application Thread] DEBUG PrimaryStageWindow   - InGameMenuScene <- DialogSubScene
17:57:12.538 [JavaFX Application Thread] DEBUG PrimaryStageWindow   - Pop state: InGameMenuScene
17:57:12.538 [JavaFX Application Thread] DEBUG Input                - Clearing active input actions
17:57:12.538 [JavaFX Application Thread] DEBUG GameApplicationServi - Removing overlay from InGameMenuScene and adding to GameScene
17:57:12.538 [JavaFX Application Thread] DEBUG PrimaryStageWindow   - GameScene <- InGameMenuScene
17:57:12.538 [JavaFX Application Thread] DEBUG Input                - Clearing active input actions
17:57:12.542 [JavaFX Application Thread] DEBUG GameApplicationServi - Removing overlay from GameScene and adding to FXGLMainMenuDummyScene
17:57:12.542 [JavaFX Application Thread] DEBUG PrimaryStageWindow   - GameScene -> FXGLMainMenuDummyScene
17:57:12.542 [JavaFX Application Thread] DEBUG PrimaryStageWindow   - Push state: MainMenuScene
17:57:12.542 [JavaFX Application Thread] DEBUG Input                - Clearing active input actions
17:57:12.542 [JavaFX Application Thread] DEBUG GameApplicationServi - Removing overlay from FXGLMainMenuDummyScene and adding to MainMenuScene
17:57:12.542 [JavaFX Application Thread] DEBUG PrimaryStageWindow   - FXGLMainMenuDummyScene -> MainMenuScene
17:57:12.542 [JavaFX Application Thread] DEBUG AudioPlayer          - Playing music com.almasb.fxgl.audio.Music@70083c93
17:57:13.219 [JavaFX Application Thread] DEBUG Menu                 - fireNewGame()
17:57:13.219 [JavaFX Application Thread] DEBUG GameApplicationServi - Starting new game
17:57:13.219 [JavaFX Application Thread] DEBUG PrimaryStageWindow   - Pop state: MainMenuScene
17:57:13.219 [JavaFX Application Thread] DEBUG Input                - Clearing active input actions
17:57:13.219 [JavaFX Application Thread] DEBUG GameApplicationServi - Removing overlay from MainMenuScene and adding to FXGLMainMenuDummyScene
17:57:13.219 [JavaFX Application Thread] DEBUG PrimaryStageWindow   - FXGLMainMenuDummyScene <- MainMenuScene
17:57:13.219 [JavaFX Application Thread] DEBUG Input                - Clearing active input actions
17:57:13.222 [JavaFX Application Thread] DEBUG GameApplicationServi - Removing overlay from FXGLMainMenuDummyScene and adding to FXGLLoadingScene
17:57:13.222 [JavaFX Application Thread] DEBUG PrimaryStageWindow   - FXGLMainMenuDummyScene -> FXGLLoadingScene
17:57:13.222 [JavaFX Application Thread] DEBUG GameApplicationServi - Clearing previous game
17:57:13.222 [JavaFX Application Thread] DEBUG GameScene            - Clearing game scene
17:57:13.222 [JavaFX Application Thread] DEBUG GameWorld            - Clearing game world
17:57:13.224 [JavaFX Application Thread] DEBUG PhysicsWorld         - Clearing physics world
17:57:13.225 [FXGL Background Thread 2 ] DEBUG FXGLApplication      - Initializing game
17:57:13.257 [FXGL Background Thread 2 ] INFO  FXGLApplication      - Game initialization took: 0.032 sec
17:57:13.258 [JavaFX Application Thread] DEBUG Input                - Clearing active input actions
17:57:13.262 [JavaFX Application Thread] DEBUG GameApplicationServi - Removing overlay from FXGLLoadingScene and adding to GameScene
17:57:13.262 [JavaFX Application Thread] DEBUG PrimaryStageWindow   - FXGLLoadingScene -> GameScene
17:57:14.429 [JavaFX Application Thread] DEBUG AudioPlayer          - Playing music com.almasb.fxgl.audio.Music@70083c93
17:57:14.902 [JavaFX Application Thread] DEBUG AudioPlayer          - Playing music com.almasb.fxgl.audio.Music@70083c93
17:57:16.293 [JavaFX Application Thread] DEBUG AudioPlayer          - Playing music com.almasb.fxgl.audio.Music@70083c93
17:57:17.099 [JavaFX Application Thread] DEBUG AudioPlayer          - Playing music com.almasb.fxgl.audio.Music@70083c93
17:57:21.591 [JavaFX Application Thread] DEBUG PrimaryStageWindow   - Push state: DialogSubScene
17:57:21.591 [JavaFX Application Thread] DEBUG Input                - Clearing active input actions
17:57:21.592 [JavaFX Application Thread] DEBUG GameApplicationServi - Removing overlay from GameScene and adding to DialogSubScene
17:57:21.593 [JavaFX Application Thread] DEBUG PrimaryStageWindow   - GameScene -> DialogSubScene
17:57:23.507 [JavaFX Application Thread] DEBUG PrimaryStageWindow   - Pop state: DialogSubScene
17:57:23.507 [JavaFX Application Thread] DEBUG Input                - Clearing active input actions
17:57:23.507 [JavaFX Application Thread] DEBUG GameApplicationServi - Removing overlay from DialogSubScene and adding to GameScene
17:57:23.507 [JavaFX Application Thread] DEBUG PrimaryStageWindow   - GameScene <- DialogSubScene
17:57:28.059 [JavaFX Application Thread] DEBUG AudioPlayer          - Playing music com.almasb.fxgl.audio.Music@70083c93
17:57:28.617 [JavaFX Application Thread] DEBUG AudioPlayer          - Playing music com.almasb.fxgl.audio.Music@70083c93
17:57:30.074 [JavaFX Application Thread] DEBUG AudioPlayer          - Playing music com.almasb.fxgl.audio.Music@70083c93
17:57:31.227 [JavaFX Application Thread] DEBUG AudioPlayer          - Playing music com.almasb.fxgl.audio.Music@70083c93
17:57:31.948 [JavaFX Application Thread] DEBUG PrimaryStageWindow   - Push state: DialogSubScene
17:57:31.949 [JavaFX Application Thread] DEBUG Input                - Clearing active input actions
17:57:31.949 [JavaFX Application Thread] DEBUG GameApplicationServi - Removing overlay from GameScene and adding to DialogSubScene
17:57:31.949 [JavaFX Application Thread] DEBUG PrimaryStageWindow   - GameScene -> DialogSubScene
17:57:34.279 [JavaFX Application Thread] DEBUG PrimaryStageWindow   - Pop state: DialogSubScene
17:57:34.279 [JavaFX Application Thread] DEBUG Input                - Clearing active input actions
17:57:34.279 [JavaFX Application Thread] DEBUG GameApplicationServi - Removing overlay from DialogSubScene and adding to GameScene
17:57:34.280 [JavaFX Application Thread] DEBUG PrimaryStageWindow   - GameScene <- DialogSubScene
17:57:35.180 [JavaFX Application Thread] DEBUG AudioPlayer          - Playing music com.almasb.fxgl.audio.Music@70083c93
17:57:35.327 [JavaFX Application Thread] DEBUG AudioPlayer          - Playing music com.almasb.fxgl.audio.Music@70083c93
17:57:35.520 [JavaFX Application Thread] DEBUG AudioPlayer          - Playing music com.almasb.fxgl.audio.Music@70083c93
17:57:36.190 [JavaFX Application Thread] DEBUG AudioPlayer          - Playing music com.almasb.fxgl.audio.Music@70083c93
17:57:36.237 [JavaFX Application Thread] DEBUG AudioPlayer          - Playing music com.almasb.fxgl.audio.Music@70083c93
17:57:36.300 [JavaFX Application Thread] DEBUG AudioPlayer          - Playing music com.almasb.fxgl.audio.Music@70083c93
17:57:38.354 [JavaFX Application Thread] DEBUG PrimaryStageWindow   - Push state: InGameMenuScene
17:57:38.355 [JavaFX Application Thread] DEBUG Input                - Clearing active input actions
17:57:38.357 [JavaFX Application Thread] DEBUG GameApplicationServi - Removing overlay from GameScene and adding to InGameMenuScene
17:57:38.357 [JavaFX Application Thread] DEBUG PrimaryStageWindow   - GameScene -> InGameMenuScene
17:57:39.288 [JavaFX Application Thread] DEBUG Menu                 - fireExitToMainMenu()
17:57:39.289 [JavaFX Application Thread] DEBUG PrimaryStageWindow   - Push state: DialogSubScene
17:57:39.289 [JavaFX Application Thread] DEBUG Input                - Clearing active input actions
17:57:39.289 [JavaFX Application Thread] DEBUG GameApplicationServi - Removing overlay from InGameMenuScene and adding to DialogSubScene
17:57:39.289 [JavaFX Application Thread] DEBUG PrimaryStageWindow   - InGameMenuScene -> DialogSubScene
17:57:39.916 [JavaFX Application Thread] DEBUG PrimaryStageWindow   - Pop state: DialogSubScene
17:57:39.916 [JavaFX Application Thread] DEBUG Input                - Clearing active input actions
17:57:39.916 [JavaFX Application Thread] DEBUG GameApplicationServi - Removing overlay from DialogSubScene and adding to InGameMenuScene
17:57:39.917 [JavaFX Application Thread] DEBUG PrimaryStageWindow   - InGameMenuScene <- DialogSubScene
17:57:39.917 [JavaFX Application Thread] DEBUG PrimaryStageWindow   - Pop state: InGameMenuScene
17:57:39.917 [JavaFX Application Thread] DEBUG Input                - Clearing active input actions
17:57:39.917 [JavaFX Application Thread] DEBUG GameApplicationServi - Removing overlay from InGameMenuScene and adding to GameScene
17:57:39.917 [JavaFX Application Thread] DEBUG PrimaryStageWindow   - GameScene <- InGameMenuScene
17:57:39.917 [JavaFX Application Thread] DEBUG Input                - Clearing active input actions
17:57:39.920 [JavaFX Application Thread] DEBUG GameApplicationServi - Removing overlay from GameScene and adding to FXGLMainMenuDummyScene
17:57:39.920 [JavaFX Application Thread] DEBUG PrimaryStageWindow   - GameScene -> FXGLMainMenuDummyScene
17:57:39.920 [JavaFX Application Thread] DEBUG PrimaryStageWindow   - Push state: MainMenuScene
17:57:39.920 [JavaFX Application Thread] DEBUG Input                - Clearing active input actions
17:57:39.920 [JavaFX Application Thread] DEBUG GameApplicationServi - Removing overlay from FXGLMainMenuDummyScene and adding to MainMenuScene
17:57:39.920 [JavaFX Application Thread] DEBUG PrimaryStageWindow   - FXGLMainMenuDummyScene -> MainMenuScene
17:57:39.920 [JavaFX Application Thread] DEBUG AudioPlayer          - Playing music com.almasb.fxgl.audio.Music@70083c93
17:57:40.338 [JavaFX Application Thread] DEBUG AudioPlayer          - Playing music com.almasb.fxgl.audio.Music@70083c93
17:57:40.451 [JavaFX Application Thread] DEBUG AudioPlayer          - Playing music com.almasb.fxgl.audio.Music@70083c93
17:57:40.945 [JavaFX Application Thread] DEBUG Menu                 - fireNewGame()
17:57:40.945 [JavaFX Application Thread] DEBUG GameApplicationServi - Starting new game
17:57:40.945 [JavaFX Application Thread] DEBUG PrimaryStageWindow   - Pop state: MainMenuScene
17:57:40.945 [JavaFX Application Thread] DEBUG Input                - Clearing active input actions
17:57:40.946 [JavaFX Application Thread] DEBUG GameApplicationServi - Removing overlay from MainMenuScene and adding to FXGLMainMenuDummyScene
17:57:40.946 [JavaFX Application Thread] DEBUG PrimaryStageWindow   - FXGLMainMenuDummyScene <- MainMenuScene
17:57:40.946 [JavaFX Application Thread] DEBUG Input                - Clearing active input actions
17:57:40.950 [JavaFX Application Thread] DEBUG GameApplicationServi - Removing overlay from FXGLMainMenuDummyScene and adding to FXGLLoadingScene
17:57:40.950 [JavaFX Application Thread] DEBUG PrimaryStageWindow   - FXGLMainMenuDummyScene -> FXGLLoadingScene
17:57:40.950 [JavaFX Application Thread] DEBUG GameApplicationServi - Clearing previous game
17:57:40.950 [JavaFX Application Thread] DEBUG GameScene            - Clearing game scene
17:57:40.950 [JavaFX Application Thread] DEBUG GameWorld            - Clearing game world
17:57:40.951 [JavaFX Application Thread] DEBUG PhysicsWorld         - Clearing physics world
17:57:40.951 [FXGL Background Thread 2 ] DEBUG FXGLApplication      - Initializing game
17:57:40.953 [FXGL Background Thread 2 ] INFO  FXGLApplication      - Game initialization took: 0.003 sec
17:57:40.954 [JavaFX Application Thread] DEBUG Input                - Clearing active input actions
17:57:40.957 [JavaFX Application Thread] DEBUG GameApplicationServi - Removing overlay from FXGLLoadingScene and adding to GameScene
17:57:40.957 [JavaFX Application Thread] DEBUG PrimaryStageWindow   - FXGLLoadingScene -> GameScene
17:57:46.695 [JavaFX Application Thread] DEBUG AudioPlayer          - Playing music com.almasb.fxgl.audio.Music@70083c93
17:57:47.909 [JavaFX Application Thread] DEBUG AudioPlayer          - Playing music com.almasb.fxgl.audio.Music@70083c93
17:57:49.058 [JavaFX Application Thread] DEBUG AudioPlayer          - Playing music com.almasb.fxgl.audio.Music@70083c93
17:57:49.932 [JavaFX Application Thread] DEBUG PrimaryStageWindow   - Push state: DialogSubScene
17:57:49.932 [JavaFX Application Thread] DEBUG Input                - Clearing active input actions
17:57:49.932 [JavaFX Application Thread] DEBUG GameApplicationServi - Removing overlay from GameScene and adding to DialogSubScene
17:57:49.932 [JavaFX Application Thread] DEBUG PrimaryStageWindow   - GameScene -> DialogSubScene
17:57:51.756 [JavaFX Application Thread] DEBUG PrimaryStageWindow   - Pop state: DialogSubScene
17:57:51.756 [JavaFX Application Thread] DEBUG Input                - Clearing active input actions
17:57:51.756 [JavaFX Application Thread] DEBUG GameApplicationServi - Removing overlay from DialogSubScene and adding to GameScene
17:57:51.756 [JavaFX Application Thread] DEBUG PrimaryStageWindow   - GameScene <- DialogSubScene
17:58:00.553 [JavaFX Application Thread] DEBUG AudioPlayer          - Playing music com.almasb.fxgl.audio.Music@70083c93
17:58:03.669 [JavaFX Application Thread] DEBUG PrimaryStageWindow   - Push state: DialogSubScene
17:58:03.669 [JavaFX Application Thread] DEBUG Input                - Clearing active input actions
17:58:03.670 [JavaFX Application Thread] DEBUG GameApplicationServi - Removing overlay from GameScene and adding to DialogSubScene
17:58:03.670 [JavaFX Application Thread] DEBUG PrimaryStageWindow   - GameScene -> DialogSubScene
17:58:04.768 [JavaFX Application Thread] DEBUG PrimaryStageWindow   - Pop state: DialogSubScene
17:58:04.768 [JavaFX Application Thread] DEBUG Input                - Clearing active input actions
17:58:04.768 [JavaFX Application Thread] DEBUG GameApplicationServi - Removing overlay from DialogSubScene and adding to GameScene
17:58:04.768 [JavaFX Application Thread] DEBUG PrimaryStageWindow   - GameScene <- DialogSubScene
17:58:09.136 [JavaFX Application Thread] DEBUG AudioPlayer          - Playing music com.almasb.fxgl.audio.Music@70083c93
17:58:10.284 [JavaFX Application Thread] DEBUG AudioPlayer          - Playing music com.almasb.fxgl.audio.Music@70083c93
17:58:12.533 [JavaFX Application Thread] DEBUG AudioPlayer          - Playing music com.almasb.fxgl.audio.Music@70083c93
17:58:13.689 [JavaFX Application Thread] DEBUG AudioPlayer          - Playing music com.almasb.fxgl.audio.Music@70083c93
17:58:13.928 [JavaFX Application Thread] DEBUG PrimaryStageWindow   - Push state: DialogSubScene
17:58:13.928 [JavaFX Application Thread] DEBUG Input                - Clearing active input actions
17:58:13.928 [JavaFX Application Thread] DEBUG GameApplicationServi - Removing overlay from GameScene and adding to DialogSubScene
17:58:13.928 [JavaFX Application Thread] DEBUG PrimaryStageWindow   - GameScene -> DialogSubScene
17:58:14.599 [JavaFX Application Thread] DEBUG PrimaryStageWindow   - Pop state: DialogSubScene
17:58:14.599 [JavaFX Application Thread] DEBUG Input                - Clearing active input actions
17:58:14.600 [JavaFX Application Thread] DEBUG GameApplicationServi - Removing overlay from DialogSubScene and adding to GameScene
17:58:14.600 [JavaFX Application Thread] DEBUG PrimaryStageWindow   - GameScene <- DialogSubScene
17:58:14.830 [JavaFX Application Thread] DEBUG PrimaryStageWindow   - Push state: DialogSubScene
17:58:14.831 [JavaFX Application Thread] DEBUG Input                - Clearing active input actions
17:58:14.831 [JavaFX Application Thread] DEBUG GameApplicationServi - Removing overlay from GameScene and adding to DialogSubScene
17:58:14.831 [JavaFX Application Thread] DEBUG PrimaryStageWindow   - GameScene -> DialogSubScene
17:58:15.509 [JavaFX Application Thread] DEBUG PrimaryStageWindow   - Pop state: DialogSubScene
17:58:15.509 [JavaFX Application Thread] DEBUG Input                - Clearing active input actions
17:58:15.509 [JavaFX Application Thread] DEBUG GameApplicationServi - Removing overlay from DialogSubScene and adding to GameScene
17:58:15.510 [JavaFX Application Thread] DEBUG PrimaryStageWindow   - GameScene <- DialogSubScene
17:58:24.918 [JavaFX Application Thread] DEBUG PrimaryStageWindow   - Push state: InGameMenuScene
17:58:24.918 [JavaFX Application Thread] DEBUG Input                - Clearing active input actions
17:58:24.922 [JavaFX Application Thread] DEBUG GameApplicationServi - Removing overlay from GameScene and adding to InGameMenuScene
17:58:24.922 [JavaFX Application Thread] DEBUG PrimaryStageWindow   - GameScene -> InGameMenuScene
17:58:26.112 [JavaFX Application Thread] DEBUG Menu                 - fireExitToMainMenu()
17:58:26.113 [JavaFX Application Thread] DEBUG PrimaryStageWindow   - Push state: DialogSubScene
17:58:26.113 [JavaFX Application Thread] DEBUG Input                - Clearing active input actions
17:58:26.113 [JavaFX Application Thread] DEBUG GameApplicationServi - Removing overlay from InGameMenuScene and adding to DialogSubScene
17:58:26.113 [JavaFX Application Thread] DEBUG PrimaryStageWindow   - InGameMenuScene -> DialogSubScene
17:58:27.037 [JavaFX Application Thread] DEBUG PrimaryStageWindow   - Pop state: DialogSubScene
17:58:27.037 [JavaFX Application Thread] DEBUG Input                - Clearing active input actions
17:58:27.037 [JavaFX Application Thread] DEBUG GameApplicationServi - Removing overlay from DialogSubScene and adding to InGameMenuScene
17:58:27.038 [JavaFX Application Thread] DEBUG PrimaryStageWindow   - InGameMenuScene <- DialogSubScene
17:58:27.038 [JavaFX Application Thread] DEBUG PrimaryStageWindow   - Pop state: InGameMenuScene
17:58:27.038 [JavaFX Application Thread] DEBUG Input                - Clearing active input actions
17:58:27.038 [JavaFX Application Thread] DEBUG GameApplicationServi - Removing overlay from InGameMenuScene and adding to GameScene
17:58:27.038 [JavaFX Application Thread] DEBUG PrimaryStageWindow   - GameScene <- InGameMenuScene
17:58:27.038 [JavaFX Application Thread] DEBUG Input                - Clearing active input actions
17:58:27.040 [JavaFX Application Thread] DEBUG GameApplicationServi - Removing overlay from GameScene and adding to FXGLMainMenuDummyScene
17:58:27.041 [JavaFX Application Thread] DEBUG PrimaryStageWindow   - GameScene -> FXGLMainMenuDummyScene
17:58:27.041 [JavaFX Application Thread] DEBUG PrimaryStageWindow   - Push state: MainMenuScene
17:58:27.041 [JavaFX Application Thread] DEBUG Input                - Clearing active input actions
17:58:27.041 [JavaFX Application Thread] DEBUG GameApplicationServi - Removing overlay from FXGLMainMenuDummyScene and adding to MainMenuScene
17:58:27.041 [JavaFX Application Thread] DEBUG PrimaryStageWindow   - FXGLMainMenuDummyScene -> MainMenuScene
17:58:27.041 [JavaFX Application Thread] DEBUG AudioPlayer          - Playing music com.almasb.fxgl.audio.Music@70083c93
17:58:27.342 [JavaFX Application Thread] DEBUG AudioPlayer          - Playing music com.almasb.fxgl.audio.Music@70083c93
17:58:29.221 [JavaFX Application Thread] DEBUG AudioPlayer          - Playing music com.almasb.fxgl.audio.Music@70083c93
17:58:29.455 [JavaFX Application Thread] DEBUG AudioPlayer          - Playing music com.almasb.fxgl.audio.Music@70083c93
17:58:30.159 [JavaFX Application Thread] DEBUG AudioPlayer          - Playing music com.almasb.fxgl.audio.Music@70083c93
17:58:52.133 [JavaFX Application Thread] DEBUG AudioPlayer          - Playing music com.almasb.fxgl.audio.Music@70083c93
17:58:52.958 [JavaFX Application Thread] DEBUG Menu                 - fireNewGame()
17:58:52.958 [JavaFX Application Thread] DEBUG GameApplicationServi - Starting new game
17:58:52.958 [JavaFX Application Thread] DEBUG PrimaryStageWindow   - Pop state: MainMenuScene
17:58:52.958 [JavaFX Application Thread] DEBUG Input                - Clearing active input actions
17:58:52.958 [JavaFX Application Thread] DEBUG GameApplicationServi - Removing overlay from MainMenuScene and adding to FXGLMainMenuDummyScene
17:58:52.959 [JavaFX Application Thread] DEBUG PrimaryStageWindow   - FXGLMainMenuDummyScene <- MainMenuScene
17:58:52.959 [JavaFX Application Thread] DEBUG Input                - Clearing active input actions
17:58:52.962 [JavaFX Application Thread] DEBUG GameApplicationServi - Removing overlay from FXGLMainMenuDummyScene and adding to FXGLLoadingScene
17:58:52.962 [JavaFX Application Thread] DEBUG PrimaryStageWindow   - FXGLMainMenuDummyScene -> FXGLLoadingScene
17:58:52.962 [JavaFX Application Thread] DEBUG GameApplicationServi - Clearing previous game
17:58:52.962 [JavaFX Application Thread] DEBUG GameScene            - Clearing game scene
17:58:52.962 [JavaFX Application Thread] DEBUG GameWorld            - Clearing game world
17:58:52.963 [JavaFX Application Thread] DEBUG PhysicsWorld         - Clearing physics world
17:58:52.964 [FXGL Background Thread 5 ] DEBUG FXGLApplication      - Initializing game
17:58:52.975 [FXGL Background Thread 5 ] INFO  FXGLApplication      - Game initialization took: 0.011 sec
17:58:52.976 [JavaFX Application Thread] DEBUG Input                - Clearing active input actions
17:58:52.978 [JavaFX Application Thread] DEBUG GameApplicationServi - Removing overlay from FXGLLoadingScene and adding to GameScene
17:58:52.978 [JavaFX Application Thread] DEBUG PrimaryStageWindow   - FXGLLoadingScene -> GameScene
17:59:26.323 [JavaFX Application Thread] DEBUG AudioPlayer          - Playing music com.almasb.fxgl.audio.Music@70083c93
17:59:31.031 [JavaFX Application Thread] DEBUG AudioPlayer          - Playing music com.almasb.fxgl.audio.Music@70083c93
17:59:31.142 [JavaFX Application Thread] DEBUG AudioPlayer          - Playing music com.almasb.fxgl.audio.Music@70083c93
17:59:31.273 [JavaFX Application Thread] DEBUG AudioPlayer          - Playing music com.almasb.fxgl.audio.Music@70083c93
17:59:31.735 [JavaFX Application Thread] DEBUG AudioPlayer          - Playing music com.almasb.fxgl.audio.Music@70083c93
17:59:42.662 [JavaFX Application Thread] DEBUG AudioPlayer          - Playing music com.almasb.fxgl.audio.Music@70083c93
17:59:42.925 [JavaFX Application Thread] DEBUG AudioPlayer          - Playing music com.almasb.fxgl.audio.Music@70083c93
17:59:42.984 [JavaFX Application Thread] DEBUG AudioPlayer          - Playing music com.almasb.fxgl.audio.Music@70083c93
17:59:45.367 [JavaFX Application Thread] DEBUG AudioPlayer          - Playing music com.almasb.fxgl.audio.Music@70083c93
17:59:45.872 [JavaFX Application Thread] DEBUG AudioPlayer          - Playing music com.almasb.fxgl.audio.Music@70083c93
17:59:46.032 [JavaFX Application Thread] DEBUG AudioPlayer          - Playing music com.almasb.fxgl.audio.Music@70083c93
17:59:48.026 [JavaFX Application Thread] DEBUG PrimaryStageWindow   - Push state: InGameMenuScene
17:59:48.026 [JavaFX Application Thread] DEBUG Input                - Clearing active input actions
17:59:48.029 [JavaFX Application Thread] DEBUG GameApplicationServi - Removing overlay from GameScene and adding to InGameMenuScene
17:59:48.029 [JavaFX Application Thread] DEBUG PrimaryStageWindow   - GameScene -> InGameMenuScene
17:59:49.119 [JavaFX Application Thread] DEBUG Menu                 - fireExitToMainMenu()
17:59:49.119 [JavaFX Application Thread] DEBUG PrimaryStageWindow   - Push state: DialogSubScene
17:59:49.120 [JavaFX Application Thread] DEBUG Input                - Clearing active input actions
17:59:49.120 [JavaFX Application Thread] DEBUG GameApplicationServi - Removing overlay from InGameMenuScene and adding to DialogSubScene
17:59:49.120 [JavaFX Application Thread] DEBUG PrimaryStageWindow   - InGameMenuScene -> DialogSubScene
17:59:49.985 [JavaFX Application Thread] DEBUG PrimaryStageWindow   - Pop state: DialogSubScene
17:59:49.985 [JavaFX Application Thread] DEBUG Input                - Clearing active input actions
17:59:49.985 [JavaFX Application Thread] DEBUG GameApplicationServi - Removing overlay from DialogSubScene and adding to InGameMenuScene
17:59:49.986 [JavaFX Application Thread] DEBUG PrimaryStageWindow   - InGameMenuScene <- DialogSubScene
17:59:49.986 [JavaFX Application Thread] DEBUG PrimaryStageWindow   - Pop state: InGameMenuScene
17:59:49.986 [JavaFX Application Thread] DEBUG Input                - Clearing active input actions
17:59:49.986 [JavaFX Application Thread] DEBUG GameApplicationServi - Removing overlay from InGameMenuScene and adding to GameScene
17:59:49.986 [JavaFX Application Thread] DEBUG PrimaryStageWindow   - GameScene <- InGameMenuScene
17:59:49.986 [JavaFX Application Thread] DEBUG Input                - Clearing active input actions
17:59:49.988 [JavaFX Application Thread] DEBUG GameApplicationServi - Removing overlay from GameScene and adding to FXGLMainMenuDummyScene
17:59:49.988 [JavaFX Application Thread] DEBUG PrimaryStageWindow   - GameScene -> FXGLMainMenuDummyScene
17:59:49.988 [JavaFX Application Thread] DEBUG PrimaryStageWindow   - Push state: MainMenuScene
17:59:49.989 [JavaFX Application Thread] DEBUG Input                - Clearing active input actions
17:59:49.989 [JavaFX Application Thread] DEBUG GameApplicationServi - Removing overlay from FXGLMainMenuDummyScene and adding to MainMenuScene
17:59:49.989 [JavaFX Application Thread] DEBUG PrimaryStageWindow   - FXGLMainMenuDummyScene -> MainMenuScene
17:59:50.111 [JavaFX Application Thread] DEBUG AudioPlayer          - Playing music com.almasb.fxgl.audio.Music@70083c93
17:59:56.162 [JavaFX Application Thread] DEBUG AudioPlayer          - Playing music com.almasb.fxgl.audio.Music@70083c93
17:59:56.814 [JavaFX Application Thread] DEBUG AudioPlayer          - Playing music com.almasb.fxgl.audio.Music@70083c93
17:59:56.901 [JavaFX Application Thread] DEBUG AudioPlayer          - Playing music com.almasb.fxgl.audio.Music@70083c93
18:00:14.595 [JavaFX Application Thread] DEBUG FXGLApplication      - Exiting FXGL
18:00:14.595 [JavaFX Application Thread] DEBUG LoopRunner           - Stopping loop
18:00:14.595 [JavaFX Application Thread] DEBUG SystemBundleService  - Saving FXGL system data
18:00:14.597 [JavaFX Application Thread] DEBUG FileSystemAccess     - Writing to: E:\G2\java\final_project\team_project_1124\javaA-xiangqi-project-main\system\fxgl.bundle
18:00:14.599 [JavaFX Application Thread] DEBUG Async                - Shutting down background threads
18:00:14.600 [JavaFX Application Thread] DEBUG PrimaryStageWindow   - Closing main window
18:00:14.666 [JavaFX Application Thread] DEBUG Logger               - Closing Logger
