23:12:55.504 [main                     ] DEBUG Logger               - Configured Logger
23:12:55.522 [main                     ] DEBUG GameApplication      - Logging settings
Title: 中国象棋 1.0
Version: 1.0
Width: 1316
Height: 1007
Fullscreen: false
Intro: false
Profiling: false
Single step:false
App Mode: DEVELOPER
Menu Key: ESCAPE
Stage Style: DECORATED
Scene Factory: class edu.sustech.xiangqi.XiangQiApp$1

23:12:55.915 [JavaFX Application Thread] DEBUG FXGLApplication      - Initializing FXGL
23:12:55.916 [JavaFX Application Thread] INFO  Engine               - FXGL-21.1 (27.03.2024 07.52) on WINDOWS (J:23.0.1 FX:21.0.1)
23:12:55.917 [JavaFX Application Thread] DEBUG Engine               - JRE Vendor Name: Oracle Corporation
23:12:55.917 [JavaFX Application Thread] DEBUG Engine               - Running on OS: Windows 11 version 10.0
23:12:55.917 [JavaFX Application Thread] DEBUG Engine               - Architecture: amd64
23:12:55.917 [JavaFX Application Thread] INFO  Engine               - Source code and latest versions at: https://github.com/AlmasB/FXGL
23:12:55.917 [JavaFX Application Thread] INFO  Engine               -       Ask questions and discuss at: https://github.com/AlmasB/FXGL/discussions
23:12:55.917 [JavaFX Application Thread] INFO  Engine               -              Join the FXGL chat at: https://gitter.im/AlmasB/FXGL
23:12:55.970 [JavaFX Application Thread] DEBUG PrimaryStageWindow   - Creating a JavaFX scene
23:12:55.997 [JavaFX Application Thread] DEBUG PrimaryStageWindow   - Target settings size: 1316.0 x 1007.0
23:12:55.997 [JavaFX Application Thread] DEBUG PrimaryStageWindow   - Scaled scene size:    1316.0 x 1007.0
23:12:55.997 [JavaFX Application Thread] DEBUG PrimaryStageWindow   - Scaled ratio: (1.0, 1.0)
23:12:55.998 [JavaFX Application Thread] DEBUG PrimaryStageWindow   - Set initial scene to FXGLStartupScene
23:12:56.000 [JavaFX Application Thread] DEBUG PrimaryStageWindow   - Opening main window
23:12:56.083 [JavaFX Application Thread] DEBUG PrimaryStageWindow   - Window border size: (14.6666259765625, 37.6666259765625)
23:12:56.083 [JavaFX Application Thread] DEBUG PrimaryStageWindow   - Scaled size: 1316.0 x 1007.0
23:12:56.084 [JavaFX Application Thread] DEBUG PrimaryStageWindow   - Scaled ratio: (1.0, 1.0)
23:12:56.084 [JavaFX Application Thread] DEBUG PrimaryStageWindow   - Scene size: 1316.0 x 1007.0
23:12:56.084 [JavaFX Application Thread] DEBUG PrimaryStageWindow   - Stage size: 1330.6666259765625 x 1044.6666259765625
23:12:56.089 [FXGL Background Thread 1 ] DEBUG Engine               - Initializing environment variables
23:12:56.127 [FXGL Background Thread 1 ] DEBUG FXGLAssetLoaderServi - User app class for loading assets: class edu.sustech.xiangqi.XiangQiApp
23:12:56.127 [FXGL Background Thread 1 ] DEBUG GameApplicationServi - Applying CSS: fxgl_dark.css
23:12:56.128 [FXGL Background Thread 1 ] DEBUG FXGLAssetLoaderServi - Loading from file system: jar:file:/C:/Users/20140/.m2/repository/com/github/almasb/fxgl/21.1/fxgl-21.1.jar!/fxglassets/ui/css/fxgl_dark.css
23:12:56.157 [FXGL Background Thread 1 ] DEBUG GameApplicationServi - Initializing application scenes
23:12:56.216 [FXGL Background Thread 1 ] DEBUG GameWorld            - Game world initialized
23:12:56.273 [FXGL Background Thread 1 ] DEBUG PhysicsWorld         - Physics world initialized: appHeight=1007, physics.ppm=50.0
23:12:56.274 [FXGL Background Thread 1 ] DEBUG PhysicsWorld         - Using strategy: BRUTE_FORCE
23:12:56.278 [FXGL Background Thread 1 ] DEBUG GameScene            - Game scene initialized: 1316x1007
23:12:56.285 [FXGL Background Thread 1 ] DEBUG FXGLAssetLoaderServi - Loading from file system: file:/D:/Github/javaA-xiangqi-project-main-yxh-1125/target/classes/assets/ui/fonts/HYPixel11pxU-2.ttf
23:12:56.308 [FXGL Background Thread 1 ] DEBUG FXGLAssetLoaderServi - Loading from file system: file:/D:/Github/javaA-xiangqi-project-main-yxh-1125/target/classes/assets/textures/Button1.png
23:12:56.320 [FXGL Background Thread 1 ] DEBUG FXGLAssetLoaderServi - Loading from file system: file:/D:/Github/javaA-xiangqi-project-main-yxh-1125/target/classes/assets/textures/Press.png
23:12:56.351 [FXGL Background Thread 1 ] DEBUG GameApplicationServi - Application scenes initialized
23:12:56.359 [FXGL Background Thread 1 ] DEBUG SystemBundleService  - Loading FXGL system data
23:12:56.360 [FXGL Background Thread 1 ] DEBUG FileSystemAccess     - Reading from: D:\Github\javaA-xiangqi-project-main-yxh-1125\system\fxgl.bundle
23:12:56.361 [FXGL Background Thread 1 ] DEBUG SystemBundleService  - Bundle FXGL: {}
23:12:56.361 [FXGL Background Thread 1 ] DEBUG UpdaterService       - Checking for updates
23:12:56.368 [FXGL Background Thread 4 ] DEBUG FXGLApplication      - Loading fonts
23:12:56.370 [FXGL Background Thread 4 ] DEBUG FXGLAssetLoaderServi - Loading from file system: jar:file:/C:/Users/20140/.m2/repository/com/github/almasb/fxgl/21.1/fxgl-21.1.jar!/fxglassets/ui/fonts/VarelaRound-Regular.ttf
23:12:56.370 [FXGL Background Thread 1 ] DEBUG FXGLApplication      - Loading default localization
23:12:56.371 [FXGL Background Thread 1 ] DEBUG FXGLAssetLoaderServi - Loading from file system: jar:file:/C:/Users/20140/.m2/repository/com/github/almasb/fxgl/21.1/fxgl-21.1.jar!/fxglassets/languages/english.lang
23:12:56.381 [FXGL Background Thread 4 ] DEBUG FXGLAssetLoaderServi - Loading from file system: jar:file:/C:/Users/20140/.m2/repository/com/github/almasb/fxgl/21.1/fxgl-21.1.jar!/fxglassets/ui/fonts/Abel-Regular.ttf
23:12:56.390 [FXGL Background Thread 4 ] DEBUG FXGLAssetLoaderServi - Loading from file system: jar:file:/C:/Users/20140/.m2/repository/com/github/almasb/fxgl/21.1/fxgl-21.1.jar!/fxglassets/ui/fonts/TerminalLandMono-Regular.otf
23:12:56.398 [FXGL Background Thread 4 ] DEBUG FXGLAssetLoaderServi - Loading from file system: jar:file:/C:/Users/20140/.m2/repository/com/github/almasb/fxgl/21.1/fxgl-21.1.jar!/fxglassets/ui/fonts/Courier-Prime.ttf
23:12:56.408 [JavaFX Application Thread] DEBUG FXGLApplication      - Registering font factories with UI factory
23:12:56.416 [FXGL Background Thread 1 ] INFO  FXGLApplication      - FXGL initialization took: 0.327 sec
23:12:56.425 [JavaFX Application Thread] DEBUG Input                - Registered new binding: Click - LMB
23:12:56.425 [JavaFX Application Thread] DEBUG FXGLAssetLoaderServi - Loading from file system: jar:file:/C:/Users/20140/.m2/repository/com/github/almasb/fxgl/21.1/fxgl-21.1.jar!/fxglassets/textures/fxgl_icon.png
23:12:56.443 [JavaFX Application Thread] DEBUG FXGLAssetLoaderServi - Loading from file system: jar:file:/C:/Users/20140/.m2/repository/com/github/almasb/fxgl/21.1/fxgl-21.1.jar!/fxglassets/textures/fxgl_default_cursor.png
23:12:56.456 [JavaFX Application Thread] DEBUG Input                - Registered new binding: Screenshot - CTRL+8
23:12:56.457 [JavaFX Application Thread] DEBUG Input                - Registered new binding: System info dump - CTRL+9
23:12:56.458 [JavaFX Application Thread] DEBUG Input                - Registered new binding: Restart - CTRL+R
23:12:56.460 [JavaFX Application Thread] DEBUG Input                - Registered new binding: Toggle Debug Camera - CTRL+7
23:12:56.467 [JavaFX Application Thread] DEBUG LoopRunner           - Starting loop
23:12:56.467 [JavaFX Application Thread] DEBUG LoopRunner           - Initializing JavaFX AnimationTimerLoop
23:12:56.471 [JavaFX Application Thread] DEBUG Input                - Clearing active input actions
23:12:56.475 [JavaFX Application Thread] DEBUG GameApplicationServi - Removing overlay from FXGLStartupScene and adding to FXGLMainMenuDummyScene
23:12:56.475 [JavaFX Application Thread] DEBUG PrimaryStageWindow   - FXGLStartupScene -> FXGLMainMenuDummyScene
23:12:56.475 [JavaFX Application Thread] DEBUG PrimaryStageWindow   - Push state: MainMenuScene
23:12:56.476 [JavaFX Application Thread] DEBUG Input                - Clearing active input actions
23:12:56.482 [JavaFX Application Thread] DEBUG GameApplicationServi - Removing overlay from FXGLMainMenuDummyScene and adding to MainMenuScene
23:12:56.482 [JavaFX Application Thread] DEBUG PrimaryStageWindow   - FXGLMainMenuDummyScene -> MainMenuScene
23:12:56.497 [JavaFX Application Thread] DEBUG FXGLAssetLoaderServi - Loading from file system: file:/D:/Github/javaA-xiangqi-project-main-yxh-1125/target/classes/assets/music/%e6%8c%89%e9%92%ae%e9%9f%b3%e6%95%881.mp3
23:12:56.584 [JavaFX Application Thread] DEBUG AudioPlayer          - Playing music com.almasb.fxgl.audio.Music@36d21dc1
23:12:56.957 [JavaFX Application Thread] DEBUG AudioPlayer          - Playing music com.almasb.fxgl.audio.Music@36d21dc1
23:12:57.081 [JavaFX Application Thread] DEBUG Menu                 - fireNewGame()
23:12:57.081 [JavaFX Application Thread] DEBUG GameApplicationServi - Starting new game
23:12:57.081 [JavaFX Application Thread] DEBUG PrimaryStageWindow   - Pop state: MainMenuScene
23:12:57.081 [JavaFX Application Thread] DEBUG Input                - Clearing active input actions
23:12:57.082 [JavaFX Application Thread] DEBUG GameApplicationServi - Removing overlay from MainMenuScene and adding to FXGLMainMenuDummyScene
23:12:57.082 [JavaFX Application Thread] DEBUG PrimaryStageWindow   - FXGLMainMenuDummyScene <- MainMenuScene
23:12:57.082 [JavaFX Application Thread] DEBUG Input                - Clearing active input actions
23:12:57.088 [JavaFX Application Thread] DEBUG GameApplicationServi - Removing overlay from FXGLMainMenuDummyScene and adding to FXGLLoadingScene
23:12:57.088 [JavaFX Application Thread] DEBUG PrimaryStageWindow   - FXGLMainMenuDummyScene -> FXGLLoadingScene
23:12:57.088 [JavaFX Application Thread] DEBUG GameApplicationServi - Clearing previous game
23:12:57.088 [JavaFX Application Thread] DEBUG GameScene            - Clearing game scene
23:12:57.088 [JavaFX Application Thread] DEBUG GameWorld            - Clearing game world
23:12:57.088 [JavaFX Application Thread] DEBUG PhysicsWorld         - Clearing physics world
23:12:57.089 [FXGL Background Thread 1 ] DEBUG FXGLApplication      - Initializing game
23:12:57.101 [FXGL Background Thread 1 ] DEBUG FXGLAssetLoaderServi - Loading from file system: file:/D:/Github/javaA-xiangqi-project-main-yxh-1125/target/classes/assets/textures/%e8%83%8c%e6%99%af.jpg
23:12:57.163 [FXGL Background Thread 1 ] DEBUG FXGLAssetLoaderServi - Loading from file system: file:/D:/Github/javaA-xiangqi-project-main-yxh-1125/target/classes/assets/textures/ChessBoard.png
23:12:57.198 [FXGL Background Thread 1 ] DEBUG FXGLAssetLoaderServi - Loading from file system: file:/D:/Github/javaA-xiangqi-project-main-yxh-1125/target/classes/assets/textures/BlackChariot.png
23:12:57.212 [FXGL Background Thread 1 ] DEBUG FXGLAssetLoaderServi - Loading from file system: file:/D:/Github/javaA-xiangqi-project-main-yxh-1125/target/classes/assets/textures/BlackHorse.png
23:12:57.215 [FXGL Background Thread 1 ] DEBUG FXGLAssetLoaderServi - Loading from file system: file:/D:/Github/javaA-xiangqi-project-main-yxh-1125/target/classes/assets/textures/BlackElephant.png
23:12:57.216 [FXGL Background Thread 1 ] DEBUG FXGLAssetLoaderServi - Loading from file system: file:/D:/Github/javaA-xiangqi-project-main-yxh-1125/target/classes/assets/textures/BlackAdvisor.png
23:12:57.218 [FXGL Background Thread 1 ] DEBUG FXGLAssetLoaderServi - Loading from file system: file:/D:/Github/javaA-xiangqi-project-main-yxh-1125/target/classes/assets/textures/BlackGeneral.png
23:12:57.221 [FXGL Background Thread 1 ] DEBUG FXGLAssetLoaderServi - Loading from file system: file:/D:/Github/javaA-xiangqi-project-main-yxh-1125/target/classes/assets/textures/BlackCannon.png
23:12:57.223 [FXGL Background Thread 1 ] DEBUG FXGLAssetLoaderServi - Loading from file system: file:/D:/Github/javaA-xiangqi-project-main-yxh-1125/target/classes/assets/textures/BlackSoldier.png
23:12:57.226 [FXGL Background Thread 1 ] DEBUG FXGLAssetLoaderServi - Loading from file system: file:/D:/Github/javaA-xiangqi-project-main-yxh-1125/target/classes/assets/textures/RedSoldier.png
23:12:57.229 [FXGL Background Thread 1 ] DEBUG FXGLAssetLoaderServi - Loading from file system: file:/D:/Github/javaA-xiangqi-project-main-yxh-1125/target/classes/assets/textures/RedCannon.png
23:12:57.231 [FXGL Background Thread 1 ] DEBUG FXGLAssetLoaderServi - Loading from file system: file:/D:/Github/javaA-xiangqi-project-main-yxh-1125/target/classes/assets/textures/RedChariot.png
23:12:57.233 [FXGL Background Thread 1 ] DEBUG FXGLAssetLoaderServi - Loading from file system: file:/D:/Github/javaA-xiangqi-project-main-yxh-1125/target/classes/assets/textures/RedHorse.png
23:12:57.236 [FXGL Background Thread 1 ] DEBUG FXGLAssetLoaderServi - Loading from file system: file:/D:/Github/javaA-xiangqi-project-main-yxh-1125/target/classes/assets/textures/RedElephant.png
23:12:57.237 [FXGL Background Thread 1 ] DEBUG FXGLAssetLoaderServi - Loading from file system: file:/D:/Github/javaA-xiangqi-project-main-yxh-1125/target/classes/assets/textures/RedAdvisor.png
23:12:57.238 [FXGL Background Thread 1 ] DEBUG FXGLAssetLoaderServi - Loading from file system: file:/D:/Github/javaA-xiangqi-project-main-yxh-1125/target/classes/assets/textures/RedGeneral.png
23:12:57.242 [FXGL Background Thread 1 ] INFO  FXGLApplication      - Game initialization took: 0.154 sec
23:12:57.244 [JavaFX Application Thread] DEBUG Input                - Clearing active input actions
23:12:57.248 [JavaFX Application Thread] DEBUG GameApplicationServi - Removing overlay from FXGLLoadingScene and adding to GameScene
23:12:57.248 [JavaFX Application Thread] DEBUG PrimaryStageWindow   - FXGLLoadingScene -> GameScene
23:12:58.019 [JavaFX Application Thread] DEBUG FXGLAssetLoaderServi - Loading from file system: file:/D:/Github/javaA-xiangqi-project-main-yxh-1125/target/classes/assets/textures/%e9%80%89%e4%b8%ad.png
23:12:59.367 [FXGL Background Thread 3 ] DEBUG Engine               - Logging environment variables
23:12:59.367 [FXGL Background Thread 3 ] DEBUG Engine               - achievements: []
23:12:59.368 [FXGL Background Thread 3 ] DEBUG Engine               - actualHeight: 1007.0
23:12:59.368 [FXGL Background Thread 3 ] DEBUG Engine               - actualHeightProperty: ReadOnlyDoubleProperty [value: 1007.0]
23:12:59.368 [FXGL Background Thread 3 ] DEBUG Engine               - actualWidth: 1316.0
23:12:59.368 [FXGL Background Thread 3 ] DEBUG Engine               - actualWidthProperty: ReadOnlyDoubleProperty [value: 1316.0]
23:12:59.368 [FXGL Background Thread 3 ] DEBUG Engine               - appIcon: fxgl_icon.png
23:12:59.368 [FXGL Background Thread 3 ] DEBUG Engine               - applicationMode: DEVELOPER
23:12:59.368 [FXGL Background Thread 3 ] DEBUG Engine               - cSSList: [fxgl_dark.css]
23:12:59.368 [FXGL Background Thread 3 ] DEBUG Engine               - collisionDetectionStrategy: BRUTE_FORCE
23:12:59.368 [FXGL Background Thread 3 ] DEBUG Engine               - configClass: Optional.empty
23:12:59.368 [FXGL Background Thread 3 ] DEBUG Engine               - credits: []
23:12:59.370 [FXGL Background Thread 3 ] DEBUG Engine               - defaultCursor: CursorInfo(imageName=fxgl_default_cursor.png, hotspotX=7.0, hotspotY=6.0)
23:12:59.371 [FXGL Background Thread 3 ] DEBUG Engine               - devBBoxColorProperty: ObjectProperty [value: 0xff0000ff]
23:12:59.371 [FXGL Background Thread 3 ] DEBUG Engine               - devEnableDebugCameraProperty: BooleanProperty [value: false]
23:12:59.371 [FXGL Background Thread 3 ] DEBUG Engine               - devSensorColorProperty: ObjectProperty [value: 0xffff00ff]
23:12:59.371 [FXGL Background Thread 3 ] DEBUG Engine               - devShowBBoxProperty: BooleanProperty [value: false]
23:12:59.371 [FXGL Background Thread 3 ] DEBUG Engine               - devShowPositionProperty: BooleanProperty [value: false]
23:12:59.372 [FXGL Background Thread 3 ] DEBUG Engine               - enabledMenuItems: []
23:12:59.372 [FXGL Background Thread 3 ] DEBUG Engine               - engineServices: [class com.almasb.fxgl.app.services.FXGLAssetLoaderService, class com.almasb.fxgl.app.FXGLApplication$GameApplicationService, class com.almasb.fxgl.app.services.FXGLDialogService, class com.almasb.fxgl.app.services.IOTaskExecutorService, class com.almasb.fxgl.io.FileSystemService, class com.almasb.fxgl.localization.LocalizationService, class com.almasb.fxgl.app.services.SystemBundleService, class com.almasb.fxgl.profile.SaveLoadService, class com.almasb.fxgl.ui.FXGLUIFactoryServiceProvider, class com.almasb.fxgl.ui.FXGLDialogFactoryServiceProvider, class com.almasb.fxgl.audio.AudioPlayer, class com.almasb.fxgl.notification.impl.NotificationServiceProvider, class com.almasb.fxgl.achievement.AchievementService, class com.almasb.fxgl.cutscene.CutsceneService, class com.almasb.fxgl.minigames.MiniGameService, class com.almasb.fxgl.net.NetService, class com.almasb.fxgl.app.services.UpdaterService, class com.almasb.fxgl.dev.DevService]
23:12:59.372 [FXGL Background Thread 3 ] DEBUG Engine               - fontGame: Abel-Regular.ttf
23:12:59.372 [FXGL Background Thread 3 ] DEBUG Engine               - fontMono: TerminalLandMono-Regular.otf
23:12:59.372 [FXGL Background Thread 3 ] DEBUG Engine               - fontSizeScaleUI: 1.0
23:12:59.372 [FXGL Background Thread 3 ] DEBUG Engine               - fontText: Courier-Prime.ttf
23:12:59.372 [FXGL Background Thread 3 ] DEBUG Engine               - fontUI: VarelaRound-Regular.ttf
23:12:59.372 [FXGL Background Thread 3 ] DEBUG Engine               - fullScreen: BooleanProperty [value: false]
23:12:59.372 [FXGL Background Thread 3 ] DEBUG Engine               - gameDifficulty: MEDIUM
23:12:59.372 [FXGL Background Thread 3 ] DEBUG Engine               - gameDifficultyProperty: ObjectProperty [value: MEDIUM]
23:12:59.372 [FXGL Background Thread 3 ] DEBUG Engine               - globalMusicVolume: 0.5
23:12:59.372 [FXGL Background Thread 3 ] DEBUG Engine               - globalMusicVolumeProperty: DoubleProperty [value: 0.5]
23:12:59.372 [FXGL Background Thread 3 ] DEBUG Engine               - globalSoundVolume: 0.5
23:12:59.372 [FXGL Background Thread 3 ] DEBUG Engine               - globalSoundVolumeProperty: DoubleProperty [value: 0.5]
23:12:59.372 [FXGL Background Thread 3 ] DEBUG Engine               - height: 1007
23:12:59.372 [FXGL Background Thread 3 ] DEBUG Engine               - is3D: false
23:12:59.372 [FXGL Background Thread 3 ] DEBUG Engine               - isAndroid: false
23:12:59.372 [FXGL Background Thread 3 ] DEBUG Engine               - isBrowser: false
23:12:59.372 [FXGL Background Thread 3 ] DEBUG Engine               - isClickFeedbackEnabled: false
23:12:59.372 [FXGL Background Thread 3 ] DEBUG Engine               - isCloseConfirmation: false
23:12:59.372 [FXGL Background Thread 3 ] DEBUG Engine               - isDesktop: true
23:12:59.372 [FXGL Background Thread 3 ] DEBUG Engine               - isDeveloperMenuEnabled: false
23:12:59.372 [FXGL Background Thread 3 ] DEBUG Engine               - isEmbedded: false
23:12:59.372 [FXGL Background Thread 3 ] DEBUG Engine               - isEntityPreloadEnabled: true
23:12:59.372 [FXGL Background Thread 3 ] DEBUG Engine               - isExperimentalTiledLargeMap: false
23:12:59.372 [FXGL Background Thread 3 ] DEBUG Engine               - isFileSystemWriteAllowed: true
23:12:59.372 [FXGL Background Thread 3 ] DEBUG Engine               - isFullScreenAllowed: false
23:12:59.372 [FXGL Background Thread 3 ] DEBUG Engine               - isFullScreenFromStart: false
23:12:59.372 [FXGL Background Thread 3 ] DEBUG Engine               - isGameMenuEnabled: true
23:12:59.372 [FXGL Background Thread 3 ] DEBUG Engine               - isIOS: false
23:12:59.372 [FXGL Background Thread 3 ] DEBUG Engine               - isIntroEnabled: false
23:12:59.372 [FXGL Background Thread 3 ] DEBUG Engine               - isLinux: false
23:12:59.372 [FXGL Background Thread 3 ] DEBUG Engine               - isMac: false
23:12:59.373 [FXGL Background Thread 3 ] DEBUG Engine               - isMainMenuEnabled: true
23:12:59.373 [FXGL Background Thread 3 ] DEBUG Engine               - isManualResizeEnabled: false
23:12:59.373 [FXGL Background Thread 3 ] DEBUG Engine               - isMobile: false
23:12:59.373 [FXGL Background Thread 3 ] DEBUG Engine               - isNative: false
23:12:59.373 [FXGL Background Thread 3 ] DEBUG Engine               - isPauseMusicWhenMinimized: true
23:12:59.373 [FXGL Background Thread 3 ] DEBUG Engine               - isPreserveResizeRatio: false
23:12:59.373 [FXGL Background Thread 3 ] DEBUG Engine               - isProfilingEnabled: false
23:12:59.373 [FXGL Background Thread 3 ] DEBUG Engine               - isScaleAffectedOnResize: true
23:12:59.373 [FXGL Background Thread 3 ] DEBUG Engine               - isSingleStep: false
23:12:59.373 [FXGL Background Thread 3 ] DEBUG Engine               - isUserProfileEnabled: false
23:12:59.373 [FXGL Background Thread 3 ] DEBUG Engine               - isWindows: true
23:12:59.373 [FXGL Background Thread 3 ] DEBUG Engine               - language: ObjectProperty [value: ENGLISH]
23:12:59.373 [FXGL Background Thread 3 ] DEBUG Engine               - menuKey: ESCAPE
23:12:59.373 [FXGL Background Thread 3 ] DEBUG Engine               - mouseSensitivity: 0.2
23:12:59.373 [FXGL Background Thread 3 ] DEBUG Engine               - notificationViewClass: class com.almasb.fxgl.notification.view.XboxNotificationView
23:12:59.373 [FXGL Background Thread 3 ] DEBUG Engine               - pixelsPerMeter: 50.0
23:12:59.373 [FXGL Background Thread 3 ] DEBUG Engine               - platform: WINDOWS
23:12:59.373 [FXGL Background Thread 3 ] DEBUG Engine               - prefHeightProperty: ReadOnlyDoubleProperty [value: 1007.0]
23:12:59.373 [FXGL Background Thread 3 ] DEBUG Engine               - prefWidthProperty: ReadOnlyDoubleProperty [value: 1316.0]
23:12:59.373 [FXGL Background Thread 3 ] DEBUG Engine               - profileDir: profiles/
23:12:59.373 [FXGL Background Thread 3 ] DEBUG Engine               - profileName: StringProperty [value: DEFAULT]
23:12:59.373 [FXGL Background Thread 3 ] DEBUG Engine               - randomSeed: -1
23:12:59.373 [FXGL Background Thread 3 ] DEBUG Engine               - runtimeInfo: RuntimeInfo(platform=WINDOWS, version=21.1, build=27.03.2024 07.52)
23:12:59.373 [FXGL Background Thread 3 ] DEBUG Engine               - saveFileExt: sav
23:12:59.373 [FXGL Background Thread 3 ] DEBUG Engine               - scaledHeightProp$fxgl: DoubleProperty [bound, value: 1007.0]
23:12:59.373 [FXGL Background Thread 3 ] DEBUG Engine               - scaledWidthProp$fxgl: DoubleProperty [bound, value: 1316.0]
23:12:59.373 [FXGL Background Thread 3 ] DEBUG Engine               - sceneFactory: edu.sustech.xiangqi.XiangQiApp$1@547b37c8
23:12:59.373 [FXGL Background Thread 3 ] DEBUG Engine               - secondsIn24h: 60
23:12:59.373 [FXGL Background Thread 3 ] DEBUG Engine               - soundMenuBack: menu/back.wav
23:12:59.373 [FXGL Background Thread 3 ] DEBUG Engine               - soundMenuPress: menu/press.wav
23:12:59.373 [FXGL Background Thread 3 ] DEBUG Engine               - soundMenuSelect: menu/select.wav
23:12:59.373 [FXGL Background Thread 3 ] DEBUG Engine               - soundNotification: core/notification.wav
23:12:59.373 [FXGL Background Thread 3 ] DEBUG Engine               - stageStyle: DECORATED
23:12:59.373 [FXGL Background Thread 3 ] DEBUG Engine               - supportedLanguages: [ENGLISH, FRENCH, GERMAN, HUNGARIAN, RUSSIAN]
23:12:59.373 [FXGL Background Thread 3 ] DEBUG Engine               - ticksPerSecond: -1
23:12:59.373 [FXGL Background Thread 3 ] DEBUG Engine               - title: 中国象棋 1.0
23:12:59.373 [FXGL Background Thread 3 ] DEBUG Engine               - urlGithub: https://github.com/AlmasB/FXGL
23:12:59.373 [FXGL Background Thread 3 ] DEBUG Engine               - urlLeaderboard: http://fxgl-top.herokuapp.com/
23:12:59.373 [FXGL Background Thread 3 ] DEBUG Engine               - urlPOM: https://raw.githubusercontent.com/AlmasB/FXGL/release/README.md
23:12:59.374 [FXGL Background Thread 3 ] DEBUG Engine               - userAppClass: class edu.sustech.xiangqi.XiangQiApp
23:12:59.374 [FXGL Background Thread 3 ] DEBUG Engine               - version: 1.0
23:12:59.374 [FXGL Background Thread 3 ] DEBUG Engine               - versionCheckDays: 7
23:12:59.374 [FXGL Background Thread 3 ] DEBUG Engine               - width: 1316
23:12:59.374 [FXGL Background Thread 3 ] DEBUG Engine               - Logging services
23:12:59.374 [FXGL Background Thread 3 ] DEBUG Engine               - class com.almasb.fxgl.app.services.FXGLAssetLoaderService
23:12:59.374 [FXGL Background Thread 3 ] DEBUG Engine               - class com.almasb.fxgl.app.FXGLApplication$GameApplicationService
23:12:59.374 [FXGL Background Thread 3 ] DEBUG Engine               - class com.almasb.fxgl.app.services.FXGLDialogService
23:12:59.374 [FXGL Background Thread 3 ] DEBUG Engine               - class com.almasb.fxgl.app.services.IOTaskExecutorService
23:12:59.374 [FXGL Background Thread 3 ] DEBUG Engine               - class com.almasb.fxgl.io.FileSystemService
23:12:59.374 [FXGL Background Thread 3 ] DEBUG Engine               - class com.almasb.fxgl.localization.LocalizationService
23:12:59.374 [FXGL Background Thread 3 ] DEBUG Engine               - class com.almasb.fxgl.app.services.SystemBundleService
23:12:59.374 [FXGL Background Thread 3 ] DEBUG Engine               - class com.almasb.fxgl.profile.SaveLoadService
23:12:59.374 [FXGL Background Thread 3 ] DEBUG Engine               - class com.almasb.fxgl.ui.FXGLUIFactoryServiceProvider
23:12:59.374 [FXGL Background Thread 3 ] DEBUG Engine               - class com.almasb.fxgl.ui.FXGLDialogFactoryServiceProvider
23:12:59.374 [FXGL Background Thread 3 ] DEBUG Engine               - class com.almasb.fxgl.audio.AudioPlayer
23:12:59.374 [FXGL Background Thread 3 ] DEBUG Engine               - class com.almasb.fxgl.notification.impl.NotificationServiceProvider
23:12:59.374 [FXGL Background Thread 3 ] DEBUG Engine               - class com.almasb.fxgl.achievement.AchievementService
23:12:59.374 [FXGL Background Thread 3 ] DEBUG Engine               - class com.almasb.fxgl.cutscene.CutsceneService
23:12:59.374 [FXGL Background Thread 3 ] DEBUG Engine               - class com.almasb.fxgl.minigames.MiniGameService
23:12:59.374 [FXGL Background Thread 3 ] DEBUG Engine               - class com.almasb.fxgl.net.NetService
23:12:59.374 [FXGL Background Thread 3 ] DEBUG Engine               - class com.almasb.fxgl.app.services.UpdaterService
23:12:59.374 [FXGL Background Thread 3 ] DEBUG Engine               - class com.almasb.fxgl.dev.DevService
23:13:17.560 [FXGL Background Thread 2 ] WARN  UpdaterService       - Failed to find updates: java.net.ConnectException: Connection timed out: connect
23:18:41.461 [JavaFX Application Thread] DEBUG AudioPlayer          - Playing music com.almasb.fxgl.audio.Music@36d21dc1
23:18:41.634 [JavaFX Application Thread] DEBUG AudioPlayer          - Playing music com.almasb.fxgl.audio.Music@36d21dc1
23:18:41.844 [JavaFX Application Thread] DEBUG AudioPlayer          - Playing music com.almasb.fxgl.audio.Music@36d21dc1
23:18:44.439 [JavaFX Application Thread] DEBUG AudioPlayer          - Playing music com.almasb.fxgl.audio.Music@36d21dc1
23:18:44.454 [JavaFX Application Thread] DEBUG AudioPlayer          - Playing music com.almasb.fxgl.audio.Music@36d21dc1
23:18:45.864 [JavaFX Application Thread] DEBUG AudioPlayer          - Playing music com.almasb.fxgl.audio.Music@36d21dc1
23:18:46.329 [JavaFX Application Thread] DEBUG AudioPlayer          - Playing music com.almasb.fxgl.audio.Music@36d21dc1
23:18:50.296 [JavaFX Application Thread] DEBUG AudioPlayer          - Playing music com.almasb.fxgl.audio.Music@36d21dc1
23:18:50.395 [JavaFX Application Thread] DEBUG AudioPlayer          - Playing music com.almasb.fxgl.audio.Music@36d21dc1
23:18:51.114 [JavaFX Application Thread] DEBUG AudioPlayer          - Playing music com.almasb.fxgl.audio.Music@36d21dc1
23:18:56.118 [JavaFX Application Thread] DEBUG AudioPlayer          - Playing music com.almasb.fxgl.audio.Music@36d21dc1
23:18:57.086 [JavaFX Application Thread] DEBUG FXGLApplication      - Exiting FXGL
23:18:57.086 [JavaFX Application Thread] DEBUG LoopRunner           - Stopping loop
23:18:57.086 [JavaFX Application Thread] DEBUG SystemBundleService  - Saving FXGL system data
23:18:57.088 [JavaFX Application Thread] DEBUG FileSystemAccess     - Writing to: D:\Github\javaA-xiangqi-project-main-yxh-1125\system\fxgl.bundle
23:18:57.088 [JavaFX Application Thread] DEBUG Async                - Shutting down background threads
23:18:57.089 [JavaFX Application Thread] DEBUG PrimaryStageWindow   - Closing main window
23:18:57.108 [JavaFX Application Thread] DEBUG Logger               - Closing Logger
