20:28:31.314 [main                     ] DEBUG Logger               - Configured Logger
20:28:31.323 [main                     ] DEBUG GameApplication      - Logging settings
Title: 中国象棋 1.0
Version: 1.0
Width: 1316
Height: 1007
Fullscreen: false
Intro: false
Profiling: false
Single step:false
App Mode: DEVELOPER
Menu Key: ESCAPE
Stage Style: DECORATED
Scene Factory: class edu.sustech.xiangqi.XiangQiApp$1

20:28:31.743 [JavaFX Application Thread] DEBUG FXGLApplication      - Initializing FXGL
20:28:31.747 [JavaFX Application Thread] INFO  Engine               - FXGL-21.1 (27.03.2024 07.52) on WINDOWS (J:23.0.2 FX:21.0.1)
20:28:31.747 [JavaFX Application Thread] DEBUG Engine               - JRE Vendor Name: Amazon.com Inc.
20:28:31.747 [JavaFX Application Thread] DEBUG Engine               - Running on OS: Windows 11 version 10.0
20:28:31.747 [JavaFX Application Thread] DEBUG Engine               - Architecture: amd64
20:28:31.747 [JavaFX Application Thread] INFO  Engine               - Source code and latest versions at: https://github.com/AlmasB/FXGL
20:28:31.747 [JavaFX Application Thread] INFO  Engine               -       Ask questions and discuss at: https://github.com/AlmasB/FXGL/discussions
20:28:31.747 [JavaFX Application Thread] INFO  Engine               -              Join the FXGL chat at: https://gitter.im/AlmasB/FXGL
20:28:31.810 [JavaFX Application Thread] DEBUG PrimaryStageWindow   - Creating a JavaFX scene
20:28:31.840 [JavaFX Application Thread] DEBUG PrimaryStageWindow   - Target settings size: 1316.0 x 1007.0
20:28:31.840 [JavaFX Application Thread] DEBUG PrimaryStageWindow   - Scaled scene size:    1316.0 x 1007.0
20:28:31.840 [JavaFX Application Thread] DEBUG PrimaryStageWindow   - Scaled ratio: (1.0, 1.0)
20:28:31.840 [JavaFX Application Thread] DEBUG PrimaryStageWindow   - Set initial scene to FXGLStartupScene
20:28:31.842 [JavaFX Application Thread] DEBUG PrimaryStageWindow   - Opening main window
20:28:31.924 [JavaFX Application Thread] DEBUG PrimaryStageWindow   - Window border size: (14.6666259765625, 37.6666259765625)
20:28:31.924 [JavaFX Application Thread] DEBUG PrimaryStageWindow   - Scaled size: 1316.0 x 1007.0
20:28:31.924 [JavaFX Application Thread] DEBUG PrimaryStageWindow   - Scaled ratio: (1.0, 1.0)
20:28:31.926 [JavaFX Application Thread] DEBUG PrimaryStageWindow   - Scene size: 1316.0 x 1007.0
20:28:31.926 [JavaFX Application Thread] DEBUG PrimaryStageWindow   - Stage size: 1330.6666259765625 x 1044.6666259765625
20:28:31.930 [FXGL Background Thread 1 ] DEBUG Engine               - Initializing environment variables
20:28:31.985 [FXGL Background Thread 1 ] DEBUG FXGLAssetLoaderServi - User app class for loading assets: class edu.sustech.xiangqi.XiangQiApp
20:28:31.985 [FXGL Background Thread 1 ] DEBUG GameApplicationServi - Applying CSS: fxgl_dark.css
20:28:31.985 [FXGL Background Thread 1 ] DEBUG FXGLAssetLoaderServi - Loading from file system: jar:file:/C:/Users/%e5%b0%b9%e7%8e%ba%e9%aa%85/.m2/repository/com/github/almasb/fxgl/21.1/fxgl-21.1.jar!/fxglassets/ui/css/fxgl_dark.css
20:28:32.015 [FXGL Background Thread 1 ] DEBUG GameApplicationServi - Initializing application scenes
20:28:32.079 [FXGL Background Thread 1 ] DEBUG GameWorld            - Game world initialized
20:28:32.124 [FXGL Background Thread 1 ] DEBUG PhysicsWorld         - Physics world initialized: appHeight=1007, physics.ppm=50.0
20:28:32.126 [FXGL Background Thread 1 ] DEBUG PhysicsWorld         - Using strategy: BRUTE_FORCE
20:28:32.130 [FXGL Background Thread 1 ] DEBUG GameScene            - Game scene initialized: 1316x1007
20:28:32.137 [FXGL Background Thread 1 ] DEBUG FXGLAssetLoaderServi - Loading from file system: file:/E:/G2/java/final_project/team_project_1124/javaA-xiangqi-project-main/target/classes/assets/ui/fonts/HYPixel11pxU-2.ttf
20:28:32.176 [FXGL Background Thread 1 ] DEBUG FXGLAssetLoaderServi - Loading from file system: file:/E:/G2/java/final_project/team_project_1124/javaA-xiangqi-project-main/target/classes/assets/textures/Button1.png
20:28:32.194 [FXGL Background Thread 1 ] DEBUG FXGLAssetLoaderServi - Loading from file system: file:/E:/G2/java/final_project/team_project_1124/javaA-xiangqi-project-main/target/classes/assets/textures/Press.png
20:28:32.228 [FXGL Background Thread 1 ] DEBUG GameApplicationServi - Application scenes initialized
20:28:32.237 [FXGL Background Thread 1 ] DEBUG SystemBundleService  - Loading FXGL system data
20:28:32.239 [FXGL Background Thread 1 ] DEBUG FileSystemAccess     - Reading from: E:\G2\java\final_project\team_project_1124\javaA-xiangqi-project-main\system\fxgl.bundle
20:28:32.243 [FXGL Background Thread 1 ] DEBUG SystemBundleService  - Bundle FXGL: {}
20:28:32.243 [FXGL Background Thread 1 ] DEBUG UpdaterService       - Checking for updates
20:28:32.246 [FXGL Background Thread 4 ] DEBUG FXGLApplication      - Loading fonts
20:28:32.246 [FXGL Background Thread 1 ] DEBUG FXGLApplication      - Loading default localization
20:28:32.247 [FXGL Background Thread 4 ] DEBUG FXGLAssetLoaderServi - Loading from file system: jar:file:/C:/Users/%e5%b0%b9%e7%8e%ba%e9%aa%85/.m2/repository/com/github/almasb/fxgl/21.1/fxgl-21.1.jar!/fxglassets/ui/fonts/VarelaRound-Regular.ttf
20:28:32.247 [FXGL Background Thread 1 ] DEBUG FXGLAssetLoaderServi - Loading from file system: jar:file:/C:/Users/%e5%b0%b9%e7%8e%ba%e9%aa%85/.m2/repository/com/github/almasb/fxgl/21.1/fxgl-21.1.jar!/fxglassets/languages/english.lang
20:28:32.250 [FXGL Background Thread 4 ] DEBUG FXGLAssetLoaderServi - Loading from file system: jar:file:/C:/Users/%e5%b0%b9%e7%8e%ba%e9%aa%85/.m2/repository/com/github/almasb/fxgl/21.1/fxgl-21.1.jar!/fxglassets/ui/fonts/Abel-Regular.ttf
20:28:32.253 [FXGL Background Thread 4 ] DEBUG FXGLAssetLoaderServi - Loading from file system: jar:file:/C:/Users/%e5%b0%b9%e7%8e%ba%e9%aa%85/.m2/repository/com/github/almasb/fxgl/21.1/fxgl-21.1.jar!/fxglassets/ui/fonts/TerminalLandMono-Regular.otf
20:28:32.257 [FXGL Background Thread 4 ] DEBUG FXGLAssetLoaderServi - Loading from file system: jar:file:/C:/Users/%e5%b0%b9%e7%8e%ba%e9%aa%85/.m2/repository/com/github/almasb/fxgl/21.1/fxgl-21.1.jar!/fxglassets/ui/fonts/Courier-Prime.ttf
20:28:32.263 [JavaFX Application Thread] DEBUG FXGLApplication      - Registering font factories with UI factory
20:28:32.280 [FXGL Background Thread 1 ] INFO  FXGLApplication      - FXGL initialization took: 0.350 sec
20:28:32.285 [JavaFX Application Thread] DEBUG Input                - Registered new binding: Click - LMB
20:28:32.287 [JavaFX Application Thread] DEBUG FXGLAssetLoaderServi - Loading from file system: jar:file:/C:/Users/%e5%b0%b9%e7%8e%ba%e9%aa%85/.m2/repository/com/github/almasb/fxgl/21.1/fxgl-21.1.jar!/fxglassets/textures/fxgl_icon.png
20:28:32.309 [JavaFX Application Thread] DEBUG FXGLAssetLoaderServi - Loading from file system: jar:file:/C:/Users/%e5%b0%b9%e7%8e%ba%e9%aa%85/.m2/repository/com/github/almasb/fxgl/21.1/fxgl-21.1.jar!/fxglassets/textures/fxgl_default_cursor.png
20:28:32.316 [JavaFX Application Thread] DEBUG Input                - Registered new binding: Screenshot - CTRL+8
20:28:32.317 [JavaFX Application Thread] DEBUG Input                - Registered new binding: System info dump - CTRL+9
20:28:32.317 [JavaFX Application Thread] DEBUG Input                - Registered new binding: Restart - CTRL+R
20:28:32.319 [JavaFX Application Thread] DEBUG Input                - Registered new binding: Toggle Debug Camera - CTRL+7
20:28:32.322 [JavaFX Application Thread] DEBUG LoopRunner           - Starting loop
20:28:32.322 [JavaFX Application Thread] DEBUG LoopRunner           - Initializing JavaFX AnimationTimerLoop
20:28:32.326 [JavaFX Application Thread] DEBUG Input                - Clearing active input actions
20:28:32.331 [JavaFX Application Thread] DEBUG GameApplicationServi - Removing overlay from FXGLStartupScene and adding to FXGLMainMenuDummyScene
20:28:32.331 [JavaFX Application Thread] DEBUG PrimaryStageWindow   - FXGLStartupScene -> FXGLMainMenuDummyScene
20:28:32.331 [JavaFX Application Thread] DEBUG PrimaryStageWindow   - Push state: MainMenuScene
20:28:32.332 [JavaFX Application Thread] DEBUG Input                - Clearing active input actions
20:28:32.338 [JavaFX Application Thread] DEBUG GameApplicationServi - Removing overlay from FXGLMainMenuDummyScene and adding to MainMenuScene
20:28:32.338 [JavaFX Application Thread] DEBUG PrimaryStageWindow   - FXGLMainMenuDummyScene -> MainMenuScene
20:28:32.364 [JavaFX Application Thread] DEBUG FXGLAssetLoaderServi - Loading from file system: file:/E:/G2/java/final_project/team_project_1124/javaA-xiangqi-project-main/target/classes/assets/music/%e6%8c%89%e9%92%ae%e9%9f%b3%e6%95%881.mp3
20:28:32.672 [JavaFX Application Thread] DEBUG AudioPlayer          - Playing music com.almasb.fxgl.audio.Music@4701d41b
20:28:34.573 [JavaFX Application Thread] DEBUG AudioPlayer          - Playing music com.almasb.fxgl.audio.Music@4701d41b
20:28:35.229 [JavaFX Application Thread] DEBUG AudioPlayer          - Playing music com.almasb.fxgl.audio.Music@4701d41b
20:28:35.246 [FXGL Background Thread 3 ] DEBUG Engine               - Logging environment variables
20:28:35.246 [FXGL Background Thread 3 ] DEBUG Engine               - achievements: []
20:28:35.246 [FXGL Background Thread 3 ] DEBUG Engine               - actualHeight: 1007.0
20:28:35.246 [FXGL Background Thread 3 ] DEBUG Engine               - actualHeightProperty: ReadOnlyDoubleProperty [value: 1007.0]
20:28:35.246 [FXGL Background Thread 3 ] DEBUG Engine               - actualWidth: 1316.0
20:28:35.246 [FXGL Background Thread 3 ] DEBUG Engine               - actualWidthProperty: ReadOnlyDoubleProperty [value: 1316.0]
20:28:35.246 [FXGL Background Thread 3 ] DEBUG Engine               - appIcon: fxgl_icon.png
20:28:35.246 [FXGL Background Thread 3 ] DEBUG Engine               - applicationMode: DEVELOPER
20:28:35.246 [FXGL Background Thread 3 ] DEBUG Engine               - cSSList: [fxgl_dark.css]
20:28:35.246 [FXGL Background Thread 3 ] DEBUG Engine               - collisionDetectionStrategy: BRUTE_FORCE
20:28:35.246 [FXGL Background Thread 3 ] DEBUG Engine               - configClass: Optional.empty
20:28:35.246 [FXGL Background Thread 3 ] DEBUG Engine               - credits: []
20:28:35.247 [FXGL Background Thread 3 ] DEBUG Engine               - defaultCursor: CursorInfo(imageName=fxgl_default_cursor.png, hotspotX=7.0, hotspotY=6.0)
20:28:35.247 [FXGL Background Thread 3 ] DEBUG Engine               - devBBoxColorProperty: ObjectProperty [value: 0xff0000ff]
20:28:35.247 [FXGL Background Thread 3 ] DEBUG Engine               - devEnableDebugCameraProperty: BooleanProperty [value: false]
20:28:35.247 [FXGL Background Thread 3 ] DEBUG Engine               - devSensorColorProperty: ObjectProperty [value: 0xffff00ff]
20:28:35.247 [FXGL Background Thread 3 ] DEBUG Engine               - devShowBBoxProperty: BooleanProperty [value: false]
20:28:35.247 [FXGL Background Thread 3 ] DEBUG Engine               - devShowPositionProperty: BooleanProperty [value: false]
20:28:35.247 [FXGL Background Thread 3 ] DEBUG Engine               - enabledMenuItems: []
20:28:35.247 [FXGL Background Thread 3 ] DEBUG Engine               - engineServices: [class com.almasb.fxgl.app.services.FXGLAssetLoaderService, class com.almasb.fxgl.app.FXGLApplication$GameApplicationService, class com.almasb.fxgl.app.services.FXGLDialogService, class com.almasb.fxgl.app.services.IOTaskExecutorService, class com.almasb.fxgl.io.FileSystemService, class com.almasb.fxgl.localization.LocalizationService, class com.almasb.fxgl.app.services.SystemBundleService, class com.almasb.fxgl.profile.SaveLoadService, class com.almasb.fxgl.ui.FXGLUIFactoryServiceProvider, class com.almasb.fxgl.ui.FXGLDialogFactoryServiceProvider, class com.almasb.fxgl.audio.AudioPlayer, class com.almasb.fxgl.notification.impl.NotificationServiceProvider, class com.almasb.fxgl.achievement.AchievementService, class com.almasb.fxgl.cutscene.CutsceneService, class com.almasb.fxgl.minigames.MiniGameService, class com.almasb.fxgl.net.NetService, class com.almasb.fxgl.app.services.UpdaterService, class com.almasb.fxgl.dev.DevService]
20:28:35.247 [FXGL Background Thread 3 ] DEBUG Engine               - fontGame: Abel-Regular.ttf
20:28:35.247 [FXGL Background Thread 3 ] DEBUG Engine               - fontMono: TerminalLandMono-Regular.otf
20:28:35.247 [FXGL Background Thread 3 ] DEBUG Engine               - fontSizeScaleUI: 1.0
20:28:35.247 [FXGL Background Thread 3 ] DEBUG Engine               - fontText: Courier-Prime.ttf
20:28:35.247 [FXGL Background Thread 3 ] DEBUG Engine               - fontUI: VarelaRound-Regular.ttf
20:28:35.248 [FXGL Background Thread 3 ] DEBUG Engine               - fullScreen: BooleanProperty [value: false]
20:28:35.248 [FXGL Background Thread 3 ] DEBUG Engine               - gameDifficulty: MEDIUM
20:28:35.248 [FXGL Background Thread 3 ] DEBUG Engine               - gameDifficultyProperty: ObjectProperty [value: MEDIUM]
20:28:35.248 [FXGL Background Thread 3 ] DEBUG Engine               - globalMusicVolume: 0.5
20:28:35.248 [FXGL Background Thread 3 ] DEBUG Engine               - globalMusicVolumeProperty: DoubleProperty [value: 0.5]
20:28:35.248 [FXGL Background Thread 3 ] DEBUG Engine               - globalSoundVolume: 0.5
20:28:35.248 [FXGL Background Thread 3 ] DEBUG Engine               - globalSoundVolumeProperty: DoubleProperty [value: 0.5]
20:28:35.248 [FXGL Background Thread 3 ] DEBUG Engine               - height: 1007
20:28:35.248 [FXGL Background Thread 3 ] DEBUG Engine               - is3D: false
20:28:35.248 [FXGL Background Thread 3 ] DEBUG Engine               - isAndroid: false
20:28:35.248 [FXGL Background Thread 3 ] DEBUG Engine               - isBrowser: false
20:28:35.248 [FXGL Background Thread 3 ] DEBUG Engine               - isClickFeedbackEnabled: false
20:28:35.248 [FXGL Background Thread 3 ] DEBUG Engine               - isCloseConfirmation: false
20:28:35.248 [FXGL Background Thread 3 ] DEBUG Engine               - isDesktop: true
20:28:35.248 [FXGL Background Thread 3 ] DEBUG Engine               - isDeveloperMenuEnabled: false
20:28:35.248 [FXGL Background Thread 3 ] DEBUG Engine               - isEmbedded: false
20:28:35.248 [FXGL Background Thread 3 ] DEBUG Engine               - isEntityPreloadEnabled: true
20:28:35.248 [FXGL Background Thread 3 ] DEBUG Engine               - isExperimentalTiledLargeMap: false
20:28:35.248 [FXGL Background Thread 3 ] DEBUG Engine               - isFileSystemWriteAllowed: true
20:28:35.248 [FXGL Background Thread 3 ] DEBUG Engine               - isFullScreenAllowed: false
20:28:35.248 [FXGL Background Thread 3 ] DEBUG Engine               - isFullScreenFromStart: false
20:28:35.248 [FXGL Background Thread 3 ] DEBUG Engine               - isGameMenuEnabled: true
20:28:35.248 [FXGL Background Thread 3 ] DEBUG Engine               - isIOS: false
20:28:35.248 [FXGL Background Thread 3 ] DEBUG Engine               - isIntroEnabled: false
20:28:35.248 [FXGL Background Thread 3 ] DEBUG Engine               - isLinux: false
20:28:35.248 [FXGL Background Thread 3 ] DEBUG Engine               - isMac: false
20:28:35.248 [FXGL Background Thread 3 ] DEBUG Engine               - isMainMenuEnabled: true
20:28:35.248 [FXGL Background Thread 3 ] DEBUG Engine               - isManualResizeEnabled: false
20:28:35.248 [FXGL Background Thread 3 ] DEBUG Engine               - isMobile: false
20:28:35.248 [FXGL Background Thread 3 ] DEBUG Engine               - isNative: false
20:28:35.248 [FXGL Background Thread 3 ] DEBUG Engine               - isPauseMusicWhenMinimized: true
20:28:35.248 [FXGL Background Thread 3 ] DEBUG Engine               - isPreserveResizeRatio: false
20:28:35.248 [FXGL Background Thread 3 ] DEBUG Engine               - isProfilingEnabled: false
20:28:35.248 [FXGL Background Thread 3 ] DEBUG Engine               - isScaleAffectedOnResize: true
20:28:35.248 [FXGL Background Thread 3 ] DEBUG Engine               - isSingleStep: false
20:28:35.248 [FXGL Background Thread 3 ] DEBUG Engine               - isUserProfileEnabled: false
20:28:35.249 [FXGL Background Thread 3 ] DEBUG Engine               - isWindows: true
20:28:35.249 [FXGL Background Thread 3 ] DEBUG Engine               - language: ObjectProperty [value: ENGLISH]
20:28:35.249 [FXGL Background Thread 3 ] DEBUG Engine               - menuKey: ESCAPE
20:28:35.249 [FXGL Background Thread 3 ] DEBUG Engine               - mouseSensitivity: 0.2
20:28:35.249 [FXGL Background Thread 3 ] DEBUG Engine               - notificationViewClass: class com.almasb.fxgl.notification.view.XboxNotificationView
20:28:35.249 [FXGL Background Thread 3 ] DEBUG Engine               - pixelsPerMeter: 50.0
20:28:35.249 [FXGL Background Thread 3 ] DEBUG Engine               - platform: WINDOWS
20:28:35.249 [FXGL Background Thread 3 ] DEBUG Engine               - prefHeightProperty: ReadOnlyDoubleProperty [value: 1007.0]
20:28:35.249 [FXGL Background Thread 3 ] DEBUG Engine               - prefWidthProperty: ReadOnlyDoubleProperty [value: 1316.0]
20:28:35.249 [FXGL Background Thread 3 ] DEBUG Engine               - profileDir: profiles/
20:28:35.249 [FXGL Background Thread 3 ] DEBUG Engine               - profileName: StringProperty [value: DEFAULT]
20:28:35.249 [FXGL Background Thread 3 ] DEBUG Engine               - randomSeed: -1
20:28:35.249 [FXGL Background Thread 3 ] DEBUG Engine               - runtimeInfo: RuntimeInfo(platform=WINDOWS, version=21.1, build=27.03.2024 07.52)
20:28:35.249 [FXGL Background Thread 3 ] DEBUG Engine               - saveFileExt: sav
20:28:35.249 [FXGL Background Thread 3 ] DEBUG Engine               - scaledHeightProp$fxgl: DoubleProperty [bound, value: 1007.0]
20:28:35.249 [FXGL Background Thread 3 ] DEBUG Engine               - scaledWidthProp$fxgl: DoubleProperty [bound, value: 1316.0]
20:28:35.249 [FXGL Background Thread 3 ] DEBUG Engine               - sceneFactory: edu.sustech.xiangqi.XiangQiApp$1@6d247cb2
20:28:35.249 [FXGL Background Thread 3 ] DEBUG Engine               - secondsIn24h: 60
20:28:35.249 [FXGL Background Thread 3 ] DEBUG Engine               - soundMenuBack: menu/back.wav
20:28:35.249 [FXGL Background Thread 3 ] DEBUG Engine               - soundMenuPress: menu/press.wav
20:28:35.249 [FXGL Background Thread 3 ] DEBUG Engine               - soundMenuSelect: menu/select.wav
20:28:35.249 [FXGL Background Thread 3 ] DEBUG Engine               - soundNotification: core/notification.wav
20:28:35.249 [FXGL Background Thread 3 ] DEBUG Engine               - stageStyle: DECORATED
20:28:35.249 [FXGL Background Thread 3 ] DEBUG Engine               - supportedLanguages: [ENGLISH, FRENCH, GERMAN, HUNGARIAN, RUSSIAN]
20:28:35.249 [FXGL Background Thread 3 ] DEBUG Engine               - ticksPerSecond: -1
20:28:35.249 [FXGL Background Thread 3 ] DEBUG Engine               - title: 中国象棋 1.0
20:28:35.249 [FXGL Background Thread 3 ] DEBUG Engine               - urlGithub: https://github.com/AlmasB/FXGL
20:28:35.249 [FXGL Background Thread 3 ] DEBUG Engine               - urlLeaderboard: http://fxgl-top.herokuapp.com/
20:28:35.249 [FXGL Background Thread 3 ] DEBUG Engine               - urlPOM: https://raw.githubusercontent.com/AlmasB/FXGL/release/README.md
20:28:35.249 [FXGL Background Thread 3 ] DEBUG Engine               - userAppClass: class edu.sustech.xiangqi.XiangQiApp
20:28:35.249 [FXGL Background Thread 3 ] DEBUG Engine               - version: 1.0
20:28:35.249 [FXGL Background Thread 3 ] DEBUG Engine               - versionCheckDays: 7
20:28:35.249 [FXGL Background Thread 3 ] DEBUG Engine               - width: 1316
20:28:35.249 [FXGL Background Thread 3 ] DEBUG Engine               - Logging services
20:28:35.249 [FXGL Background Thread 3 ] DEBUG Engine               - class com.almasb.fxgl.app.services.FXGLAssetLoaderService
20:28:35.249 [FXGL Background Thread 3 ] DEBUG Engine               - class com.almasb.fxgl.app.FXGLApplication$GameApplicationService
20:28:35.250 [FXGL Background Thread 3 ] DEBUG Engine               - class com.almasb.fxgl.app.services.FXGLDialogService
20:28:35.250 [FXGL Background Thread 3 ] DEBUG Engine               - class com.almasb.fxgl.app.services.IOTaskExecutorService
20:28:35.250 [FXGL Background Thread 3 ] DEBUG Engine               - class com.almasb.fxgl.io.FileSystemService
20:28:35.250 [FXGL Background Thread 3 ] DEBUG Engine               - class com.almasb.fxgl.localization.LocalizationService
20:28:35.250 [FXGL Background Thread 3 ] DEBUG Engine               - class com.almasb.fxgl.app.services.SystemBundleService
20:28:35.250 [FXGL Background Thread 3 ] DEBUG Engine               - class com.almasb.fxgl.profile.SaveLoadService
20:28:35.250 [FXGL Background Thread 3 ] DEBUG Engine               - class com.almasb.fxgl.ui.FXGLUIFactoryServiceProvider
20:28:35.250 [FXGL Background Thread 3 ] DEBUG Engine               - class com.almasb.fxgl.ui.FXGLDialogFactoryServiceProvider
20:28:35.250 [FXGL Background Thread 3 ] DEBUG Engine               - class com.almasb.fxgl.audio.AudioPlayer
20:28:35.250 [FXGL Background Thread 3 ] DEBUG Engine               - class com.almasb.fxgl.notification.impl.NotificationServiceProvider
20:28:35.250 [FXGL Background Thread 3 ] DEBUG Engine               - class com.almasb.fxgl.achievement.AchievementService
20:28:35.250 [FXGL Background Thread 3 ] DEBUG Engine               - class com.almasb.fxgl.cutscene.CutsceneService
20:28:35.250 [FXGL Background Thread 3 ] DEBUG Engine               - class com.almasb.fxgl.minigames.MiniGameService
20:28:35.250 [FXGL Background Thread 3 ] DEBUG Engine               - class com.almasb.fxgl.net.NetService
20:28:35.250 [FXGL Background Thread 3 ] DEBUG Engine               - class com.almasb.fxgl.app.services.UpdaterService
20:28:35.250 [FXGL Background Thread 3 ] DEBUG Engine               - class com.almasb.fxgl.dev.DevService
20:28:35.731 [JavaFX Application Thread] DEBUG AudioPlayer          - Playing music com.almasb.fxgl.audio.Music@4701d41b
20:28:36.038 [JavaFX Application Thread] DEBUG AudioPlayer          - Playing music com.almasb.fxgl.audio.Music@4701d41b
20:28:36.223 [JavaFX Application Thread] DEBUG Menu                 - fireNewGame()
20:28:36.223 [JavaFX Application Thread] DEBUG GameApplicationServi - Starting new game
20:28:36.223 [JavaFX Application Thread] DEBUG PrimaryStageWindow   - Pop state: MainMenuScene
20:28:36.223 [JavaFX Application Thread] DEBUG Input                - Clearing active input actions
20:28:36.223 [JavaFX Application Thread] DEBUG GameApplicationServi - Removing overlay from MainMenuScene and adding to FXGLMainMenuDummyScene
20:28:36.223 [JavaFX Application Thread] DEBUG PrimaryStageWindow   - FXGLMainMenuDummyScene <- MainMenuScene
20:28:36.223 [JavaFX Application Thread] DEBUG Input                - Clearing active input actions
20:28:36.227 [JavaFX Application Thread] DEBUG GameApplicationServi - Removing overlay from FXGLMainMenuDummyScene and adding to FXGLLoadingScene
20:28:36.227 [JavaFX Application Thread] DEBUG PrimaryStageWindow   - FXGLMainMenuDummyScene -> FXGLLoadingScene
20:28:36.227 [JavaFX Application Thread] DEBUG GameApplicationServi - Clearing previous game
20:28:36.227 [JavaFX Application Thread] DEBUG GameScene            - Clearing game scene
20:28:36.227 [JavaFX Application Thread] DEBUG GameWorld            - Clearing game world
20:28:36.227 [JavaFX Application Thread] DEBUG PhysicsWorld         - Clearing physics world
20:28:36.229 [FXGL Background Thread 2 ] DEBUG FXGLApplication      - Initializing game
20:28:36.241 [FXGL Background Thread 2 ] DEBUG FXGLAssetLoaderServi - Loading from file system: file:/E:/G2/java/final_project/team_project_1124/javaA-xiangqi-project-main/target/classes/assets/textures/%e8%83%8c%e6%99%af.jpg
20:28:36.299 [FXGL Background Thread 2 ] DEBUG FXGLAssetLoaderServi - Loading from file system: file:/E:/G2/java/final_project/team_project_1124/javaA-xiangqi-project-main/target/classes/assets/textures/ChessBoard.png
20:28:36.337 [FXGL Background Thread 2 ] DEBUG FXGLAssetLoaderServi - Loading from file system: file:/E:/G2/java/final_project/team_project_1124/javaA-xiangqi-project-main/target/classes/assets/textures/RedGeneral.png
20:28:36.341 [FXGL Background Thread 2 ] DEBUG FXGLAssetLoaderServi - Loading from file system: file:/E:/G2/java/final_project/team_project_1124/javaA-xiangqi-project-main/target/classes/assets/textures/RedAdvisor.png
20:28:36.343 [FXGL Background Thread 2 ] DEBUG FXGLAssetLoaderServi - Loading from file system: file:/E:/G2/java/final_project/team_project_1124/javaA-xiangqi-project-main/target/classes/assets/textures/RedElephant.png
20:28:36.343 [FXGL Background Thread 2 ] DEBUG FXGLAssetLoaderServi - Loading from file system: file:/E:/G2/java/final_project/team_project_1124/javaA-xiangqi-project-main/target/classes/assets/textures/RedHorse.png
20:28:36.344 [FXGL Background Thread 2 ] DEBUG FXGLAssetLoaderServi - Loading from file system: file:/E:/G2/java/final_project/team_project_1124/javaA-xiangqi-project-main/target/classes/assets/textures/RedChariot.png
20:28:36.346 [FXGL Background Thread 2 ] DEBUG FXGLAssetLoaderServi - Loading from file system: file:/E:/G2/java/final_project/team_project_1124/javaA-xiangqi-project-main/target/classes/assets/textures/RedCannon.png
20:28:36.346 [FXGL Background Thread 2 ] DEBUG FXGLAssetLoaderServi - Loading from file system: file:/E:/G2/java/final_project/team_project_1124/javaA-xiangqi-project-main/target/classes/assets/textures/RedSoldier.png
20:28:36.347 [FXGL Background Thread 2 ] DEBUG FXGLAssetLoaderServi - Loading from file system: file:/E:/G2/java/final_project/team_project_1124/javaA-xiangqi-project-main/target/classes/assets/textures/BlackGeneral.png
20:28:36.348 [FXGL Background Thread 2 ] DEBUG FXGLAssetLoaderServi - Loading from file system: file:/E:/G2/java/final_project/team_project_1124/javaA-xiangqi-project-main/target/classes/assets/textures/BlackAdvisor.png
20:28:36.349 [FXGL Background Thread 2 ] DEBUG FXGLAssetLoaderServi - Loading from file system: file:/E:/G2/java/final_project/team_project_1124/javaA-xiangqi-project-main/target/classes/assets/textures/BlackElephant.png
20:28:36.349 [FXGL Background Thread 2 ] DEBUG FXGLAssetLoaderServi - Loading from file system: file:/E:/G2/java/final_project/team_project_1124/javaA-xiangqi-project-main/target/classes/assets/textures/BlackHorse.png
20:28:36.350 [FXGL Background Thread 2 ] DEBUG FXGLAssetLoaderServi - Loading from file system: file:/E:/G2/java/final_project/team_project_1124/javaA-xiangqi-project-main/target/classes/assets/textures/BlackChariot.png
20:28:36.351 [FXGL Background Thread 2 ] DEBUG FXGLAssetLoaderServi - Loading from file system: file:/E:/G2/java/final_project/team_project_1124/javaA-xiangqi-project-main/target/classes/assets/textures/BlackCannon.png
20:28:36.352 [FXGL Background Thread 2 ] DEBUG FXGLAssetLoaderServi - Loading from file system: file:/E:/G2/java/final_project/team_project_1124/javaA-xiangqi-project-main/target/classes/assets/textures/BlackSoldier.png
20:28:36.354 [FXGL Background Thread 2 ] INFO  FXGLApplication      - Game initialization took: 0.125 sec
20:28:36.355 [JavaFX Application Thread] DEBUG Input                - Clearing active input actions
20:28:36.359 [JavaFX Application Thread] DEBUG GameApplicationServi - Removing overlay from FXGLLoadingScene and adding to GameScene
20:28:36.359 [JavaFX Application Thread] DEBUG PrimaryStageWindow   - FXGLLoadingScene -> GameScene
20:28:36.841 [JavaFX Application Thread] DEBUG AudioPlayer          - Playing music com.almasb.fxgl.audio.Music@4701d41b
20:28:36.996 [JavaFX Application Thread] DEBUG AudioPlayer          - Playing music com.almasb.fxgl.audio.Music@4701d41b
20:28:37.264 [JavaFX Application Thread] DEBUG AudioPlayer          - Playing music com.almasb.fxgl.audio.Music@4701d41b
20:28:37.829 [JavaFX Application Thread] DEBUG AudioPlayer          - Playing music com.almasb.fxgl.audio.Music@4701d41b
20:28:38.246 [JavaFX Application Thread] DEBUG AudioPlayer          - Playing music com.almasb.fxgl.audio.Music@4701d41b
20:28:38.605 [JavaFX Application Thread] DEBUG AudioPlayer          - Playing music com.almasb.fxgl.audio.Music@4701d41b
20:28:39.025 [JavaFX Application Thread] DEBUG AudioPlayer          - Playing music com.almasb.fxgl.audio.Music@4701d41b
20:28:39.250 [JavaFX Application Thread] DEBUG AudioPlayer          - Playing music com.almasb.fxgl.audio.Music@4701d41b
20:28:39.398 [JavaFX Application Thread] DEBUG AudioPlayer          - Playing music com.almasb.fxgl.audio.Music@4701d41b
20:28:39.533 [JavaFX Application Thread] DEBUG AudioPlayer          - Playing music com.almasb.fxgl.audio.Music@4701d41b
20:28:39.687 [JavaFX Application Thread] DEBUG AudioPlayer          - Playing music com.almasb.fxgl.audio.Music@4701d41b
20:28:39.867 [JavaFX Application Thread] DEBUG AudioPlayer          - Playing music com.almasb.fxgl.audio.Music@4701d41b
20:28:40.032 [JavaFX Application Thread] DEBUG AudioPlayer          - Playing music com.almasb.fxgl.audio.Music@4701d41b
20:28:40.203 [JavaFX Application Thread] DEBUG AudioPlayer          - Playing music com.almasb.fxgl.audio.Music@4701d41b
20:28:40.391 [JavaFX Application Thread] DEBUG AudioPlayer          - Playing music com.almasb.fxgl.audio.Music@4701d41b
20:28:41.225 [JavaFX Application Thread] DEBUG FXGLApplication      - Exiting FXGL
20:28:41.225 [JavaFX Application Thread] DEBUG LoopRunner           - Stopping loop
20:28:41.225 [JavaFX Application Thread] DEBUG SystemBundleService  - Saving FXGL system data
20:28:41.227 [JavaFX Application Thread] DEBUG FileSystemAccess     - Writing to: E:\G2\java\final_project\team_project_1124\javaA-xiangqi-project-main\system\fxgl.bundle
20:28:41.228 [JavaFX Application Thread] DEBUG Async                - Shutting down background threads
20:28:41.228 [JavaFX Application Thread] DEBUG PrimaryStageWindow   - Closing main window
20:28:41.240 [JavaFX Application Thread] DEBUG Logger               - Closing Logger
