10:25:04.775 [main                     ] DEBUG Logger               - Configured Logger
10:25:04.803 [main                     ] DEBUG GameApplication      - Logging settings
Title: 中国象棋 1.0
Version: 1.0
Width: 1316
Height: 937
Fullscreen: false
Intro: false
Profiling: false
Single step:false
App Mode: DEVELOPER
Menu Key: ESCAPE
Stage Style: DECORATED
Scene Factory: class edu.sustech.xiangqi.XiangQiApp$1

10:25:05.754 [JavaFX Application Thread] DEBUG FXGLApplication      - Initializing FXGL
10:25:05.763 [JavaFX Application Thread] INFO  Engine               - FXGL-21.1 (27.03.2024 07.52) on WINDOWS (J:23.0.2 FX:21.0.1)
10:25:05.763 [JavaFX Application Thread] DEBUG Engine               - JRE Vendor Name: Amazon.com Inc.
10:25:05.763 [JavaFX Application Thread] DEBUG Engine               - Running on OS: Windows 11 version 10.0
10:25:05.763 [JavaFX Application Thread] DEBUG Engine               - Architecture: amd64
10:25:05.763 [JavaFX Application Thread] INFO  Engine               - Source code and latest versions at: https://github.com/AlmasB/FXGL
10:25:05.763 [JavaFX Application Thread] INFO  Engine               -       Ask questions and discuss at: https://github.com/AlmasB/FXGL/discussions
10:25:05.763 [JavaFX Application Thread] INFO  Engine               -              Join the FXGL chat at: https://gitter.im/AlmasB/FXGL
10:25:05.870 [JavaFX Application Thread] DEBUG PrimaryStageWindow   - Creating a JavaFX scene
10:25:05.941 [JavaFX Application Thread] DEBUG PrimaryStageWindow   - Target settings size: 1316.0 x 937.0
10:25:05.941 [JavaFX Application Thread] DEBUG PrimaryStageWindow   - Scaled scene size:    1316.0 x 937.0
10:25:05.941 [JavaFX Application Thread] DEBUG PrimaryStageWindow   - Scaled ratio: (1.0, 1.0)
10:25:05.942 [JavaFX Application Thread] DEBUG PrimaryStageWindow   - Set initial scene to FXGLStartupScene
10:25:05.946 [JavaFX Application Thread] DEBUG PrimaryStageWindow   - Opening main window
10:25:06.065 [JavaFX Application Thread] DEBUG PrimaryStageWindow   - Window border size: (14.6666259765625, 37.66668701171875)
10:25:06.065 [JavaFX Application Thread] DEBUG PrimaryStageWindow   - Scaled size: 1316.0 x 937.0
10:25:06.065 [JavaFX Application Thread] DEBUG PrimaryStageWindow   - Scaled ratio: (1.0, 1.0)
10:25:06.065 [JavaFX Application Thread] DEBUG PrimaryStageWindow   - Scene size: 1316.0 x 937.0
10:25:06.066 [JavaFX Application Thread] DEBUG PrimaryStageWindow   - Stage size: 1330.6666259765625 x 974.6666870117188
10:25:06.077 [FXGL Background Thread 1 ] DEBUG Engine               - Initializing environment variables
10:25:06.274 [FXGL Background Thread 1 ] DEBUG FXGLAssetLoaderServi - User app class for loading assets: class edu.sustech.xiangqi.XiangQiApp
10:25:06.275 [FXGL Background Thread 1 ] DEBUG GameApplicationServi - Applying CSS: fxgl_dark.css
10:25:06.275 [FXGL Background Thread 1 ] DEBUG FXGLAssetLoaderServi - Loading from file system: jar:file:/C:/Users/%e5%b0%b9%e7%8e%ba%e9%aa%85/.m2/repository/com/github/almasb/fxgl/21.1/fxgl-21.1.jar!/fxglassets/ui/css/fxgl_dark.css
10:25:06.380 [FXGL Background Thread 1 ] DEBUG GameApplicationServi - Initializing application scenes
10:25:06.490 [FXGL Background Thread 1 ] DEBUG GameWorld            - Game world initialized
10:25:06.556 [FXGL Background Thread 1 ] DEBUG PhysicsWorld         - Physics world initialized: appHeight=937, physics.ppm=50.0
10:25:06.556 [FXGL Background Thread 1 ] DEBUG PhysicsWorld         - Using strategy: BRUTE_FORCE
10:25:06.560 [FXGL Background Thread 1 ] DEBUG GameScene            - Game scene initialized: 1316x937
10:25:06.571 [FXGL Background Thread 1 ] DEBUG FXGLAssetLoaderServi - Loading from file system: file:/E:/G2/java/final_project/team_project_1124/javaA-xiangqi-project-main/target/classes/assets/ui/fonts/HYPixel11pxU-2.ttf
10:25:06.636 [FXGL Background Thread 1 ] DEBUG FXGLAssetLoaderServi - Loading from file system: file:/E:/G2/java/final_project/team_project_1124/javaA-xiangqi-project-main/target/classes/assets/textures/Button1.png
10:25:06.660 [FXGL Background Thread 1 ] DEBUG FXGLAssetLoaderServi - Loading from file system: file:/E:/G2/java/final_project/team_project_1124/javaA-xiangqi-project-main/target/classes/assets/textures/Press.png
10:25:06.721 [FXGL Background Thread 1 ] DEBUG GameApplicationServi - Application scenes initialized
10:25:06.735 [FXGL Background Thread 1 ] DEBUG SystemBundleService  - Loading FXGL system data
10:25:06.740 [FXGL Background Thread 1 ] DEBUG FileSystemAccess     - Reading from: E:\G2\java\final_project\team_project_1124\javaA-xiangqi-project-main\system\fxgl.bundle
10:25:06.747 [FXGL Background Thread 1 ] DEBUG SystemBundleService  - Bundle FXGL: {}
10:25:06.748 [FXGL Background Thread 1 ] DEBUG UpdaterService       - Checking for updates
10:25:06.756 [FXGL Background Thread 4 ] DEBUG FXGLApplication      - Loading fonts
10:25:06.757 [FXGL Background Thread 1 ] DEBUG FXGLApplication      - Loading default localization
10:25:06.757 [FXGL Background Thread 4 ] DEBUG FXGLAssetLoaderServi - Loading from file system: jar:file:/C:/Users/%e5%b0%b9%e7%8e%ba%e9%aa%85/.m2/repository/com/github/almasb/fxgl/21.1/fxgl-21.1.jar!/fxglassets/ui/fonts/VarelaRound-Regular.ttf
10:25:06.758 [FXGL Background Thread 1 ] DEBUG FXGLAssetLoaderServi - Loading from file system: jar:file:/C:/Users/%e5%b0%b9%e7%8e%ba%e9%aa%85/.m2/repository/com/github/almasb/fxgl/21.1/fxgl-21.1.jar!/fxglassets/languages/english.lang
10:25:06.763 [FXGL Background Thread 4 ] DEBUG FXGLAssetLoaderServi - Loading from file system: jar:file:/C:/Users/%e5%b0%b9%e7%8e%ba%e9%aa%85/.m2/repository/com/github/almasb/fxgl/21.1/fxgl-21.1.jar!/fxglassets/ui/fonts/Abel-Regular.ttf
10:25:06.767 [FXGL Background Thread 4 ] DEBUG FXGLAssetLoaderServi - Loading from file system: jar:file:/C:/Users/%e5%b0%b9%e7%8e%ba%e9%aa%85/.m2/repository/com/github/almasb/fxgl/21.1/fxgl-21.1.jar!/fxglassets/ui/fonts/TerminalLandMono-Regular.otf
10:25:06.771 [FXGL Background Thread 4 ] DEBUG FXGLAssetLoaderServi - Loading from file system: jar:file:/C:/Users/%e5%b0%b9%e7%8e%ba%e9%aa%85/.m2/repository/com/github/almasb/fxgl/21.1/fxgl-21.1.jar!/fxglassets/ui/fonts/Courier-Prime.ttf
10:25:06.778 [JavaFX Application Thread] DEBUG FXGLApplication      - Registering font factories with UI factory
10:25:06.805 [FXGL Background Thread 1 ] INFO  FXGLApplication      - FXGL initialization took: 0.728 sec
10:25:06.814 [JavaFX Application Thread] DEBUG Input                - Registered new binding: Click - LMB
10:25:06.815 [JavaFX Application Thread] DEBUG FXGLAssetLoaderServi - Loading from file system: jar:file:/C:/Users/%e5%b0%b9%e7%8e%ba%e9%aa%85/.m2/repository/com/github/almasb/fxgl/21.1/fxgl-21.1.jar!/fxglassets/textures/fxgl_icon.png
10:25:06.842 [JavaFX Application Thread] DEBUG FXGLAssetLoaderServi - Loading from file system: jar:file:/C:/Users/%e5%b0%b9%e7%8e%ba%e9%aa%85/.m2/repository/com/github/almasb/fxgl/21.1/fxgl-21.1.jar!/fxglassets/textures/fxgl_default_cursor.png
10:25:06.852 [JavaFX Application Thread] DEBUG Input                - Registered new binding: Screenshot - CTRL+8
10:25:06.852 [JavaFX Application Thread] DEBUG Input                - Registered new binding: System info dump - CTRL+9
10:25:06.853 [JavaFX Application Thread] DEBUG Input                - Registered new binding: Restart - CTRL+R
10:25:06.854 [JavaFX Application Thread] DEBUG Input                - Registered new binding: Toggle Debug Camera - CTRL+7
10:25:06.857 [JavaFX Application Thread] DEBUG LoopRunner           - Starting loop
10:25:06.859 [JavaFX Application Thread] DEBUG LoopRunner           - Initializing JavaFX AnimationTimerLoop
10:25:06.862 [JavaFX Application Thread] DEBUG Input                - Clearing active input actions
10:25:06.867 [JavaFX Application Thread] DEBUG GameApplicationServi - Removing overlay from FXGLStartupScene and adding to FXGLMainMenuDummyScene
10:25:06.869 [JavaFX Application Thread] DEBUG PrimaryStageWindow   - FXGLStartupScene -> FXGLMainMenuDummyScene
10:25:06.869 [JavaFX Application Thread] DEBUG PrimaryStageWindow   - Push state: MainMenuScene
10:25:06.869 [JavaFX Application Thread] DEBUG Input                - Clearing active input actions
10:25:06.877 [JavaFX Application Thread] DEBUG GameApplicationServi - Removing overlay from FXGLMainMenuDummyScene and adding to MainMenuScene
10:25:06.877 [JavaFX Application Thread] DEBUG PrimaryStageWindow   - FXGLMainMenuDummyScene -> MainMenuScene
10:25:08.894 [JavaFX Application Thread] DEBUG FXGLAssetLoaderServi - Loading from file system: file:/E:/G2/java/final_project/team_project_1124/javaA-xiangqi-project-main/target/classes/assets/music/%e6%8c%89%e9%92%ae%e9%9f%b3%e6%95%881.mp3
10:25:09.295 [JavaFX Application Thread] DEBUG AudioPlayer          - Playing music com.almasb.fxgl.audio.Music@4a4fe354
10:25:09.754 [FXGL Background Thread 3 ] DEBUG Engine               - Logging environment variables
10:25:09.754 [FXGL Background Thread 3 ] DEBUG Engine               - achievements: []
10:25:09.754 [FXGL Background Thread 3 ] DEBUG Engine               - actualHeight: 937.0
10:25:09.754 [FXGL Background Thread 3 ] DEBUG Engine               - actualHeightProperty: ReadOnlyDoubleProperty [value: 937.0]
10:25:09.754 [FXGL Background Thread 3 ] DEBUG Engine               - actualWidth: 1316.0
10:25:09.754 [FXGL Background Thread 3 ] DEBUG Engine               - actualWidthProperty: ReadOnlyDoubleProperty [value: 1316.0]
10:25:09.755 [FXGL Background Thread 3 ] DEBUG Engine               - appIcon: fxgl_icon.png
10:25:09.755 [FXGL Background Thread 3 ] DEBUG Engine               - applicationMode: DEVELOPER
10:25:09.755 [FXGL Background Thread 3 ] DEBUG Engine               - cSSList: [fxgl_dark.css]
10:25:09.755 [FXGL Background Thread 3 ] DEBUG Engine               - collisionDetectionStrategy: BRUTE_FORCE
10:25:09.755 [FXGL Background Thread 3 ] DEBUG Engine               - configClass: Optional.empty
10:25:09.755 [FXGL Background Thread 3 ] DEBUG Engine               - credits: []
10:25:09.756 [FXGL Background Thread 3 ] DEBUG Engine               - defaultCursor: CursorInfo(imageName=fxgl_default_cursor.png, hotspotX=7.0, hotspotY=6.0)
10:25:09.756 [FXGL Background Thread 3 ] DEBUG Engine               - devBBoxColorProperty: ObjectProperty [value: 0xff0000ff]
10:25:09.756 [FXGL Background Thread 3 ] DEBUG Engine               - devEnableDebugCameraProperty: BooleanProperty [value: false]
10:25:09.756 [FXGL Background Thread 3 ] DEBUG Engine               - devSensorColorProperty: ObjectProperty [value: 0xffff00ff]
10:25:09.756 [FXGL Background Thread 3 ] DEBUG Engine               - devShowBBoxProperty: BooleanProperty [value: false]
10:25:09.756 [FXGL Background Thread 3 ] DEBUG Engine               - devShowPositionProperty: BooleanProperty [value: false]
10:25:09.756 [FXGL Background Thread 3 ] DEBUG Engine               - enabledMenuItems: []
10:25:09.756 [FXGL Background Thread 3 ] DEBUG Engine               - engineServices: [class com.almasb.fxgl.app.services.FXGLAssetLoaderService, class com.almasb.fxgl.app.FXGLApplication$GameApplicationService, class com.almasb.fxgl.app.services.FXGLDialogService, class com.almasb.fxgl.app.services.IOTaskExecutorService, class com.almasb.fxgl.io.FileSystemService, class com.almasb.fxgl.localization.LocalizationService, class com.almasb.fxgl.app.services.SystemBundleService, class com.almasb.fxgl.profile.SaveLoadService, class com.almasb.fxgl.ui.FXGLUIFactoryServiceProvider, class com.almasb.fxgl.ui.FXGLDialogFactoryServiceProvider, class com.almasb.fxgl.audio.AudioPlayer, class com.almasb.fxgl.notification.impl.NotificationServiceProvider, class com.almasb.fxgl.achievement.AchievementService, class com.almasb.fxgl.cutscene.CutsceneService, class com.almasb.fxgl.minigames.MiniGameService, class com.almasb.fxgl.net.NetService, class com.almasb.fxgl.app.services.UpdaterService, class com.almasb.fxgl.dev.DevService]
10:25:09.756 [FXGL Background Thread 3 ] DEBUG Engine               - fontGame: Abel-Regular.ttf
10:25:09.756 [FXGL Background Thread 3 ] DEBUG Engine               - fontMono: TerminalLandMono-Regular.otf
10:25:09.756 [FXGL Background Thread 3 ] DEBUG Engine               - fontSizeScaleUI: 1.0
10:25:09.756 [FXGL Background Thread 3 ] DEBUG Engine               - fontText: Courier-Prime.ttf
10:25:09.756 [FXGL Background Thread 3 ] DEBUG Engine               - fontUI: VarelaRound-Regular.ttf
10:25:09.756 [FXGL Background Thread 3 ] DEBUG Engine               - fullScreen: BooleanProperty [value: false]
10:25:09.756 [FXGL Background Thread 3 ] DEBUG Engine               - gameDifficulty: MEDIUM
10:25:09.757 [FXGL Background Thread 3 ] DEBUG Engine               - gameDifficultyProperty: ObjectProperty [value: MEDIUM]
10:25:09.757 [FXGL Background Thread 3 ] DEBUG Engine               - globalMusicVolume: 0.5
10:25:09.757 [FXGL Background Thread 3 ] DEBUG Engine               - globalMusicVolumeProperty: DoubleProperty [value: 0.5]
10:25:09.757 [FXGL Background Thread 3 ] DEBUG Engine               - globalSoundVolume: 0.5
10:25:09.757 [FXGL Background Thread 3 ] DEBUG Engine               - globalSoundVolumeProperty: DoubleProperty [value: 0.5]
10:25:09.757 [FXGL Background Thread 3 ] DEBUG Engine               - height: 937
10:25:09.757 [FXGL Background Thread 3 ] DEBUG Engine               - is3D: false
10:25:09.757 [FXGL Background Thread 3 ] DEBUG Engine               - isAndroid: false
10:25:09.757 [FXGL Background Thread 3 ] DEBUG Engine               - isBrowser: false
10:25:09.757 [FXGL Background Thread 3 ] DEBUG Engine               - isClickFeedbackEnabled: false
10:25:09.757 [FXGL Background Thread 3 ] DEBUG Engine               - isCloseConfirmation: false
10:25:09.757 [FXGL Background Thread 3 ] DEBUG Engine               - isDesktop: true
10:25:09.757 [FXGL Background Thread 3 ] DEBUG Engine               - isDeveloperMenuEnabled: false
10:25:09.757 [FXGL Background Thread 3 ] DEBUG Engine               - isEmbedded: false
10:25:09.757 [FXGL Background Thread 3 ] DEBUG Engine               - isEntityPreloadEnabled: true
10:25:09.757 [FXGL Background Thread 3 ] DEBUG Engine               - isExperimentalTiledLargeMap: false
10:25:09.757 [FXGL Background Thread 3 ] DEBUG Engine               - isFileSystemWriteAllowed: true
10:25:09.757 [FXGL Background Thread 3 ] DEBUG Engine               - isFullScreenAllowed: false
10:25:09.757 [FXGL Background Thread 3 ] DEBUG Engine               - isFullScreenFromStart: false
10:25:09.757 [FXGL Background Thread 3 ] DEBUG Engine               - isGameMenuEnabled: true
10:25:09.757 [FXGL Background Thread 3 ] DEBUG Engine               - isIOS: false
10:25:09.757 [FXGL Background Thread 3 ] DEBUG Engine               - isIntroEnabled: false
10:25:09.757 [FXGL Background Thread 3 ] DEBUG Engine               - isLinux: false
10:25:09.757 [FXGL Background Thread 3 ] DEBUG Engine               - isMac: false
10:25:09.757 [FXGL Background Thread 3 ] DEBUG Engine               - isMainMenuEnabled: true
10:25:09.757 [FXGL Background Thread 3 ] DEBUG Engine               - isManualResizeEnabled: false
10:25:09.757 [FXGL Background Thread 3 ] DEBUG Engine               - isMobile: false
10:25:09.757 [FXGL Background Thread 3 ] DEBUG Engine               - isNative: false
10:25:09.757 [FXGL Background Thread 3 ] DEBUG Engine               - isPauseMusicWhenMinimized: true
10:25:09.757 [FXGL Background Thread 3 ] DEBUG Engine               - isPreserveResizeRatio: false
10:25:09.757 [FXGL Background Thread 3 ] DEBUG Engine               - isProfilingEnabled: false
10:25:09.757 [FXGL Background Thread 3 ] DEBUG Engine               - isScaleAffectedOnResize: true
10:25:09.757 [FXGL Background Thread 3 ] DEBUG Engine               - isSingleStep: false
10:25:09.757 [FXGL Background Thread 3 ] DEBUG Engine               - isUserProfileEnabled: false
10:25:09.757 [FXGL Background Thread 3 ] DEBUG Engine               - isWindows: true
10:25:09.757 [FXGL Background Thread 3 ] DEBUG Engine               - language: ObjectProperty [value: ENGLISH]
10:25:09.757 [FXGL Background Thread 3 ] DEBUG Engine               - menuKey: ESCAPE
10:25:09.758 [FXGL Background Thread 3 ] DEBUG Engine               - mouseSensitivity: 0.2
10:25:09.758 [FXGL Background Thread 3 ] DEBUG Engine               - notificationViewClass: class com.almasb.fxgl.notification.view.XboxNotificationView
10:25:09.758 [FXGL Background Thread 3 ] DEBUG Engine               - pixelsPerMeter: 50.0
10:25:09.758 [FXGL Background Thread 3 ] DEBUG Engine               - platform: WINDOWS
10:25:09.758 [FXGL Background Thread 3 ] DEBUG Engine               - prefHeightProperty: ReadOnlyDoubleProperty [value: 937.0]
10:25:09.758 [FXGL Background Thread 3 ] DEBUG Engine               - prefWidthProperty: ReadOnlyDoubleProperty [value: 1316.0]
10:25:09.758 [FXGL Background Thread 3 ] DEBUG Engine               - profileDir: profiles/
10:25:09.758 [FXGL Background Thread 3 ] DEBUG Engine               - profileName: StringProperty [value: DEFAULT]
10:25:09.758 [FXGL Background Thread 3 ] DEBUG Engine               - randomSeed: -1
10:25:09.758 [FXGL Background Thread 3 ] DEBUG Engine               - runtimeInfo: RuntimeInfo(platform=WINDOWS, version=21.1, build=27.03.2024 07.52)
10:25:09.758 [FXGL Background Thread 3 ] DEBUG Engine               - saveFileExt: sav
10:25:09.758 [FXGL Background Thread 3 ] DEBUG Engine               - scaledHeightProp$fxgl: DoubleProperty [bound, value: 937.0]
10:25:09.758 [FXGL Background Thread 3 ] DEBUG Engine               - scaledWidthProp$fxgl: DoubleProperty [bound, value: 1316.0]
10:25:09.758 [FXGL Background Thread 3 ] DEBUG Engine               - sceneFactory: edu.sustech.xiangqi.XiangQiApp$1@68ce5fca
10:25:09.758 [FXGL Background Thread 3 ] DEBUG Engine               - secondsIn24h: 60
10:25:09.758 [FXGL Background Thread 3 ] DEBUG Engine               - soundMenuBack: menu/back.wav
10:25:09.758 [FXGL Background Thread 3 ] DEBUG Engine               - soundMenuPress: menu/press.wav
10:25:09.758 [FXGL Background Thread 3 ] DEBUG Engine               - soundMenuSelect: menu/select.wav
10:25:09.758 [FXGL Background Thread 3 ] DEBUG Engine               - soundNotification: core/notification.wav
10:25:09.758 [FXGL Background Thread 3 ] DEBUG Engine               - stageStyle: DECORATED
10:25:09.758 [FXGL Background Thread 3 ] DEBUG Engine               - supportedLanguages: [ENGLISH, FRENCH, GERMAN, HUNGARIAN, RUSSIAN]
10:25:09.758 [FXGL Background Thread 3 ] DEBUG Engine               - ticksPerSecond: -1
10:25:09.758 [FXGL Background Thread 3 ] DEBUG Engine               - title: 中国象棋 1.0
10:25:09.758 [FXGL Background Thread 3 ] DEBUG Engine               - urlGithub: https://github.com/AlmasB/FXGL
10:25:09.758 [FXGL Background Thread 3 ] DEBUG Engine               - urlLeaderboard: http://fxgl-top.herokuapp.com/
10:25:09.758 [FXGL Background Thread 3 ] DEBUG Engine               - urlPOM: https://raw.githubusercontent.com/AlmasB/FXGL/release/README.md
10:25:09.758 [FXGL Background Thread 3 ] DEBUG Engine               - userAppClass: class edu.sustech.xiangqi.XiangQiApp
10:25:09.758 [FXGL Background Thread 3 ] DEBUG Engine               - version: 1.0
10:25:09.758 [FXGL Background Thread 3 ] DEBUG Engine               - versionCheckDays: 7
10:25:09.758 [FXGL Background Thread 3 ] DEBUG Engine               - width: 1316
10:25:09.758 [FXGL Background Thread 3 ] DEBUG Engine               - Logging services
10:25:09.758 [FXGL Background Thread 3 ] DEBUG Engine               - class com.almasb.fxgl.app.services.FXGLAssetLoaderService
10:25:09.759 [FXGL Background Thread 3 ] DEBUG Engine               - class com.almasb.fxgl.app.FXGLApplication$GameApplicationService
10:25:09.759 [FXGL Background Thread 3 ] DEBUG Engine               - class com.almasb.fxgl.app.services.FXGLDialogService
10:25:09.759 [FXGL Background Thread 3 ] DEBUG Engine               - class com.almasb.fxgl.app.services.IOTaskExecutorService
10:25:09.759 [FXGL Background Thread 3 ] DEBUG Engine               - class com.almasb.fxgl.io.FileSystemService
10:25:09.759 [FXGL Background Thread 3 ] DEBUG Engine               - class com.almasb.fxgl.localization.LocalizationService
10:25:09.759 [FXGL Background Thread 3 ] DEBUG Engine               - class com.almasb.fxgl.app.services.SystemBundleService
10:25:09.759 [FXGL Background Thread 3 ] DEBUG Engine               - class com.almasb.fxgl.profile.SaveLoadService
10:25:09.759 [FXGL Background Thread 3 ] DEBUG Engine               - class com.almasb.fxgl.ui.FXGLUIFactoryServiceProvider
10:25:09.759 [FXGL Background Thread 3 ] DEBUG Engine               - class com.almasb.fxgl.ui.FXGLDialogFactoryServiceProvider
10:25:09.759 [FXGL Background Thread 3 ] DEBUG Engine               - class com.almasb.fxgl.audio.AudioPlayer
10:25:09.759 [FXGL Background Thread 3 ] DEBUG Engine               - class com.almasb.fxgl.notification.impl.NotificationServiceProvider
10:25:09.759 [FXGL Background Thread 3 ] DEBUG Engine               - class com.almasb.fxgl.achievement.AchievementService
10:25:09.759 [FXGL Background Thread 3 ] DEBUG Engine               - class com.almasb.fxgl.cutscene.CutsceneService
10:25:09.759 [FXGL Background Thread 3 ] DEBUG Engine               - class com.almasb.fxgl.minigames.MiniGameService
10:25:09.759 [FXGL Background Thread 3 ] DEBUG Engine               - class com.almasb.fxgl.net.NetService
10:25:09.759 [FXGL Background Thread 3 ] DEBUG Engine               - class com.almasb.fxgl.app.services.UpdaterService
10:25:09.759 [FXGL Background Thread 3 ] DEBUG Engine               - class com.almasb.fxgl.dev.DevService
10:25:11.724 [JavaFX Application Thread] DEBUG AudioPlayer          - Playing music com.almasb.fxgl.audio.Music@4a4fe354
10:25:12.706 [JavaFX Application Thread] DEBUG AudioPlayer          - Playing music com.almasb.fxgl.audio.Music@4a4fe354
10:25:13.127 [JavaFX Application Thread] DEBUG Menu                 - fireNewGame()
10:25:13.127 [JavaFX Application Thread] DEBUG GameApplicationServi - Starting new game
10:25:13.127 [JavaFX Application Thread] DEBUG PrimaryStageWindow   - Pop state: MainMenuScene
10:25:13.127 [JavaFX Application Thread] DEBUG Input                - Clearing active input actions
10:25:13.128 [JavaFX Application Thread] DEBUG GameApplicationServi - Removing overlay from MainMenuScene and adding to FXGLMainMenuDummyScene
10:25:13.128 [JavaFX Application Thread] DEBUG PrimaryStageWindow   - FXGLMainMenuDummyScene <- MainMenuScene
10:25:13.128 [JavaFX Application Thread] DEBUG Input                - Clearing active input actions
10:25:13.142 [JavaFX Application Thread] DEBUG GameApplicationServi - Removing overlay from FXGLMainMenuDummyScene and adding to FXGLLoadingScene
10:25:13.142 [JavaFX Application Thread] DEBUG PrimaryStageWindow   - FXGLMainMenuDummyScene -> FXGLLoadingScene
10:25:13.142 [JavaFX Application Thread] DEBUG GameApplicationServi - Clearing previous game
10:25:13.142 [JavaFX Application Thread] DEBUG GameScene            - Clearing game scene
10:25:13.142 [JavaFX Application Thread] DEBUG GameWorld            - Clearing game world
10:25:13.142 [JavaFX Application Thread] DEBUG PhysicsWorld         - Clearing physics world
10:25:13.151 [FXGL Background Thread 2 ] DEBUG FXGLApplication      - Initializing game
10:25:13.193 [FXGL Background Thread 2 ] DEBUG FXGLAssetLoaderServi - Loading from file system: file:/E:/G2/java/final_project/team_project_1124/javaA-xiangqi-project-main/target/classes/assets/textures/%e8%83%8c%e6%99%af.jpg
10:25:13.298 [FXGL Background Thread 2 ] DEBUG FXGLAssetLoaderServi - Loading from file system: file:/E:/G2/java/final_project/team_project_1124/javaA-xiangqi-project-main/target/classes/assets/textures/ChessBoard.png
10:25:13.324 [FXGL Background Thread 2 ] DEBUG FXGLAssetLoaderServi - Loading from file system: file:/E:/G2/java/final_project/team_project_1124/javaA-xiangqi-project-main/target/classes/assets/textures/BlackChariot.png
10:25:13.362 [FXGL Background Thread 2 ] DEBUG FXGLAssetLoaderServi - Loading from file system: file:/E:/G2/java/final_project/team_project_1124/javaA-xiangqi-project-main/target/classes/assets/textures/BlackHorse.png
10:25:13.364 [FXGL Background Thread 2 ] DEBUG FXGLAssetLoaderServi - Loading from file system: file:/E:/G2/java/final_project/team_project_1124/javaA-xiangqi-project-main/target/classes/assets/textures/BlackElephant.png
10:25:13.366 [FXGL Background Thread 2 ] DEBUG FXGLAssetLoaderServi - Loading from file system: file:/E:/G2/java/final_project/team_project_1124/javaA-xiangqi-project-main/target/classes/assets/textures/BlackAdvisor.png
10:25:13.369 [FXGL Background Thread 2 ] DEBUG FXGLAssetLoaderServi - Loading from file system: file:/E:/G2/java/final_project/team_project_1124/javaA-xiangqi-project-main/target/classes/assets/textures/BlackGeneral.png
10:25:13.374 [FXGL Background Thread 2 ] DEBUG FXGLAssetLoaderServi - Loading from file system: file:/E:/G2/java/final_project/team_project_1124/javaA-xiangqi-project-main/target/classes/assets/textures/BlackCannon.png
10:25:13.377 [FXGL Background Thread 2 ] DEBUG FXGLAssetLoaderServi - Loading from file system: file:/E:/G2/java/final_project/team_project_1124/javaA-xiangqi-project-main/target/classes/assets/textures/BlackSoldier.png
10:25:13.382 [FXGL Background Thread 2 ] DEBUG FXGLAssetLoaderServi - Loading from file system: file:/E:/G2/java/final_project/team_project_1124/javaA-xiangqi-project-main/target/classes/assets/textures/RedSoldier.png
10:25:13.388 [FXGL Background Thread 2 ] DEBUG FXGLAssetLoaderServi - Loading from file system: file:/E:/G2/java/final_project/team_project_1124/javaA-xiangqi-project-main/target/classes/assets/textures/RedCannon.png
10:25:13.390 [FXGL Background Thread 2 ] DEBUG FXGLAssetLoaderServi - Loading from file system: file:/E:/G2/java/final_project/team_project_1124/javaA-xiangqi-project-main/target/classes/assets/textures/RedChariot.png
10:25:13.392 [FXGL Background Thread 2 ] DEBUG FXGLAssetLoaderServi - Loading from file system: file:/E:/G2/java/final_project/team_project_1124/javaA-xiangqi-project-main/target/classes/assets/textures/RedHorse.png
10:25:13.394 [FXGL Background Thread 2 ] DEBUG FXGLAssetLoaderServi - Loading from file system: file:/E:/G2/java/final_project/team_project_1124/javaA-xiangqi-project-main/target/classes/assets/textures/RedElephant.png
10:25:13.396 [FXGL Background Thread 2 ] DEBUG FXGLAssetLoaderServi - Loading from file system: file:/E:/G2/java/final_project/team_project_1124/javaA-xiangqi-project-main/target/classes/assets/textures/RedAdvisor.png
10:25:13.398 [FXGL Background Thread 2 ] DEBUG FXGLAssetLoaderServi - Loading from file system: file:/E:/G2/java/final_project/team_project_1124/javaA-xiangqi-project-main/target/classes/assets/textures/RedGeneral.png
10:25:13.407 [FXGL Background Thread 2 ] INFO  FXGLApplication      - Game initialization took: 0.255 sec
10:25:13.407 [JavaFX Application Thread] DEBUG Input                - Clearing active input actions
10:25:13.413 [JavaFX Application Thread] DEBUG GameApplicationServi - Removing overlay from FXGLLoadingScene and adding to GameScene
10:25:13.415 [JavaFX Application Thread] DEBUG PrimaryStageWindow   - FXGLLoadingScene -> GameScene
10:25:14.574 [JavaFX Application Thread] DEBUG AudioPlayer          - Playing music com.almasb.fxgl.audio.Music@4a4fe354
10:25:17.084 [JavaFX Application Thread] DEBUG AudioPlayer          - Playing music com.almasb.fxgl.audio.Music@4a4fe354
10:25:17.348 [JavaFX Application Thread] DEBUG AudioPlayer          - Playing music com.almasb.fxgl.audio.Music@4a4fe354
10:25:18.261 [JavaFX Application Thread] DEBUG AudioPlayer          - Playing music com.almasb.fxgl.audio.Music@4a4fe354
10:25:18.974 [JavaFX Application Thread] DEBUG AudioPlayer          - Playing music com.almasb.fxgl.audio.Music@4a4fe354
10:25:19.197 [JavaFX Application Thread] DEBUG AudioPlayer          - Playing music com.almasb.fxgl.audio.Music@4a4fe354
10:25:21.802 [JavaFX Application Thread] DEBUG AudioPlayer          - Playing music com.almasb.fxgl.audio.Music@4a4fe354
10:25:22.479 [JavaFX Application Thread] DEBUG FXGLApplication      - Exiting FXGL
10:25:22.481 [JavaFX Application Thread] DEBUG LoopRunner           - Stopping loop
10:25:22.481 [JavaFX Application Thread] DEBUG SystemBundleService  - Saving FXGL system data
10:25:22.483 [JavaFX Application Thread] DEBUG FileSystemAccess     - Writing to: E:\G2\java\final_project\team_project_1124\javaA-xiangqi-project-main\system\fxgl.bundle
10:25:22.486 [JavaFX Application Thread] DEBUG Async                - Shutting down background threads
10:25:22.486 [JavaFX Application Thread] DEBUG PrimaryStageWindow   - Closing main window
10:25:22.553 [JavaFX Application Thread] DEBUG Logger               - Closing Logger
