16:39:02.561 [main                     ] DEBUG Logger               - Configured Logger
16:39:02.566 [main                     ] DEBUG GameApplication      - Logging settings
Title: 中国象棋 1.0
Version: 1.0
Width: 1316
Height: 1007
Fullscreen: false
Intro: false
Profiling: false
Single step:false
App Mode: DEVELOPER
Menu Key: ESCAPE
Stage Style: DECORATED
Scene Factory: class edu.sustech.xiangqi.XiangQiApp$1

16:39:03.238 [JavaFX Application Thread] DEBUG FXGLApplication      - Initializing FXGL
16:39:03.239 [JavaFX Application Thread] INFO  Engine               - FXGL-21.1 (27.03.2024 07.52) on WINDOWS (J:23.0.2 FX:21.0.1)
16:39:03.239 [JavaFX Application Thread] DEBUG Engine               - JRE Vendor Name: Amazon.com Inc.
16:39:03.240 [JavaFX Application Thread] DEBUG Engine               - Running on OS: Windows 11 version 10.0
16:39:03.240 [JavaFX Application Thread] DEBUG Engine               - Architecture: amd64
16:39:03.240 [JavaFX Application Thread] INFO  Engine               - Source code and latest versions at: https://github.com/AlmasB/FXGL
16:39:03.240 [JavaFX Application Thread] INFO  Engine               -       Ask questions and discuss at: https://github.com/AlmasB/FXGL/discussions
16:39:03.240 [JavaFX Application Thread] INFO  Engine               -              Join the FXGL chat at: https://gitter.im/AlmasB/FXGL
16:39:03.304 [JavaFX Application Thread] DEBUG PrimaryStageWindow   - Creating a JavaFX scene
16:39:03.337 [JavaFX Application Thread] DEBUG PrimaryStageWindow   - Target settings size: 1316.0 x 1007.0
16:39:03.338 [JavaFX Application Thread] DEBUG PrimaryStageWindow   - Scaled scene size:    1316.0 x 1007.0
16:39:03.338 [JavaFX Application Thread] DEBUG PrimaryStageWindow   - Scaled ratio: (1.0, 1.0)
16:39:03.338 [JavaFX Application Thread] DEBUG PrimaryStageWindow   - Set initial scene to FXGLStartupScene
16:39:03.340 [JavaFX Application Thread] DEBUG PrimaryStageWindow   - Opening main window
16:39:03.418 [JavaFX Application Thread] DEBUG PrimaryStageWindow   - Window border size: (14.6666259765625, 37.6666259765625)
16:39:03.418 [JavaFX Application Thread] DEBUG PrimaryStageWindow   - Scaled size: 1316.0 x 1007.0
16:39:03.418 [JavaFX Application Thread] DEBUG PrimaryStageWindow   - Scaled ratio: (1.0, 1.0)
16:39:03.418 [JavaFX Application Thread] DEBUG PrimaryStageWindow   - Scene size: 1316.0 x 1007.0
16:39:03.418 [JavaFX Application Thread] DEBUG PrimaryStageWindow   - Stage size: 1330.6666259765625 x 1044.6666259765625
16:39:03.423 [FXGL Background Thread 1 ] DEBUG Engine               - Initializing environment variables
16:39:03.492 [FXGL Background Thread 1 ] DEBUG FXGLAssetLoaderServi - User app class for loading assets: class edu.sustech.xiangqi.XiangQiApp
16:39:03.492 [FXGL Background Thread 1 ] DEBUG GameApplicationServi - Applying CSS: fxgl_dark.css
16:39:03.493 [FXGL Background Thread 1 ] DEBUG FXGLAssetLoaderServi - Loading from file system: jar:file:/C:/Users/%e5%b0%b9%e7%8e%ba%e9%aa%85/.m2/repository/com/github/almasb/fxgl/21.1/fxgl-21.1.jar!/fxglassets/ui/css/fxgl_dark.css
16:39:03.526 [FXGL Background Thread 1 ] DEBUG GameApplicationServi - Initializing application scenes
16:39:03.594 [FXGL Background Thread 1 ] DEBUG GameWorld            - Game world initialized
16:39:03.653 [FXGL Background Thread 1 ] DEBUG PhysicsWorld         - Physics world initialized: appHeight=1007, physics.ppm=50.0
16:39:03.653 [FXGL Background Thread 1 ] DEBUG PhysicsWorld         - Using strategy: BRUTE_FORCE
16:39:03.657 [FXGL Background Thread 1 ] DEBUG GameScene            - Game scene initialized: 1316x1007
16:39:03.662 [FXGL Background Thread 1 ] DEBUG FXGLAssetLoaderServi - Loading from file system: file:/E:/G2/java/final_project/team_project_1124/javaA-xiangqi-project-main/target/classes/assets/music/Whisper%20Records%20-%20%e5%8f%a4%e3%81%ae%e6%a3%ae.mp3
16:39:04.016 [FXGL Background Thread 1 ] DEBUG AudioPlayer          - Playing music com.almasb.fxgl.audio.Music@538cc4c9
16:39:04.024 [FXGL Background Thread 1 ] DEBUG FXGLAssetLoaderServi - Loading from file system: file:/E:/G2/java/final_project/team_project_1124/javaA-xiangqi-project-main/target/classes/assets/textures/Button1.png
16:39:04.041 [FXGL Background Thread 1 ] DEBUG FXGLAssetLoaderServi - Loading from file system: file:/E:/G2/java/final_project/team_project_1124/javaA-xiangqi-project-main/target/classes/assets/textures/Press.png
16:39:04.044 [FXGL Background Thread 1 ] DEBUG FXGLAssetLoaderServi - Loading from file system: file:/E:/G2/java/final_project/team_project_1124/javaA-xiangqi-project-main/target/classes/assets/sounds/%e6%8c%89%e9%92%ae%e9%9f%b3%e6%95%881.mp3
16:39:04.053 [FXGL Background Thread 1 ] DEBUG FXGLAssetLoaderServi - Loading from file system: file:/E:/G2/java/final_project/team_project_1124/javaA-xiangqi-project-main/target/classes/assets/ui/fonts/HYPixel11pxU-2.ttf
16:39:04.144 [FXGL Background Thread 1 ] DEBUG GameApplicationServi - Application scenes initialized
16:39:04.155 [FXGL Background Thread 1 ] DEBUG SystemBundleService  - Loading FXGL system data
16:39:04.158 [FXGL Background Thread 1 ] DEBUG FileSystemAccess     - Reading from: E:\G2\java\final_project\team_project_1124\javaA-xiangqi-project-main\system\fxgl.bundle
16:39:04.162 [FXGL Background Thread 1 ] DEBUG SystemBundleService  - Bundle FXGL: {}
16:39:04.162 [FXGL Background Thread 1 ] DEBUG UpdaterService       - Checking for updates
16:39:04.167 [FXGL Background Thread 4 ] DEBUG FXGLApplication      - Loading fonts
16:39:04.167 [FXGL Background Thread 4 ] DEBUG FXGLAssetLoaderServi - Loading from file system: jar:file:/C:/Users/%e5%b0%b9%e7%8e%ba%e9%aa%85/.m2/repository/com/github/almasb/fxgl/21.1/fxgl-21.1.jar!/fxglassets/ui/fonts/VarelaRound-Regular.ttf
16:39:04.167 [FXGL Background Thread 1 ] DEBUG FXGLApplication      - Loading default localization
16:39:04.167 [FXGL Background Thread 1 ] DEBUG FXGLAssetLoaderServi - Loading from file system: jar:file:/C:/Users/%e5%b0%b9%e7%8e%ba%e9%aa%85/.m2/repository/com/github/almasb/fxgl/21.1/fxgl-21.1.jar!/fxglassets/languages/english.lang
16:39:04.171 [FXGL Background Thread 4 ] DEBUG FXGLAssetLoaderServi - Loading from file system: jar:file:/C:/Users/%e5%b0%b9%e7%8e%ba%e9%aa%85/.m2/repository/com/github/almasb/fxgl/21.1/fxgl-21.1.jar!/fxglassets/ui/fonts/Abel-Regular.ttf
16:39:04.175 [FXGL Background Thread 4 ] DEBUG FXGLAssetLoaderServi - Loading from file system: jar:file:/C:/Users/%e5%b0%b9%e7%8e%ba%e9%aa%85/.m2/repository/com/github/almasb/fxgl/21.1/fxgl-21.1.jar!/fxglassets/ui/fonts/TerminalLandMono-Regular.otf
16:39:04.177 [FXGL Background Thread 4 ] DEBUG FXGLAssetLoaderServi - Loading from file system: jar:file:/C:/Users/%e5%b0%b9%e7%8e%ba%e9%aa%85/.m2/repository/com/github/almasb/fxgl/21.1/fxgl-21.1.jar!/fxglassets/ui/fonts/Courier-Prime.ttf
16:39:04.183 [JavaFX Application Thread] DEBUG FXGLApplication      - Registering font factories with UI factory
16:39:04.200 [FXGL Background Thread 1 ] INFO  FXGLApplication      - FXGL initialization took: 0.776 sec
16:39:04.203 [JavaFX Application Thread] DEBUG Input                - Registered new binding: Click - LMB
16:39:04.204 [JavaFX Application Thread] DEBUG FXGLAssetLoaderServi - Loading from file system: jar:file:/C:/Users/%e5%b0%b9%e7%8e%ba%e9%aa%85/.m2/repository/com/github/almasb/fxgl/21.1/fxgl-21.1.jar!/fxglassets/textures/fxgl_icon.png
16:39:04.227 [JavaFX Application Thread] DEBUG FXGLAssetLoaderServi - Loading from file system: jar:file:/C:/Users/%e5%b0%b9%e7%8e%ba%e9%aa%85/.m2/repository/com/github/almasb/fxgl/21.1/fxgl-21.1.jar!/fxglassets/textures/fxgl_default_cursor.png
16:39:04.233 [JavaFX Application Thread] DEBUG Input                - Registered new binding: Screenshot - CTRL+8
16:39:04.233 [JavaFX Application Thread] DEBUG Input                - Registered new binding: System info dump - CTRL+9
16:39:04.233 [JavaFX Application Thread] DEBUG Input                - Registered new binding: Restart - CTRL+R
16:39:04.234 [JavaFX Application Thread] DEBUG Input                - Registered new binding: Toggle Debug Camera - CTRL+7
16:39:04.236 [JavaFX Application Thread] DEBUG LoopRunner           - Starting loop
16:39:04.236 [JavaFX Application Thread] DEBUG LoopRunner           - Initializing JavaFX AnimationTimerLoop
16:39:04.238 [JavaFX Application Thread] DEBUG Input                - Clearing active input actions
16:39:04.253 [JavaFX Application Thread] DEBUG GameApplicationServi - Removing overlay from FXGLStartupScene and adding to FXGLMainMenuDummyScene
16:39:04.253 [JavaFX Application Thread] DEBUG PrimaryStageWindow   - FXGLStartupScene -> FXGLMainMenuDummyScene
16:39:04.253 [JavaFX Application Thread] DEBUG PrimaryStageWindow   - Push state: MainMenuScene
16:39:04.254 [JavaFX Application Thread] DEBUG Input                - Clearing active input actions
16:39:04.263 [JavaFX Application Thread] DEBUG GameApplicationServi - Removing overlay from FXGLMainMenuDummyScene and adding to MainMenuScene
16:39:04.264 [JavaFX Application Thread] DEBUG PrimaryStageWindow   - FXGLMainMenuDummyScene -> MainMenuScene
16:39:07.166 [FXGL Background Thread 3 ] DEBUG Engine               - Logging environment variables
16:39:07.167 [FXGL Background Thread 3 ] DEBUG Engine               - achievements: []
16:39:07.167 [FXGL Background Thread 3 ] DEBUG Engine               - actualHeight: 1007.0
16:39:07.167 [FXGL Background Thread 3 ] DEBUG Engine               - actualHeightProperty: ReadOnlyDoubleProperty [value: 1007.0]
16:39:07.167 [FXGL Background Thread 3 ] DEBUG Engine               - actualWidth: 1316.0
16:39:07.167 [FXGL Background Thread 3 ] DEBUG Engine               - actualWidthProperty: ReadOnlyDoubleProperty [value: 1316.0]
16:39:07.167 [FXGL Background Thread 3 ] DEBUG Engine               - appIcon: fxgl_icon.png
16:39:07.167 [FXGL Background Thread 3 ] DEBUG Engine               - applicationMode: DEVELOPER
16:39:07.168 [FXGL Background Thread 3 ] DEBUG Engine               - cSSList: [fxgl_dark.css]
16:39:07.168 [FXGL Background Thread 3 ] DEBUG Engine               - collisionDetectionStrategy: BRUTE_FORCE
16:39:07.168 [FXGL Background Thread 3 ] DEBUG Engine               - configClass: Optional.empty
16:39:07.168 [FXGL Background Thread 3 ] DEBUG Engine               - credits: []
16:39:07.171 [FXGL Background Thread 3 ] DEBUG Engine               - defaultCursor: CursorInfo(imageName=fxgl_default_cursor.png, hotspotX=7.0, hotspotY=6.0)
16:39:07.171 [FXGL Background Thread 3 ] DEBUG Engine               - devBBoxColorProperty: ObjectProperty [value: 0xff0000ff]
16:39:07.171 [FXGL Background Thread 3 ] DEBUG Engine               - devEnableDebugCameraProperty: BooleanProperty [value: false]
16:39:07.171 [FXGL Background Thread 3 ] DEBUG Engine               - devSensorColorProperty: ObjectProperty [value: 0xffff00ff]
16:39:07.171 [FXGL Background Thread 3 ] DEBUG Engine               - devShowBBoxProperty: BooleanProperty [value: false]
16:39:07.171 [FXGL Background Thread 3 ] DEBUG Engine               - devShowPositionProperty: BooleanProperty [value: false]
16:39:07.171 [FXGL Background Thread 3 ] DEBUG Engine               - enabledMenuItems: []
16:39:07.171 [FXGL Background Thread 3 ] DEBUG Engine               - engineServices: [class com.almasb.fxgl.app.services.FXGLAssetLoaderService, class com.almasb.fxgl.app.FXGLApplication$GameApplicationService, class com.almasb.fxgl.app.services.FXGLDialogService, class com.almasb.fxgl.app.services.IOTaskExecutorService, class com.almasb.fxgl.io.FileSystemService, class com.almasb.fxgl.localization.LocalizationService, class com.almasb.fxgl.app.services.SystemBundleService, class com.almasb.fxgl.profile.SaveLoadService, class com.almasb.fxgl.ui.FXGLUIFactoryServiceProvider, class com.almasb.fxgl.ui.FXGLDialogFactoryServiceProvider, class com.almasb.fxgl.audio.AudioPlayer, class com.almasb.fxgl.notification.impl.NotificationServiceProvider, class com.almasb.fxgl.achievement.AchievementService, class com.almasb.fxgl.cutscene.CutsceneService, class com.almasb.fxgl.minigames.MiniGameService, class com.almasb.fxgl.net.NetService, class com.almasb.fxgl.app.services.UpdaterService, class com.almasb.fxgl.dev.DevService]
16:39:07.171 [FXGL Background Thread 3 ] DEBUG Engine               - fontGame: Abel-Regular.ttf
16:39:07.171 [FXGL Background Thread 3 ] DEBUG Engine               - fontMono: TerminalLandMono-Regular.otf
16:39:07.171 [FXGL Background Thread 3 ] DEBUG Engine               - fontSizeScaleUI: 1.0
16:39:07.171 [FXGL Background Thread 3 ] DEBUG Engine               - fontText: Courier-Prime.ttf
16:39:07.171 [FXGL Background Thread 3 ] DEBUG Engine               - fontUI: VarelaRound-Regular.ttf
16:39:07.171 [FXGL Background Thread 3 ] DEBUG Engine               - fullScreen: BooleanProperty [value: false]
16:39:07.171 [FXGL Background Thread 3 ] DEBUG Engine               - gameDifficulty: MEDIUM
16:39:07.172 [FXGL Background Thread 3 ] DEBUG Engine               - gameDifficultyProperty: ObjectProperty [value: MEDIUM]
16:39:07.172 [FXGL Background Thread 3 ] DEBUG Engine               - globalMusicVolume: 0.5
16:39:07.172 [FXGL Background Thread 3 ] DEBUG Engine               - globalMusicVolumeProperty: DoubleProperty [value: 0.5]
16:39:07.172 [FXGL Background Thread 3 ] DEBUG Engine               - globalSoundVolume: 0.5
16:39:07.172 [FXGL Background Thread 3 ] DEBUG Engine               - globalSoundVolumeProperty: DoubleProperty [value: 0.5]
16:39:07.172 [FXGL Background Thread 3 ] DEBUG Engine               - height: 1007
16:39:07.172 [FXGL Background Thread 3 ] DEBUG Engine               - is3D: false
16:39:07.172 [FXGL Background Thread 3 ] DEBUG Engine               - isAndroid: false
16:39:07.172 [FXGL Background Thread 3 ] DEBUG Engine               - isBrowser: false
16:39:07.172 [FXGL Background Thread 3 ] DEBUG Engine               - isClickFeedbackEnabled: false
16:39:07.172 [FXGL Background Thread 3 ] DEBUG Engine               - isCloseConfirmation: false
16:39:07.172 [FXGL Background Thread 3 ] DEBUG Engine               - isDesktop: true
16:39:07.172 [FXGL Background Thread 3 ] DEBUG Engine               - isDeveloperMenuEnabled: false
16:39:07.172 [FXGL Background Thread 3 ] DEBUG Engine               - isEmbedded: false
16:39:07.172 [FXGL Background Thread 3 ] DEBUG Engine               - isEntityPreloadEnabled: true
16:39:07.172 [FXGL Background Thread 3 ] DEBUG Engine               - isExperimentalTiledLargeMap: false
16:39:07.172 [FXGL Background Thread 3 ] DEBUG Engine               - isFileSystemWriteAllowed: true
16:39:07.172 [FXGL Background Thread 3 ] DEBUG Engine               - isFullScreenAllowed: false
16:39:07.172 [FXGL Background Thread 3 ] DEBUG Engine               - isFullScreenFromStart: false
16:39:07.172 [FXGL Background Thread 3 ] DEBUG Engine               - isGameMenuEnabled: true
16:39:07.172 [FXGL Background Thread 3 ] DEBUG Engine               - isIOS: false
16:39:07.172 [FXGL Background Thread 3 ] DEBUG Engine               - isIntroEnabled: false
16:39:07.172 [FXGL Background Thread 3 ] DEBUG Engine               - isLinux: false
16:39:07.172 [FXGL Background Thread 3 ] DEBUG Engine               - isMac: false
16:39:07.172 [FXGL Background Thread 3 ] DEBUG Engine               - isMainMenuEnabled: true
16:39:07.172 [FXGL Background Thread 3 ] DEBUG Engine               - isManualResizeEnabled: true
16:39:07.172 [FXGL Background Thread 3 ] DEBUG Engine               - isMobile: false
16:39:07.172 [FXGL Background Thread 3 ] DEBUG Engine               - isNative: false
16:39:07.172 [FXGL Background Thread 3 ] DEBUG Engine               - isPauseMusicWhenMinimized: true
16:39:07.172 [FXGL Background Thread 3 ] DEBUG Engine               - isPreserveResizeRatio: true
16:39:07.172 [FXGL Background Thread 3 ] DEBUG Engine               - isProfilingEnabled: false
16:39:07.172 [FXGL Background Thread 3 ] DEBUG Engine               - isScaleAffectedOnResize: true
16:39:07.172 [FXGL Background Thread 3 ] DEBUG Engine               - isSingleStep: false
16:39:07.174 [FXGL Background Thread 3 ] DEBUG Engine               - isUserProfileEnabled: false
16:39:07.174 [FXGL Background Thread 3 ] DEBUG Engine               - isWindows: true
16:39:07.174 [FXGL Background Thread 3 ] DEBUG Engine               - language: ObjectProperty [value: ENGLISH]
16:39:07.174 [FXGL Background Thread 3 ] DEBUG Engine               - menuKey: ESCAPE
16:39:07.174 [FXGL Background Thread 3 ] DEBUG Engine               - mouseSensitivity: 0.2
16:39:07.174 [FXGL Background Thread 3 ] DEBUG Engine               - notificationViewClass: class com.almasb.fxgl.notification.view.XboxNotificationView
16:39:07.174 [FXGL Background Thread 3 ] DEBUG Engine               - pixelsPerMeter: 50.0
16:39:07.174 [FXGL Background Thread 3 ] DEBUG Engine               - platform: WINDOWS
16:39:07.174 [FXGL Background Thread 3 ] DEBUG Engine               - prefHeightProperty: ReadOnlyDoubleProperty [value: 1007.0]
16:39:07.174 [FXGL Background Thread 3 ] DEBUG Engine               - prefWidthProperty: ReadOnlyDoubleProperty [value: 1316.0]
16:39:07.174 [FXGL Background Thread 3 ] DEBUG Engine               - profileDir: profiles/
16:39:07.174 [FXGL Background Thread 3 ] DEBUG Engine               - profileName: StringProperty [value: DEFAULT]
16:39:07.174 [FXGL Background Thread 3 ] DEBUG Engine               - randomSeed: -1
16:39:07.174 [FXGL Background Thread 3 ] DEBUG Engine               - runtimeInfo: RuntimeInfo(platform=WINDOWS, version=21.1, build=27.03.2024 07.52)
16:39:07.175 [FXGL Background Thread 3 ] DEBUG Engine               - saveFileExt: sav
16:39:07.175 [FXGL Background Thread 3 ] DEBUG Engine               - scaledHeightProp$fxgl: DoubleProperty [bound, value: 1007.0]
16:39:07.175 [FXGL Background Thread 3 ] DEBUG Engine               - scaledWidthProp$fxgl: DoubleProperty [bound, value: 1316.0]
16:39:07.175 [FXGL Background Thread 3 ] DEBUG Engine               - sceneFactory: edu.sustech.xiangqi.XiangQiApp$1@6ca1ffc8
16:39:07.175 [FXGL Background Thread 3 ] DEBUG Engine               - secondsIn24h: 60
16:39:07.175 [FXGL Background Thread 3 ] DEBUG Engine               - soundMenuBack: menu/back.wav
16:39:07.175 [FXGL Background Thread 3 ] DEBUG Engine               - soundMenuPress: menu/press.wav
16:39:07.175 [FXGL Background Thread 3 ] DEBUG Engine               - soundMenuSelect: menu/select.wav
16:39:07.175 [FXGL Background Thread 3 ] DEBUG Engine               - soundNotification: core/notification.wav
16:39:07.175 [FXGL Background Thread 3 ] DEBUG Engine               - stageStyle: DECORATED
16:39:07.175 [FXGL Background Thread 3 ] DEBUG Engine               - supportedLanguages: [ENGLISH, FRENCH, GERMAN, HUNGARIAN, RUSSIAN]
16:39:07.175 [FXGL Background Thread 3 ] DEBUG Engine               - ticksPerSecond: -1
16:39:07.175 [FXGL Background Thread 3 ] DEBUG Engine               - title: 中国象棋 1.0
16:39:07.175 [FXGL Background Thread 3 ] DEBUG Engine               - urlGithub: https://github.com/AlmasB/FXGL
16:39:07.175 [FXGL Background Thread 3 ] DEBUG Engine               - urlLeaderboard: http://fxgl-top.herokuapp.com/
16:39:07.175 [FXGL Background Thread 3 ] DEBUG Engine               - urlPOM: https://raw.githubusercontent.com/AlmasB/FXGL/release/README.md
16:39:07.175 [FXGL Background Thread 3 ] DEBUG Engine               - userAppClass: class edu.sustech.xiangqi.XiangQiApp
16:39:07.175 [FXGL Background Thread 3 ] DEBUG Engine               - version: 1.0
16:39:07.175 [FXGL Background Thread 3 ] DEBUG Engine               - versionCheckDays: 7
16:39:07.175 [FXGL Background Thread 3 ] DEBUG Engine               - width: 1316
16:39:07.175 [FXGL Background Thread 3 ] DEBUG Engine               - Logging services
16:39:07.175 [FXGL Background Thread 3 ] DEBUG Engine               - class com.almasb.fxgl.app.services.FXGLAssetLoaderService
16:39:07.175 [FXGL Background Thread 3 ] DEBUG Engine               - class com.almasb.fxgl.app.FXGLApplication$GameApplicationService
16:39:07.175 [FXGL Background Thread 3 ] DEBUG Engine               - class com.almasb.fxgl.app.services.FXGLDialogService
16:39:07.175 [FXGL Background Thread 3 ] DEBUG Engine               - class com.almasb.fxgl.app.services.IOTaskExecutorService
16:39:07.175 [FXGL Background Thread 3 ] DEBUG Engine               - class com.almasb.fxgl.io.FileSystemService
16:39:07.175 [FXGL Background Thread 3 ] DEBUG Engine               - class com.almasb.fxgl.localization.LocalizationService
16:39:07.175 [FXGL Background Thread 3 ] DEBUG Engine               - class com.almasb.fxgl.app.services.SystemBundleService
16:39:07.175 [FXGL Background Thread 3 ] DEBUG Engine               - class com.almasb.fxgl.profile.SaveLoadService
16:39:07.175 [FXGL Background Thread 3 ] DEBUG Engine               - class com.almasb.fxgl.ui.FXGLUIFactoryServiceProvider
16:39:07.175 [FXGL Background Thread 3 ] DEBUG Engine               - class com.almasb.fxgl.ui.FXGLDialogFactoryServiceProvider
16:39:07.175 [FXGL Background Thread 3 ] DEBUG Engine               - class com.almasb.fxgl.audio.AudioPlayer
16:39:07.175 [FXGL Background Thread 3 ] DEBUG Engine               - class com.almasb.fxgl.notification.impl.NotificationServiceProvider
16:39:07.175 [FXGL Background Thread 3 ] DEBUG Engine               - class com.almasb.fxgl.achievement.AchievementService
16:39:07.175 [FXGL Background Thread 3 ] DEBUG Engine               - class com.almasb.fxgl.cutscene.CutsceneService
16:39:07.175 [FXGL Background Thread 3 ] DEBUG Engine               - class com.almasb.fxgl.minigames.MiniGameService
16:39:07.175 [FXGL Background Thread 3 ] DEBUG Engine               - class com.almasb.fxgl.net.NetService
16:39:07.175 [FXGL Background Thread 3 ] DEBUG Engine               - class com.almasb.fxgl.app.services.UpdaterService
16:39:07.176 [FXGL Background Thread 3 ] DEBUG Engine               - class com.almasb.fxgl.dev.DevService
16:39:08.161 [JavaFX Application Thread] DEBUG PrimaryStageWindow   - Push state: DialogSubScene
16:39:08.162 [JavaFX Application Thread] DEBUG Input                - Clearing active input actions
16:39:08.162 [JavaFX Application Thread] DEBUG GameApplicationServi - Removing overlay from MainMenuScene and adding to DialogSubScene
16:39:08.162 [JavaFX Application Thread] DEBUG PrimaryStageWindow   - MainMenuScene -> DialogSubScene
16:39:08.908 [JavaFX Application Thread] DEBUG PrimaryStageWindow   - Pop state: DialogSubScene
16:39:08.909 [JavaFX Application Thread] DEBUG Input                - Clearing active input actions
16:39:08.909 [JavaFX Application Thread] DEBUG GameApplicationServi - Removing overlay from DialogSubScene and adding to MainMenuScene
16:39:08.909 [JavaFX Application Thread] DEBUG PrimaryStageWindow   - MainMenuScene <- DialogSubScene
16:39:08.918 [JavaFX Application Thread] DEBUG GameApplicationServi - Starting new game
16:39:08.918 [JavaFX Application Thread] DEBUG PrimaryStageWindow   - Pop state: MainMenuScene
16:39:08.918 [JavaFX Application Thread] DEBUG Input                - Clearing active input actions
16:39:08.918 [JavaFX Application Thread] DEBUG GameApplicationServi - Removing overlay from MainMenuScene and adding to FXGLMainMenuDummyScene
16:39:08.918 [JavaFX Application Thread] DEBUG PrimaryStageWindow   - FXGLMainMenuDummyScene <- MainMenuScene
16:39:08.918 [JavaFX Application Thread] DEBUG Input                - Clearing active input actions
16:39:08.923 [JavaFX Application Thread] DEBUG GameApplicationServi - Removing overlay from FXGLMainMenuDummyScene and adding to FXGLLoadingScene
16:39:08.923 [JavaFX Application Thread] DEBUG PrimaryStageWindow   - FXGLMainMenuDummyScene -> FXGLLoadingScene
16:39:08.923 [JavaFX Application Thread] DEBUG GameApplicationServi - Clearing previous game
16:39:08.923 [JavaFX Application Thread] DEBUG GameScene            - Clearing game scene
16:39:08.923 [JavaFX Application Thread] DEBUG GameWorld            - Clearing game world
16:39:08.923 [JavaFX Application Thread] DEBUG PhysicsWorld         - Clearing physics world
16:39:08.924 [FXGL Background Thread 2 ] DEBUG FXGLApplication      - Initializing game
16:39:08.931 [FXGL Background Thread 2 ] DEBUG FXGLAssetLoaderServi - Loading from file system: file:/E:/G2/java/final_project/team_project_1124/javaA-xiangqi-project-main/target/classes/assets/textures/%e8%83%8c%e6%99%af.jpg
16:39:08.997 [FXGL Background Thread 2 ] DEBUG FXGLAssetLoaderServi - Loading from file system: file:/E:/G2/java/final_project/team_project_1124/javaA-xiangqi-project-main/target/classes/assets/textures/ChessBoard.png
16:39:09.043 [FXGL Background Thread 2 ] DEBUG FXGLAssetLoaderServi - Loading from file system: file:/E:/G2/java/final_project/team_project_1124/javaA-xiangqi-project-main/target/classes/assets/textures/BlackChariot.png
16:39:09.061 [FXGL Background Thread 2 ] DEBUG FXGLAssetLoaderServi - Loading from file system: file:/E:/G2/java/final_project/team_project_1124/javaA-xiangqi-project-main/target/classes/assets/textures/BlackHorse.png
16:39:09.062 [FXGL Background Thread 2 ] DEBUG FXGLAssetLoaderServi - Loading from file system: file:/E:/G2/java/final_project/team_project_1124/javaA-xiangqi-project-main/target/classes/assets/textures/BlackElephant.png
16:39:09.064 [FXGL Background Thread 2 ] DEBUG FXGLAssetLoaderServi - Loading from file system: file:/E:/G2/java/final_project/team_project_1124/javaA-xiangqi-project-main/target/classes/assets/textures/BlackAdvisor.png
16:39:09.065 [FXGL Background Thread 2 ] DEBUG FXGLAssetLoaderServi - Loading from file system: file:/E:/G2/java/final_project/team_project_1124/javaA-xiangqi-project-main/target/classes/assets/textures/BlackGeneral.png
16:39:09.068 [FXGL Background Thread 2 ] DEBUG FXGLAssetLoaderServi - Loading from file system: file:/E:/G2/java/final_project/team_project_1124/javaA-xiangqi-project-main/target/classes/assets/textures/BlackCannon.png
16:39:09.069 [FXGL Background Thread 2 ] DEBUG FXGLAssetLoaderServi - Loading from file system: file:/E:/G2/java/final_project/team_project_1124/javaA-xiangqi-project-main/target/classes/assets/textures/BlackSoldier.png
16:39:09.073 [FXGL Background Thread 2 ] DEBUG FXGLAssetLoaderServi - Loading from file system: file:/E:/G2/java/final_project/team_project_1124/javaA-xiangqi-project-main/target/classes/assets/textures/RedSoldier.png
16:39:09.075 [FXGL Background Thread 2 ] DEBUG FXGLAssetLoaderServi - Loading from file system: file:/E:/G2/java/final_project/team_project_1124/javaA-xiangqi-project-main/target/classes/assets/textures/RedCannon.png
16:39:09.076 [FXGL Background Thread 2 ] DEBUG FXGLAssetLoaderServi - Loading from file system: file:/E:/G2/java/final_project/team_project_1124/javaA-xiangqi-project-main/target/classes/assets/textures/RedChariot.png
16:39:09.078 [FXGL Background Thread 2 ] DEBUG FXGLAssetLoaderServi - Loading from file system: file:/E:/G2/java/final_project/team_project_1124/javaA-xiangqi-project-main/target/classes/assets/textures/RedHorse.png
16:39:09.079 [FXGL Background Thread 2 ] DEBUG FXGLAssetLoaderServi - Loading from file system: file:/E:/G2/java/final_project/team_project_1124/javaA-xiangqi-project-main/target/classes/assets/textures/RedElephant.png
16:39:09.080 [FXGL Background Thread 2 ] DEBUG FXGLAssetLoaderServi - Loading from file system: file:/E:/G2/java/final_project/team_project_1124/javaA-xiangqi-project-main/target/classes/assets/textures/RedAdvisor.png
16:39:09.082 [FXGL Background Thread 2 ] DEBUG FXGLAssetLoaderServi - Loading from file system: file:/E:/G2/java/final_project/team_project_1124/javaA-xiangqi-project-main/target/classes/assets/textures/RedGeneral.png
16:39:09.110 [FXGL Background Thread 2 ] INFO  FXGLApplication      - Game initialization took: 0.186 sec
16:39:09.117 [JavaFX Application Thread] DEBUG Input                - Clearing active input actions
16:39:09.123 [JavaFX Application Thread] DEBUG GameApplicationServi - Removing overlay from FXGLLoadingScene and adding to GameScene
16:39:09.123 [JavaFX Application Thread] DEBUG PrimaryStageWindow   - FXGLLoadingScene -> GameScene
16:39:09.647 [JavaFX Application Thread] DEBUG PrimaryStageWindow   - Push state: DialogSubScene
16:39:09.647 [JavaFX Application Thread] DEBUG Input                - Clearing active input actions
16:39:09.649 [JavaFX Application Thread] DEBUG GameApplicationServi - Removing overlay from GameScene and adding to DialogSubScene
16:39:09.649 [JavaFX Application Thread] DEBUG PrimaryStageWindow   - GameScene -> DialogSubScene
16:39:10.392 [JavaFX Application Thread] DEBUG PrimaryStageWindow   - Pop state: DialogSubScene
16:39:10.392 [JavaFX Application Thread] DEBUG Input                - Clearing active input actions
16:39:10.392 [JavaFX Application Thread] DEBUG GameApplicationServi - Removing overlay from DialogSubScene and adding to GameScene
16:39:10.392 [JavaFX Application Thread] DEBUG PrimaryStageWindow   - GameScene <- DialogSubScene
16:39:10.925 [JavaFX Application Thread] DEBUG PrimaryStageWindow   - Push state: InGameMenuScene
16:39:10.925 [JavaFX Application Thread] DEBUG Input                - Clearing active input actions
16:39:10.925 [JavaFX Application Thread] DEBUG GameApplicationServi - Removing overlay from GameScene and adding to InGameMenuScene
16:39:10.925 [JavaFX Application Thread] DEBUG PrimaryStageWindow   - GameScene -> InGameMenuScene
16:39:11.455 [JavaFX Application Thread] DEBUG Menu                 - fireExitToMainMenu()
16:39:11.455 [JavaFX Application Thread] DEBUG PrimaryStageWindow   - Push state: DialogSubScene
16:39:11.455 [JavaFX Application Thread] DEBUG Input                - Clearing active input actions
16:39:11.455 [JavaFX Application Thread] DEBUG GameApplicationServi - Removing overlay from InGameMenuScene and adding to DialogSubScene
16:39:11.455 [JavaFX Application Thread] DEBUG PrimaryStageWindow   - InGameMenuScene -> DialogSubScene
16:39:11.808 [JavaFX Application Thread] DEBUG PrimaryStageWindow   - Pop state: DialogSubScene
16:39:11.808 [JavaFX Application Thread] DEBUG Input                - Clearing active input actions
16:39:11.808 [JavaFX Application Thread] DEBUG GameApplicationServi - Removing overlay from DialogSubScene and adding to InGameMenuScene
16:39:11.808 [JavaFX Application Thread] DEBUG PrimaryStageWindow   - InGameMenuScene <- DialogSubScene
16:39:11.808 [JavaFX Application Thread] DEBUG PrimaryStageWindow   - Pop state: InGameMenuScene
16:39:11.808 [JavaFX Application Thread] DEBUG Input                - Clearing active input actions
16:39:11.808 [JavaFX Application Thread] DEBUG GameApplicationServi - Removing overlay from InGameMenuScene and adding to GameScene
16:39:11.808 [JavaFX Application Thread] DEBUG PrimaryStageWindow   - GameScene <- InGameMenuScene
16:39:11.808 [JavaFX Application Thread] DEBUG Input                - Clearing active input actions
16:39:11.810 [JavaFX Application Thread] DEBUG GameApplicationServi - Removing overlay from GameScene and adding to FXGLMainMenuDummyScene
16:39:11.810 [JavaFX Application Thread] DEBUG PrimaryStageWindow   - GameScene -> FXGLMainMenuDummyScene
16:39:11.810 [JavaFX Application Thread] DEBUG PrimaryStageWindow   - Push state: MainMenuScene
16:39:11.810 [JavaFX Application Thread] DEBUG Input                - Clearing active input actions
16:39:11.810 [JavaFX Application Thread] DEBUG GameApplicationServi - Removing overlay from FXGLMainMenuDummyScene and adding to MainMenuScene
16:39:11.810 [JavaFX Application Thread] DEBUG PrimaryStageWindow   - FXGLMainMenuDummyScene -> MainMenuScene
16:39:12.366 [JavaFX Application Thread] DEBUG Menu                 - fireNewGame()
16:39:12.367 [JavaFX Application Thread] DEBUG GameApplicationServi - Starting new game
16:39:12.367 [JavaFX Application Thread] DEBUG PrimaryStageWindow   - Pop state: MainMenuScene
16:39:12.367 [JavaFX Application Thread] DEBUG Input                - Clearing active input actions
16:39:12.367 [JavaFX Application Thread] DEBUG GameApplicationServi - Removing overlay from MainMenuScene and adding to FXGLMainMenuDummyScene
16:39:12.367 [JavaFX Application Thread] DEBUG PrimaryStageWindow   - FXGLMainMenuDummyScene <- MainMenuScene
16:39:12.367 [JavaFX Application Thread] DEBUG Input                - Clearing active input actions
16:39:12.369 [JavaFX Application Thread] DEBUG GameApplicationServi - Removing overlay from FXGLMainMenuDummyScene and adding to FXGLLoadingScene
16:39:12.369 [JavaFX Application Thread] DEBUG PrimaryStageWindow   - FXGLMainMenuDummyScene -> FXGLLoadingScene
16:39:12.369 [JavaFX Application Thread] DEBUG GameApplicationServi - Clearing previous game
16:39:12.369 [JavaFX Application Thread] DEBUG GameScene            - Clearing game scene
16:39:12.369 [JavaFX Application Thread] DEBUG GameWorld            - Clearing game world
16:39:12.370 [JavaFX Application Thread] DEBUG PhysicsWorld         - Clearing physics world
16:39:12.370 [FXGL Background Thread 2 ] DEBUG FXGLApplication      - Initializing game
16:39:12.381 [FXGL Background Thread 2 ] INFO  FXGLApplication      - Game initialization took: 0.011 sec
16:39:12.383 [JavaFX Application Thread] DEBUG Input                - Clearing active input actions
16:39:12.385 [JavaFX Application Thread] DEBUG GameApplicationServi - Removing overlay from FXGLLoadingScene and adding to GameScene
16:39:12.385 [JavaFX Application Thread] DEBUG PrimaryStageWindow   - FXGLLoadingScene -> GameScene
16:39:12.911 [JavaFX Application Thread] DEBUG PrimaryStageWindow   - Push state: DialogSubScene
16:39:12.911 [JavaFX Application Thread] DEBUG Input                - Clearing active input actions
16:39:12.911 [JavaFX Application Thread] DEBUG GameApplicationServi - Removing overlay from GameScene and adding to DialogSubScene
16:39:12.911 [JavaFX Application Thread] DEBUG PrimaryStageWindow   - GameScene -> DialogSubScene
16:39:13.577 [JavaFX Application Thread] DEBUG PrimaryStageWindow   - Pop state: DialogSubScene
16:39:13.577 [JavaFX Application Thread] DEBUG Input                - Clearing active input actions
16:39:13.578 [JavaFX Application Thread] DEBUG GameApplicationServi - Removing overlay from DialogSubScene and adding to GameScene
16:39:13.578 [JavaFX Application Thread] DEBUG PrimaryStageWindow   - GameScene <- DialogSubScene
16:39:15.276 [JavaFX Application Thread] DEBUG PrimaryStageWindow   - Push state: InGameMenuScene
16:39:15.276 [JavaFX Application Thread] DEBUG Input                - Clearing active input actions
16:39:15.276 [JavaFX Application Thread] DEBUG GameApplicationServi - Removing overlay from GameScene and adding to InGameMenuScene
16:39:15.276 [JavaFX Application Thread] DEBUG PrimaryStageWindow   - GameScene -> InGameMenuScene
16:39:16.408 [JavaFX Application Thread] DEBUG Menu                 - fireExitToMainMenu()
16:39:16.408 [JavaFX Application Thread] DEBUG PrimaryStageWindow   - Push state: DialogSubScene
16:39:16.408 [JavaFX Application Thread] DEBUG Input                - Clearing active input actions
16:39:16.408 [JavaFX Application Thread] DEBUG GameApplicationServi - Removing overlay from InGameMenuScene and adding to DialogSubScene
16:39:16.408 [JavaFX Application Thread] DEBUG PrimaryStageWindow   - InGameMenuScene -> DialogSubScene
16:39:17.188 [JavaFX Application Thread] DEBUG PrimaryStageWindow   - Pop state: DialogSubScene
16:39:17.188 [JavaFX Application Thread] DEBUG Input                - Clearing active input actions
16:39:17.188 [JavaFX Application Thread] DEBUG GameApplicationServi - Removing overlay from DialogSubScene and adding to InGameMenuScene
16:39:17.188 [JavaFX Application Thread] DEBUG PrimaryStageWindow   - InGameMenuScene <- DialogSubScene
16:39:17.188 [JavaFX Application Thread] DEBUG PrimaryStageWindow   - Pop state: InGameMenuScene
16:39:17.188 [JavaFX Application Thread] DEBUG Input                - Clearing active input actions
16:39:17.188 [JavaFX Application Thread] DEBUG GameApplicationServi - Removing overlay from InGameMenuScene and adding to GameScene
16:39:17.188 [JavaFX Application Thread] DEBUG PrimaryStageWindow   - GameScene <- InGameMenuScene
16:39:17.188 [JavaFX Application Thread] DEBUG Input                - Clearing active input actions
16:39:17.190 [JavaFX Application Thread] DEBUG GameApplicationServi - Removing overlay from GameScene and adding to FXGLMainMenuDummyScene
16:39:17.190 [JavaFX Application Thread] DEBUG PrimaryStageWindow   - GameScene -> FXGLMainMenuDummyScene
16:39:17.190 [JavaFX Application Thread] DEBUG PrimaryStageWindow   - Push state: MainMenuScene
16:39:17.190 [JavaFX Application Thread] DEBUG Input                - Clearing active input actions
16:39:17.190 [JavaFX Application Thread] DEBUG GameApplicationServi - Removing overlay from FXGLMainMenuDummyScene and adding to MainMenuScene
16:39:17.190 [JavaFX Application Thread] DEBUG PrimaryStageWindow   - FXGLMainMenuDummyScene -> MainMenuScene
16:39:17.758 [JavaFX Application Thread] DEBUG Menu                 - fireNewGame()
16:39:17.758 [JavaFX Application Thread] DEBUG GameApplicationServi - Starting new game
16:39:17.758 [JavaFX Application Thread] DEBUG PrimaryStageWindow   - Pop state: MainMenuScene
16:39:17.758 [JavaFX Application Thread] DEBUG Input                - Clearing active input actions
16:39:17.758 [JavaFX Application Thread] DEBUG GameApplicationServi - Removing overlay from MainMenuScene and adding to FXGLMainMenuDummyScene
16:39:17.758 [JavaFX Application Thread] DEBUG PrimaryStageWindow   - FXGLMainMenuDummyScene <- MainMenuScene
16:39:17.758 [JavaFX Application Thread] DEBUG Input                - Clearing active input actions
16:39:17.759 [JavaFX Application Thread] DEBUG GameApplicationServi - Removing overlay from FXGLMainMenuDummyScene and adding to FXGLLoadingScene
16:39:17.759 [JavaFX Application Thread] DEBUG PrimaryStageWindow   - FXGLMainMenuDummyScene -> FXGLLoadingScene
16:39:17.759 [JavaFX Application Thread] DEBUG GameApplicationServi - Clearing previous game
16:39:17.759 [JavaFX Application Thread] DEBUG GameScene            - Clearing game scene
16:39:17.759 [JavaFX Application Thread] DEBUG GameWorld            - Clearing game world
16:39:17.760 [JavaFX Application Thread] DEBUG PhysicsWorld         - Clearing physics world
16:39:17.760 [FXGL Background Thread 2 ] DEBUG FXGLApplication      - Initializing game
16:39:17.769 [FXGL Background Thread 2 ] INFO  FXGLApplication      - Game initialization took: 0.009 sec
16:39:17.769 [JavaFX Application Thread] DEBUG Input                - Clearing active input actions
16:39:17.771 [JavaFX Application Thread] DEBUG GameApplicationServi - Removing overlay from FXGLLoadingScene and adding to GameScene
16:39:17.771 [JavaFX Application Thread] DEBUG PrimaryStageWindow   - FXGLLoadingScene -> GameScene
16:39:18.254 [JavaFX Application Thread] DEBUG PrimaryStageWindow   - Push state: DialogSubScene
16:39:18.255 [JavaFX Application Thread] DEBUG Input                - Clearing active input actions
16:39:18.255 [JavaFX Application Thread] DEBUG GameApplicationServi - Removing overlay from GameScene and adding to DialogSubScene
16:39:18.255 [JavaFX Application Thread] DEBUG PrimaryStageWindow   - GameScene -> DialogSubScene
16:39:19.735 [JavaFX Application Thread] DEBUG PrimaryStageWindow   - Pop state: DialogSubScene
16:39:19.735 [JavaFX Application Thread] DEBUG Input                - Clearing active input actions
16:39:19.735 [JavaFX Application Thread] DEBUG GameApplicationServi - Removing overlay from DialogSubScene and adding to GameScene
16:39:19.735 [JavaFX Application Thread] DEBUG PrimaryStageWindow   - GameScene <- DialogSubScene
16:39:24.270 [JavaFX Application Thread] DEBUG PrimaryStageWindow   - Push state: DialogSubScene
16:39:24.270 [JavaFX Application Thread] DEBUG Input                - Clearing active input actions
16:39:24.270 [JavaFX Application Thread] DEBUG GameApplicationServi - Removing overlay from GameScene and adding to DialogSubScene
16:39:24.270 [JavaFX Application Thread] DEBUG PrimaryStageWindow   - GameScene -> DialogSubScene
16:39:25.256 [JavaFX Application Thread] DEBUG PrimaryStageWindow   - Pop state: DialogSubScene
16:39:25.256 [JavaFX Application Thread] DEBUG Input                - Clearing active input actions
16:39:25.256 [JavaFX Application Thread] DEBUG GameApplicationServi - Removing overlay from DialogSubScene and adding to GameScene
16:39:25.256 [JavaFX Application Thread] DEBUG PrimaryStageWindow   - GameScene <- DialogSubScene
16:39:25.582 [JavaFX Application Thread] DEBUG PrimaryStageWindow   - Push state: InGameMenuScene
16:39:25.582 [JavaFX Application Thread] DEBUG Input                - Clearing active input actions
16:39:25.582 [JavaFX Application Thread] DEBUG GameApplicationServi - Removing overlay from GameScene and adding to InGameMenuScene
16:39:25.582 [JavaFX Application Thread] DEBUG PrimaryStageWindow   - GameScene -> InGameMenuScene
16:39:26.116 [JavaFX Application Thread] DEBUG Menu                 - fireExitToMainMenu()
16:39:26.117 [JavaFX Application Thread] DEBUG PrimaryStageWindow   - Push state: DialogSubScene
16:39:26.117 [JavaFX Application Thread] DEBUG Input                - Clearing active input actions
16:39:26.117 [JavaFX Application Thread] DEBUG GameApplicationServi - Removing overlay from InGameMenuScene and adding to DialogSubScene
16:39:26.117 [JavaFX Application Thread] DEBUG PrimaryStageWindow   - InGameMenuScene -> DialogSubScene
16:39:26.503 [JavaFX Application Thread] DEBUG PrimaryStageWindow   - Pop state: DialogSubScene
16:39:26.503 [JavaFX Application Thread] DEBUG Input                - Clearing active input actions
16:39:26.503 [JavaFX Application Thread] DEBUG GameApplicationServi - Removing overlay from DialogSubScene and adding to InGameMenuScene
16:39:26.503 [JavaFX Application Thread] DEBUG PrimaryStageWindow   - InGameMenuScene <- DialogSubScene
16:39:26.503 [JavaFX Application Thread] DEBUG PrimaryStageWindow   - Pop state: InGameMenuScene
16:39:26.503 [JavaFX Application Thread] DEBUG Input                - Clearing active input actions
16:39:26.503 [JavaFX Application Thread] DEBUG GameApplicationServi - Removing overlay from InGameMenuScene and adding to GameScene
16:39:26.503 [JavaFX Application Thread] DEBUG PrimaryStageWindow   - GameScene <- InGameMenuScene
16:39:26.503 [JavaFX Application Thread] DEBUG Input                - Clearing active input actions
16:39:26.504 [JavaFX Application Thread] DEBUG GameApplicationServi - Removing overlay from GameScene and adding to FXGLMainMenuDummyScene
16:39:26.504 [JavaFX Application Thread] DEBUG PrimaryStageWindow   - GameScene -> FXGLMainMenuDummyScene
16:39:26.504 [JavaFX Application Thread] DEBUG PrimaryStageWindow   - Push state: MainMenuScene
16:39:26.504 [JavaFX Application Thread] DEBUG Input                - Clearing active input actions
16:39:26.505 [JavaFX Application Thread] DEBUG GameApplicationServi - Removing overlay from FXGLMainMenuDummyScene and adding to MainMenuScene
16:39:26.505 [JavaFX Application Thread] DEBUG PrimaryStageWindow   - FXGLMainMenuDummyScene -> MainMenuScene
16:39:27.293 [JavaFX Application Thread] DEBUG Menu                 - fireNewGame()
16:39:27.293 [JavaFX Application Thread] DEBUG GameApplicationServi - Starting new game
16:39:27.293 [JavaFX Application Thread] DEBUG PrimaryStageWindow   - Pop state: MainMenuScene
16:39:27.293 [JavaFX Application Thread] DEBUG Input                - Clearing active input actions
16:39:27.293 [JavaFX Application Thread] DEBUG GameApplicationServi - Removing overlay from MainMenuScene and adding to FXGLMainMenuDummyScene
16:39:27.294 [JavaFX Application Thread] DEBUG PrimaryStageWindow   - FXGLMainMenuDummyScene <- MainMenuScene
16:39:27.294 [JavaFX Application Thread] DEBUG Input                - Clearing active input actions
16:39:27.295 [JavaFX Application Thread] DEBUG GameApplicationServi - Removing overlay from FXGLMainMenuDummyScene and adding to FXGLLoadingScene
16:39:27.295 [JavaFX Application Thread] DEBUG PrimaryStageWindow   - FXGLMainMenuDummyScene -> FXGLLoadingScene
16:39:27.295 [JavaFX Application Thread] DEBUG GameApplicationServi - Clearing previous game
16:39:27.295 [JavaFX Application Thread] DEBUG GameScene            - Clearing game scene
16:39:27.295 [JavaFX Application Thread] DEBUG GameWorld            - Clearing game world
16:39:27.296 [JavaFX Application Thread] DEBUG PhysicsWorld         - Clearing physics world
16:39:27.296 [FXGL Background Thread 2 ] DEBUG FXGLApplication      - Initializing game
16:39:27.304 [FXGL Background Thread 2 ] INFO  FXGLApplication      - Game initialization took: 0.008 sec
16:39:27.304 [JavaFX Application Thread] DEBUG Input                - Clearing active input actions
16:39:27.306 [JavaFX Application Thread] DEBUG GameApplicationServi - Removing overlay from FXGLLoadingScene and adding to GameScene
16:39:27.306 [JavaFX Application Thread] DEBUG PrimaryStageWindow   - FXGLLoadingScene -> GameScene
16:39:27.821 [JavaFX Application Thread] DEBUG PrimaryStageWindow   - Push state: DialogSubScene
16:39:27.821 [JavaFX Application Thread] DEBUG Input                - Clearing active input actions
16:39:27.822 [JavaFX Application Thread] DEBUG GameApplicationServi - Removing overlay from GameScene and adding to DialogSubScene
16:39:27.822 [JavaFX Application Thread] DEBUG PrimaryStageWindow   - GameScene -> DialogSubScene
16:39:29.213 [JavaFX Application Thread] DEBUG PrimaryStageWindow   - Pop state: DialogSubScene
16:39:29.213 [JavaFX Application Thread] DEBUG Input                - Clearing active input actions
16:39:29.213 [JavaFX Application Thread] DEBUG GameApplicationServi - Removing overlay from DialogSubScene and adding to GameScene
16:39:29.213 [JavaFX Application Thread] DEBUG PrimaryStageWindow   - GameScene <- DialogSubScene
16:39:29.353 [JavaFX Application Thread] DEBUG PrimaryStageWindow   - Push state: InGameMenuScene
16:39:29.353 [JavaFX Application Thread] DEBUG Input                - Clearing active input actions
16:39:29.354 [JavaFX Application Thread] DEBUG GameApplicationServi - Removing overlay from GameScene and adding to InGameMenuScene
16:39:29.354 [JavaFX Application Thread] DEBUG PrimaryStageWindow   - GameScene -> InGameMenuScene
16:39:29.997 [JavaFX Application Thread] DEBUG Menu                 - fireExitToMainMenu()
16:39:29.998 [JavaFX Application Thread] DEBUG PrimaryStageWindow   - Push state: DialogSubScene
16:39:29.998 [JavaFX Application Thread] DEBUG Input                - Clearing active input actions
16:39:29.998 [JavaFX Application Thread] DEBUG GameApplicationServi - Removing overlay from InGameMenuScene and adding to DialogSubScene
16:39:29.998 [JavaFX Application Thread] DEBUG PrimaryStageWindow   - InGameMenuScene -> DialogSubScene
16:39:30.363 [JavaFX Application Thread] DEBUG PrimaryStageWindow   - Pop state: DialogSubScene
16:39:30.363 [JavaFX Application Thread] DEBUG Input                - Clearing active input actions
16:39:30.363 [JavaFX Application Thread] DEBUG GameApplicationServi - Removing overlay from DialogSubScene and adding to InGameMenuScene
16:39:30.363 [JavaFX Application Thread] DEBUG PrimaryStageWindow   - InGameMenuScene <- DialogSubScene
16:39:30.363 [JavaFX Application Thread] DEBUG PrimaryStageWindow   - Pop state: InGameMenuScene
16:39:30.363 [JavaFX Application Thread] DEBUG Input                - Clearing active input actions
16:39:30.363 [JavaFX Application Thread] DEBUG GameApplicationServi - Removing overlay from InGameMenuScene and adding to GameScene
16:39:30.363 [JavaFX Application Thread] DEBUG PrimaryStageWindow   - GameScene <- InGameMenuScene
16:39:30.363 [JavaFX Application Thread] DEBUG Input                - Clearing active input actions
16:39:30.364 [JavaFX Application Thread] DEBUG GameApplicationServi - Removing overlay from GameScene and adding to FXGLMainMenuDummyScene
16:39:30.364 [JavaFX Application Thread] DEBUG PrimaryStageWindow   - GameScene -> FXGLMainMenuDummyScene
16:39:30.364 [JavaFX Application Thread] DEBUG PrimaryStageWindow   - Push state: MainMenuScene
16:39:30.364 [JavaFX Application Thread] DEBUG Input                - Clearing active input actions
16:39:30.364 [JavaFX Application Thread] DEBUG GameApplicationServi - Removing overlay from FXGLMainMenuDummyScene and adding to MainMenuScene
16:39:30.364 [JavaFX Application Thread] DEBUG PrimaryStageWindow   - FXGLMainMenuDummyScene -> MainMenuScene
16:39:30.894 [JavaFX Application Thread] DEBUG Menu                 - fireNewGame()
16:39:30.894 [JavaFX Application Thread] DEBUG GameApplicationServi - Starting new game
16:39:30.894 [JavaFX Application Thread] DEBUG PrimaryStageWindow   - Pop state: MainMenuScene
16:39:30.894 [JavaFX Application Thread] DEBUG Input                - Clearing active input actions
16:39:30.894 [JavaFX Application Thread] DEBUG GameApplicationServi - Removing overlay from MainMenuScene and adding to FXGLMainMenuDummyScene
16:39:30.894 [JavaFX Application Thread] DEBUG PrimaryStageWindow   - FXGLMainMenuDummyScene <- MainMenuScene
16:39:30.894 [JavaFX Application Thread] DEBUG Input                - Clearing active input actions
16:39:30.897 [JavaFX Application Thread] DEBUG GameApplicationServi - Removing overlay from FXGLMainMenuDummyScene and adding to FXGLLoadingScene
16:39:30.897 [JavaFX Application Thread] DEBUG PrimaryStageWindow   - FXGLMainMenuDummyScene -> FXGLLoadingScene
16:39:30.897 [JavaFX Application Thread] DEBUG GameApplicationServi - Clearing previous game
16:39:30.897 [JavaFX Application Thread] DEBUG GameScene            - Clearing game scene
16:39:30.897 [JavaFX Application Thread] DEBUG GameWorld            - Clearing game world
16:39:30.898 [JavaFX Application Thread] DEBUG PhysicsWorld         - Clearing physics world
16:39:30.898 [FXGL Background Thread 2 ] DEBUG FXGLApplication      - Initializing game
16:39:30.904 [FXGL Background Thread 2 ] INFO  FXGLApplication      - Game initialization took: 0.006 sec
16:39:30.904 [JavaFX Application Thread] DEBUG Input                - Clearing active input actions
16:39:30.907 [JavaFX Application Thread] DEBUG GameApplicationServi - Removing overlay from FXGLLoadingScene and adding to GameScene
16:39:30.907 [JavaFX Application Thread] DEBUG PrimaryStageWindow   - FXGLLoadingScene -> GameScene
16:39:31.422 [JavaFX Application Thread] DEBUG PrimaryStageWindow   - Push state: DialogSubScene
16:39:31.422 [JavaFX Application Thread] DEBUG Input                - Clearing active input actions
16:39:31.422 [JavaFX Application Thread] DEBUG GameApplicationServi - Removing overlay from GameScene and adding to DialogSubScene
16:39:31.422 [JavaFX Application Thread] DEBUG PrimaryStageWindow   - GameScene -> DialogSubScene
16:39:32.042 [JavaFX Application Thread] DEBUG PrimaryStageWindow   - Pop state: DialogSubScene
16:39:32.042 [JavaFX Application Thread] DEBUG Input                - Clearing active input actions
16:39:32.042 [JavaFX Application Thread] DEBUG GameApplicationServi - Removing overlay from DialogSubScene and adding to GameScene
16:39:32.042 [JavaFX Application Thread] DEBUG PrimaryStageWindow   - GameScene <- DialogSubScene
16:39:35.404 [JavaFX Application Thread] DEBUG FXGLApplication      - Exiting FXGL
16:39:35.404 [JavaFX Application Thread] DEBUG LoopRunner           - Stopping loop
16:39:35.404 [JavaFX Application Thread] DEBUG SystemBundleService  - Saving FXGL system data
16:39:35.405 [JavaFX Application Thread] DEBUG FileSystemAccess     - Writing to: E:\G2\java\final_project\team_project_1124\javaA-xiangqi-project-main\system\fxgl.bundle
16:39:35.405 [JavaFX Application Thread] DEBUG Async                - Shutting down background threads
16:39:35.405 [JavaFX Application Thread] DEBUG PrimaryStageWindow   - Closing main window
16:39:35.419 [JavaFX Application Thread] DEBUG Logger               - Closing Logger
